Copyright 1986-2017 Xilinx, Inc. All Rights Reserved.
--------------------------------------------------------------------------------------------------------------------------------------------------------------------------------------------------
| Tool Version : Vivado v.2017.4 (win64) Build 2086221 Fri Dec 15 20:55:39 MST 2017
| Date         : Wed Feb 14 09:41:26 2018
| Host         : XBEDEFOSSEZ31 running 64-bit major release  (build 9200)
| Command      : report_methodology -file AdcToplevel_Toplevel_methodology_drc_routed.rpt -pb AdcToplevel_Toplevel_methodology_drc_routed.pb -rpx AdcToplevel_Toplevel_methodology_drc_routed.rpx
| Design       : AdcToplevel_Toplevel
| Device       : xc7k325tffg900-2
| Speed File   : -2
| Design State : Routed
--------------------------------------------------------------------------------------------------------------------------------------------------------------------------------------------------

Report Methodology

Table of Contents
-----------------
1. REPORT SUMMARY
2. REPORT DETAILS

1. REPORT SUMMARY
-----------------
            Netlist: netlist
          Floorplan: checkpoint_AdcToplevel_Toplevel
      Design limits: <entire design considered>
             Max violations: <unlimited>
             Violations found: 55
+-----------+----------+-----------------------------------+------------+
| Rule      | Severity | Description                       | Violations |
+-----------+----------+-----------------------------------+------------+
| TIMING-17 | Warning  | Non-clocked sequential cell       | 44         |
| TIMING-18 | Warning  | Missing input or output delay     | 10         |
| REQP-1959 | Advisory | connects_SERDES_RST_driver_not_FF | 1          |
+-----------+----------+-----------------------------------+------------+

2. REPORT DETAILS
-----------------
TIMING-17#1 Warning
Non-clocked sequential cell  
The clock pin AdcToplevel_Toplevel_I_AdcToplevel/Gen_2[0].AdcToplevel_I_AdcMem/AdcMem_I_RdAddrCnt/FSM_sequential_IntCnt_reg[0]/C is not reached by a timing clock
Related violations: <none>

TIMING-17#2 Warning
Non-clocked sequential cell  
The clock pin AdcToplevel_Toplevel_I_AdcToplevel/Gen_2[0].AdcToplevel_I_AdcMem/AdcMem_I_RdAddrCnt/FSM_sequential_IntCnt_reg[1]/C is not reached by a timing clock
Related violations: <none>

TIMING-17#3 Warning
Non-clocked sequential cell  
The clock pin AdcToplevel_Toplevel_I_AdcToplevel/Gen_2[0].AdcToplevel_I_AdcMem/AdcMem_I_RdAddrCnt/FSM_sequential_IntCnt_reg[2]/C is not reached by a timing clock
Related violations: <none>

TIMING-17#4 Warning
Non-clocked sequential cell  
The clock pin AdcToplevel_Toplevel_I_AdcToplevel/Gen_2[0].AdcToplevel_I_AdcMem/AdcMem_I_RdAddrCnt/FSM_sequential_IntCnt_reg[3]/C is not reached by a timing clock
Related violations: <none>

TIMING-17#5 Warning
Non-clocked sequential cell  
The clock pin AdcToplevel_Toplevel_I_AdcToplevel/Gen_2[0].AdcToplevel_I_AdcMem/AdcMem_I_RdAddrCnt/FSM_sequential_IntCnt_reg[4]/C is not reached by a timing clock
Related violations: <none>

TIMING-17#6 Warning
Non-clocked sequential cell  
The clock pin AdcToplevel_Toplevel_I_AdcToplevel/Gen_2[0].AdcToplevel_I_AdcMem/DataMem_I_Fdrse_E/Fdrse_I_Fd/C is not reached by a timing clock
Related violations: <none>

TIMING-17#7 Warning
Non-clocked sequential cell  
The clock pin AdcToplevel_Toplevel_I_AdcToplevel/Gen_2[0].AdcToplevel_I_AdcMem/Gen_1[0].AdcMem_I_Fdce/C is not reached by a timing clock
Related violations: <none>

TIMING-17#8 Warning
Non-clocked sequential cell  
The clock pin AdcToplevel_Toplevel_I_AdcToplevel/Gen_2[0].AdcToplevel_I_AdcMem/Gen_1[10].AdcMem_I_Fdce/C is not reached by a timing clock
Related violations: <none>

TIMING-17#9 Warning
Non-clocked sequential cell  
The clock pin AdcToplevel_Toplevel_I_AdcToplevel/Gen_2[0].AdcToplevel_I_AdcMem/Gen_1[11].AdcMem_I_Fdce/C is not reached by a timing clock
Related violations: <none>

TIMING-17#10 Warning
Non-clocked sequential cell  
The clock pin AdcToplevel_Toplevel_I_AdcToplevel/Gen_2[0].AdcToplevel_I_AdcMem/Gen_1[12].AdcMem_I_Fdce/C is not reached by a timing clock
Related violations: <none>

TIMING-17#11 Warning
Non-clocked sequential cell  
The clock pin AdcToplevel_Toplevel_I_AdcToplevel/Gen_2[0].AdcToplevel_I_AdcMem/Gen_1[13].AdcMem_I_Fdce/C is not reached by a timing clock
Related violations: <none>

TIMING-17#12 Warning
Non-clocked sequential cell  
The clock pin AdcToplevel_Toplevel_I_AdcToplevel/Gen_2[0].AdcToplevel_I_AdcMem/Gen_1[14].AdcMem_I_Fdce/C is not reached by a timing clock
Related violations: <none>

TIMING-17#13 Warning
Non-clocked sequential cell  
The clock pin AdcToplevel_Toplevel_I_AdcToplevel/Gen_2[0].AdcToplevel_I_AdcMem/Gen_1[15].AdcMem_I_Fdce/C is not reached by a timing clock
Related violations: <none>

TIMING-17#14 Warning
Non-clocked sequential cell  
The clock pin AdcToplevel_Toplevel_I_AdcToplevel/Gen_2[0].AdcToplevel_I_AdcMem/Gen_1[1].AdcMem_I_Fdce/C is not reached by a timing clock
Related violations: <none>

TIMING-17#15 Warning
Non-clocked sequential cell  
The clock pin AdcToplevel_Toplevel_I_AdcToplevel/Gen_2[0].AdcToplevel_I_AdcMem/Gen_1[2].AdcMem_I_Fdce/C is not reached by a timing clock
Related violations: <none>

TIMING-17#16 Warning
Non-clocked sequential cell  
The clock pin AdcToplevel_Toplevel_I_AdcToplevel/Gen_2[0].AdcToplevel_I_AdcMem/Gen_1[3].AdcMem_I_Fdce/C is not reached by a timing clock
Related violations: <none>

TIMING-17#17 Warning
Non-clocked sequential cell  
The clock pin AdcToplevel_Toplevel_I_AdcToplevel/Gen_2[0].AdcToplevel_I_AdcMem/Gen_1[4].AdcMem_I_Fdce/C is not reached by a timing clock
Related violations: <none>

TIMING-17#18 Warning
Non-clocked sequential cell  
The clock pin AdcToplevel_Toplevel_I_AdcToplevel/Gen_2[0].AdcToplevel_I_AdcMem/Gen_1[5].AdcMem_I_Fdce/C is not reached by a timing clock
Related violations: <none>

TIMING-17#19 Warning
Non-clocked sequential cell  
The clock pin AdcToplevel_Toplevel_I_AdcToplevel/Gen_2[0].AdcToplevel_I_AdcMem/Gen_1[6].AdcMem_I_Fdce/C is not reached by a timing clock
Related violations: <none>

TIMING-17#20 Warning
Non-clocked sequential cell  
The clock pin AdcToplevel_Toplevel_I_AdcToplevel/Gen_2[0].AdcToplevel_I_AdcMem/Gen_1[7].AdcMem_I_Fdce/C is not reached by a timing clock
Related violations: <none>

TIMING-17#21 Warning
Non-clocked sequential cell  
The clock pin AdcToplevel_Toplevel_I_AdcToplevel/Gen_2[0].AdcToplevel_I_AdcMem/Gen_1[8].AdcMem_I_Fdce/C is not reached by a timing clock
Related violations: <none>

TIMING-17#22 Warning
Non-clocked sequential cell  
The clock pin AdcToplevel_Toplevel_I_AdcToplevel/Gen_2[0].AdcToplevel_I_AdcMem/Gen_1[9].AdcMem_I_Fdce/C is not reached by a timing clock
Related violations: <none>

TIMING-17#23 Warning
Non-clocked sequential cell  
The clock pin AdcToplevel_Toplevel_I_AdcToplevel/Gen_2[1].AdcToplevel_I_AdcMem/AdcMem_I_RdAddrCnt/FSM_sequential_IntCnt_reg[0]/C is not reached by a timing clock
Related violations: <none>

TIMING-17#24 Warning
Non-clocked sequential cell  
The clock pin AdcToplevel_Toplevel_I_AdcToplevel/Gen_2[1].AdcToplevel_I_AdcMem/AdcMem_I_RdAddrCnt/FSM_sequential_IntCnt_reg[1]/C is not reached by a timing clock
Related violations: <none>

TIMING-17#25 Warning
Non-clocked sequential cell  
The clock pin AdcToplevel_Toplevel_I_AdcToplevel/Gen_2[1].AdcToplevel_I_AdcMem/AdcMem_I_RdAddrCnt/FSM_sequential_IntCnt_reg[2]/C is not reached by a timing clock
Related violations: <none>

TIMING-17#26 Warning
Non-clocked sequential cell  
The clock pin AdcToplevel_Toplevel_I_AdcToplevel/Gen_2[1].AdcToplevel_I_AdcMem/AdcMem_I_RdAddrCnt/FSM_sequential_IntCnt_reg[3]/C is not reached by a timing clock
Related violations: <none>

TIMING-17#27 Warning
Non-clocked sequential cell  
The clock pin AdcToplevel_Toplevel_I_AdcToplevel/Gen_2[1].AdcToplevel_I_AdcMem/AdcMem_I_RdAddrCnt/FSM_sequential_IntCnt_reg[4]/C is not reached by a timing clock
Related violations: <none>

TIMING-17#28 Warning
Non-clocked sequential cell  
The clock pin AdcToplevel_Toplevel_I_AdcToplevel/Gen_2[1].AdcToplevel_I_AdcMem/DataMem_I_Fdrse_E/Fdrse_I_Fd/C is not reached by a timing clock
Related violations: <none>

TIMING-17#29 Warning
Non-clocked sequential cell  
The clock pin AdcToplevel_Toplevel_I_AdcToplevel/Gen_2[1].AdcToplevel_I_AdcMem/Gen_1[0].AdcMem_I_Fdce/C is not reached by a timing clock
Related violations: <none>

TIMING-17#30 Warning
Non-clocked sequential cell  
The clock pin AdcToplevel_Toplevel_I_AdcToplevel/Gen_2[1].AdcToplevel_I_AdcMem/Gen_1[10].AdcMem_I_Fdce/C is not reached by a timing clock
Related violations: <none>

TIMING-17#31 Warning
Non-clocked sequential cell  
The clock pin AdcToplevel_Toplevel_I_AdcToplevel/Gen_2[1].AdcToplevel_I_AdcMem/Gen_1[11].AdcMem_I_Fdce/C is not reached by a timing clock
Related violations: <none>

TIMING-17#32 Warning
Non-clocked sequential cell  
The clock pin AdcToplevel_Toplevel_I_AdcToplevel/Gen_2[1].AdcToplevel_I_AdcMem/Gen_1[12].AdcMem_I_Fdce/C is not reached by a timing clock
Related violations: <none>

TIMING-17#33 Warning
Non-clocked sequential cell  
The clock pin AdcToplevel_Toplevel_I_AdcToplevel/Gen_2[1].AdcToplevel_I_AdcMem/Gen_1[13].AdcMem_I_Fdce/C is not reached by a timing clock
Related violations: <none>

TIMING-17#34 Warning
Non-clocked sequential cell  
The clock pin AdcToplevel_Toplevel_I_AdcToplevel/Gen_2[1].AdcToplevel_I_AdcMem/Gen_1[14].AdcMem_I_Fdce/C is not reached by a timing clock
Related violations: <none>

TIMING-17#35 Warning
Non-clocked sequential cell  
The clock pin AdcToplevel_Toplevel_I_AdcToplevel/Gen_2[1].AdcToplevel_I_AdcMem/Gen_1[15].AdcMem_I_Fdce/C is not reached by a timing clock
Related violations: <none>

TIMING-17#36 Warning
Non-clocked sequential cell  
The clock pin AdcToplevel_Toplevel_I_AdcToplevel/Gen_2[1].AdcToplevel_I_AdcMem/Gen_1[1].AdcMem_I_Fdce/C is not reached by a timing clock
Related violations: <none>

TIMING-17#37 Warning
Non-clocked sequential cell  
The clock pin AdcToplevel_Toplevel_I_AdcToplevel/Gen_2[1].AdcToplevel_I_AdcMem/Gen_1[2].AdcMem_I_Fdce/C is not reached by a timing clock
Related violations: <none>

TIMING-17#38 Warning
Non-clocked sequential cell  
The clock pin AdcToplevel_Toplevel_I_AdcToplevel/Gen_2[1].AdcToplevel_I_AdcMem/Gen_1[3].AdcMem_I_Fdce/C is not reached by a timing clock
Related violations: <none>

TIMING-17#39 Warning
Non-clocked sequential cell  
The clock pin AdcToplevel_Toplevel_I_AdcToplevel/Gen_2[1].AdcToplevel_I_AdcMem/Gen_1[4].AdcMem_I_Fdce/C is not reached by a timing clock
Related violations: <none>

TIMING-17#40 Warning
Non-clocked sequential cell  
The clock pin AdcToplevel_Toplevel_I_AdcToplevel/Gen_2[1].AdcToplevel_I_AdcMem/Gen_1[5].AdcMem_I_Fdce/C is not reached by a timing clock
Related violations: <none>

TIMING-17#41 Warning
Non-clocked sequential cell  
The clock pin AdcToplevel_Toplevel_I_AdcToplevel/Gen_2[1].AdcToplevel_I_AdcMem/Gen_1[6].AdcMem_I_Fdce/C is not reached by a timing clock
Related violations: <none>

TIMING-17#42 Warning
Non-clocked sequential cell  
The clock pin AdcToplevel_Toplevel_I_AdcToplevel/Gen_2[1].AdcToplevel_I_AdcMem/Gen_1[7].AdcMem_I_Fdce/C is not reached by a timing clock
Related violations: <none>

TIMING-17#43 Warning
Non-clocked sequential cell  
The clock pin AdcToplevel_Toplevel_I_AdcToplevel/Gen_2[1].AdcToplevel_I_AdcMem/Gen_1[8].AdcMem_I_Fdce/C is not reached by a timing clock
Related violations: <none>

TIMING-17#44 Warning
Non-clocked sequential cell  
The clock pin AdcToplevel_Toplevel_I_AdcToplevel/Gen_2[1].AdcToplevel_I_AdcMem/Gen_1[9].AdcMem_I_Fdce/C is not reached by a timing clock
Related violations: <none>

TIMING-18#1 Warning
Missing input or output delay  
An input delay is missing on DATA_n_pin[0] relative to clock(s) AdcBitClk
Related violations: <none>

TIMING-18#2 Warning
Missing input or output delay  
An input delay is missing on DATA_n_pin[1] relative to clock(s) AdcBitClk
Related violations: <none>

TIMING-18#3 Warning
Missing input or output delay  
An input delay is missing on DATA_n_pin[2] relative to clock(s) AdcBitClk
Related violations: <none>

TIMING-18#4 Warning
Missing input or output delay  
An input delay is missing on DATA_n_pin[3] relative to clock(s) AdcBitClk
Related violations: <none>

TIMING-18#5 Warning
Missing input or output delay  
An input delay is missing on DATA_p_pin[0] relative to clock(s) AdcBitClk
Related violations: <none>

TIMING-18#6 Warning
Missing input or output delay  
An input delay is missing on DATA_p_pin[1] relative to clock(s) AdcBitClk
Related violations: <none>

TIMING-18#7 Warning
Missing input or output delay  
An input delay is missing on DATA_p_pin[2] relative to clock(s) AdcBitClk
Related violations: <none>

TIMING-18#8 Warning
Missing input or output delay  
An input delay is missing on DATA_p_pin[3] relative to clock(s) AdcBitClk
Related violations: <none>

TIMING-18#9 Warning
Missing input or output delay  
An input delay is missing on FCLK_n_pin relative to clock(s) AdcBitClk
Related violations: <none>

TIMING-18#10 Warning
Missing input or output delay  
An input delay is missing on FCLK_p_pin relative to clock(s) AdcBitClk
Related violations: <none>

REQP-1959#1 Advisory
connects_SERDES_RST_driver_not_FF  
AdcToplevel_Toplevel_I_AdcToplevel/AdcToplevel_I_AdcClock/AdcClock_I_Isrds_Master: The RST pin should only be driven by a Flip-flop.
Related violations: <none>


