#
# An unexpected error has occurred (11)
#
Stack:
/tools/Xilinx/Vivado/2024.1/tps/lnx64/jre21.0.1_12/lib//server/libjvm.so(+0xe4f55c) [0x747c0e64f55c]
/tools/Xilinx/Vivado/2024.1/tps/lnx64/jre21.0.1_12/lib//server/libjvm.so(JVM_handle_linux_signal+0x23e) [0x747c0e65002e]
/lib/x86_64-linux-gnu/libc.so.6(+0x45320) [0x747c51e45320]
/tools/Xilinx/Vivado/2024.1/lib/lnx64.o/librdi_coregen.so(+0x116ea00) [0x747c3c96ea00]
/tools/Xilinx/Vivado/2024.1/lib/lnx64.o/librdi_coregen.so(HRSBCoAbsDefUtil::isClockAbsDefPort(std::__cxx11::basic_string<char, std::char_traits<char>, std::allocator<char> > const&) const+0x10) [0x747c3cdbdd40]
/tools/Xilinx/Vivado/2024.1/lib/lnx64.o/librdi_rsb.so(HRSBEnUtil::writeOOCXdcFile(std::__cxx11::basic_string<char, std::char_traits<char>, std::allocator<char> > const&, HRSBMoDiagram*)+0x50d) [0x747c296a0fad]
/tools/Xilinx/Vivado/2024.1/lib/lnx64.o/librdi_rsb.so(HRSBEnEngineMgr::generateDesign(std::__cxx11::basic_string<char, std::char_traits<char>, std::allocator<char> > const&, std::__cxx11::basic_string<char, std::char_traits<char>, std::allocator<char> > const&, bool)+0xf5d) [0x747c2961969d]
/tools/Xilinx/Vivado/2024.1/lib/lnx64.o/librdi_rsb.so(HRSBEnCompositeFile::generateTopHdlWrapper(std::__cxx11::basic_string<char, std::char_traits<char>, std::allocator<char> > const&, HDGUIStatus&, bool)+0x149) [0x747c295b0f99]
/tools/Xilinx/Vivado/2024.1/lib/lnx64.o/librdi_rsb.so(HRSBEnCompositeFile::_generateFor_(HSTVector<std::__cxx11::basic_string<char, std::char_traits<char>, std::allocator<char> >, std::allocator<std::__cxx11::basic_string<char, std::char_traits<char>, std::allocator<char> > > > const&, HDGUIStatus&, bool)+0x10d7) [0x747c295be497]
/tools/Xilinx/Vivado/2024.1/lib/lnx64.o/librdi_filemgmt.so(HDDACompositeFile::generateFor(HSTVector<std::__cxx11::basic_string<char, std::char_traits<char>, std::allocator<char> >, std::allocator<std::__cxx11::basic_string<char, std::char_traits<char>, std::allocator<char> > > > const&, HDGUIStatus&, bool)+0x435) [0x747c36a8aa45]
/tools/Xilinx/Vivado/2024.1/lib/lnx64.o/librdi_tcltasks.so(+0x143b35e) [0x747c42a3b35e]
/tools/Xilinx/Vivado/2024.1/lib/lnx64.o/librdi_common.so(+0xd85d9f) [0x747c53b85d9f]
/tools/Xilinx/Vivado/2024.1/lib/lnx64.o/libtcl8.6.so(TclNRRunCallbacks+0x47) [0x747c52684497]
/tools/Xilinx/Vivado/2024.1/lib/lnx64.o/librdi_common.so(+0xd83693) [0x747c53b83693]
/tools/Xilinx/Vivado/2024.1/lib/lnx64.o/libtcl8.6.so(Tcl_ServiceEvent+0x7f) [0x747c527486df]
/tools/Xilinx/Vivado/2024.1/lib/lnx64.o/libtcl8.6.so(Tcl_DoOneEvent+0x149) [0x747c527489f9]
/tools/Xilinx/Vivado/2024.1/lib/lnx64.o/librdi_commontasks.so(+0x2bc9c7) [0x747c45cbc9c7]
/tools/Xilinx/Vivado/2024.1/lib/lnx64.o/librdi_commontasks.so(+0x2c58fe) [0x747c45cc58fe]
/tools/Xilinx/Vivado/2024.1/lib/lnx64.o/librdi_commontasks.so(+0x2c61df) [0x747c45cc61df]
/tools/Xilinx/Vivado/2024.1/lib/lnx64.o/librdi_common.so(+0xd85d9f) [0x747c53b85d9f]
/tools/Xilinx/Vivado/2024.1/lib/lnx64.o/libtcl8.6.so(TclNRRunCallbacks+0x47) [0x747c52684497]
/tools/Xilinx/Vivado/2024.1/lib/lnx64.o/librdi_commonmain.so(+0xe6d2) [0x747c54c1d6d2]
/tools/Xilinx/Vivado/2024.1/lib/lnx64.o/libtcl8.6.so(Tcl_MainEx+0x1a8) [0x747c52743038]
/tools/Xilinx/Vivado/2024.1/lib/lnx64.o/librdi_common.so(+0xdaf42b) [0x747c53baf42b]
/lib/x86_64-linux-gnu/libc.so.6(+0x9ca94) [0x747c51e9ca94]
/lib/x86_64-linux-gnu/libc.so.6(+0x129c3c) [0x747c51f29c3c]
