#-----------------------------------------------------------
# Vivado v2024.1 (64-bit)
# SW Build 5076996 on Wed May 22 18:36:09 MDT 2024
# IP Build 5075265 on Wed May 22 21:45:21 MDT 2024
# SharedData Build 5076995 on Wed May 22 18:29:18 MDT 2024
# Start of session at: Thu Aug  1 09:38:51 2024
# Process ID: 22892
# Current directory: /home/nothon/fpga2C
# Command line: vivado
# Log file: /home/nothon/fpga2C/vivado.log
# Journal file: /home/nothon/fpga2C/vivado.jou
# Running On        :nothon-Swift-SF314-57
# Platform          :Ubuntu
# Operating System  :Ubuntu 24.04 LTS
# Processor Detail  :Intel(R) Core(TM) i7-1065G7 CPU @ 1.30GHz
# CPU Frequency     :1127.289 MHz
# CPU Physical cores:4
# CPU Logical cores :8
# Host memory       :7990 MB
# Swap memory       :21474 MB
# Total Virtual     :29465 MB
# Available Virtual :19373 MB
#-----------------------------------------------------------
start_gui
open_project /home/nothon/fpga2C/ip_repo/noip_lvds_stream/edit_noip_lvds_stream_v1_0.xpr
WARNING: [Board 49-26] cannot add Board Part tul.com.tw:pynqzu:part0:1.1 available at /home/nothon/.Xilinx/Vivado/2024.1/xhub/board_store/xilinx_board_store/XilinxBoardStore/Vivado/2024.1/boards/TUL/pynqzu/1.1/1.1/board.xml as part xczu5eg-sfvc784-1-e specified in board_part file is either invalid or not available
WARNING: [Board 49-26] cannot add Board Part xilinx.com:ac701:part0:1.4 available at /tools/Xilinx/Vivado/2024.1/data/xhub/boards/XilinxBoardStore/boards/Xilinx/ac701/1.4/board.xml as part xc7a200tfbg676-2 specified in board_part file is either invalid or not available
WARNING: [Board 49-26] cannot add Board Part xilinx.com:k24c:part0:1.0 available at /tools/Xilinx/Vivado/2024.1/data/xhub/boards/XilinxBoardStore/boards/Xilinx/k24c/1.0/board.xml as part xck24-ubva530-2lv-c specified in board_part file is either invalid or not available
WARNING: [Board 49-26] cannot add Board Part xilinx.com:k24i:part0:1.0 available at /tools/Xilinx/Vivado/2024.1/data/xhub/boards/XilinxBoardStore/boards/Xilinx/k24i/1.0/board.xml as part xck24-ubva530-2lvi-i specified in board_part file is either invalid or not available
WARNING: [Board 49-26] cannot add Board Part xilinx.com:k26c:part0:1.2 available at /tools/Xilinx/Vivado/2024.1/data/xhub/boards/XilinxBoardStore/boards/Xilinx/k26c/1.2/board.xml as part xck26-sfvc784-2lv-c specified in board_part file is either invalid or not available
WARNING: [Board 49-26] cannot add Board Part xilinx.com:k26c:part0:1.3 available at /tools/Xilinx/Vivado/2024.1/data/xhub/boards/XilinxBoardStore/boards/Xilinx/k26c/1.3/board.xml as part xck26-sfvc784-2lv-c specified in board_part file is either invalid or not available
WARNING: [Board 49-26] cannot add Board Part xilinx.com:k26c:part0:1.4 available at /tools/Xilinx/Vivado/2024.1/data/xhub/boards/XilinxBoardStore/boards/Xilinx/k26c/1.4/board.xml as part xck26-sfvc784-2lv-c specified in board_part file is either invalid or not available
WARNING: [Board 49-26] cannot add Board Part xilinx.com:k26i:part0:1.2 available at /tools/Xilinx/Vivado/2024.1/data/xhub/boards/XilinxBoardStore/boards/Xilinx/k26i/1.2/board.xml as part xck26-sfvc784-2lvi-i specified in board_part file is either invalid or not available
WARNING: [Board 49-26] cannot add Board Part xilinx.com:k26i:part0:1.3 available at /tools/Xilinx/Vivado/2024.1/data/xhub/boards/XilinxBoardStore/boards/Xilinx/k26i/1.3/board.xml as part xck26-sfvc784-2lvi-i specified in board_part file is either invalid or not available
WARNING: [Board 49-26] cannot add Board Part xilinx.com:k26i:part0:1.4 available at /tools/Xilinx/Vivado/2024.1/data/xhub/boards/XilinxBoardStore/boards/Xilinx/k26i/1.4/board.xml as part xck26-sfvc784-2lvi-i specified in board_part file is either invalid or not available
WARNING: [Board 49-26] cannot add Board Part xilinx.com:kc705:part0:1.6 available at /tools/Xilinx/Vivado/2024.1/data/xhub/boards/XilinxBoardStore/boards/Xilinx/kc705/1.6/board.xml as part xc7k325tffg900-2 specified in board_part file is either invalid or not available
WARNING: [Board 49-26] cannot add Board Part xilinx.com:kcu105:part0:1.6 available at /tools/Xilinx/Vivado/2024.1/data/xhub/boards/XilinxBoardStore/boards/Xilinx/kcu105/1.6/board.xml as part xcku040-ffva1156-2-e specified in board_part file is either invalid or not available
WARNING: [Board 49-26] cannot add Board Part xilinx.com:kcu105:part0:1.7 available at /tools/Xilinx/Vivado/2024.1/data/xhub/boards/XilinxBoardStore/boards/Xilinx/kcu105/1.7/board.xml as part xcku040-ffva1156-2-e specified in board_part file is either invalid or not available
WARNING: [Board 49-26] cannot add Board Part xilinx.com:kcu116:part0:1.4 available at /tools/Xilinx/Vivado/2024.1/data/xhub/boards/XilinxBoardStore/boards/Xilinx/kcu116/1.4/board.xml as part xcku5p-ffvb676-2-e specified in board_part file is either invalid or not available
WARNING: [Board 49-26] cannot add Board Part xilinx.com:kcu116:part0:1.5 available at /tools/Xilinx/Vivado/2024.1/data/xhub/boards/XilinxBoardStore/boards/Xilinx/kcu116/1.5/board.xml as part xcku5p-ffvb676-2-e specified in board_part file is either invalid or not available
WARNING: [Board 49-26] cannot add Board Part xilinx.com:kcu1500:part0:1.2 available at /tools/Xilinx/Vivado/2024.1/data/xhub/boards/XilinxBoardStore/boards/Xilinx/kcu1500/1.2/board.xml as part xcku115-flvb2104-2-e specified in board_part file is either invalid or not available
WARNING: [Board 49-26] cannot add Board Part xilinx.com:kd240_som:part0:1.0 available at /tools/Xilinx/Vivado/2024.1/data/xhub/boards/XilinxBoardStore/boards/Xilinx/kd240_som/1.0/board.xml as part xck24-ubva530-2lv-c specified in board_part file is either invalid or not available
WARNING: [Board 49-26] cannot add Board Part xilinx.com:kr260_som:part0:1.0 available at /tools/Xilinx/Vivado/2024.1/data/xhub/boards/XilinxBoardStore/boards/Xilinx/kr260_som/1.0/board.xml as part xck26-sfvc784-2lv-c specified in board_part file is either invalid or not available
WARNING: [Board 49-26] cannot add Board Part xilinx.com:kr260_som:part0:1.1 available at /tools/Xilinx/Vivado/2024.1/data/xhub/boards/XilinxBoardStore/boards/Xilinx/kr260_som/1.1/board.xml as part xck26-sfvc784-2lv-c specified in board_part file is either invalid or not available
WARNING: [Board 49-26] cannot add Board Part xilinx.com:kv260_som:part0:1.2 available at /tools/Xilinx/Vivado/2024.1/data/xhub/boards/XilinxBoardStore/boards/Xilinx/kv260_som/1.2/board.xml as part xck26-sfvc784-2lv-c specified in board_part file is either invalid or not available
WARNING: [Board 49-26] cannot add Board Part xilinx.com:kv260_som:part0:1.3 available at /tools/Xilinx/Vivado/2024.1/data/xhub/boards/XilinxBoardStore/boards/Xilinx/kv260_som/1.3/board.xml as part xck26-sfvc784-2lv-c specified in board_part file is either invalid or not available
WARNING: [Board 49-26] cannot add Board Part xilinx.com:kv260_som:part0:1.4 available at /tools/Xilinx/Vivado/2024.1/data/xhub/boards/XilinxBoardStore/boards/Xilinx/kv260_som/1.4/board.xml as part xck26-sfvc784-2lv-c specified in board_part file is either invalid or not available
WARNING: [Board 49-26] cannot add Board Part xilinx.com:sp701:part0:1.0 available at /tools/Xilinx/Vivado/2024.1/data/xhub/boards/XilinxBoardStore/boards/Xilinx/sp701/1.0/board.xml as part xc7s100fgga676-2 specified in board_part file is either invalid or not available
WARNING: [Board 49-26] cannot add Board Part xilinx.com:sp701:part0:1.1 available at /tools/Xilinx/Vivado/2024.1/data/xhub/boards/XilinxBoardStore/boards/Xilinx/sp701/1.1/board.xml as part xc7s100fgga676-2 specified in board_part file is either invalid or not available
WARNING: [Board 49-26] cannot add Board Part xilinx.com:vc707:part0:1.4 available at /tools/Xilinx/Vivado/2024.1/data/xhub/boards/XilinxBoardStore/boards/Xilinx/vc707/1.4/board.xml as part xc7vx485tffg1761-2 specified in board_part file is either invalid or not available
WARNING: [Board 49-26] cannot add Board Part xilinx.com:vc709:part0:1.8 available at /tools/Xilinx/Vivado/2024.1/data/xhub/boards/XilinxBoardStore/boards/Xilinx/vc709/1.8/board.xml as part xc7vx690tffg1761-2 specified in board_part file is either invalid or not available
WARNING: [Board 49-26] cannot add Board Part xilinx.com:vck190:part0:2.2 available at /tools/Xilinx/Vivado/2024.1/data/xhub/boards/XilinxBoardStore/boards/Xilinx/vck190/production/2.2/board.xml as part xcvc1902-vsva2197-2mp-e-s specified in board_part file is either invalid or not available
WARNING: [Board 49-26] cannot add Board Part xilinx.com:vck190:part0:3.0 available at /tools/Xilinx/Vivado/2024.1/data/xhub/boards/XilinxBoardStore/boards/Xilinx/vck190/production/3.0/board.xml as part xcvc1902-vsva2197-2mp-e-s specified in board_part file is either invalid or not available
WARNING: [Board 49-26] cannot add Board Part xilinx.com:vck190:part0:3.1 available at /tools/Xilinx/Vivado/2024.1/data/xhub/boards/XilinxBoardStore/boards/Xilinx/vck190/production/3.1/board.xml as part xcvc1902-vsva2197-2mp-e-s specified in board_part file is either invalid or not available
WARNING: [Board 49-26] cannot add Board Part xilinx.com:vck190:part0:3.2 available at /tools/Xilinx/Vivado/2024.1/data/xhub/boards/XilinxBoardStore/boards/Xilinx/vck190/production/3.2/board.xml as part xcvc1902-vsva2197-2mp-e-s specified in board_part file is either invalid or not available
WARNING: [Board 49-26] cannot add Board Part xilinx.com:vck190:part0:3.3 available at /tools/Xilinx/Vivado/2024.1/data/xhub/boards/XilinxBoardStore/boards/Xilinx/vck190/production/3.3/board.xml as part xcvc1902-vsva2197-2mp-e-s specified in board_part file is either invalid or not available
WARNING: [Board 49-26] cannot add Board Part xilinx.com:vck190_newl:part0:1.0 available at /tools/Xilinx/Vivado/2024.1/data/xhub/boards/XilinxBoardStore/boards/Xilinx/vck190_newl/production/1.0/board.xml as part xcvc1902-vsva2197-2mp-e-s specified in board_part file is either invalid or not available
WARNING: [Board 49-26] cannot add Board Part xilinx.com:vck190_newl:part0:1.1 available at /tools/Xilinx/Vivado/2024.1/data/xhub/boards/XilinxBoardStore/boards/Xilinx/vck190_newl/production/1.1/board.xml as part xcvc1902-vsva2197-2mp-e-s specified in board_part file is either invalid or not available
WARNING: [Board 49-26] cannot add Board Part xilinx.com:vck190_newl:part0:1.2 available at /tools/Xilinx/Vivado/2024.1/data/xhub/boards/XilinxBoardStore/boards/Xilinx/vck190_newl/production/1.2/board.xml as part xcvc1902-vsva2197-2mp-e-s specified in board_part file is either invalid or not available
WARNING: [Board 49-26] cannot add Board Part xilinx.com:vcu108:part0:1.6 available at /tools/Xilinx/Vivado/2024.1/data/xhub/boards/XilinxBoardStore/boards/Xilinx/vcu108/1.6/board.xml as part xcvu095-ffva2104-2-e specified in board_part file is either invalid or not available
WARNING: [Board 49-26] cannot add Board Part xilinx.com:vcu108:part0:1.7 available at /tools/Xilinx/Vivado/2024.1/data/xhub/boards/XilinxBoardStore/boards/Xilinx/vcu108/1.7/board.xml as part xcvu095-ffva2104-2-e specified in board_part file is either invalid or not available
WARNING: [Board 49-26] cannot add Board Part xilinx.com:vcu110:part0:1.4 available at /tools/Xilinx/Vivado/2024.1/data/xhub/boards/XilinxBoardStore/boards/Xilinx/vcu110/1.4/board.xml as part xcvu190-flgc2104-2-e specified in board_part file is either invalid or not available
WARNING: [Board 49-26] cannot add Board Part xilinx.com:vcu118:part0:2.0 available at /tools/Xilinx/Vivado/2024.1/data/xhub/boards/XilinxBoardStore/boards/Xilinx/vcu118/2.0/board.xml as part xcvu9p-flga2104-2l-e specified in board_part file is either invalid or not available
WARNING: [Board 49-26] cannot add Board Part xilinx.com:vcu118:part0:2.3 available at /tools/Xilinx/Vivado/2024.1/data/xhub/boards/XilinxBoardStore/boards/Xilinx/vcu118/2.3/board.xml as part xcvu9p-flga2104-2l-e specified in board_part file is either invalid or not available
WARNING: [Board 49-26] cannot add Board Part xilinx.com:vcu118:part0:2.4 available at /tools/Xilinx/Vivado/2024.1/data/xhub/boards/XilinxBoardStore/boards/Xilinx/vcu118/2.4/board.xml as part xcvu9p-flga2104-2l-e specified in board_part file is either invalid or not available
WARNING: [Board 49-26] cannot add Board Part xilinx.com:vcu128:part0:1.0 available at /tools/Xilinx/Vivado/2024.1/data/xhub/boards/XilinxBoardStore/boards/Xilinx/vcu128/production/1.0/board.xml as part xcvu37p-fsvh2892-2l-e specified in board_part file is either invalid or not available
WARNING: [Board 49-26] cannot add Board Part xilinx.com:vcu129:part0:1.0 available at /tools/Xilinx/Vivado/2024.1/data/xhub/boards/XilinxBoardStore/boards/Xilinx/vcu129/production/1.0/board.xml as part xcvu29p-fsga2577-2l-e specified in board_part file is either invalid or not available
WARNING: [Board 49-26] cannot add Board Part xilinx.com:vcu1525:part0:1.3 available at /tools/Xilinx/Vivado/2024.1/data/xhub/boards/XilinxBoardStore/boards/Xilinx/vcu1525/1.3/board.xml as part xcvu9p-fsgd2104-2l-e specified in board_part file is either invalid or not available
WARNING: [Board 49-26] cannot add Board Part xilinx.com:vek280:part0:1.0 available at /tools/Xilinx/Vivado/2024.1/data/xhub/boards/XilinxBoardStore/boards/Xilinx/vek280/production/1.0/board.xml as part xcve2802-vsvh1760-2mp-e-s specified in board_part file is either invalid or not available
WARNING: [Board 49-26] cannot add Board Part xilinx.com:vek280:part0:1.1 available at /tools/Xilinx/Vivado/2024.1/data/xhub/boards/XilinxBoardStore/boards/Xilinx/vek280/production/1.1/board.xml as part xcve2802-vsvh1760-2mp-e-s specified in board_part file is either invalid or not available
WARNING: [Board 49-26] cannot add Board Part xilinx.com:vek280:part0:1.2 available at /tools/Xilinx/Vivado/2024.1/data/xhub/boards/XilinxBoardStore/boards/Xilinx/vek280/production/1.2/board.xml as part xcve2802-vsvh1760-2mp-e-s specified in board_part file is either invalid or not available
WARNING: [Board 49-26] cannot add Board Part xilinx.com:vek280_es:part0:1.0 available at /tools/Xilinx/Vivado/2024.1/data/xhub/boards/XilinxBoardStore/boards/Xilinx/vek280/es/rev_a/1.0/board.xml as part xcve2802-vsvh1760-2lp-e-s-es1 specified in board_part file is either invalid or not available
WARNING: [Board 49-26] cannot add Board Part xilinx.com:vek280_es:part0:1.1 available at /tools/Xilinx/Vivado/2024.1/data/xhub/boards/XilinxBoardStore/boards/Xilinx/vek280/es/rev_a/1.1/board.xml as part xcve2802-vsvh1760-2lp-e-s-es1 specified in board_part file is either invalid or not available
WARNING: [Board 49-26] cannot add Board Part xilinx.com:vek280_es_revb:part0:1.0 available at /tools/Xilinx/Vivado/2024.1/data/xhub/boards/XilinxBoardStore/boards/Xilinx/vek280/es/rev_b/1.0/board.xml as part xcve2802-vsvh1760-2mp-e-s-es1 specified in board_part file is either invalid or not available
WARNING: [Board 49-26] cannot add Board Part xilinx.com:vek280_es_revb:part0:1.1 available at /tools/Xilinx/Vivado/2024.1/data/xhub/boards/XilinxBoardStore/boards/Xilinx/vek280/es/rev_b/1.1/board.xml as part xcve2802-vsvh1760-2mp-e-s-es1 specified in board_part file is either invalid or not available
WARNING: [Board 49-26] cannot add Board Part xilinx.com:vermeo_t1_mpsoc:part0:1.0 available at /tools/Xilinx/Vivado/2024.1/data/xhub/boards/XilinxBoardStore/boards/Xilinx/vermeo_t1_mpsoc/1.0/board.xml as part xczu19eg-ffvd1760-2l-e specified in board_part file is either invalid or not available
WARNING: [Board 49-26] cannot add Board Part xilinx.com:vermeo_t1_rfsoc:part0:1.0 available at /tools/Xilinx/Vivado/2024.1/data/xhub/boards/XilinxBoardStore/boards/Xilinx/vermeo_t1_rfsoc/1.0/board.xml as part xczu21dr-ffvd1156-2l-e specified in board_part file is either invalid or not available
WARNING: [Board 49-26] cannot add Board Part xilinx.com:vhk158:part0:1.0 available at /tools/Xilinx/Vivado/2024.1/data/xhub/boards/XilinxBoardStore/boards/Xilinx/vhk158/production/1.0/board.xml as part xcvh1582-vsva3697-2mp-e-s specified in board_part file is either invalid or not available
WARNING: [Board 49-26] cannot add Board Part xilinx.com:vhk158:part0:1.1 available at /tools/Xilinx/Vivado/2024.1/data/xhub/boards/XilinxBoardStore/boards/Xilinx/vhk158/production/1.1/board.xml as part xcvh1582-vsva3697-2mp-e-s specified in board_part file is either invalid or not available
WARNING: [Board 49-26] cannot add Board Part xilinx.com:vhk158_es:part0:1.0 available at /tools/Xilinx/Vivado/2024.1/data/xhub/boards/XilinxBoardStore/boards/Xilinx/vhk158/es/1.0/board.xml as part xcvh1582-vsva3697-2mp-e-s-es1 specified in board_part file is either invalid or not available
WARNING: [Board 49-26] cannot add Board Part xilinx.com:vhk158_es:part0:1.1 available at /tools/Xilinx/Vivado/2024.1/data/xhub/boards/XilinxBoardStore/boards/Xilinx/vhk158/es/1.1/board.xml as part xcvh1582-vsva3697-2mp-e-s-es1 specified in board_part file is either invalid or not available
WARNING: [Board 49-26] cannot add Board Part xilinx.com:vmk180:part0:2.2 available at /tools/Xilinx/Vivado/2024.1/data/xhub/boards/XilinxBoardStore/boards/Xilinx/vmk180/production/2.2/board.xml as part xcvm1802-vsva2197-2mp-e-s specified in board_part file is either invalid or not available
WARNING: [Board 49-26] cannot add Board Part xilinx.com:vmk180:part0:3.0 available at /tools/Xilinx/Vivado/2024.1/data/xhub/boards/XilinxBoardStore/boards/Xilinx/vmk180/production/3.0/board.xml as part xcvm1802-vsva2197-2mp-e-s specified in board_part file is either invalid or not available
WARNING: [Board 49-26] cannot add Board Part xilinx.com:vmk180:part0:3.1 available at /tools/Xilinx/Vivado/2024.1/data/xhub/boards/XilinxBoardStore/boards/Xilinx/vmk180/production/3.1/board.xml as part xcvm1802-vsva2197-2mp-e-s specified in board_part file is either invalid or not available
WARNING: [Board 49-26] cannot add Board Part xilinx.com:vmk180:part0:3.2 available at /tools/Xilinx/Vivado/2024.1/data/xhub/boards/XilinxBoardStore/boards/Xilinx/vmk180/production/3.2/board.xml as part xcvm1802-vsva2197-2mp-e-s specified in board_part file is either invalid or not available
WARNING: [Board 49-26] cannot add Board Part xilinx.com:vmk180_newl:part0:1.0 available at /tools/Xilinx/Vivado/2024.1/data/xhub/boards/XilinxBoardStore/boards/Xilinx/vmk180_newl/production/1.0/board.xml as part xcvm1802-vsva2197-2mp-e-s specified in board_part file is either invalid or not available
WARNING: [Board 49-26] cannot add Board Part xilinx.com:vmk180_newl:part0:1.1 available at /tools/Xilinx/Vivado/2024.1/data/xhub/boards/XilinxBoardStore/boards/Xilinx/vmk180_newl/production/1.1/board.xml as part xcvm1802-vsva2197-2mp-e-s specified in board_part file is either invalid or not available
WARNING: [Board 49-26] cannot add Board Part xilinx.com:vpk120:part0:1.0 available at /tools/Xilinx/Vivado/2024.1/data/xhub/boards/XilinxBoardStore/boards/Xilinx/vpk120/production/1.0/board.xml as part xcvp1202-vsva2785-2mp-e-s specified in board_part file is either invalid or not available
WARNING: [Board 49-26] cannot add Board Part xilinx.com:vpk120:part0:1.1 available at /tools/Xilinx/Vivado/2024.1/data/xhub/boards/XilinxBoardStore/boards/Xilinx/vpk120/production/1.1/board.xml as part xcvp1202-vsva2785-2mp-e-s specified in board_part file is either invalid or not available
WARNING: [Board 49-26] cannot add Board Part xilinx.com:vpk120:part0:1.2 available at /tools/Xilinx/Vivado/2024.1/data/xhub/boards/XilinxBoardStore/boards/Xilinx/vpk120/production/1.2/board.xml as part xcvp1202-vsva2785-2mp-e-s specified in board_part file is either invalid or not available
WARNING: [Board 49-26] cannot add Board Part xilinx.com:vpk180:part0:1.0 available at /tools/Xilinx/Vivado/2024.1/data/xhub/boards/XilinxBoardStore/boards/Xilinx/vpk180/production/1.0/board.xml as part xcvp1802-lsvc4072-2mp-e-s specified in board_part file is either invalid or not available
WARNING: [Board 49-26] cannot add Board Part xilinx.com:vpk180:part0:1.1 available at /tools/Xilinx/Vivado/2024.1/data/xhub/boards/XilinxBoardStore/boards/Xilinx/vpk180/production/1.1/board.xml as part xcvp1802-lsvc4072-2mp-e-s specified in board_part file is either invalid or not available
WARNING: [Board 49-26] cannot add Board Part xilinx.com:vpk180:part0:1.2 available at /tools/Xilinx/Vivado/2024.1/data/xhub/boards/XilinxBoardStore/boards/Xilinx/vpk180/production/1.2/board.xml as part xcvp1802-lsvc4072-2mp-e-s specified in board_part file is either invalid or not available
WARNING: [Board 49-26] cannot add Board Part xilinx.com:zc706:part0:1.4 available at /tools/Xilinx/Vivado/2024.1/data/xhub/boards/XilinxBoardStore/boards/Xilinx/zc706/1.4/board.xml as part xc7z045ffg900-2 specified in board_part file is either invalid or not available
WARNING: [Board 49-26] cannot add Board Part xilinx.com:zcu102:part0:3.3 available at /tools/Xilinx/Vivado/2024.1/data/xhub/boards/XilinxBoardStore/boards/Xilinx/zcu102/3.3/board.xml as part xczu9eg-ffvb1156-2-e specified in board_part file is either invalid or not available
WARNING: [Board 49-26] cannot add Board Part xilinx.com:zcu102:part0:3.4 available at /tools/Xilinx/Vivado/2024.1/data/xhub/boards/XilinxBoardStore/boards/Xilinx/zcu102/3.4/board.xml as part xczu9eg-ffvb1156-2-e specified in board_part file is either invalid or not available
WARNING: [Board 49-26] cannot add Board Part xilinx.com:zcu104:part0:1.1 available at /tools/Xilinx/Vivado/2024.1/data/xhub/boards/XilinxBoardStore/boards/Xilinx/zcu104/1.1/board.xml as part xczu7ev-ffvc1156-2-e specified in board_part file is either invalid or not available
WARNING: [Board 49-26] cannot add Board Part xilinx.com:zcu106:part0:2.4 available at /tools/Xilinx/Vivado/2024.1/data/xhub/boards/XilinxBoardStore/boards/Xilinx/zcu106/2.4/board.xml as part xczu7ev-ffvc1156-2-e specified in board_part file is either invalid or not available
WARNING: [Board 49-26] cannot add Board Part xilinx.com:zcu106:part0:2.5 available at /tools/Xilinx/Vivado/2024.1/data/xhub/boards/XilinxBoardStore/boards/Xilinx/zcu106/2.5/board.xml as part xczu7ev-ffvc1156-2-e specified in board_part file is either invalid or not available
WARNING: [Board 49-26] cannot add Board Part xilinx.com:zcu106:part0:2.6 available at /tools/Xilinx/Vivado/2024.1/data/xhub/boards/XilinxBoardStore/boards/Xilinx/zcu106/2.6/board.xml as part xczu7ev-ffvc1156-2-e specified in board_part file is either invalid or not available
WARNING: [Board 49-26] cannot add Board Part xilinx.com:zcu111:part0:1.2 available at /tools/Xilinx/Vivado/2024.1/data/xhub/boards/XilinxBoardStore/boards/Xilinx/zcu111/1.2/board.xml as part xczu28dr-ffvg1517-2-e specified in board_part file is either invalid or not available
WARNING: [Board 49-26] cannot add Board Part xilinx.com:zcu111:part0:1.3 available at /tools/Xilinx/Vivado/2024.1/data/xhub/boards/XilinxBoardStore/boards/Xilinx/zcu111/1.3/board.xml as part xczu28dr-ffvg1517-2-e specified in board_part file is either invalid or not available
WARNING: [Board 49-26] cannot add Board Part xilinx.com:zcu111:part0:1.4 available at /tools/Xilinx/Vivado/2024.1/data/xhub/boards/XilinxBoardStore/boards/Xilinx/zcu111/1.4/board.xml as part xczu28dr-ffvg1517-2-e specified in board_part file is either invalid or not available
WARNING: [Board 49-26] cannot add Board Part xilinx.com:zcu1275:part0:1.0 available at /tools/Xilinx/Vivado/2024.1/data/xhub/boards/XilinxBoardStore/boards/Xilinx/zcu1275/1.0/board.xml as part xczu29dr-ffvf1760-2-e specified in board_part file is either invalid or not available
WARNING: [Board 49-26] cannot add Board Part xilinx.com:zcu1285:part0:1.0 available at /tools/Xilinx/Vivado/2024.1/data/xhub/boards/XilinxBoardStore/boards/Xilinx/zcu1285/1.0/board.xml as part xczu39dr-ffvf1760-2-i specified in board_part file is either invalid or not available
WARNING: [Board 49-26] cannot add Board Part xilinx.com:zcu208:part0:2.0 available at /tools/Xilinx/Vivado/2024.1/data/xhub/boards/XilinxBoardStore/boards/Xilinx/zcu208/production/2.0/board.xml as part xczu48dr-fsvg1517-2-e specified in board_part file is either invalid or not available
WARNING: [Board 49-26] cannot add Board Part xilinx.com:zcu208ld:part0:2.0 available at /tools/Xilinx/Vivado/2024.1/data/xhub/boards/XilinxBoardStore/boards/Xilinx/zcu208ld/production/2.0/board.xml as part xczu58dr-fsvg1517-2-i specified in board_part file is either invalid or not available
WARNING: [Board 49-26] cannot add Board Part xilinx.com:zcu216:part0:2.0 available at /tools/Xilinx/Vivado/2024.1/data/xhub/boards/XilinxBoardStore/boards/Xilinx/zcu216/production/2.0/board.xml as part xczu49dr-ffvf1760-2-e specified in board_part file is either invalid or not available
WARNING: [Board 49-26] cannot add Board Part xilinx.com:zcu216ld:part0:2.0 available at /tools/Xilinx/Vivado/2024.1/data/xhub/boards/XilinxBoardStore/boards/Xilinx/zcu216ld/production/2.0/board.xml as part xczu59dr-ffvf1760-2-i specified in board_part file is either invalid or not available
WARNING: [Board 49-26] cannot add Board Part xilinx.com:zcu670:part0:2.0 available at /tools/Xilinx/Vivado/2024.1/data/xhub/boards/XilinxBoardStore/boards/Xilinx/zcu670/2.0/board.xml as part xczu67dr-fsve1156-2-i specified in board_part file is either invalid or not available
WARNING: [Board 49-26] cannot add Board Part xilinx.com:zcu670ld:part0:1.0 available at /tools/Xilinx/Vivado/2024.1/data/xhub/boards/XilinxBoardStore/boards/Xilinx/zcu670ld/1.0/board.xml as part xczu57dr-fsve1156-2-i specified in board_part file is either invalid or not available
Scanning sources...
Finished scanning sources
INFO: [IP_Flow 19-234] Refreshing IP repositories
INFO: [IP_Flow 19-1700] Loaded user IP repository '/home/nothon/fpga2C/ip_repo'.
WARNING: [IP_Flow 19-3656] If you move the project, the path for repository '/home/nothon/fpga2C/ip_repo' may become invalid. A better location for the repository would be in a path adjacent to the project. (Current project location is '/home/nothon/fpga2C/ip_repo/noip_lvds_stream'.)
INFO: [IP_Flow 19-1700] Loaded user IP repository '/home/nothon/fpga2C/interface_repo'.
INFO: [IP_Flow 19-2313] Loaded Vivado IP repository '/tools/Xilinx/Vivado/2024.1/data/ip'.
open_project: Time (s): cpu = 00:00:16 ; elapsed = 00:00:09 . Memory (MB): peak = 7899.449 ; gain = 433.211 ; free physical = 170 ; free virtual = 17482
set_property top noip_lvds_stream [get_filesets sim_1]
set_property top_lib xil_defaultlib [get_filesets sim_1]
launch_simulation
Command: launch_simulation 
INFO: [Vivado 12-12493] Simulation top is 'noip_lvds_stream'
INFO: [Vivado 12-5682] Launching behavioral simulation in '/home/nothon/fpga2C/ip_repo/noip_lvds_stream/edit_noip_lvds_stream_v1_0.sim/sim_1/behav/xsim'
INFO: [SIM-utils-51] Simulation object is 'sim_1'
INFO: [SIM-utils-72] Using boost library from '/tools/Xilinx/Vivado/2024.1/tps/boost_1_72_0'
INFO: [SIM-utils-54] Inspecting design source files for 'noip_lvds_stream' in fileset 'sim_1'...
INFO: [USF-XSim-97] Finding global include files...
INFO: [USF-XSim-100] Fetching design files from 'sources_1'...(this may take a while)...
INFO: [USF-XSim-101] Fetching design files from 'sim_1'...
INFO: [USF-XSim-2] XSim::Compile design
INFO: [USF-XSim-61] Executing 'COMPILE and ANALYZE' step in '/home/nothon/fpga2C/ip_repo/noip_lvds_stream/edit_noip_lvds_stream_v1_0.sim/sim_1/behav/xsim'
xvhdl --incr --relax -prj noip_lvds_stream_vhdl.prj
INFO: [VRFC 10-163] Analyzing VHDL file "/home/nothon/fpga2C/ip_repo/noip_lvds_stream/noip_lvds_stream_1_0/hdl/noip_lvds_stream.vhd" into library xil_defaultlib
INFO: [VRFC 10-3107] analyzing entity 'noip_lvds_stream'
ERROR: [VRFC 10-9111] index constraint cannot be applied to non-array type 'std_logic' [/home/nothon/fpga2C/ip_repo/noip_lvds_stream/noip_lvds_stream_1_0/hdl/noip_lvds_stream.vhd:23]
ERROR: [VRFC 10-9458] unit 'noip_lvds_stream' is ignored due to previous errors [/home/nothon/fpga2C/ip_repo/noip_lvds_stream/noip_lvds_stream_1_0/hdl/noip_lvds_stream.vhd:5]
INFO: [VRFC 10-8704] VHDL file '/home/nothon/fpga2C/ip_repo/noip_lvds_stream/noip_lvds_stream_1_0/hdl/noip_lvds_stream.vhd' is ignored due to errors
INFO: [USF-XSim-69] 'compile' step finished in '1' seconds
INFO: [USF-XSim-99] Step results log file:'/home/nothon/fpga2C/ip_repo/noip_lvds_stream/edit_noip_lvds_stream_v1_0.sim/sim_1/behav/xsim/xvhdl.log'
ERROR: [USF-XSim-62] 'compile' step failed with error(s). Please check the Tcl console output or '/home/nothon/fpga2C/ip_repo/noip_lvds_stream/edit_noip_lvds_stream_v1_0.sim/sim_1/behav/xsim/xvhdl.log' file for more information.
ERROR: [Vivado 12-4473] Detected error while running simulation. Please correct the issue and retry this operation.
ERROR: [Common 17-39] 'launch_simulation' failed due to earlier errors.
launch_simulation
Command: launch_simulation 
INFO: [Vivado 12-12493] Simulation top is 'noip_lvds_stream'
INFO: [Vivado 12-5682] Launching behavioral simulation in '/home/nothon/fpga2C/ip_repo/noip_lvds_stream/edit_noip_lvds_stream_v1_0.sim/sim_1/behav/xsim'
INFO: [SIM-utils-51] Simulation object is 'sim_1'
INFO: [SIM-utils-72] Using boost library from '/tools/Xilinx/Vivado/2024.1/tps/boost_1_72_0'
INFO: [SIM-utils-54] Inspecting design source files for 'noip_lvds_stream' in fileset 'sim_1'...
INFO: [USF-XSim-97] Finding global include files...
INFO: [USF-XSim-100] Fetching design files from 'sources_1'...(this may take a while)...
INFO: [USF-XSim-101] Fetching design files from 'sim_1'...
INFO: [USF-XSim-2] XSim::Compile design
INFO: [USF-XSim-61] Executing 'COMPILE and ANALYZE' step in '/home/nothon/fpga2C/ip_repo/noip_lvds_stream/edit_noip_lvds_stream_v1_0.sim/sim_1/behav/xsim'
xvhdl --incr --relax -prj noip_lvds_stream_vhdl.prj
INFO: [VRFC 10-163] Analyzing VHDL file "/home/nothon/fpga2C/ip_repo/noip_lvds_stream/noip_lvds_stream_1_0/hdl/noip_lvds_stream.vhd" into library xil_defaultlib
INFO: [VRFC 10-3107] analyzing entity 'noip_lvds_stream'
ERROR: [VRFC 10-2935] 'bitslip' is already declared in this region [/home/nothon/fpga2C/ip_repo/noip_lvds_stream/noip_lvds_stream_1_0/hdl/noip_lvds_stream.vhd:110]
ERROR: [VRFC 10-2989] 'fifo_empty' is not declared [/home/nothon/fpga2C/ip_repo/noip_lvds_stream/noip_lvds_stream_1_0/hdl/noip_lvds_stream.vhd:242]
ERROR: [VRFC 10-2989] 'fifo_dout' is not declared [/home/nothon/fpga2C/ip_repo/noip_lvds_stream/noip_lvds_stream_1_0/hdl/noip_lvds_stream.vhd:243]
ERROR: [VRFC 10-2989] 'fifo_rd_en' is not declared [/home/nothon/fpga2C/ip_repo/noip_lvds_stream/noip_lvds_stream_1_0/hdl/noip_lvds_stream.vhd:244]
ERROR: [VRFC 10-3095] actual of formal out port 'fifo_rd_en' cannot be an expression [/home/nothon/fpga2C/ip_repo/noip_lvds_stream/noip_lvds_stream_1_0/hdl/noip_lvds_stream.vhd:244]
ERROR: [VRFC 10-3760] type 'std_logic_vector' does not match with the integer literal [/home/nothon/fpga2C/ip_repo/noip_lvds_stream/noip_lvds_stream_1_0/hdl/noip_lvds_stream.vhd:257]
ERROR: [VRFC 10-2989] 'fifo_din' is not declared [/home/nothon/fpga2C/ip_repo/noip_lvds_stream/noip_lvds_stream_1_0/hdl/noip_lvds_stream.vhd:260]
ERROR: [VRFC 10-2989] 'fifo_wr_en' is not declared [/home/nothon/fpga2C/ip_repo/noip_lvds_stream/noip_lvds_stream_1_0/hdl/noip_lvds_stream.vhd:261]
ERROR: [VRFC 10-9439] type error near 'findbitslip'; expected type 'std_logic_vector' [/home/nothon/fpga2C/ip_repo/noip_lvds_stream/noip_lvds_stream_1_0/hdl/noip_lvds_stream.vhd:270]
ERROR: [VRFC 10-8875] could not find a match for subprogram 'findbitslip' [/home/nothon/fpga2C/ip_repo/noip_lvds_stream/noip_lvds_stream_1_0/hdl/noip_lvds_stream.vhd:270]
ERROR: [VRFC 10-2989] 'lvds_sync' is not declared [/home/nothon/fpga2C/ip_repo/noip_lvds_stream/noip_lvds_stream_1_0/hdl/noip_lvds_stream.vhd:267]
ERROR: [VRFC 10-2989] 'fifo_din' is not declared [/home/nothon/fpga2C/ip_repo/noip_lvds_stream/noip_lvds_stream_1_0/hdl/noip_lvds_stream.vhd:279]
ERROR: [VRFC 10-2989] 'fifo_wr_en' is not declared [/home/nothon/fpga2C/ip_repo/noip_lvds_stream/noip_lvds_stream_1_0/hdl/noip_lvds_stream.vhd:280]
ERROR: [VRFC 10-2989] 'lvds_data_words' is not declared [/home/nothon/fpga2C/ip_repo/noip_lvds_stream/noip_lvds_stream_1_0/hdl/noip_lvds_stream.vhd:313]
ERROR: [VRFC 10-2989] 'lvds_data_words' is not declared [/home/nothon/fpga2C/ip_repo/noip_lvds_stream/noip_lvds_stream_1_0/hdl/noip_lvds_stream.vhd:314]
ERROR: [VRFC 10-2989] 'lvds_data_words' is not declared [/home/nothon/fpga2C/ip_repo/noip_lvds_stream/noip_lvds_stream_1_0/hdl/noip_lvds_stream.vhd:315]
ERROR: [VRFC 10-2989] 'lvds_data_words' is not declared [/home/nothon/fpga2C/ip_repo/noip_lvds_stream/noip_lvds_stream_1_0/hdl/noip_lvds_stream.vhd:316]
ERROR: [VRFC 10-2989] 'lvds_data_words' is not declared [/home/nothon/fpga2C/ip_repo/noip_lvds_stream/noip_lvds_stream_1_0/hdl/noip_lvds_stream.vhd:318]
ERROR: [VRFC 10-2989] 'lvds_data_words' is not declared [/home/nothon/fpga2C/ip_repo/noip_lvds_stream/noip_lvds_stream_1_0/hdl/noip_lvds_stream.vhd:319]
INFO: [#UNDEF] Sorry, too many errors..
INFO: [USF-XSim-69] 'compile' step finished in '2' seconds
INFO: [USF-XSim-99] Step results log file:'/home/nothon/fpga2C/ip_repo/noip_lvds_stream/edit_noip_lvds_stream_v1_0.sim/sim_1/behav/xsim/xvhdl.log'
ERROR: [USF-XSim-62] 'compile' step failed with error(s). Please check the Tcl console output or '/home/nothon/fpga2C/ip_repo/noip_lvds_stream/edit_noip_lvds_stream_v1_0.sim/sim_1/behav/xsim/xvhdl.log' file for more information.
ERROR: [Vivado 12-4473] Detected error while running simulation. Please correct the issue and retry this operation.
ERROR: [Common 17-39] 'launch_simulation' failed due to earlier errors.
launch_simulation
Command: launch_simulation 
INFO: [Vivado 12-12493] Simulation top is 'noip_lvds_stream'
INFO: [Vivado 12-5682] Launching behavioral simulation in '/home/nothon/fpga2C/ip_repo/noip_lvds_stream/edit_noip_lvds_stream_v1_0.sim/sim_1/behav/xsim'
INFO: [SIM-utils-51] Simulation object is 'sim_1'
INFO: [SIM-utils-72] Using boost library from '/tools/Xilinx/Vivado/2024.1/tps/boost_1_72_0'
INFO: [SIM-utils-54] Inspecting design source files for 'noip_lvds_stream' in fileset 'sim_1'...
INFO: [USF-XSim-97] Finding global include files...
INFO: [USF-XSim-100] Fetching design files from 'sources_1'...(this may take a while)...
INFO: [USF-XSim-101] Fetching design files from 'sim_1'...
INFO: [USF-XSim-2] XSim::Compile design
INFO: [USF-XSim-61] Executing 'COMPILE and ANALYZE' step in '/home/nothon/fpga2C/ip_repo/noip_lvds_stream/edit_noip_lvds_stream_v1_0.sim/sim_1/behav/xsim'
xvhdl --incr --relax -prj noip_lvds_stream_vhdl.prj
INFO: [VRFC 10-163] Analyzing VHDL file "/home/nothon/fpga2C/ip_repo/noip_lvds_stream/noip_lvds_stream_1_0/hdl/noip_lvds_stream.vhd" into library xil_defaultlib
INFO: [VRFC 10-3107] analyzing entity 'noip_lvds_stream'
ERROR: [VRFC 10-2989] 'fifo_empty' is not declared [/home/nothon/fpga2C/ip_repo/noip_lvds_stream/noip_lvds_stream_1_0/hdl/noip_lvds_stream.vhd:240]
ERROR: [VRFC 10-2989] 'fifo_dout' is not declared [/home/nothon/fpga2C/ip_repo/noip_lvds_stream/noip_lvds_stream_1_0/hdl/noip_lvds_stream.vhd:241]
ERROR: [VRFC 10-2989] 'fifo_rd_en' is not declared [/home/nothon/fpga2C/ip_repo/noip_lvds_stream/noip_lvds_stream_1_0/hdl/noip_lvds_stream.vhd:242]
ERROR: [VRFC 10-3095] actual of formal out port 'fifo_rd_en' cannot be an expression [/home/nothon/fpga2C/ip_repo/noip_lvds_stream/noip_lvds_stream_1_0/hdl/noip_lvds_stream.vhd:242]
ERROR: [VRFC 10-2989] 'lvds_sync' is not declared [/home/nothon/fpga2C/ip_repo/noip_lvds_stream/noip_lvds_stream_1_0/hdl/noip_lvds_stream.vhd:263]
ERROR: [VRFC 10-2989] 'fifo_din' is not declared [/home/nothon/fpga2C/ip_repo/noip_lvds_stream/noip_lvds_stream_1_0/hdl/noip_lvds_stream.vhd:275]
ERROR: [VRFC 10-2989] 'fifo_wr_en' is not declared [/home/nothon/fpga2C/ip_repo/noip_lvds_stream/noip_lvds_stream_1_0/hdl/noip_lvds_stream.vhd:276]
ERROR: [VRFC 10-2989] 'lvds_data_words' is not declared [/home/nothon/fpga2C/ip_repo/noip_lvds_stream/noip_lvds_stream_1_0/hdl/noip_lvds_stream.vhd:309]
ERROR: [VRFC 10-2989] 'lvds_data_words' is not declared [/home/nothon/fpga2C/ip_repo/noip_lvds_stream/noip_lvds_stream_1_0/hdl/noip_lvds_stream.vhd:310]
ERROR: [VRFC 10-2989] 'lvds_data_words' is not declared [/home/nothon/fpga2C/ip_repo/noip_lvds_stream/noip_lvds_stream_1_0/hdl/noip_lvds_stream.vhd:311]
ERROR: [VRFC 10-2989] 'lvds_data_words' is not declared [/home/nothon/fpga2C/ip_repo/noip_lvds_stream/noip_lvds_stream_1_0/hdl/noip_lvds_stream.vhd:312]
ERROR: [VRFC 10-2989] 'lvds_data_words' is not declared [/home/nothon/fpga2C/ip_repo/noip_lvds_stream/noip_lvds_stream_1_0/hdl/noip_lvds_stream.vhd:314]
ERROR: [VRFC 10-2989] 'lvds_data_words' is not declared [/home/nothon/fpga2C/ip_repo/noip_lvds_stream/noip_lvds_stream_1_0/hdl/noip_lvds_stream.vhd:315]
ERROR: [VRFC 10-2989] 'lvds_data_words' is not declared [/home/nothon/fpga2C/ip_repo/noip_lvds_stream/noip_lvds_stream_1_0/hdl/noip_lvds_stream.vhd:316]
ERROR: [VRFC 10-2989] 'lvds_data_words' is not declared [/home/nothon/fpga2C/ip_repo/noip_lvds_stream/noip_lvds_stream_1_0/hdl/noip_lvds_stream.vhd:317]
ERROR: [VRFC 10-2989] 'fifo_din' is not declared [/home/nothon/fpga2C/ip_repo/noip_lvds_stream/noip_lvds_stream_1_0/hdl/noip_lvds_stream.vhd:325]
ERROR: [VRFC 10-2989] 'fifo_wr_en' is not declared [/home/nothon/fpga2C/ip_repo/noip_lvds_stream/noip_lvds_stream_1_0/hdl/noip_lvds_stream.vhd:327]
ERROR: [VRFC 10-2989] 'fifo_wr_en' is not declared [/home/nothon/fpga2C/ip_repo/noip_lvds_stream/noip_lvds_stream_1_0/hdl/noip_lvds_stream.vhd:330]
ERROR: [VRFC 10-2989] 'fifo_wr_en' is not declared [/home/nothon/fpga2C/ip_repo/noip_lvds_stream/noip_lvds_stream_1_0/hdl/noip_lvds_stream.vhd:338]
INFO: [#UNDEF] Sorry, too many errors..
INFO: [USF-XSim-69] 'compile' step finished in '2' seconds
INFO: [USF-XSim-99] Step results log file:'/home/nothon/fpga2C/ip_repo/noip_lvds_stream/edit_noip_lvds_stream_v1_0.sim/sim_1/behav/xsim/xvhdl.log'
ERROR: [USF-XSim-62] 'compile' step failed with error(s). Please check the Tcl console output or '/home/nothon/fpga2C/ip_repo/noip_lvds_stream/edit_noip_lvds_stream_v1_0.sim/sim_1/behav/xsim/xvhdl.log' file for more information.
ERROR: [Vivado 12-4473] Detected error while running simulation. Please correct the issue and retry this operation.
ERROR: [Common 17-39] 'launch_simulation' failed due to earlier errors.
launch_simulation
Command: launch_simulation 
INFO: [Vivado 12-12493] Simulation top is 'noip_lvds_stream'
INFO: [Vivado 12-5682] Launching behavioral simulation in '/home/nothon/fpga2C/ip_repo/noip_lvds_stream/edit_noip_lvds_stream_v1_0.sim/sim_1/behav/xsim'
INFO: [SIM-utils-51] Simulation object is 'sim_1'
INFO: [SIM-utils-72] Using boost library from '/tools/Xilinx/Vivado/2024.1/tps/boost_1_72_0'
INFO: [SIM-utils-54] Inspecting design source files for 'noip_lvds_stream' in fileset 'sim_1'...
INFO: [USF-XSim-97] Finding global include files...
INFO: [USF-XSim-100] Fetching design files from 'sources_1'...(this may take a while)...
INFO: [USF-XSim-101] Fetching design files from 'sim_1'...
INFO: [USF-XSim-2] XSim::Compile design
INFO: [USF-XSim-61] Executing 'COMPILE and ANALYZE' step in '/home/nothon/fpga2C/ip_repo/noip_lvds_stream/edit_noip_lvds_stream_v1_0.sim/sim_1/behav/xsim'
xvhdl --incr --relax -prj noip_lvds_stream_vhdl.prj
INFO: [VRFC 10-163] Analyzing VHDL file "/home/nothon/fpga2C/ip_repo/noip_lvds_stream/noip_lvds_stream_1_0/hdl/noip_lvds_stream_master_stream_v1_0_M00_AXIS.vhd" into library xil_defaultlib
INFO: [VRFC 10-3107] analyzing entity 'noip_lvds_stream_master_stream_v1_0_M00_AXIS'
INFO: [VRFC 10-163] Analyzing VHDL file "/home/nothon/fpga2C/ip_repo/noip_lvds_stream/noip_lvds_stream_1_0/hdl/noip_lvds_stream.vhd" into library xil_defaultlib
INFO: [VRFC 10-3107] analyzing entity 'noip_lvds_stream'
ERROR: [VRFC 10-4982] syntax error near ')' [/home/nothon/fpga2C/ip_repo/noip_lvds_stream/noip_lvds_stream_1_0/hdl/noip_lvds_stream.vhd:240]
ERROR: [VRFC 10-3353] formal port 'fifo_empty' has no actual or default value [/home/nothon/fpga2C/ip_repo/noip_lvds_stream/noip_lvds_stream_1_0/hdl/noip_lvds_stream.vhd:226]
ERROR: [VRFC 10-2989] 'lvds_sync' is not declared [/home/nothon/fpga2C/ip_repo/noip_lvds_stream/noip_lvds_stream_1_0/hdl/noip_lvds_stream.vhd:260]
ERROR: [VRFC 10-2989] 'fifo_din' is not declared [/home/nothon/fpga2C/ip_repo/noip_lvds_stream/noip_lvds_stream_1_0/hdl/noip_lvds_stream.vhd:272]
ERROR: [VRFC 10-2989] 'fifo_wr_en' is not declared [/home/nothon/fpga2C/ip_repo/noip_lvds_stream/noip_lvds_stream_1_0/hdl/noip_lvds_stream.vhd:273]
ERROR: [VRFC 10-2989] 'fifo_srst' is not declared [/home/nothon/fpga2C/ip_repo/noip_lvds_stream/noip_lvds_stream_1_0/hdl/noip_lvds_stream.vhd:345]
ERROR: [VRFC 10-9458] unit 'arch_imp' is ignored due to previous errors [/home/nothon/fpga2C/ip_repo/noip_lvds_stream/noip_lvds_stream_1_0/hdl/noip_lvds_stream.vhd:54]
INFO: [VRFC 10-8704] VHDL file '/home/nothon/fpga2C/ip_repo/noip_lvds_stream/noip_lvds_stream_1_0/hdl/noip_lvds_stream.vhd' is ignored due to errors
INFO: [USF-XSim-69] 'compile' step finished in '2' seconds
INFO: [USF-XSim-99] Step results log file:'/home/nothon/fpga2C/ip_repo/noip_lvds_stream/edit_noip_lvds_stream_v1_0.sim/sim_1/behav/xsim/xvhdl.log'
ERROR: [USF-XSim-62] 'compile' step failed with error(s). Please check the Tcl console output or '/home/nothon/fpga2C/ip_repo/noip_lvds_stream/edit_noip_lvds_stream_v1_0.sim/sim_1/behav/xsim/xvhdl.log' file for more information.
ERROR: [Vivado 12-4473] Detected error while running simulation. Please correct the issue and retry this operation.
ERROR: [Common 17-39] 'launch_simulation' failed due to earlier errors.
launch_simulation
Command: launch_simulation 
INFO: [Vivado 12-12493] Simulation top is 'noip_lvds_stream'
INFO: [Vivado 12-5682] Launching behavioral simulation in '/home/nothon/fpga2C/ip_repo/noip_lvds_stream/edit_noip_lvds_stream_v1_0.sim/sim_1/behav/xsim'
INFO: [SIM-utils-51] Simulation object is 'sim_1'
INFO: [SIM-utils-72] Using boost library from '/tools/Xilinx/Vivado/2024.1/tps/boost_1_72_0'
INFO: [SIM-utils-54] Inspecting design source files for 'noip_lvds_stream' in fileset 'sim_1'...
INFO: [USF-XSim-97] Finding global include files...
INFO: [USF-XSim-100] Fetching design files from 'sources_1'...(this may take a while)...
INFO: [USF-XSim-101] Fetching design files from 'sim_1'...
INFO: [USF-XSim-2] XSim::Compile design
INFO: [USF-XSim-61] Executing 'COMPILE and ANALYZE' step in '/home/nothon/fpga2C/ip_repo/noip_lvds_stream/edit_noip_lvds_stream_v1_0.sim/sim_1/behav/xsim'
xvhdl --incr --relax -prj noip_lvds_stream_vhdl.prj
INFO: [VRFC 10-163] Analyzing VHDL file "/home/nothon/fpga2C/ip_repo/noip_lvds_stream/noip_lvds_stream_1_0/hdl/noip_lvds_stream_master_stream_v1_0_M00_AXIS.vhd" into library xil_defaultlib
INFO: [VRFC 10-3107] analyzing entity 'noip_lvds_stream_master_stream_v1_0_M00_AXIS'
INFO: [VRFC 10-163] Analyzing VHDL file "/home/nothon/fpga2C/ip_repo/noip_lvds_stream/noip_lvds_stream_1_0/hdl/noip_lvds_stream.vhd" into library xil_defaultlib
INFO: [VRFC 10-3107] analyzing entity 'noip_lvds_stream'
ERROR: [VRFC 10-3353] formal port 'fifo_empty' has no actual or default value [/home/nothon/fpga2C/ip_repo/noip_lvds_stream/noip_lvds_stream_1_0/hdl/noip_lvds_stream.vhd:226]
ERROR: [VRFC 10-2989] 'lvds_sync' is not declared [/home/nothon/fpga2C/ip_repo/noip_lvds_stream/noip_lvds_stream_1_0/hdl/noip_lvds_stream.vhd:260]
ERROR: [VRFC 10-2989] 'fifo_din' is not declared [/home/nothon/fpga2C/ip_repo/noip_lvds_stream/noip_lvds_stream_1_0/hdl/noip_lvds_stream.vhd:272]
ERROR: [VRFC 10-2989] 'fifo_wr_en' is not declared [/home/nothon/fpga2C/ip_repo/noip_lvds_stream/noip_lvds_stream_1_0/hdl/noip_lvds_stream.vhd:273]
ERROR: [VRFC 10-9458] unit 'arch_imp' is ignored due to previous errors [/home/nothon/fpga2C/ip_repo/noip_lvds_stream/noip_lvds_stream_1_0/hdl/noip_lvds_stream.vhd:54]
INFO: [VRFC 10-8704] VHDL file '/home/nothon/fpga2C/ip_repo/noip_lvds_stream/noip_lvds_stream_1_0/hdl/noip_lvds_stream.vhd' is ignored due to errors
INFO: [USF-XSim-69] 'compile' step finished in '2' seconds
INFO: [USF-XSim-99] Step results log file:'/home/nothon/fpga2C/ip_repo/noip_lvds_stream/edit_noip_lvds_stream_v1_0.sim/sim_1/behav/xsim/xvhdl.log'
ERROR: [USF-XSim-62] 'compile' step failed with error(s). Please check the Tcl console output or '/home/nothon/fpga2C/ip_repo/noip_lvds_stream/edit_noip_lvds_stream_v1_0.sim/sim_1/behav/xsim/xvhdl.log' file for more information.
ERROR: [Vivado 12-4473] Detected error while running simulation. Please correct the issue and retry this operation.
ERROR: [Common 17-39] 'launch_simulation' failed due to earlier errors.
launch_simulation
Command: launch_simulation 
INFO: [Vivado 12-12493] Simulation top is 'noip_lvds_stream'
INFO: [Vivado 12-5682] Launching behavioral simulation in '/home/nothon/fpga2C/ip_repo/noip_lvds_stream/edit_noip_lvds_stream_v1_0.sim/sim_1/behav/xsim'
INFO: [SIM-utils-51] Simulation object is 'sim_1'
INFO: [SIM-utils-72] Using boost library from '/tools/Xilinx/Vivado/2024.1/tps/boost_1_72_0'
INFO: [SIM-utils-54] Inspecting design source files for 'noip_lvds_stream' in fileset 'sim_1'...
INFO: [USF-XSim-97] Finding global include files...
INFO: [USF-XSim-100] Fetching design files from 'sources_1'...(this may take a while)...
INFO: [USF-XSim-101] Fetching design files from 'sim_1'...
INFO: [USF-XSim-2] XSim::Compile design
INFO: [USF-XSim-61] Executing 'COMPILE and ANALYZE' step in '/home/nothon/fpga2C/ip_repo/noip_lvds_stream/edit_noip_lvds_stream_v1_0.sim/sim_1/behav/xsim'
xvhdl --incr --relax -prj noip_lvds_stream_vhdl.prj
INFO: [VRFC 10-163] Analyzing VHDL file "/home/nothon/fpga2C/ip_repo/noip_lvds_stream/noip_lvds_stream_1_0/hdl/noip_lvds_stream_master_stream_v1_0_M00_AXIS.vhd" into library xil_defaultlib
INFO: [VRFC 10-3107] analyzing entity 'noip_lvds_stream_master_stream_v1_0_M00_AXIS'
INFO: [VRFC 10-163] Analyzing VHDL file "/home/nothon/fpga2C/ip_repo/noip_lvds_stream/noip_lvds_stream_1_0/hdl/noip_lvds_stream.vhd" into library xil_defaultlib
INFO: [VRFC 10-3107] analyzing entity 'noip_lvds_stream'
ERROR: [VRFC 10-2989] 'lvds_sync' is not declared [/home/nothon/fpga2C/ip_repo/noip_lvds_stream/noip_lvds_stream_1_0/hdl/noip_lvds_stream.vhd:257]
ERROR: [VRFC 10-2989] 'fifo_din' is not declared [/home/nothon/fpga2C/ip_repo/noip_lvds_stream/noip_lvds_stream_1_0/hdl/noip_lvds_stream.vhd:269]
ERROR: [VRFC 10-2989] 'fifo_wr_en' is not declared [/home/nothon/fpga2C/ip_repo/noip_lvds_stream/noip_lvds_stream_1_0/hdl/noip_lvds_stream.vhd:270]
ERROR: [VRFC 10-9458] unit 'arch_imp' is ignored due to previous errors [/home/nothon/fpga2C/ip_repo/noip_lvds_stream/noip_lvds_stream_1_0/hdl/noip_lvds_stream.vhd:54]
INFO: [VRFC 10-8704] VHDL file '/home/nothon/fpga2C/ip_repo/noip_lvds_stream/noip_lvds_stream_1_0/hdl/noip_lvds_stream.vhd' is ignored due to errors
INFO: [USF-XSim-69] 'compile' step finished in '2' seconds
INFO: [USF-XSim-99] Step results log file:'/home/nothon/fpga2C/ip_repo/noip_lvds_stream/edit_noip_lvds_stream_v1_0.sim/sim_1/behav/xsim/xvhdl.log'
ERROR: [USF-XSim-62] 'compile' step failed with error(s). Please check the Tcl console output or '/home/nothon/fpga2C/ip_repo/noip_lvds_stream/edit_noip_lvds_stream_v1_0.sim/sim_1/behav/xsim/xvhdl.log' file for more information.
ERROR: [Vivado 12-4473] Detected error while running simulation. Please correct the issue and retry this operation.
ERROR: [Common 17-39] 'launch_simulation' failed due to earlier errors.
launch_simulation
Command: launch_simulation 
INFO: [Vivado 12-12493] Simulation top is 'noip_lvds_stream'
INFO: [Vivado 12-5682] Launching behavioral simulation in '/home/nothon/fpga2C/ip_repo/noip_lvds_stream/edit_noip_lvds_stream_v1_0.sim/sim_1/behav/xsim'
INFO: [SIM-utils-51] Simulation object is 'sim_1'
INFO: [SIM-utils-72] Using boost library from '/tools/Xilinx/Vivado/2024.1/tps/boost_1_72_0'
INFO: [SIM-utils-54] Inspecting design source files for 'noip_lvds_stream' in fileset 'sim_1'...
INFO: [USF-XSim-97] Finding global include files...
INFO: [USF-XSim-100] Fetching design files from 'sources_1'...(this may take a while)...
INFO: [USF-XSim-101] Fetching design files from 'sim_1'...
INFO: [USF-XSim-2] XSim::Compile design
INFO: [USF-XSim-61] Executing 'COMPILE and ANALYZE' step in '/home/nothon/fpga2C/ip_repo/noip_lvds_stream/edit_noip_lvds_stream_v1_0.sim/sim_1/behav/xsim'
xvhdl --incr --relax -prj noip_lvds_stream_vhdl.prj
INFO: [VRFC 10-163] Analyzing VHDL file "/home/nothon/fpga2C/ip_repo/noip_lvds_stream/noip_lvds_stream_1_0/hdl/noip_lvds_stream_master_stream_v1_0_M00_AXIS.vhd" into library xil_defaultlib
INFO: [VRFC 10-3107] analyzing entity 'noip_lvds_stream_master_stream_v1_0_M00_AXIS'
INFO: [VRFC 10-163] Analyzing VHDL file "/home/nothon/fpga2C/ip_repo/noip_lvds_stream/noip_lvds_stream_1_0/hdl/noip_lvds_stream.vhd" into library xil_defaultlib
INFO: [VRFC 10-3107] analyzing entity 'noip_lvds_stream'
INFO: [VRFC 10-163] Analyzing VHDL file "/home/nothon/fpga2C/ip_repo/noip_lvds_stream/edit_noip_lvds_stream_v1_0.srcs/sim_1/new/tb_lvds_stream.vhd" into library xil_defaultlib
INFO: [VRFC 10-3107] analyzing entity 'tb_lvds_stream'
ERROR: [VRFC 10-719] formal port/generic <lvds_clk> is not declared in <noip_lvds_stream> [/home/nothon/fpga2C/ip_repo/noip_lvds_stream/edit_noip_lvds_stream_v1_0.srcs/sim_1/new/tb_lvds_stream.vhd:259]
ERROR: [VRFC 10-3353] formal port 'lvds_clk_div' has no actual or default value [/home/nothon/fpga2C/ip_repo/noip_lvds_stream/edit_noip_lvds_stream_v1_0.srcs/sim_1/new/tb_lvds_stream.vhd:250]
ERROR: [VRFC 10-9458] unit 'tb' is ignored due to previous errors [/home/nothon/fpga2C/ip_repo/noip_lvds_stream/edit_noip_lvds_stream_v1_0.srcs/sim_1/new/tb_lvds_stream.vhd:38]
INFO: [VRFC 10-8704] VHDL file '/home/nothon/fpga2C/ip_repo/noip_lvds_stream/edit_noip_lvds_stream_v1_0.srcs/sim_1/new/tb_lvds_stream.vhd' is ignored due to errors
INFO: [USF-XSim-69] 'compile' step finished in '2' seconds
INFO: [USF-XSim-99] Step results log file:'/home/nothon/fpga2C/ip_repo/noip_lvds_stream/edit_noip_lvds_stream_v1_0.sim/sim_1/behav/xsim/xvhdl.log'
ERROR: [USF-XSim-62] 'compile' step failed with error(s). Please check the Tcl console output or '/home/nothon/fpga2C/ip_repo/noip_lvds_stream/edit_noip_lvds_stream_v1_0.sim/sim_1/behav/xsim/xvhdl.log' file for more information.
ERROR: [Vivado 12-4473] Detected error while running simulation. Please correct the issue and retry this operation.
ERROR: [Common 17-39] 'launch_simulation' failed due to earlier errors.
set_property top tb_lvds_stream [get_filesets sim_1]
set_property top_lib xil_defaultlib [get_filesets sim_1]
ipx::open_ipxact_file /home/nothon/fpga2C/ip_repo/noip_lvds_stream/noip_lvds_stream_1_0/component.xml
ipx::merge_project_changes ports [ipx::current_core]
WARNING: [IP_Flow 19-4300] HDL parameter 'SENSOR_BIT_LENGTH' has its value changed from '8' to '0'.
CRITICAL WARNING: [IP_Flow 19-4834] IP port (lvds_clk) was removed from the interface 'lvds_clk'. Please review the IP interface 'lvds_clk'.
CRITICAL WARNING: [IP_Flow 19-4835] Multiple IP ports (lvds_data lvds_sync lvds_clk) were removed from the interface 'noip_lvds'. Please review the IP interface 'noip_lvds'.
CRITICAL WARNING: [IP_Flow 19-4835] Multiple IP ports (fifo_rd_en fifo_dout fifo_empty) were removed from the interface 'fifo_read'. Please review the IP interface 'fifo_read'.
CRITICAL WARNING: [IP_Flow 19-4835] Multiple IP ports (fifo_wr_en fifo_din fifo_full) were removed from the interface 'fifo_write'. Please review the IP interface 'fifo_write'.
ERROR: [IP_Flow 19-3461] Value '0' is out of the range for parameter 'Sensor Bit Length(SENSOR_BIT_LENGTH)' for IP 'noip_lvds_stream_0' . Valid values are - 8, 10
CRITICAL WARNING: [IP_Flow 19-5622] Failed to create IP instance 'noip_lvds_stream_0'. Failed to customize IP instance 'noip_lvds_stream_0'. Failed to load customization data
ipx::create_xgui_files [ipx::current_core]
ipx::update_checksums [ipx::current_core]
ipx::save_core [ipx::current_core]
update_ip_catalog -rebuild -repo_path /home/nothon/fpga2C/ip_repo
INFO: [IP_Flow 19-725] Reloaded user IP repository '/home/nothon/fpga2C/ip_repo'
ipx::unload_core /home/nothon/fpga2C/ip_repo/noip_lvds_stream/noip_lvds_stream_1_0/component.xml
ipx::open_ipxact_file /home/nothon/fpga2C/ip_repo/noip_lvds_stream/noip_lvds_stream_1_0/component.xml
ERROR: [IP_Flow 19-3461] Value '0' is out of the range for parameter 'Sensor Bit Length(SENSOR_BIT_LENGTH)' for IP 'noip_lvds_stream_0' . Valid values are - 8, 10
CRITICAL WARNING: [IP_Flow 19-5622] Failed to create IP instance 'noip_lvds_stream_0'. Failed to customize IP instance 'noip_lvds_stream_0'. Failed to load customization data
ERROR: [Common 17-39] 'ipx::open_ipxact_file' failed due to earlier errors.
ERROR: [IP_Flow 19-3461] Value '0' is out of the range for parameter 'Sensor Bit Length(SENSOR_BIT_LENGTH)' for IP 'noip_lvds_stream_0' . Valid values are - 8, 10
CRITICAL WARNING: [IP_Flow 19-5622] Failed to create IP instance 'noip_lvds_stream_0'. Failed to customize IP instance 'noip_lvds_stream_0'. Failed to load customization data
set_property enablement_value true [ipx::get_user_parameters C_M00_AXIS_TDATA_WIDTH -of_objects [ipx::current_core]]
set_property value 8 [ipx::get_user_parameters SENSOR_BIT_LENGTH -of_objects [ipx::current_core]]
set_property value 8 [ipx::get_hdl_parameters SENSOR_BIT_LENGTH -of_objects [ipx::current_core]]
ipgui::add_param -name {SENSOR_BIT_LENGTH} -component [ipx::current_core] -display_name {Sensor Bit Length} -show_label {true} -show_range {true} -widget {comboBox}
ipx::merge_project_changes hdl_parameters [ipx::current_core]
WARNING: [IP_Flow 19-4300] HDL parameter 'IM_WIDTH' has its value changed from '0' to '1280'.
WARNING: [IP_Flow 19-4300] HDL parameter 'IM_HEIGHT' has its value changed from '0' to '1024'.
set_property core_revision 23 [ipx::current_core]
ipx::create_xgui_files [ipx::current_core]
ipx::update_checksums [ipx::current_core]
ipx::check_integrity [ipx::current_core]
WARNING: [IP_Flow 19-11889] HDL Parameter 'C_M00_AXIS_TDATA_WIDTH (C M00 AXIS TDATA WIDTH)': Order is obsolete with XGUI version >= 2.0
WARNING: [IP_Flow 19-11889] HDL Parameter 'C_S00_AXIS_TDATA_WIDTH (C S00 AXIS TDATA WIDTH)': Order is obsolete with XGUI version >= 2.0
CRITICAL WARNING: [IP_Flow 19-626] File Group 'xilinx_vhdlbehavioralsimulation (VHDL Simulation)': verilogSource subcore file "simulation/fifo_generator_vlog_beh.v" is referenced from the pure language VHDL file group. Please consider changing the file group type to support mixed language sources.
WARNING: [IP_Flow 19-5905] All packaged files should be located below the IP definition file (xml)
WARNING: [IP_Flow 19-5905] All packaged files should be located below the IP definition file (xml)
WARNING: [IP_Flow 19-11770] Clock interface 'M00_AXIS_CLK' has no FREQ_HZ parameter.
WARNING: [IP_Flow 19-11770] Clock interface 'S00_AXIS_CLK' has no FREQ_HZ parameter.
INFO: [IP_Flow 19-2181] Payment is not required for this core.
WARNING: [IP_Flow 19-2187] The Product Guide file is missing.
INFO: [Ipptcl 7-1486] check_integrity: Integrity check passed.
ipx::save_core [ipx::current_core]
update_ip_catalog -rebuild -repo_path /home/nothon/fpga2C/ip_repo
INFO: [IP_Flow 19-725] Reloaded user IP repository '/home/nothon/fpga2C/ip_repo'
set_property core_revision 24 [ipx::current_core]
ipx::create_xgui_files [ipx::current_core]
ipx::update_checksums [ipx::current_core]
ipx::check_integrity [ipx::current_core]
WARNING: [IP_Flow 19-11889] HDL Parameter 'C_M00_AXIS_TDATA_WIDTH (C M00 AXIS TDATA WIDTH)': Order is obsolete with XGUI version >= 2.0
WARNING: [IP_Flow 19-11889] HDL Parameter 'C_S00_AXIS_TDATA_WIDTH (C S00 AXIS TDATA WIDTH)': Order is obsolete with XGUI version >= 2.0
CRITICAL WARNING: [IP_Flow 19-626] File Group 'xilinx_vhdlbehavioralsimulation (VHDL Simulation)': verilogSource subcore file "simulation/fifo_generator_vlog_beh.v" is referenced from the pure language VHDL file group. Please consider changing the file group type to support mixed language sources.
WARNING: [IP_Flow 19-5905] All packaged files should be located below the IP definition file (xml)
WARNING: [IP_Flow 19-5905] All packaged files should be located below the IP definition file (xml)
WARNING: [IP_Flow 19-11770] Clock interface 'M00_AXIS_CLK' has no FREQ_HZ parameter.
WARNING: [IP_Flow 19-11770] Clock interface 'S00_AXIS_CLK' has no FREQ_HZ parameter.
INFO: [IP_Flow 19-2181] Payment is not required for this core.
WARNING: [IP_Flow 19-2187] The Product Guide file is missing.
INFO: [Ipptcl 7-1486] check_integrity: Integrity check passed.
ipx::save_core [ipx::current_core]
update_ip_catalog -rebuild -repo_path /home/nothon/fpga2C/ip_repo
INFO: [IP_Flow 19-725] Reloaded user IP repository '/home/nothon/fpga2C/ip_repo'
ipx::merge_project_changes ports [ipx::current_core]
set_property core_revision 25 [ipx::current_core]
ipx::create_xgui_files [ipx::current_core]
ipx::update_checksums [ipx::current_core]
ipx::check_integrity [ipx::current_core]
WARNING: [IP_Flow 19-11889] HDL Parameter 'C_M00_AXIS_TDATA_WIDTH (C M00 AXIS TDATA WIDTH)': Order is obsolete with XGUI version >= 2.0
WARNING: [IP_Flow 19-11889] HDL Parameter 'C_S00_AXIS_TDATA_WIDTH (C S00 AXIS TDATA WIDTH)': Order is obsolete with XGUI version >= 2.0
CRITICAL WARNING: [IP_Flow 19-626] File Group 'xilinx_vhdlbehavioralsimulation (VHDL Simulation)': verilogSource subcore file "simulation/fifo_generator_vlog_beh.v" is referenced from the pure language VHDL file group. Please consider changing the file group type to support mixed language sources.
WARNING: [IP_Flow 19-5905] All packaged files should be located below the IP definition file (xml)
WARNING: [IP_Flow 19-5905] All packaged files should be located below the IP definition file (xml)
WARNING: [IP_Flow 19-11770] Clock interface 'M00_AXIS_CLK' has no FREQ_HZ parameter.
WARNING: [IP_Flow 19-11770] Clock interface 'S00_AXIS_CLK' has no FREQ_HZ parameter.
INFO: [IP_Flow 19-2181] Payment is not required for this core.
WARNING: [IP_Flow 19-2187] The Product Guide file is missing.
INFO: [Ipptcl 7-1486] check_integrity: Integrity check passed.
ipx::save_core [ipx::current_core]
update_ip_catalog -rebuild -repo_path /home/nothon/fpga2C/ip_repo
INFO: [IP_Flow 19-725] Reloaded user IP repository '/home/nothon/fpga2C/ip_repo'
reset_run synth_1
INFO: [Project 1-1161] Replacing file /home/nothon/fpga2C/ip_repo/noip_lvds_stream/edit_noip_lvds_stream_v1_0.srcs/utils_1/imports/synth_1/noip_lvds_stream.dcp with file /home/nothon/fpga2C/ip_repo/noip_lvds_stream/edit_noip_lvds_stream_v1_0.runs/synth_1/noip_lvds_stream.dcp
launch_simulation
Command: launch_simulation 
INFO: [Vivado 12-12493] Simulation top is 'tb_lvds_stream'
INFO: [Vivado 12-5682] Launching behavioral simulation in '/home/nothon/fpga2C/ip_repo/noip_lvds_stream/edit_noip_lvds_stream_v1_0.sim/sim_1/behav/xsim'
INFO: [SIM-utils-51] Simulation object is 'sim_1'
INFO: [SIM-utils-72] Using boost library from '/tools/Xilinx/Vivado/2024.1/tps/boost_1_72_0'
INFO: [SIM-utils-54] Inspecting design source files for 'tb_lvds_stream' in fileset 'sim_1'...
INFO: [USF-XSim-97] Finding global include files...
INFO: [USF-XSim-100] Fetching design files from 'sources_1'...(this may take a while)...
INFO: [USF-XSim-101] Fetching design files from 'sim_1'...
INFO: [USF-XSim-2] XSim::Compile design
INFO: [USF-XSim-61] Executing 'COMPILE and ANALYZE' step in '/home/nothon/fpga2C/ip_repo/noip_lvds_stream/edit_noip_lvds_stream_v1_0.sim/sim_1/behav/xsim'
xvhdl --incr --relax -prj tb_lvds_stream_vhdl.prj
INFO: [VRFC 10-163] Analyzing VHDL file "/home/nothon/fpga2C/ip_repo/noip_lvds_stream/noip_lvds_stream_1_0/hdl/noip_lvds_stream_master_stream_v1_0_M00_AXIS.vhd" into library xil_defaultlib
INFO: [VRFC 10-3107] analyzing entity 'noip_lvds_stream_master_stream_v1_0_M00_AXIS'
INFO: [VRFC 10-163] Analyzing VHDL file "/home/nothon/fpga2C/ip_repo/noip_lvds_stream/noip_lvds_stream_1_0/hdl/noip_lvds_stream.vhd" into library xil_defaultlib
INFO: [VRFC 10-3107] analyzing entity 'noip_lvds_stream'
ERROR: [VRFC 10-2935] 'lvds_sync_word' is already declared in this region [/home/nothon/fpga2C/ip_repo/noip_lvds_stream/noip_lvds_stream_1_0/hdl/noip_lvds_stream.vhd:108]
ERROR: [VRFC 10-2935] 'lvds_data_word' is already declared in this region [/home/nothon/fpga2C/ip_repo/noip_lvds_stream/noip_lvds_stream_1_0/hdl/noip_lvds_stream.vhd:109]
ERROR: [VRFC 10-8825] cannot update object 'lvds_sync_word' of mode 'in' [/home/nothon/fpga2C/ip_repo/noip_lvds_stream/noip_lvds_stream_1_0/hdl/noip_lvds_stream.vhd:244]
ERROR: [VRFC 10-8825] cannot update object 'lvds_data_word' of mode 'in' [/home/nothon/fpga2C/ip_repo/noip_lvds_stream/noip_lvds_stream_1_0/hdl/noip_lvds_stream.vhd:245]
ERROR: [VRFC 10-9458] unit 'arch_imp' is ignored due to previous errors [/home/nothon/fpga2C/ip_repo/noip_lvds_stream/noip_lvds_stream_1_0/hdl/noip_lvds_stream.vhd:55]
INFO: [VRFC 10-8704] VHDL file '/home/nothon/fpga2C/ip_repo/noip_lvds_stream/noip_lvds_stream_1_0/hdl/noip_lvds_stream.vhd' is ignored due to errors
INFO: [USF-XSim-69] 'compile' step finished in '2' seconds
INFO: [USF-XSim-99] Step results log file:'/home/nothon/fpga2C/ip_repo/noip_lvds_stream/edit_noip_lvds_stream_v1_0.sim/sim_1/behav/xsim/xvhdl.log'
ERROR: [USF-XSim-62] 'compile' step failed with error(s). Please check the Tcl console output or '/home/nothon/fpga2C/ip_repo/noip_lvds_stream/edit_noip_lvds_stream_v1_0.sim/sim_1/behav/xsim/xvhdl.log' file for more information.
ERROR: [Vivado 12-4473] Detected error while running simulation. Please correct the issue and retry this operation.
ERROR: [Common 17-39] 'launch_simulation' failed due to earlier errors.
launch_simulation
Command: launch_simulation 
INFO: [Vivado 12-12493] Simulation top is 'tb_lvds_stream'
INFO: [Vivado 12-5682] Launching behavioral simulation in '/home/nothon/fpga2C/ip_repo/noip_lvds_stream/edit_noip_lvds_stream_v1_0.sim/sim_1/behav/xsim'
INFO: [SIM-utils-51] Simulation object is 'sim_1'
INFO: [SIM-utils-72] Using boost library from '/tools/Xilinx/Vivado/2024.1/tps/boost_1_72_0'
INFO: [SIM-utils-54] Inspecting design source files for 'tb_lvds_stream' in fileset 'sim_1'...
INFO: [USF-XSim-97] Finding global include files...
INFO: [USF-XSim-100] Fetching design files from 'sources_1'...(this may take a while)...
INFO: [USF-XSim-101] Fetching design files from 'sim_1'...
INFO: [USF-XSim-2] XSim::Compile design
INFO: [USF-XSim-61] Executing 'COMPILE and ANALYZE' step in '/home/nothon/fpga2C/ip_repo/noip_lvds_stream/edit_noip_lvds_stream_v1_0.sim/sim_1/behav/xsim'
xvhdl --incr --relax -prj tb_lvds_stream_vhdl.prj
INFO: [VRFC 10-163] Analyzing VHDL file "/home/nothon/fpga2C/ip_repo/noip_lvds_stream/noip_lvds_stream_1_0/hdl/noip_lvds_stream_master_stream_v1_0_M00_AXIS.vhd" into library xil_defaultlib
INFO: [VRFC 10-3107] analyzing entity 'noip_lvds_stream_master_stream_v1_0_M00_AXIS'
INFO: [VRFC 10-163] Analyzing VHDL file "/home/nothon/fpga2C/ip_repo/noip_lvds_stream/noip_lvds_stream_1_0/hdl/noip_lvds_stream.vhd" into library xil_defaultlib
INFO: [VRFC 10-3107] analyzing entity 'noip_lvds_stream'
INFO: [VRFC 10-163] Analyzing VHDL file "/home/nothon/fpga2C/ip_repo/noip_lvds_stream/edit_noip_lvds_stream_v1_0.srcs/sim_1/new/tb_lvds_stream.vhd" into library xil_defaultlib
INFO: [VRFC 10-3107] analyzing entity 'tb_lvds_stream'
ERROR: [VRFC 10-719] formal port/generic <lvds_clk> is not declared in <noip_lvds_stream> [/home/nothon/fpga2C/ip_repo/noip_lvds_stream/edit_noip_lvds_stream_v1_0.srcs/sim_1/new/tb_lvds_stream.vhd:259]
ERROR: [VRFC 10-3353] formal port 'lvds_clk_div' has no actual or default value [/home/nothon/fpga2C/ip_repo/noip_lvds_stream/edit_noip_lvds_stream_v1_0.srcs/sim_1/new/tb_lvds_stream.vhd:250]
ERROR: [VRFC 10-9458] unit 'tb' is ignored due to previous errors [/home/nothon/fpga2C/ip_repo/noip_lvds_stream/edit_noip_lvds_stream_v1_0.srcs/sim_1/new/tb_lvds_stream.vhd:38]
INFO: [VRFC 10-8704] VHDL file '/home/nothon/fpga2C/ip_repo/noip_lvds_stream/edit_noip_lvds_stream_v1_0.srcs/sim_1/new/tb_lvds_stream.vhd' is ignored due to errors
INFO: [USF-XSim-69] 'compile' step finished in '3' seconds
INFO: [USF-XSim-99] Step results log file:'/home/nothon/fpga2C/ip_repo/noip_lvds_stream/edit_noip_lvds_stream_v1_0.sim/sim_1/behav/xsim/xvhdl.log'
ERROR: [USF-XSim-62] 'compile' step failed with error(s). Please check the Tcl console output or '/home/nothon/fpga2C/ip_repo/noip_lvds_stream/edit_noip_lvds_stream_v1_0.sim/sim_1/behav/xsim/xvhdl.log' file for more information.
ERROR: [Vivado 12-4473] Detected error while running simulation. Please correct the issue and retry this operation.
ERROR: [Common 17-39] 'launch_simulation' failed due to earlier errors.
set_property core_revision 26 [ipx::current_core]
ipx::create_xgui_files [ipx::current_core]
ipx::update_checksums [ipx::current_core]
ipx::check_integrity [ipx::current_core]
WARNING: [IP_Flow 19-11889] HDL Parameter 'C_M00_AXIS_TDATA_WIDTH (C M00 AXIS TDATA WIDTH)': Order is obsolete with XGUI version >= 2.0
WARNING: [IP_Flow 19-11889] HDL Parameter 'C_S00_AXIS_TDATA_WIDTH (C S00 AXIS TDATA WIDTH)': Order is obsolete with XGUI version >= 2.0
CRITICAL WARNING: [IP_Flow 19-626] File Group 'xilinx_vhdlbehavioralsimulation (VHDL Simulation)': verilogSource subcore file "simulation/fifo_generator_vlog_beh.v" is referenced from the pure language VHDL file group. Please consider changing the file group type to support mixed language sources.
WARNING: [IP_Flow 19-5905] All packaged files should be located below the IP definition file (xml)
WARNING: [IP_Flow 19-5905] All packaged files should be located below the IP definition file (xml)
WARNING: [IP_Flow 19-11770] Clock interface 'M00_AXIS_CLK' has no FREQ_HZ parameter.
WARNING: [IP_Flow 19-11770] Clock interface 'S00_AXIS_CLK' has no FREQ_HZ parameter.
INFO: [IP_Flow 19-2181] Payment is not required for this core.
WARNING: [IP_Flow 19-2187] The Product Guide file is missing.
INFO: [Ipptcl 7-1486] check_integrity: Integrity check passed.
ipx::save_core [ipx::current_core]
update_ip_catalog -rebuild -repo_path /home/nothon/fpga2C/ip_repo
INFO: [IP_Flow 19-725] Reloaded user IP repository '/home/nothon/fpga2C/ip_repo'
ipx::merge_project_changes ports [ipx::current_core]
set_property core_revision 27 [ipx::current_core]
ipx::create_xgui_files [ipx::current_core]
ipx::update_checksums [ipx::current_core]
ipx::check_integrity [ipx::current_core]
WARNING: [IP_Flow 19-11889] HDL Parameter 'C_M00_AXIS_TDATA_WIDTH (C M00 AXIS TDATA WIDTH)': Order is obsolete with XGUI version >= 2.0
WARNING: [IP_Flow 19-11889] HDL Parameter 'C_S00_AXIS_TDATA_WIDTH (C S00 AXIS TDATA WIDTH)': Order is obsolete with XGUI version >= 2.0
CRITICAL WARNING: [IP_Flow 19-626] File Group 'xilinx_vhdlbehavioralsimulation (VHDL Simulation)': verilogSource subcore file "simulation/fifo_generator_vlog_beh.v" is referenced from the pure language VHDL file group. Please consider changing the file group type to support mixed language sources.
WARNING: [IP_Flow 19-5905] All packaged files should be located below the IP definition file (xml)
WARNING: [IP_Flow 19-5905] All packaged files should be located below the IP definition file (xml)
WARNING: [IP_Flow 19-11770] Clock interface 'M00_AXIS_CLK' has no FREQ_HZ parameter.
WARNING: [IP_Flow 19-11770] Clock interface 'S00_AXIS_CLK' has no FREQ_HZ parameter.
INFO: [IP_Flow 19-2181] Payment is not required for this core.
WARNING: [IP_Flow 19-2187] The Product Guide file is missing.
INFO: [Ipptcl 7-1486] check_integrity: Integrity check passed.
ipx::save_core [ipx::current_core]
update_ip_catalog -rebuild -repo_path /home/nothon/fpga2C/ip_repo
INFO: [IP_Flow 19-725] Reloaded user IP repository '/home/nothon/fpga2C/ip_repo'
exit
INFO: [Common 17-206] Exiting Vivado at Thu Aug  1 16:58:17 2024...
