#-----------------------------------------------------------
# Vivado v2024.1 (64-bit)
# SW Build 5076996 on Wed May 22 18:36:09 MDT 2024
# IP Build 5075265 on Wed May 22 21:45:21 MDT 2024
# SharedData Build 5076995 on Wed May 22 18:29:18 MDT 2024
# Start of session at: Thu Jul 18 12:08:34 2024
# Process ID: 60343
# Current directory: /home/nothon/fpga2C
# Command line: vivado
# Log file: /home/nothon/fpga2C/vivado.log
# Journal file: /home/nothon/fpga2C/vivado.jou
# Running On        :nothon-Swift-SF314-57
# Platform          :Ubuntu
# Operating System  :Ubuntu 24.04 LTS
# Processor Detail  :Intel(R) Core(TM) i7-1065G7 CPU @ 1.30GHz
# CPU Frequency     :3496.765 MHz
# CPU Physical cores:4
# CPU Logical cores :8
# Host memory       :7990 MB
# Swap memory       :21474 MB
# Total Virtual     :29465 MB
# Available Virtual :20806 MB
#-----------------------------------------------------------
start_gui
WARNING: [Board 49-26] cannot add Board Part xilinx.com:ac701:part0:1.4 available at /tools/Xilinx/Vivado/2024.1/data/xhub/boards/XilinxBoardStore/boards/Xilinx/ac701/1.4/board.xml as part xc7a200tfbg676-2 specified in board_part file is either invalid or not available
WARNING: [Board 49-26] cannot add Board Part xilinx.com:k24c:part0:1.0 available at /tools/Xilinx/Vivado/2024.1/data/xhub/boards/XilinxBoardStore/boards/Xilinx/k24c/1.0/board.xml as part xck24-ubva530-2lv-c specified in board_part file is either invalid or not available
WARNING: [Board 49-26] cannot add Board Part xilinx.com:k24i:part0:1.0 available at /tools/Xilinx/Vivado/2024.1/data/xhub/boards/XilinxBoardStore/boards/Xilinx/k24i/1.0/board.xml as part xck24-ubva530-2lvi-i specified in board_part file is either invalid or not available
WARNING: [Board 49-26] cannot add Board Part xilinx.com:k26c:part0:1.2 available at /tools/Xilinx/Vivado/2024.1/data/xhub/boards/XilinxBoardStore/boards/Xilinx/k26c/1.2/board.xml as part xck26-sfvc784-2lv-c specified in board_part file is either invalid or not available
WARNING: [Board 49-26] cannot add Board Part xilinx.com:k26c:part0:1.3 available at /tools/Xilinx/Vivado/2024.1/data/xhub/boards/XilinxBoardStore/boards/Xilinx/k26c/1.3/board.xml as part xck26-sfvc784-2lv-c specified in board_part file is either invalid or not available
WARNING: [Board 49-26] cannot add Board Part xilinx.com:k26c:part0:1.4 available at /tools/Xilinx/Vivado/2024.1/data/xhub/boards/XilinxBoardStore/boards/Xilinx/k26c/1.4/board.xml as part xck26-sfvc784-2lv-c specified in board_part file is either invalid or not available
WARNING: [Board 49-26] cannot add Board Part xilinx.com:k26i:part0:1.2 available at /tools/Xilinx/Vivado/2024.1/data/xhub/boards/XilinxBoardStore/boards/Xilinx/k26i/1.2/board.xml as part xck26-sfvc784-2lvi-i specified in board_part file is either invalid or not available
WARNING: [Board 49-26] cannot add Board Part xilinx.com:k26i:part0:1.3 available at /tools/Xilinx/Vivado/2024.1/data/xhub/boards/XilinxBoardStore/boards/Xilinx/k26i/1.3/board.xml as part xck26-sfvc784-2lvi-i specified in board_part file is either invalid or not available
WARNING: [Board 49-26] cannot add Board Part xilinx.com:k26i:part0:1.4 available at /tools/Xilinx/Vivado/2024.1/data/xhub/boards/XilinxBoardStore/boards/Xilinx/k26i/1.4/board.xml as part xck26-sfvc784-2lvi-i specified in board_part file is either invalid or not available
WARNING: [Board 49-26] cannot add Board Part xilinx.com:kc705:part0:1.6 available at /tools/Xilinx/Vivado/2024.1/data/xhub/boards/XilinxBoardStore/boards/Xilinx/kc705/1.6/board.xml as part xc7k325tffg900-2 specified in board_part file is either invalid or not available
WARNING: [Board 49-26] cannot add Board Part xilinx.com:kcu105:part0:1.6 available at /tools/Xilinx/Vivado/2024.1/data/xhub/boards/XilinxBoardStore/boards/Xilinx/kcu105/1.6/board.xml as part xcku040-ffva1156-2-e specified in board_part file is either invalid or not available
WARNING: [Board 49-26] cannot add Board Part xilinx.com:kcu105:part0:1.7 available at /tools/Xilinx/Vivado/2024.1/data/xhub/boards/XilinxBoardStore/boards/Xilinx/kcu105/1.7/board.xml as part xcku040-ffva1156-2-e specified in board_part file is either invalid or not available
WARNING: [Board 49-26] cannot add Board Part xilinx.com:kcu116:part0:1.4 available at /tools/Xilinx/Vivado/2024.1/data/xhub/boards/XilinxBoardStore/boards/Xilinx/kcu116/1.4/board.xml as part xcku5p-ffvb676-2-e specified in board_part file is either invalid or not available
WARNING: [Board 49-26] cannot add Board Part xilinx.com:kcu116:part0:1.5 available at /tools/Xilinx/Vivado/2024.1/data/xhub/boards/XilinxBoardStore/boards/Xilinx/kcu116/1.5/board.xml as part xcku5p-ffvb676-2-e specified in board_part file is either invalid or not available
WARNING: [Board 49-26] cannot add Board Part xilinx.com:kcu1500:part0:1.2 available at /tools/Xilinx/Vivado/2024.1/data/xhub/boards/XilinxBoardStore/boards/Xilinx/kcu1500/1.2/board.xml as part xcku115-flvb2104-2-e specified in board_part file is either invalid or not available
WARNING: [Board 49-26] cannot add Board Part xilinx.com:kd240_som:part0:1.0 available at /tools/Xilinx/Vivado/2024.1/data/xhub/boards/XilinxBoardStore/boards/Xilinx/kd240_som/1.0/board.xml as part xck24-ubva530-2lv-c specified in board_part file is either invalid or not available
WARNING: [Board 49-26] cannot add Board Part xilinx.com:kr260_som:part0:1.0 available at /tools/Xilinx/Vivado/2024.1/data/xhub/boards/XilinxBoardStore/boards/Xilinx/kr260_som/1.0/board.xml as part xck26-sfvc784-2lv-c specified in board_part file is either invalid or not available
WARNING: [Board 49-26] cannot add Board Part xilinx.com:kr260_som:part0:1.1 available at /tools/Xilinx/Vivado/2024.1/data/xhub/boards/XilinxBoardStore/boards/Xilinx/kr260_som/1.1/board.xml as part xck26-sfvc784-2lv-c specified in board_part file is either invalid or not available
WARNING: [Board 49-26] cannot add Board Part xilinx.com:kv260_som:part0:1.2 available at /tools/Xilinx/Vivado/2024.1/data/xhub/boards/XilinxBoardStore/boards/Xilinx/kv260_som/1.2/board.xml as part xck26-sfvc784-2lv-c specified in board_part file is either invalid or not available
WARNING: [Board 49-26] cannot add Board Part xilinx.com:kv260_som:part0:1.3 available at /tools/Xilinx/Vivado/2024.1/data/xhub/boards/XilinxBoardStore/boards/Xilinx/kv260_som/1.3/board.xml as part xck26-sfvc784-2lv-c specified in board_part file is either invalid or not available
WARNING: [Board 49-26] cannot add Board Part xilinx.com:kv260_som:part0:1.4 available at /tools/Xilinx/Vivado/2024.1/data/xhub/boards/XilinxBoardStore/boards/Xilinx/kv260_som/1.4/board.xml as part xck26-sfvc784-2lv-c specified in board_part file is either invalid or not available
WARNING: [Board 49-26] cannot add Board Part xilinx.com:sp701:part0:1.0 available at /tools/Xilinx/Vivado/2024.1/data/xhub/boards/XilinxBoardStore/boards/Xilinx/sp701/1.0/board.xml as part xc7s100fgga676-2 specified in board_part file is either invalid or not available
WARNING: [Board 49-26] cannot add Board Part xilinx.com:sp701:part0:1.1 available at /tools/Xilinx/Vivado/2024.1/data/xhub/boards/XilinxBoardStore/boards/Xilinx/sp701/1.1/board.xml as part xc7s100fgga676-2 specified in board_part file is either invalid or not available
WARNING: [Board 49-26] cannot add Board Part xilinx.com:vc707:part0:1.4 available at /tools/Xilinx/Vivado/2024.1/data/xhub/boards/XilinxBoardStore/boards/Xilinx/vc707/1.4/board.xml as part xc7vx485tffg1761-2 specified in board_part file is either invalid or not available
WARNING: [Board 49-26] cannot add Board Part xilinx.com:vc709:part0:1.8 available at /tools/Xilinx/Vivado/2024.1/data/xhub/boards/XilinxBoardStore/boards/Xilinx/vc709/1.8/board.xml as part xc7vx690tffg1761-2 specified in board_part file is either invalid or not available
WARNING: [Board 49-26] cannot add Board Part xilinx.com:vck190:part0:2.2 available at /tools/Xilinx/Vivado/2024.1/data/xhub/boards/XilinxBoardStore/boards/Xilinx/vck190/production/2.2/board.xml as part xcvc1902-vsva2197-2mp-e-s specified in board_part file is either invalid or not available
WARNING: [Board 49-26] cannot add Board Part xilinx.com:vck190:part0:3.0 available at /tools/Xilinx/Vivado/2024.1/data/xhub/boards/XilinxBoardStore/boards/Xilinx/vck190/production/3.0/board.xml as part xcvc1902-vsva2197-2mp-e-s specified in board_part file is either invalid or not available
WARNING: [Board 49-26] cannot add Board Part xilinx.com:vck190:part0:3.1 available at /tools/Xilinx/Vivado/2024.1/data/xhub/boards/XilinxBoardStore/boards/Xilinx/vck190/production/3.1/board.xml as part xcvc1902-vsva2197-2mp-e-s specified in board_part file is either invalid or not available
WARNING: [Board 49-26] cannot add Board Part xilinx.com:vck190:part0:3.2 available at /tools/Xilinx/Vivado/2024.1/data/xhub/boards/XilinxBoardStore/boards/Xilinx/vck190/production/3.2/board.xml as part xcvc1902-vsva2197-2mp-e-s specified in board_part file is either invalid or not available
WARNING: [Board 49-26] cannot add Board Part xilinx.com:vck190:part0:3.3 available at /tools/Xilinx/Vivado/2024.1/data/xhub/boards/XilinxBoardStore/boards/Xilinx/vck190/production/3.3/board.xml as part xcvc1902-vsva2197-2mp-e-s specified in board_part file is either invalid or not available
WARNING: [Board 49-26] cannot add Board Part xilinx.com:vck190_newl:part0:1.0 available at /tools/Xilinx/Vivado/2024.1/data/xhub/boards/XilinxBoardStore/boards/Xilinx/vck190_newl/production/1.0/board.xml as part xcvc1902-vsva2197-2mp-e-s specified in board_part file is either invalid or not available
WARNING: [Board 49-26] cannot add Board Part xilinx.com:vck190_newl:part0:1.1 available at /tools/Xilinx/Vivado/2024.1/data/xhub/boards/XilinxBoardStore/boards/Xilinx/vck190_newl/production/1.1/board.xml as part xcvc1902-vsva2197-2mp-e-s specified in board_part file is either invalid or not available
WARNING: [Board 49-26] cannot add Board Part xilinx.com:vck190_newl:part0:1.2 available at /tools/Xilinx/Vivado/2024.1/data/xhub/boards/XilinxBoardStore/boards/Xilinx/vck190_newl/production/1.2/board.xml as part xcvc1902-vsva2197-2mp-e-s specified in board_part file is either invalid or not available
WARNING: [Board 49-26] cannot add Board Part xilinx.com:vcu108:part0:1.6 available at /tools/Xilinx/Vivado/2024.1/data/xhub/boards/XilinxBoardStore/boards/Xilinx/vcu108/1.6/board.xml as part xcvu095-ffva2104-2-e specified in board_part file is either invalid or not available
WARNING: [Board 49-26] cannot add Board Part xilinx.com:vcu108:part0:1.7 available at /tools/Xilinx/Vivado/2024.1/data/xhub/boards/XilinxBoardStore/boards/Xilinx/vcu108/1.7/board.xml as part xcvu095-ffva2104-2-e specified in board_part file is either invalid or not available
WARNING: [Board 49-26] cannot add Board Part xilinx.com:vcu110:part0:1.4 available at /tools/Xilinx/Vivado/2024.1/data/xhub/boards/XilinxBoardStore/boards/Xilinx/vcu110/1.4/board.xml as part xcvu190-flgc2104-2-e specified in board_part file is either invalid or not available
WARNING: [Board 49-26] cannot add Board Part xilinx.com:vcu118:part0:2.0 available at /tools/Xilinx/Vivado/2024.1/data/xhub/boards/XilinxBoardStore/boards/Xilinx/vcu118/2.0/board.xml as part xcvu9p-flga2104-2l-e specified in board_part file is either invalid or not available
WARNING: [Board 49-26] cannot add Board Part xilinx.com:vcu118:part0:2.3 available at /tools/Xilinx/Vivado/2024.1/data/xhub/boards/XilinxBoardStore/boards/Xilinx/vcu118/2.3/board.xml as part xcvu9p-flga2104-2l-e specified in board_part file is either invalid or not available
WARNING: [Board 49-26] cannot add Board Part xilinx.com:vcu118:part0:2.4 available at /tools/Xilinx/Vivado/2024.1/data/xhub/boards/XilinxBoardStore/boards/Xilinx/vcu118/2.4/board.xml as part xcvu9p-flga2104-2l-e specified in board_part file is either invalid or not available
WARNING: [Board 49-26] cannot add Board Part xilinx.com:vcu128:part0:1.0 available at /tools/Xilinx/Vivado/2024.1/data/xhub/boards/XilinxBoardStore/boards/Xilinx/vcu128/production/1.0/board.xml as part xcvu37p-fsvh2892-2l-e specified in board_part file is either invalid or not available
WARNING: [Board 49-26] cannot add Board Part xilinx.com:vcu129:part0:1.0 available at /tools/Xilinx/Vivado/2024.1/data/xhub/boards/XilinxBoardStore/boards/Xilinx/vcu129/production/1.0/board.xml as part xcvu29p-fsga2577-2l-e specified in board_part file is either invalid or not available
WARNING: [Board 49-26] cannot add Board Part xilinx.com:vcu1525:part0:1.3 available at /tools/Xilinx/Vivado/2024.1/data/xhub/boards/XilinxBoardStore/boards/Xilinx/vcu1525/1.3/board.xml as part xcvu9p-fsgd2104-2l-e specified in board_part file is either invalid or not available
WARNING: [Board 49-26] cannot add Board Part xilinx.com:vek280:part0:1.0 available at /tools/Xilinx/Vivado/2024.1/data/xhub/boards/XilinxBoardStore/boards/Xilinx/vek280/production/1.0/board.xml as part xcve2802-vsvh1760-2mp-e-s specified in board_part file is either invalid or not available
WARNING: [Board 49-26] cannot add Board Part xilinx.com:vek280:part0:1.1 available at /tools/Xilinx/Vivado/2024.1/data/xhub/boards/XilinxBoardStore/boards/Xilinx/vek280/production/1.1/board.xml as part xcve2802-vsvh1760-2mp-e-s specified in board_part file is either invalid or not available
WARNING: [Board 49-26] cannot add Board Part xilinx.com:vek280:part0:1.2 available at /tools/Xilinx/Vivado/2024.1/data/xhub/boards/XilinxBoardStore/boards/Xilinx/vek280/production/1.2/board.xml as part xcve2802-vsvh1760-2mp-e-s specified in board_part file is either invalid or not available
WARNING: [Board 49-26] cannot add Board Part xilinx.com:vek280_es:part0:1.0 available at /tools/Xilinx/Vivado/2024.1/data/xhub/boards/XilinxBoardStore/boards/Xilinx/vek280/es/rev_a/1.0/board.xml as part xcve2802-vsvh1760-2lp-e-s-es1 specified in board_part file is either invalid or not available
WARNING: [Board 49-26] cannot add Board Part xilinx.com:vek280_es:part0:1.1 available at /tools/Xilinx/Vivado/2024.1/data/xhub/boards/XilinxBoardStore/boards/Xilinx/vek280/es/rev_a/1.1/board.xml as part xcve2802-vsvh1760-2lp-e-s-es1 specified in board_part file is either invalid or not available
WARNING: [Board 49-26] cannot add Board Part xilinx.com:vek280_es_revb:part0:1.0 available at /tools/Xilinx/Vivado/2024.1/data/xhub/boards/XilinxBoardStore/boards/Xilinx/vek280/es/rev_b/1.0/board.xml as part xcve2802-vsvh1760-2mp-e-s-es1 specified in board_part file is either invalid or not available
WARNING: [Board 49-26] cannot add Board Part xilinx.com:vek280_es_revb:part0:1.1 available at /tools/Xilinx/Vivado/2024.1/data/xhub/boards/XilinxBoardStore/boards/Xilinx/vek280/es/rev_b/1.1/board.xml as part xcve2802-vsvh1760-2mp-e-s-es1 specified in board_part file is either invalid or not available
WARNING: [Board 49-26] cannot add Board Part xilinx.com:vermeo_t1_mpsoc:part0:1.0 available at /tools/Xilinx/Vivado/2024.1/data/xhub/boards/XilinxBoardStore/boards/Xilinx/vermeo_t1_mpsoc/1.0/board.xml as part xczu19eg-ffvd1760-2l-e specified in board_part file is either invalid or not available
WARNING: [Board 49-26] cannot add Board Part xilinx.com:vermeo_t1_rfsoc:part0:1.0 available at /tools/Xilinx/Vivado/2024.1/data/xhub/boards/XilinxBoardStore/boards/Xilinx/vermeo_t1_rfsoc/1.0/board.xml as part xczu21dr-ffvd1156-2l-e specified in board_part file is either invalid or not available
WARNING: [Board 49-26] cannot add Board Part xilinx.com:vhk158:part0:1.0 available at /tools/Xilinx/Vivado/2024.1/data/xhub/boards/XilinxBoardStore/boards/Xilinx/vhk158/production/1.0/board.xml as part xcvh1582-vsva3697-2mp-e-s specified in board_part file is either invalid or not available
WARNING: [Board 49-26] cannot add Board Part xilinx.com:vhk158:part0:1.1 available at /tools/Xilinx/Vivado/2024.1/data/xhub/boards/XilinxBoardStore/boards/Xilinx/vhk158/production/1.1/board.xml as part xcvh1582-vsva3697-2mp-e-s specified in board_part file is either invalid or not available
WARNING: [Board 49-26] cannot add Board Part xilinx.com:vhk158_es:part0:1.0 available at /tools/Xilinx/Vivado/2024.1/data/xhub/boards/XilinxBoardStore/boards/Xilinx/vhk158/es/1.0/board.xml as part xcvh1582-vsva3697-2mp-e-s-es1 specified in board_part file is either invalid or not available
WARNING: [Board 49-26] cannot add Board Part xilinx.com:vhk158_es:part0:1.1 available at /tools/Xilinx/Vivado/2024.1/data/xhub/boards/XilinxBoardStore/boards/Xilinx/vhk158/es/1.1/board.xml as part xcvh1582-vsva3697-2mp-e-s-es1 specified in board_part file is either invalid or not available
WARNING: [Board 49-26] cannot add Board Part xilinx.com:vmk180:part0:2.2 available at /tools/Xilinx/Vivado/2024.1/data/xhub/boards/XilinxBoardStore/boards/Xilinx/vmk180/production/2.2/board.xml as part xcvm1802-vsva2197-2mp-e-s specified in board_part file is either invalid or not available
WARNING: [Board 49-26] cannot add Board Part xilinx.com:vmk180:part0:3.0 available at /tools/Xilinx/Vivado/2024.1/data/xhub/boards/XilinxBoardStore/boards/Xilinx/vmk180/production/3.0/board.xml as part xcvm1802-vsva2197-2mp-e-s specified in board_part file is either invalid or not available
WARNING: [Board 49-26] cannot add Board Part xilinx.com:vmk180:part0:3.1 available at /tools/Xilinx/Vivado/2024.1/data/xhub/boards/XilinxBoardStore/boards/Xilinx/vmk180/production/3.1/board.xml as part xcvm1802-vsva2197-2mp-e-s specified in board_part file is either invalid or not available
WARNING: [Board 49-26] cannot add Board Part xilinx.com:vmk180:part0:3.2 available at /tools/Xilinx/Vivado/2024.1/data/xhub/boards/XilinxBoardStore/boards/Xilinx/vmk180/production/3.2/board.xml as part xcvm1802-vsva2197-2mp-e-s specified in board_part file is either invalid or not available
WARNING: [Board 49-26] cannot add Board Part xilinx.com:vmk180_newl:part0:1.0 available at /tools/Xilinx/Vivado/2024.1/data/xhub/boards/XilinxBoardStore/boards/Xilinx/vmk180_newl/production/1.0/board.xml as part xcvm1802-vsva2197-2mp-e-s specified in board_part file is either invalid or not available
WARNING: [Board 49-26] cannot add Board Part xilinx.com:vmk180_newl:part0:1.1 available at /tools/Xilinx/Vivado/2024.1/data/xhub/boards/XilinxBoardStore/boards/Xilinx/vmk180_newl/production/1.1/board.xml as part xcvm1802-vsva2197-2mp-e-s specified in board_part file is either invalid or not available
WARNING: [Board 49-26] cannot add Board Part xilinx.com:vpk120:part0:1.0 available at /tools/Xilinx/Vivado/2024.1/data/xhub/boards/XilinxBoardStore/boards/Xilinx/vpk120/production/1.0/board.xml as part xcvp1202-vsva2785-2mp-e-s specified in board_part file is either invalid or not available
WARNING: [Board 49-26] cannot add Board Part xilinx.com:vpk120:part0:1.1 available at /tools/Xilinx/Vivado/2024.1/data/xhub/boards/XilinxBoardStore/boards/Xilinx/vpk120/production/1.1/board.xml as part xcvp1202-vsva2785-2mp-e-s specified in board_part file is either invalid or not available
WARNING: [Board 49-26] cannot add Board Part xilinx.com:vpk120:part0:1.2 available at /tools/Xilinx/Vivado/2024.1/data/xhub/boards/XilinxBoardStore/boards/Xilinx/vpk120/production/1.2/board.xml as part xcvp1202-vsva2785-2mp-e-s specified in board_part file is either invalid or not available
WARNING: [Board 49-26] cannot add Board Part xilinx.com:vpk180:part0:1.0 available at /tools/Xilinx/Vivado/2024.1/data/xhub/boards/XilinxBoardStore/boards/Xilinx/vpk180/production/1.0/board.xml as part xcvp1802-lsvc4072-2mp-e-s specified in board_part file is either invalid or not available
WARNING: [Board 49-26] cannot add Board Part xilinx.com:vpk180:part0:1.1 available at /tools/Xilinx/Vivado/2024.1/data/xhub/boards/XilinxBoardStore/boards/Xilinx/vpk180/production/1.1/board.xml as part xcvp1802-lsvc4072-2mp-e-s specified in board_part file is either invalid or not available
WARNING: [Board 49-26] cannot add Board Part xilinx.com:vpk180:part0:1.2 available at /tools/Xilinx/Vivado/2024.1/data/xhub/boards/XilinxBoardStore/boards/Xilinx/vpk180/production/1.2/board.xml as part xcvp1802-lsvc4072-2mp-e-s specified in board_part file is either invalid or not available
WARNING: [Board 49-26] cannot add Board Part xilinx.com:zc706:part0:1.4 available at /tools/Xilinx/Vivado/2024.1/data/xhub/boards/XilinxBoardStore/boards/Xilinx/zc706/1.4/board.xml as part xc7z045ffg900-2 specified in board_part file is either invalid or not available
WARNING: [Board 49-26] cannot add Board Part xilinx.com:zcu102:part0:3.3 available at /tools/Xilinx/Vivado/2024.1/data/xhub/boards/XilinxBoardStore/boards/Xilinx/zcu102/3.3/board.xml as part xczu9eg-ffvb1156-2-e specified in board_part file is either invalid or not available
WARNING: [Board 49-26] cannot add Board Part xilinx.com:zcu102:part0:3.4 available at /tools/Xilinx/Vivado/2024.1/data/xhub/boards/XilinxBoardStore/boards/Xilinx/zcu102/3.4/board.xml as part xczu9eg-ffvb1156-2-e specified in board_part file is either invalid or not available
WARNING: [Board 49-26] cannot add Board Part xilinx.com:zcu104:part0:1.1 available at /tools/Xilinx/Vivado/2024.1/data/xhub/boards/XilinxBoardStore/boards/Xilinx/zcu104/1.1/board.xml as part xczu7ev-ffvc1156-2-e specified in board_part file is either invalid or not available
WARNING: [Board 49-26] cannot add Board Part xilinx.com:zcu106:part0:2.4 available at /tools/Xilinx/Vivado/2024.1/data/xhub/boards/XilinxBoardStore/boards/Xilinx/zcu106/2.4/board.xml as part xczu7ev-ffvc1156-2-e specified in board_part file is either invalid or not available
WARNING: [Board 49-26] cannot add Board Part xilinx.com:zcu106:part0:2.5 available at /tools/Xilinx/Vivado/2024.1/data/xhub/boards/XilinxBoardStore/boards/Xilinx/zcu106/2.5/board.xml as part xczu7ev-ffvc1156-2-e specified in board_part file is either invalid or not available
WARNING: [Board 49-26] cannot add Board Part xilinx.com:zcu106:part0:2.6 available at /tools/Xilinx/Vivado/2024.1/data/xhub/boards/XilinxBoardStore/boards/Xilinx/zcu106/2.6/board.xml as part xczu7ev-ffvc1156-2-e specified in board_part file is either invalid or not available
WARNING: [Board 49-26] cannot add Board Part xilinx.com:zcu111:part0:1.2 available at /tools/Xilinx/Vivado/2024.1/data/xhub/boards/XilinxBoardStore/boards/Xilinx/zcu111/1.2/board.xml as part xczu28dr-ffvg1517-2-e specified in board_part file is either invalid or not available
WARNING: [Board 49-26] cannot add Board Part xilinx.com:zcu111:part0:1.3 available at /tools/Xilinx/Vivado/2024.1/data/xhub/boards/XilinxBoardStore/boards/Xilinx/zcu111/1.3/board.xml as part xczu28dr-ffvg1517-2-e specified in board_part file is either invalid or not available
WARNING: [Board 49-26] cannot add Board Part xilinx.com:zcu111:part0:1.4 available at /tools/Xilinx/Vivado/2024.1/data/xhub/boards/XilinxBoardStore/boards/Xilinx/zcu111/1.4/board.xml as part xczu28dr-ffvg1517-2-e specified in board_part file is either invalid or not available
WARNING: [Board 49-26] cannot add Board Part xilinx.com:zcu1275:part0:1.0 available at /tools/Xilinx/Vivado/2024.1/data/xhub/boards/XilinxBoardStore/boards/Xilinx/zcu1275/1.0/board.xml as part xczu29dr-ffvf1760-2-e specified in board_part file is either invalid or not available
WARNING: [Board 49-26] cannot add Board Part xilinx.com:zcu1285:part0:1.0 available at /tools/Xilinx/Vivado/2024.1/data/xhub/boards/XilinxBoardStore/boards/Xilinx/zcu1285/1.0/board.xml as part xczu39dr-ffvf1760-2-i specified in board_part file is either invalid or not available
WARNING: [Board 49-26] cannot add Board Part xilinx.com:zcu208:part0:2.0 available at /tools/Xilinx/Vivado/2024.1/data/xhub/boards/XilinxBoardStore/boards/Xilinx/zcu208/production/2.0/board.xml as part xczu48dr-fsvg1517-2-e specified in board_part file is either invalid or not available
WARNING: [Board 49-26] cannot add Board Part xilinx.com:zcu208ld:part0:2.0 available at /tools/Xilinx/Vivado/2024.1/data/xhub/boards/XilinxBoardStore/boards/Xilinx/zcu208ld/production/2.0/board.xml as part xczu58dr-fsvg1517-2-i specified in board_part file is either invalid or not available
WARNING: [Board 49-26] cannot add Board Part xilinx.com:zcu216:part0:2.0 available at /tools/Xilinx/Vivado/2024.1/data/xhub/boards/XilinxBoardStore/boards/Xilinx/zcu216/production/2.0/board.xml as part xczu49dr-ffvf1760-2-e specified in board_part file is either invalid or not available
WARNING: [Board 49-26] cannot add Board Part xilinx.com:zcu216ld:part0:2.0 available at /tools/Xilinx/Vivado/2024.1/data/xhub/boards/XilinxBoardStore/boards/Xilinx/zcu216ld/production/2.0/board.xml as part xczu59dr-ffvf1760-2-i specified in board_part file is either invalid or not available
WARNING: [Board 49-26] cannot add Board Part xilinx.com:zcu670:part0:2.0 available at /tools/Xilinx/Vivado/2024.1/data/xhub/boards/XilinxBoardStore/boards/Xilinx/zcu670/2.0/board.xml as part xczu67dr-fsve1156-2-i specified in board_part file is either invalid or not available
WARNING: [Board 49-26] cannot add Board Part xilinx.com:zcu670ld:part0:1.0 available at /tools/Xilinx/Vivado/2024.1/data/xhub/boards/XilinxBoardStore/boards/Xilinx/zcu670ld/1.0/board.xml as part xczu57dr-fsve1156-2-i specified in board_part file is either invalid or not available
open_project /home/nothon/fpga2C/ZTurnV2/ZTurnV2.xpr
Scanning sources...
Finished scanning sources
INFO: [IP_Flow 19-234] Refreshing IP repositories
INFO: [IP_Flow 19-1700] Loaded user IP repository '/home/nothon/fpga2C/interface_repo'.
INFO: [IP_Flow 19-1700] Loaded user IP repository '/home/nothon/fpga2C/ip_repo'.
INFO: [IP_Flow 19-2313] Loaded Vivado IP repository '/tools/Xilinx/Vivado/2024.1/data/ip'.
open_project: Time (s): cpu = 00:00:10 ; elapsed = 00:00:06 . Memory (MB): peak = 8389.746 ; gain = 857.992 ; free physical = 244 ; free virtual = 18439
update_compile_order -fileset sources_1
reset_run synth_1
WARNING: [Vivado 12-1017] Problems encountered:
1. Process appears to be owned by user 'nothon' and cannot be killed by user 'root'

open_bd_design {/home/nothon/fpga2C/ZTurnV2/ZTurnV2.srcs/sources_1/bd/main_design/main_design.bd}
Reading block design file </home/nothon/fpga2C/ZTurnV2/ZTurnV2.srcs/sources_1/bd/main_design/main_design.bd>...
Adding component instance block -- xilinx.com:ip:processing_system7:5.5 - processing_system7_0
Adding component instance block -- xilinx.com:ip:proc_sys_reset:5.0 - proc_sys_reset_0
Adding component instance block -- xilinx.com:ip:axi_interconnect:2.1 - ps7_0_axi_periph
Adding component instance block -- xilinx.com:ip:axi_crossbar:2.1 - xbar
Adding component instance block -- xilinx.com:ip:axi_protocol_converter:2.1 - auto_pc
Adding component instance block -- xilinx.com:ip:util_ds_buf:2.2 - lvds_clkin_0_ibuf
Adding component instance block -- xilinx.com:ip:axi_interconnect:2.1 - axi_mem_intercon
Adding component instance block -- xilinx.com:ip:axi_crossbar:2.1 - xbar
Adding component instance block -- xilinx.com:ip:axi_dwidth_converter:2.1 - auto_us
Adding component instance block -- xilinx.com:ip:axi_dwidth_converter:2.1 - auto_us
Adding component instance block -- xilinx.com:ip:axi_dwidth_converter:2.1 - auto_us
Adding component instance block -- xilinx.com:ip:axi_protocol_converter:2.1 - auto_pc
Adding component instance block -- user.org:user:noip_lvds_stream:1.0 - noip_lvds_stream_0
Adding component instance block -- user.org:user:noip_ctrl:1.0 - noip_ctrl_0
Adding component instance block -- user.org:user:noip_lvds_stream:1.0 - noip_lvds_stream_1
Adding component instance block -- xilinx.com:ip:axi_dma:7.1 - axi_dma_0
Adding component instance block -- xilinx.com:ip:axis_interconnect:2.1 - axis_interconnect_0
Adding component instance block -- xilinx.com:ip:axis_switch:1.1 - xbar
Adding component instance block -- xilinx.com:ip:axis_subset_converter:1.1 - auto_ss_slid
Adding component instance block -- xilinx.com:ip:axis_subset_converter:1.1 - auto_ss_k
Adding component instance block -- xilinx.com:ip:axis_subset_converter:1.1 - auto_ss_slidr
Adding component instance block -- xilinx.com:ip:axis_subset_converter:1.1 - auto_ss_k
Adding component instance block -- xilinx.com:ip:axis_subset_converter:1.1 - auto_ss_slidr
Adding component instance block -- xilinx.com:ip:axis_interconnect:2.1 - axis_interconnect_1
Adding component instance block -- xilinx.com:ip:axis_switch:1.1 - xbar
Adding component instance block -- xilinx.com:ip:xlconcat:2.1 - s_arb_req_suppress_concat
Adding component instance block -- xilinx.com:ip:axis_subset_converter:1.1 - auto_ss_k
Adding component instance block -- xilinx.com:ip:axis_subset_converter:1.1 - auto_ss_slidr
Adding component instance block -- xilinx.com:ip:xlconcat:2.1 - trigger0_concat
Adding component instance block -- xilinx.com:ip:xlslice:1.0 - monitor0_slice0
Adding component instance block -- xilinx.com:ip:xlslice:1.0 - monitor0_slice1
Adding component instance block -- xilinx.com:ip:xlslice:1.0 - monitor1_slice0
Adding component instance block -- xilinx.com:ip:xlslice:1.0 - monitor1_slice1
Adding component instance block -- xilinx.com:ip:util_ds_buf:2.2 - lvds_sync_0_ibuf
Adding component instance block -- xilinx.com:ip:util_ds_buf:2.2 - lvds_dout0_0_ibuf
Adding component instance block -- xilinx.com:ip:util_ds_buf:2.2 - lvds_dout1_0_ibuf
Adding component instance block -- xilinx.com:ip:xlconcat:2.1 - lvds_data_0_concat
Adding component instance block -- xilinx.com:ip:util_ds_buf:2.2 - lvds_dout2_0_ibuf
Adding component instance block -- xilinx.com:ip:util_ds_buf:2.2 - lvds_dout3_0_ibuf
Adding component instance block -- xilinx.com:ip:util_ds_buf:2.2 - lvds_clkin_1_ibuf
Adding component instance block -- xilinx.com:ip:xlconcat:2.1 - lvds_data_1_concat
Adding component instance block -- xilinx.com:ip:util_ds_buf:2.2 - lvds_dout0_1_ibuf
Adding component instance block -- xilinx.com:ip:util_ds_buf:2.2 - lvds_dout1_1_ibuf
Adding component instance block -- xilinx.com:ip:util_ds_buf:2.2 - lvds_dout2_1_ibuf
Adding component instance block -- xilinx.com:ip:util_ds_buf:2.2 - lvds_dout3_1_ibuf
Adding component instance block -- xilinx.com:ip:util_ds_buf:2.2 - lvds_sync_1_ibuf
Adding component instance block -- xilinx.com:ip:util_vector_logic:2.0 - lvds_data_0_inverter
Adding component instance block -- xilinx.com:ip:util_vector_logic:2.0 - lvds_data_1_inverter
Adding component instance block -- xilinx.com:ip:util_vector_logic:2.0 - lvds_sync_1_inverter
Adding component instance block -- xilinx.com:ip:util_vector_logic:2.0 - lvds_sync_0_inverter
Adding component instance block -- xilinx.com:ip:v_axi4s_vid_out:4.0 - v_axi4s_vid_out_0
Adding component instance block -- xilinx.com:ip:v_mix:5.2 - v_mix_0
Successfully read diagram <main_design> from block design file </home/nothon/fpga2C/ZTurnV2/ZTurnV2.srcs/sources_1/bd/main_design/main_design.bd>
startgroup
delete_bd_objs [get_bd_nets v_axi4s_vid_out_0_vid_hsync] [get_bd_nets v_axi4s_vid_out_0_vid_vsync] [get_bd_nets v_axi4s_vid_out_0_vid_data] [get_bd_ports hdmi_hsync] [get_bd_ports hdmi_vsync] [get_bd_ports hdmi_data]
delete_bd_objs [get_bd_intf_nets v_mix_0_m_axis_video] [get_bd_intf_nets ps7_0_axi_periph_M02_AXI] [get_bd_cells v_axi4s_vid_out_0] [get_bd_cells v_mix_0]
endgroup
save_bd_design
Wrote  : </home/nothon/fpga2C/ZTurnV2/ZTurnV2.srcs/sources_1/bd/main_design/main_design.bd> 
Wrote  : </home/nothon/fpga2C/ZTurnV2/ZTurnV2.srcs/sources_1/bd/main_design/ui/bd_9e3c1764.ui> 
generate_target all [get_files  /home/nothon/fpga2C/ZTurnV2/ZTurnV2.srcs/sources_1/bd/main_design/main_design.bd]
WARNING: [BD 41-2670] Found an incomplete address path from address space '/processing_system7_0/Data' to master interface '/ps7_0_axi_periph/M02_AXI'. Please either complete or remove this path to resolve.
WARNING: [BD 5-699] No address segments matched 'get_bd_addr_segs -addressables -of_objects /ps7_0_axi_periph/xbar/M02_AXI'
unexpected operator ":" without preceding "?"
in expression "0.0:0.0:0.0:0.0 + 180"
ERROR: [BD 41-1273] Error running propagate TCL procedure: unexpected operator ":" without preceding "?"
    ::xilinx.com_ip_util_vector_logic_2.0::propagate Line 24
unexpected operator ":" without preceding "?"
in expression "0.0:0.0:0.0:0.0 + 180"
ERROR: [BD 41-1273] Error running propagate TCL procedure: unexpected operator ":" without preceding "?"
    ::xilinx.com_ip_util_vector_logic_2.0::propagate Line 24
unexpected operator ":" without preceding "?"
in expression "0.0:0.0:0.0:0.0 + 180"
ERROR: [BD 41-1273] Error running propagate TCL procedure: unexpected operator ":" without preceding "?"
    ::xilinx.com_ip_util_vector_logic_2.0::propagate Line 24
unexpected operator ":" without preceding "?"
in expression "0.0:0.0:0.0:0.0 + 180"
ERROR: [BD 41-1273] Error running propagate TCL procedure: unexpected operator ":" without preceding "?"
    ::xilinx.com_ip_util_vector_logic_2.0::propagate Line 24
Wrote  : </home/nothon/fpga2C/ZTurnV2/ZTurnV2.srcs/sources_1/bd/main_design/main_design.bd> 
WARNING: [BD 41-2384] Width mismatch when connecting pin: '/axi_mem_intercon/m00_couplers/auto_pc/m_axi_rid'(2) to pin: '/axi_mem_intercon/m00_couplers/M_AXI_rid'(6) - Only lower order bits will be connected.
WARNING: [BD 41-2384] Width mismatch when connecting pin: '/axi_mem_intercon/m00_couplers/auto_pc/m_axi_bid'(2) to pin: '/axi_mem_intercon/m00_couplers/M_AXI_bid'(6) - Only lower order bits will be connected.
WARNING: [BD 41-2384] Width mismatch when connecting pin: '/processing_system7_0/S_AXI_HP0_AWID'(6) to pin: '/axi_mem_intercon/M00_AXI_awid'(2) - Only lower order bits will be connected.
WARNING: [BD 41-2384] Width mismatch when connecting pin: '/processing_system7_0/S_AXI_HP0_WID'(6) to pin: '/axi_mem_intercon/M00_AXI_wid'(2) - Only lower order bits will be connected.
WARNING: [BD 41-2384] Width mismatch when connecting pin: '/processing_system7_0/S_AXI_HP0_ARID'(6) to pin: '/axi_mem_intercon/M00_AXI_arid'(2) - Only lower order bits will be connected.
VHDL Output written to : /home/nothon/fpga2C/ZTurnV2/ZTurnV2.gen/sources_1/bd/main_design/synth/main_design.vhd
WARNING: [BD 41-2384] Width mismatch when connecting pin: '/axi_mem_intercon/m00_couplers/auto_pc/m_axi_rid'(2) to pin: '/axi_mem_intercon/m00_couplers/M_AXI_rid'(6) - Only lower order bits will be connected.
WARNING: [BD 41-2384] Width mismatch when connecting pin: '/axi_mem_intercon/m00_couplers/auto_pc/m_axi_bid'(2) to pin: '/axi_mem_intercon/m00_couplers/M_AXI_bid'(6) - Only lower order bits will be connected.
WARNING: [BD 41-2384] Width mismatch when connecting pin: '/processing_system7_0/S_AXI_HP0_AWID'(6) to pin: '/axi_mem_intercon/M00_AXI_awid'(2) - Only lower order bits will be connected.
WARNING: [BD 41-2384] Width mismatch when connecting pin: '/processing_system7_0/S_AXI_HP0_WID'(6) to pin: '/axi_mem_intercon/M00_AXI_wid'(2) - Only lower order bits will be connected.
WARNING: [BD 41-2384] Width mismatch when connecting pin: '/processing_system7_0/S_AXI_HP0_ARID'(6) to pin: '/axi_mem_intercon/M00_AXI_arid'(2) - Only lower order bits will be connected.
VHDL Output written to : /home/nothon/fpga2C/ZTurnV2/ZTurnV2.gen/sources_1/bd/main_design/sim/main_design.vhd
VHDL Output written to : /home/nothon/fpga2C/ZTurnV2/ZTurnV2.gen/sources_1/bd/main_design/hdl/main_design_wrapper.vhd
WARNING: [IP_Flow 19-5160] IP 'main_design_xbar_1' detected simulation language mismatch. Simulation type 'rtl' does not support 'VHDL' outputs (see project's "simulator_language" property), delivering 'Verilog' outputs instead.
INFO: [BD 41-1029] Generation completed for the IP Integrator block ps7_0_axi_periph/xbar .
WARNING: [IP_Flow 19-4994] Overwriting existing constraint file '/home/nothon/fpga2C/ZTurnV2/ZTurnV2.gen/sources_1/bd/main_design/ip/main_design_auto_pc_0/main_design_auto_pc_0_ooc.xdc'
WARNING: [IP_Flow 19-5160] IP 'main_design_auto_pc_0' detected simulation language mismatch. Simulation type 'rtl' does not support 'VHDL' outputs (see project's "simulator_language" property), delivering 'Verilog' outputs instead.
INFO: [BD 41-1029] Generation completed for the IP Integrator block ps7_0_axi_periph/s00_couplers/auto_pc .
WARNING: [IP_Flow 19-4994] Overwriting existing constraint file '/home/nothon/fpga2C/ZTurnV2/ZTurnV2.gen/sources_1/bd/main_design/ip/main_design_auto_us_0/main_design_auto_us_0_ooc.xdc'
WARNING: [IP_Flow 19-5160] IP 'main_design_auto_us_0' detected simulation language mismatch. Simulation type 'rtl' does not support 'VHDL' outputs (see project's "simulator_language" property), delivering 'Verilog' outputs instead.
INFO: [IP_Flow 19-5611] Unable to find an associated reset port for the interface 'S_AXI'. A default connection has been created.
INFO: [IP_Flow 19-5611] Unable to find an associated reset port for the interface 'M_AXI'. A default connection has been created.
INFO: [BD 41-1029] Generation completed for the IP Integrator block axi_mem_intercon/s00_couplers/auto_us .
WARNING: [IP_Flow 19-4994] Overwriting existing constraint file '/home/nothon/fpga2C/ZTurnV2/ZTurnV2.gen/sources_1/bd/main_design/ip/main_design_auto_us_1/main_design_auto_us_1_ooc.xdc'
WARNING: [IP_Flow 19-5160] IP 'main_design_auto_us_1' detected simulation language mismatch. Simulation type 'rtl' does not support 'VHDL' outputs (see project's "simulator_language" property), delivering 'Verilog' outputs instead.
INFO: [IP_Flow 19-5611] Unable to find an associated reset port for the interface 'S_AXI'. A default connection has been created.
INFO: [IP_Flow 19-5611] Unable to find an associated reset port for the interface 'M_AXI'. A default connection has been created.
INFO: [BD 41-1029] Generation completed for the IP Integrator block axi_mem_intercon/s01_couplers/auto_us .
WARNING: [IP_Flow 19-4994] Overwriting existing constraint file '/home/nothon/fpga2C/ZTurnV2/ZTurnV2.gen/sources_1/bd/main_design/ip/main_design_auto_us_2/main_design_auto_us_2_ooc.xdc'
WARNING: [IP_Flow 19-5160] IP 'main_design_auto_us_2' detected simulation language mismatch. Simulation type 'rtl' does not support 'VHDL' outputs (see project's "simulator_language" property), delivering 'Verilog' outputs instead.
INFO: [IP_Flow 19-5611] Unable to find an associated reset port for the interface 'S_AXI'. A default connection has been created.
INFO: [IP_Flow 19-5611] Unable to find an associated reset port for the interface 'M_AXI'. A default connection has been created.
INFO: [BD 41-1029] Generation completed for the IP Integrator block axi_mem_intercon/s02_couplers/auto_us .
WARNING: [IP_Flow 19-4994] Overwriting existing constraint file '/home/nothon/fpga2C/ZTurnV2/ZTurnV2.gen/sources_1/bd/main_design/ip/main_design_auto_pc_1/main_design_auto_pc_1_ooc.xdc'
WARNING: [IP_Flow 19-5160] IP 'main_design_auto_pc_1' detected simulation language mismatch. Simulation type 'rtl' does not support 'VHDL' outputs (see project's "simulator_language" property), delivering 'Verilog' outputs instead.
INFO: [BD 41-1029] Generation completed for the IP Integrator block axi_mem_intercon/m00_couplers/auto_pc .
WARNING: [IP_Flow 19-4994] Overwriting existing constraint file '/home/nothon/fpga2C/ZTurnV2/ZTurnV2.gen/sources_1/bd/main_design/ip/main_design_auto_ss_slid_0/main_design_auto_ss_slid_0_ooc.xdc'
INFO: [BD 41-1029] Generation completed for the IP Integrator block axis_interconnect_0/s00_couplers/auto_ss_slid .
WARNING: [IP_Flow 19-4994] Overwriting existing constraint file '/home/nothon/fpga2C/ZTurnV2/ZTurnV2.gen/sources_1/bd/main_design/ip/main_design_auto_ss_k_0/main_design_auto_ss_k_0_ooc.xdc'
INFO: [BD 41-1029] Generation completed for the IP Integrator block axis_interconnect_0/m00_couplers/auto_ss_k .
WARNING: [IP_Flow 19-4994] Overwriting existing constraint file '/home/nothon/fpga2C/ZTurnV2/ZTurnV2.gen/sources_1/bd/main_design/ip/main_design_auto_ss_slidr_0/main_design_auto_ss_slidr_0_ooc.xdc'
INFO: [BD 41-1029] Generation completed for the IP Integrator block axis_interconnect_0/m00_couplers/auto_ss_slidr .
WARNING: [IP_Flow 19-4994] Overwriting existing constraint file '/home/nothon/fpga2C/ZTurnV2/ZTurnV2.gen/sources_1/bd/main_design/ip/main_design_auto_ss_k_1/main_design_auto_ss_k_1_ooc.xdc'
INFO: [BD 41-1029] Generation completed for the IP Integrator block axis_interconnect_0/m01_couplers/auto_ss_k .
WARNING: [IP_Flow 19-4994] Overwriting existing constraint file '/home/nothon/fpga2C/ZTurnV2/ZTurnV2.gen/sources_1/bd/main_design/ip/main_design_auto_ss_slidr_1/main_design_auto_ss_slidr_1_ooc.xdc'
INFO: [BD 41-1029] Generation completed for the IP Integrator block axis_interconnect_0/m01_couplers/auto_ss_slidr .
WARNING: [IP_Flow 19-5160] IP 'main_design_s_arb_req_suppress_concat_0' detected simulation language mismatch. Simulation type 'rtl' does not support 'VHDL' outputs (see project's "simulator_language" property), delivering 'Verilog' outputs instead.
INFO: [BD 41-1029] Generation completed for the IP Integrator block axis_interconnect_1/s_arb_req_suppress_concat .
WARNING: [IP_Flow 19-4994] Overwriting existing constraint file '/home/nothon/fpga2C/ZTurnV2/ZTurnV2.gen/sources_1/bd/main_design/ip/main_design_auto_ss_k_2/main_design_auto_ss_k_2_ooc.xdc'
INFO: [BD 41-1029] Generation completed for the IP Integrator block axis_interconnect_1/m00_couplers/auto_ss_k .
WARNING: [IP_Flow 19-4994] Overwriting existing constraint file '/home/nothon/fpga2C/ZTurnV2/ZTurnV2.gen/sources_1/bd/main_design/ip/main_design_auto_ss_slidr_2/main_design_auto_ss_slidr_2_ooc.xdc'
INFO: [BD 41-1029] Generation completed for the IP Integrator block axis_interconnect_1/m00_couplers/auto_ss_slidr .
Exporting to file /home/nothon/fpga2C/ZTurnV2/ZTurnV2.gen/sources_1/bd/main_design/hw_handoff/main_design.hwh
Generated Hardware Definition File /home/nothon/fpga2C/ZTurnV2/ZTurnV2.gen/sources_1/bd/main_design/synth/main_design.hwdef
generate_target: Time (s): cpu = 00:00:20 ; elapsed = 00:00:18 . Memory (MB): peak = 9511.074 ; gain = 0.000 ; free physical = 946 ; free virtual = 19091
ERROR: [Common 17-39] 'generate_target' failed due to earlier errors.
reset_run main_design_xbar_1_synth_1
launch_runs impl_1 -jobs 4
INFO: [IP_Flow 19-6930] IPCACHE: runCacheChecks() number of threads = 8
INFO: [IP_Flow 19-6921] IPCACHE: Adding cache check func to thread queue for IP main_design_auto_pc_0
INFO: [IP_Flow 19-6921] IPCACHE: Adding cache check func to thread queue for IP main_design_auto_pc_1
INFO: [IP_Flow 19-6921] IPCACHE: Adding cache check func to thread queue for IP main_design_auto_ss_k_0
INFO: [IP_Flow 19-6921] IPCACHE: Adding cache check func to thread queue for IP main_design_auto_ss_k_1
INFO: [IP_Flow 19-6921] IPCACHE: Adding cache check func to thread queue for IP main_design_auto_ss_k_2
INFO: [IP_Flow 19-6921] IPCACHE: Adding cache check func to thread queue for IP main_design_auto_ss_slid_0
INFO: [IP_Flow 19-6921] IPCACHE: Adding cache check func to thread queue for IP main_design_auto_ss_slidr_0
INFO: [IP_Flow 19-6921] IPCACHE: Adding cache check func to thread queue for IP main_design_auto_ss_slidr_1
INFO: [IP_Flow 19-6921] IPCACHE: Adding cache check func to thread queue for IP main_design_auto_ss_slidr_2
INFO: [IP_Flow 19-6921] IPCACHE: Adding cache check func to thread queue for IP main_design_auto_us_0
INFO: [IP_Flow 19-6921] IPCACHE: Adding cache check func to thread queue for IP main_design_auto_us_1
INFO: [IP_Flow 19-6921] IPCACHE: Adding cache check func to thread queue for IP main_design_auto_us_2
INFO: [IP_Flow 19-6921] IPCACHE: Adding cache check func to thread queue for IP main_design_xbar_1
INFO: [IP_Flow 19-8020] IPCACHE: runCacheChecks() calling threadPool finishWork()
INFO: [IP_Flow 19-6924] IPCACHE: Running cache check for IP inst: main_design_auto_pc_0
INFO: [IP_Flow 19-6922] IPCACHE: Exporting cached entry d91b756fafd8d08a to dir: /home/nothon/fpga2C/ZTurnV2/ZTurnV2.gen/sources_1/bd/main_design/ip/main_design_auto_pc_0
INFO: [IP_Flow 19-6928] IPCACHE: copied cached file /home/nothon/fpga2C/ZTurnV2/ZTurnV2.cache/ip/2024.1/d/9/d91b756fafd8d08a/main_design_auto_pc_0_sim_netlist.v to /home/nothon/fpga2C/ZTurnV2/ZTurnV2.gen/sources_1/bd/main_design/ip/main_design_auto_pc_0/main_design_auto_pc_0_sim_netlist.v.
INFO: [IP_Flow 19-6926] IPCACHE: added file to list for BOM: /home/nothon/fpga2C/ZTurnV2/ZTurnV2.gen/sources_1/bd/main_design/ip/main_design_auto_pc_0/main_design_auto_pc_0_sim_netlist.v
INFO: [IP_Flow 19-6928] IPCACHE: copied cached file /home/nothon/fpga2C/ZTurnV2/ZTurnV2.cache/ip/2024.1/d/9/d91b756fafd8d08a/main_design_auto_pc_0_sim_netlist.vhdl to /home/nothon/fpga2C/ZTurnV2/ZTurnV2.gen/sources_1/bd/main_design/ip/main_design_auto_pc_0/main_design_auto_pc_0_sim_netlist.vhdl.
INFO: [IP_Flow 19-6926] IPCACHE: added file to list for BOM: /home/nothon/fpga2C/ZTurnV2/ZTurnV2.gen/sources_1/bd/main_design/ip/main_design_auto_pc_0/main_design_auto_pc_0_sim_netlist.vhdl
INFO: [IP_Flow 19-6928] IPCACHE: copied cached file /home/nothon/fpga2C/ZTurnV2/ZTurnV2.cache/ip/2024.1/d/9/d91b756fafd8d08a/main_design_auto_pc_0_stub.vhdl to /home/nothon/fpga2C/ZTurnV2/ZTurnV2.gen/sources_1/bd/main_design/ip/main_design_auto_pc_0/main_design_auto_pc_0_stub.vhdl.
INFO: [IP_Flow 19-6926] IPCACHE: added file to list for BOM: /home/nothon/fpga2C/ZTurnV2/ZTurnV2.gen/sources_1/bd/main_design/ip/main_design_auto_pc_0/main_design_auto_pc_0_stub.vhdl
INFO: [IP_Flow 19-6928] IPCACHE: copied cached file /home/nothon/fpga2C/ZTurnV2/ZTurnV2.cache/ip/2024.1/d/9/d91b756fafd8d08a/main_design_auto_pc_0_stub.v to /home/nothon/fpga2C/ZTurnV2/ZTurnV2.gen/sources_1/bd/main_design/ip/main_design_auto_pc_0/main_design_auto_pc_0_stub.v.
INFO: [IP_Flow 19-6926] IPCACHE: added file to list for BOM: /home/nothon/fpga2C/ZTurnV2/ZTurnV2.gen/sources_1/bd/main_design/ip/main_design_auto_pc_0/main_design_auto_pc_0_stub.v
INFO: [IP_Flow 19-6928] IPCACHE: copied cached file /home/nothon/fpga2C/ZTurnV2/ZTurnV2.cache/ip/2024.1/d/9/d91b756fafd8d08a/main_design_auto_pc_0.dcp to /home/nothon/fpga2C/ZTurnV2/ZTurnV2.gen/sources_1/bd/main_design/ip/main_design_auto_pc_0/main_design_auto_pc_0.dcp.
INFO: [IP_Flow 19-6926] IPCACHE: added file to list for BOM: /home/nothon/fpga2C/ZTurnV2/ZTurnV2.gen/sources_1/bd/main_design/ip/main_design_auto_pc_0/main_design_auto_pc_0.dcp
INFO: [IP_Flow 19-4993] Using cached IP synthesis design for IP main_design_auto_pc_0, cache-ID = d91b756fafd8d08a; cache size = 43.351 MB.
INFO: [IP_Flow 19-6924] IPCACHE: Running cache check for IP inst: main_design_auto_pc_1
INFO: [IP_Flow 19-6922] IPCACHE: Exporting cached entry 4457e4a2ef66c57e to dir: /home/nothon/fpga2C/ZTurnV2/ZTurnV2.gen/sources_1/bd/main_design/ip/main_design_auto_pc_1
INFO: [IP_Flow 19-6928] IPCACHE: copied cached file /home/nothon/fpga2C/ZTurnV2/ZTurnV2.cache/ip/2024.1/4/4/4457e4a2ef66c57e/main_design_auto_pc_1_sim_netlist.v to /home/nothon/fpga2C/ZTurnV2/ZTurnV2.gen/sources_1/bd/main_design/ip/main_design_auto_pc_1/main_design_auto_pc_1_sim_netlist.v.
INFO: [IP_Flow 19-6926] IPCACHE: added file to list for BOM: /home/nothon/fpga2C/ZTurnV2/ZTurnV2.gen/sources_1/bd/main_design/ip/main_design_auto_pc_1/main_design_auto_pc_1_sim_netlist.v
INFO: [IP_Flow 19-6928] IPCACHE: copied cached file /home/nothon/fpga2C/ZTurnV2/ZTurnV2.cache/ip/2024.1/4/4/4457e4a2ef66c57e/main_design_auto_pc_1_stub.v to /home/nothon/fpga2C/ZTurnV2/ZTurnV2.gen/sources_1/bd/main_design/ip/main_design_auto_pc_1/main_design_auto_pc_1_stub.v.
INFO: [IP_Flow 19-6926] IPCACHE: added file to list for BOM: /home/nothon/fpga2C/ZTurnV2/ZTurnV2.gen/sources_1/bd/main_design/ip/main_design_auto_pc_1/main_design_auto_pc_1_stub.v
INFO: [IP_Flow 19-6928] IPCACHE: copied cached file /home/nothon/fpga2C/ZTurnV2/ZTurnV2.cache/ip/2024.1/4/4/4457e4a2ef66c57e/main_design_auto_pc_1.dcp to /home/nothon/fpga2C/ZTurnV2/ZTurnV2.gen/sources_1/bd/main_design/ip/main_design_auto_pc_1/main_design_auto_pc_1.dcp.
INFO: [IP_Flow 19-6926] IPCACHE: added file to list for BOM: /home/nothon/fpga2C/ZTurnV2/ZTurnV2.gen/sources_1/bd/main_design/ip/main_design_auto_pc_1/main_design_auto_pc_1.dcp
INFO: [IP_Flow 19-6928] IPCACHE: copied cached file /home/nothon/fpga2C/ZTurnV2/ZTurnV2.cache/ip/2024.1/4/4/4457e4a2ef66c57e/main_design_auto_pc_1_stub.vhdl to /home/nothon/fpga2C/ZTurnV2/ZTurnV2.gen/sources_1/bd/main_design/ip/main_design_auto_pc_1/main_design_auto_pc_1_stub.vhdl.
INFO: [IP_Flow 19-6926] IPCACHE: added file to list for BOM: /home/nothon/fpga2C/ZTurnV2/ZTurnV2.gen/sources_1/bd/main_design/ip/main_design_auto_pc_1/main_design_auto_pc_1_stub.vhdl
INFO: [IP_Flow 19-6928] IPCACHE: copied cached file /home/nothon/fpga2C/ZTurnV2/ZTurnV2.cache/ip/2024.1/4/4/4457e4a2ef66c57e/main_design_auto_pc_1_sim_netlist.vhdl to /home/nothon/fpga2C/ZTurnV2/ZTurnV2.gen/sources_1/bd/main_design/ip/main_design_auto_pc_1/main_design_auto_pc_1_sim_netlist.vhdl.
INFO: [IP_Flow 19-6926] IPCACHE: added file to list for BOM: /home/nothon/fpga2C/ZTurnV2/ZTurnV2.gen/sources_1/bd/main_design/ip/main_design_auto_pc_1/main_design_auto_pc_1_sim_netlist.vhdl
INFO: [IP_Flow 19-4993] Using cached IP synthesis design for IP main_design_auto_pc_1, cache-ID = 4457e4a2ef66c57e; cache size = 43.351 MB.
INFO: [IP_Flow 19-6924] IPCACHE: Running cache check for IP inst: main_design_auto_ss_k_0
INFO: [IP_Flow 19-6922] IPCACHE: Exporting cached entry 6e715abdc15f5367 to dir: /home/nothon/fpga2C/ZTurnV2/ZTurnV2.gen/sources_1/bd/main_design/ip/main_design_auto_ss_k_0
INFO: [IP_Flow 19-6928] IPCACHE: copied cached file /home/nothon/fpga2C/ZTurnV2/ZTurnV2.cache/ip/2024.1/6/e/6e715abdc15f5367/main_design_auto_ss_k_0_sim_netlist.v to /home/nothon/fpga2C/ZTurnV2/ZTurnV2.gen/sources_1/bd/main_design/ip/main_design_auto_ss_k_0/main_design_auto_ss_k_0_sim_netlist.v.
INFO: [IP_Flow 19-6926] IPCACHE: added file to list for BOM: /home/nothon/fpga2C/ZTurnV2/ZTurnV2.gen/sources_1/bd/main_design/ip/main_design_auto_ss_k_0/main_design_auto_ss_k_0_sim_netlist.v
INFO: [IP_Flow 19-6928] IPCACHE: copied cached file /home/nothon/fpga2C/ZTurnV2/ZTurnV2.cache/ip/2024.1/6/e/6e715abdc15f5367/main_design_auto_ss_k_0.dcp to /home/nothon/fpga2C/ZTurnV2/ZTurnV2.gen/sources_1/bd/main_design/ip/main_design_auto_ss_k_0/main_design_auto_ss_k_0.dcp.
INFO: [IP_Flow 19-6926] IPCACHE: added file to list for BOM: /home/nothon/fpga2C/ZTurnV2/ZTurnV2.gen/sources_1/bd/main_design/ip/main_design_auto_ss_k_0/main_design_auto_ss_k_0.dcp
INFO: [IP_Flow 19-6928] IPCACHE: copied cached file /home/nothon/fpga2C/ZTurnV2/ZTurnV2.cache/ip/2024.1/6/e/6e715abdc15f5367/main_design_auto_ss_k_0_sim_netlist.vhdl to /home/nothon/fpga2C/ZTurnV2/ZTurnV2.gen/sources_1/bd/main_design/ip/main_design_auto_ss_k_0/main_design_auto_ss_k_0_sim_netlist.vhdl.
INFO: [IP_Flow 19-6926] IPCACHE: added file to list for BOM: /home/nothon/fpga2C/ZTurnV2/ZTurnV2.gen/sources_1/bd/main_design/ip/main_design_auto_ss_k_0/main_design_auto_ss_k_0_sim_netlist.vhdl
INFO: [IP_Flow 19-6928] IPCACHE: copied cached file /home/nothon/fpga2C/ZTurnV2/ZTurnV2.cache/ip/2024.1/6/e/6e715abdc15f5367/main_design_auto_ss_k_0_stub.vhdl to /home/nothon/fpga2C/ZTurnV2/ZTurnV2.gen/sources_1/bd/main_design/ip/main_design_auto_ss_k_0/main_design_auto_ss_k_0_stub.vhdl.
INFO: [IP_Flow 19-6926] IPCACHE: added file to list for BOM: /home/nothon/fpga2C/ZTurnV2/ZTurnV2.gen/sources_1/bd/main_design/ip/main_design_auto_ss_k_0/main_design_auto_ss_k_0_stub.vhdl
INFO: [IP_Flow 19-6928] IPCACHE: copied cached file /home/nothon/fpga2C/ZTurnV2/ZTurnV2.cache/ip/2024.1/6/e/6e715abdc15f5367/main_design_auto_ss_k_0_stub.v to /home/nothon/fpga2C/ZTurnV2/ZTurnV2.gen/sources_1/bd/main_design/ip/main_design_auto_ss_k_0/main_design_auto_ss_k_0_stub.v.
INFO: [IP_Flow 19-6926] IPCACHE: added file to list for BOM: /home/nothon/fpga2C/ZTurnV2/ZTurnV2.gen/sources_1/bd/main_design/ip/main_design_auto_ss_k_0/main_design_auto_ss_k_0_stub.v
INFO: [IP_Flow 19-4993] Using cached IP synthesis design for IP main_design_auto_ss_k_0, cache-ID = 6e715abdc15f5367; cache size = 43.351 MB.
INFO: [IP_Flow 19-6924] IPCACHE: Running cache check for IP inst: main_design_auto_ss_k_1
INFO: [IP_Flow 19-6922] IPCACHE: Exporting cached entry a2e497601d0b83a0 to dir: /home/nothon/fpga2C/ZTurnV2/ZTurnV2.gen/sources_1/bd/main_design/ip/main_design_auto_ss_k_1
INFO: [IP_Flow 19-6928] IPCACHE: copied cached file /home/nothon/fpga2C/ZTurnV2/ZTurnV2.cache/ip/2024.1/a/2/a2e497601d0b83a0/main_design_auto_ss_k_1_sim_netlist.vhdl to /home/nothon/fpga2C/ZTurnV2/ZTurnV2.gen/sources_1/bd/main_design/ip/main_design_auto_ss_k_1/main_design_auto_ss_k_1_sim_netlist.vhdl.
INFO: [IP_Flow 19-6926] IPCACHE: added file to list for BOM: /home/nothon/fpga2C/ZTurnV2/ZTurnV2.gen/sources_1/bd/main_design/ip/main_design_auto_ss_k_1/main_design_auto_ss_k_1_sim_netlist.vhdl
INFO: [IP_Flow 19-6928] IPCACHE: copied cached file /home/nothon/fpga2C/ZTurnV2/ZTurnV2.cache/ip/2024.1/a/2/a2e497601d0b83a0/main_design_auto_ss_k_1_stub.vhdl to /home/nothon/fpga2C/ZTurnV2/ZTurnV2.gen/sources_1/bd/main_design/ip/main_design_auto_ss_k_1/main_design_auto_ss_k_1_stub.vhdl.
INFO: [IP_Flow 19-6926] IPCACHE: added file to list for BOM: /home/nothon/fpga2C/ZTurnV2/ZTurnV2.gen/sources_1/bd/main_design/ip/main_design_auto_ss_k_1/main_design_auto_ss_k_1_stub.vhdl
INFO: [IP_Flow 19-6928] IPCACHE: copied cached file /home/nothon/fpga2C/ZTurnV2/ZTurnV2.cache/ip/2024.1/a/2/a2e497601d0b83a0/main_design_auto_ss_k_1_stub.v to /home/nothon/fpga2C/ZTurnV2/ZTurnV2.gen/sources_1/bd/main_design/ip/main_design_auto_ss_k_1/main_design_auto_ss_k_1_stub.v.
INFO: [IP_Flow 19-6926] IPCACHE: added file to list for BOM: /home/nothon/fpga2C/ZTurnV2/ZTurnV2.gen/sources_1/bd/main_design/ip/main_design_auto_ss_k_1/main_design_auto_ss_k_1_stub.v
INFO: [IP_Flow 19-6928] IPCACHE: copied cached file /home/nothon/fpga2C/ZTurnV2/ZTurnV2.cache/ip/2024.1/a/2/a2e497601d0b83a0/main_design_auto_ss_k_1_sim_netlist.v to /home/nothon/fpga2C/ZTurnV2/ZTurnV2.gen/sources_1/bd/main_design/ip/main_design_auto_ss_k_1/main_design_auto_ss_k_1_sim_netlist.v.
INFO: [IP_Flow 19-6926] IPCACHE: added file to list for BOM: /home/nothon/fpga2C/ZTurnV2/ZTurnV2.gen/sources_1/bd/main_design/ip/main_design_auto_ss_k_1/main_design_auto_ss_k_1_sim_netlist.v
INFO: [IP_Flow 19-6928] IPCACHE: copied cached file /home/nothon/fpga2C/ZTurnV2/ZTurnV2.cache/ip/2024.1/a/2/a2e497601d0b83a0/main_design_auto_ss_k_1.dcp to /home/nothon/fpga2C/ZTurnV2/ZTurnV2.gen/sources_1/bd/main_design/ip/main_design_auto_ss_k_1/main_design_auto_ss_k_1.dcp.
INFO: [IP_Flow 19-6926] IPCACHE: added file to list for BOM: /home/nothon/fpga2C/ZTurnV2/ZTurnV2.gen/sources_1/bd/main_design/ip/main_design_auto_ss_k_1/main_design_auto_ss_k_1.dcp
INFO: [IP_Flow 19-4993] Using cached IP synthesis design for IP main_design_auto_ss_k_1, cache-ID = a2e497601d0b83a0; cache size = 43.351 MB.
INFO: [IP_Flow 19-6924] IPCACHE: Running cache check for IP inst: main_design_xbar_1
INFO: [IP_Flow 19-6924] IPCACHE: Running cache check for IP inst: main_design_auto_ss_k_2
INFO: [IP_Flow 19-6922] IPCACHE: Exporting cached entry 187db96906ba98c1 to dir: /home/nothon/fpga2C/ZTurnV2/ZTurnV2.gen/sources_1/bd/main_design/ip/main_design_auto_ss_k_2
INFO: [IP_Flow 19-6928] IPCACHE: copied cached file /home/nothon/fpga2C/ZTurnV2/ZTurnV2.cache/ip/2024.1/1/8/187db96906ba98c1/main_design_auto_ss_k_2_stub.v to /home/nothon/fpga2C/ZTurnV2/ZTurnV2.gen/sources_1/bd/main_design/ip/main_design_auto_ss_k_2/main_design_auto_ss_k_2_stub.v.
INFO: [IP_Flow 19-6926] IPCACHE: added file to list for BOM: /home/nothon/fpga2C/ZTurnV2/ZTurnV2.gen/sources_1/bd/main_design/ip/main_design_auto_ss_k_2/main_design_auto_ss_k_2_stub.v
INFO: [IP_Flow 19-6928] IPCACHE: copied cached file /home/nothon/fpga2C/ZTurnV2/ZTurnV2.cache/ip/2024.1/1/8/187db96906ba98c1/main_design_auto_ss_k_2_stub.vhdl to /home/nothon/fpga2C/ZTurnV2/ZTurnV2.gen/sources_1/bd/main_design/ip/main_design_auto_ss_k_2/main_design_auto_ss_k_2_stub.vhdl.
INFO: [IP_Flow 19-6926] IPCACHE: added file to list for BOM: /home/nothon/fpga2C/ZTurnV2/ZTurnV2.gen/sources_1/bd/main_design/ip/main_design_auto_ss_k_2/main_design_auto_ss_k_2_stub.vhdl
INFO: [IP_Flow 19-6928] IPCACHE: copied cached file /home/nothon/fpga2C/ZTurnV2/ZTurnV2.cache/ip/2024.1/1/8/187db96906ba98c1/main_design_auto_ss_k_2_sim_netlist.vhdl to /home/nothon/fpga2C/ZTurnV2/ZTurnV2.gen/sources_1/bd/main_design/ip/main_design_auto_ss_k_2/main_design_auto_ss_k_2_sim_netlist.vhdl.
INFO: [IP_Flow 19-6926] IPCACHE: added file to list for BOM: /home/nothon/fpga2C/ZTurnV2/ZTurnV2.gen/sources_1/bd/main_design/ip/main_design_auto_ss_k_2/main_design_auto_ss_k_2_sim_netlist.vhdl
INFO: [IP_Flow 19-6928] IPCACHE: copied cached file /home/nothon/fpga2C/ZTurnV2/ZTurnV2.cache/ip/2024.1/1/8/187db96906ba98c1/main_design_auto_ss_k_2.dcp to /home/nothon/fpga2C/ZTurnV2/ZTurnV2.gen/sources_1/bd/main_design/ip/main_design_auto_ss_k_2/main_design_auto_ss_k_2.dcp.
INFO: [IP_Flow 19-6926] IPCACHE: added file to list for BOM: /home/nothon/fpga2C/ZTurnV2/ZTurnV2.gen/sources_1/bd/main_design/ip/main_design_auto_ss_k_2/main_design_auto_ss_k_2.dcp
INFO: [IP_Flow 19-6928] IPCACHE: copied cached file /home/nothon/fpga2C/ZTurnV2/ZTurnV2.cache/ip/2024.1/1/8/187db96906ba98c1/main_design_auto_ss_k_2_sim_netlist.v to /home/nothon/fpga2C/ZTurnV2/ZTurnV2.gen/sources_1/bd/main_design/ip/main_design_auto_ss_k_2/main_design_auto_ss_k_2_sim_netlist.v.
INFO: [IP_Flow 19-6926] IPCACHE: added file to list for BOM: /home/nothon/fpga2C/ZTurnV2/ZTurnV2.gen/sources_1/bd/main_design/ip/main_design_auto_ss_k_2/main_design_auto_ss_k_2_sim_netlist.v
INFO: [IP_Flow 19-4993] Using cached IP synthesis design for IP main_design_auto_ss_k_2, cache-ID = 187db96906ba98c1; cache size = 43.351 MB.
INFO: [IP_Flow 19-6924] IPCACHE: Running cache check for IP inst: main_design_auto_us_1
INFO: [IP_Flow 19-6922] IPCACHE: Exporting cached entry b91d04615f514591 to dir: /home/nothon/fpga2C/ZTurnV2/ZTurnV2.gen/sources_1/bd/main_design/ip/main_design_auto_us_1
INFO: [IP_Flow 19-6928] IPCACHE: copied cached file /home/nothon/fpga2C/ZTurnV2/ZTurnV2.cache/ip/2024.1/b/9/b91d04615f514591/main_design_auto_us_1_sim_netlist.v to /home/nothon/fpga2C/ZTurnV2/ZTurnV2.gen/sources_1/bd/main_design/ip/main_design_auto_us_1/main_design_auto_us_1_sim_netlist.v.
INFO: [IP_Flow 19-6926] IPCACHE: added file to list for BOM: /home/nothon/fpga2C/ZTurnV2/ZTurnV2.gen/sources_1/bd/main_design/ip/main_design_auto_us_1/main_design_auto_us_1_sim_netlist.v
INFO: [IP_Flow 19-6928] IPCACHE: copied cached file /home/nothon/fpga2C/ZTurnV2/ZTurnV2.cache/ip/2024.1/b/9/b91d04615f514591/main_design_auto_us_1_stub.v to /home/nothon/fpga2C/ZTurnV2/ZTurnV2.gen/sources_1/bd/main_design/ip/main_design_auto_us_1/main_design_auto_us_1_stub.v.
INFO: [IP_Flow 19-6926] IPCACHE: added file to list for BOM: /home/nothon/fpga2C/ZTurnV2/ZTurnV2.gen/sources_1/bd/main_design/ip/main_design_auto_us_1/main_design_auto_us_1_stub.v
INFO: [IP_Flow 19-6928] IPCACHE: copied cached file /home/nothon/fpga2C/ZTurnV2/ZTurnV2.cache/ip/2024.1/b/9/b91d04615f514591/main_design_auto_us_1_stub.vhdl to /home/nothon/fpga2C/ZTurnV2/ZTurnV2.gen/sources_1/bd/main_design/ip/main_design_auto_us_1/main_design_auto_us_1_stub.vhdl.
INFO: [IP_Flow 19-6926] IPCACHE: added file to list for BOM: /home/nothon/fpga2C/ZTurnV2/ZTurnV2.gen/sources_1/bd/main_design/ip/main_design_auto_us_1/main_design_auto_us_1_stub.vhdl
INFO: [IP_Flow 19-6928] IPCACHE: copied cached file /home/nothon/fpga2C/ZTurnV2/ZTurnV2.cache/ip/2024.1/b/9/b91d04615f514591/main_design_auto_us_1.dcp to /home/nothon/fpga2C/ZTurnV2/ZTurnV2.gen/sources_1/bd/main_design/ip/main_design_auto_us_1/main_design_auto_us_1.dcp.
INFO: [IP_Flow 19-6926] IPCACHE: added file to list for BOM: /home/nothon/fpga2C/ZTurnV2/ZTurnV2.gen/sources_1/bd/main_design/ip/main_design_auto_us_1/main_design_auto_us_1.dcp
INFO: [IP_Flow 19-6928] IPCACHE: copied cached file /home/nothon/fpga2C/ZTurnV2/ZTurnV2.cache/ip/2024.1/b/9/b91d04615f514591/main_design_auto_us_1_sim_netlist.vhdl to /home/nothon/fpga2C/ZTurnV2/ZTurnV2.gen/sources_1/bd/main_design/ip/main_design_auto_us_1/main_design_auto_us_1_sim_netlist.vhdl.
INFO: [IP_Flow 19-6926] IPCACHE: added file to list for BOM: /home/nothon/fpga2C/ZTurnV2/ZTurnV2.gen/sources_1/bd/main_design/ip/main_design_auto_us_1/main_design_auto_us_1_sim_netlist.vhdl
INFO: [IP_Flow 19-4993] Using cached IP synthesis design for IP main_design_auto_us_1, cache-ID = b91d04615f514591; cache size = 43.351 MB.
INFO: [IP_Flow 19-6924] IPCACHE: Running cache check for IP inst: main_design_auto_ss_slid_0
INFO: [IP_Flow 19-6922] IPCACHE: Exporting cached entry 097f563461a42aad to dir: /home/nothon/fpga2C/ZTurnV2/ZTurnV2.gen/sources_1/bd/main_design/ip/main_design_auto_ss_slid_0
INFO: [IP_Flow 19-6928] IPCACHE: copied cached file /home/nothon/fpga2C/ZTurnV2/ZTurnV2.cache/ip/2024.1/0/9/097f563461a42aad/main_design_auto_ss_slid_0_stub.vhdl to /home/nothon/fpga2C/ZTurnV2/ZTurnV2.gen/sources_1/bd/main_design/ip/main_design_auto_ss_slid_0/main_design_auto_ss_slid_0_stub.vhdl.
INFO: [IP_Flow 19-6926] IPCACHE: added file to list for BOM: /home/nothon/fpga2C/ZTurnV2/ZTurnV2.gen/sources_1/bd/main_design/ip/main_design_auto_ss_slid_0/main_design_auto_ss_slid_0_stub.vhdl
INFO: [IP_Flow 19-6928] IPCACHE: copied cached file /home/nothon/fpga2C/ZTurnV2/ZTurnV2.cache/ip/2024.1/0/9/097f563461a42aad/main_design_auto_ss_slid_0.dcp to /home/nothon/fpga2C/ZTurnV2/ZTurnV2.gen/sources_1/bd/main_design/ip/main_design_auto_ss_slid_0/main_design_auto_ss_slid_0.dcp.
INFO: [IP_Flow 19-6926] IPCACHE: added file to list for BOM: /home/nothon/fpga2C/ZTurnV2/ZTurnV2.gen/sources_1/bd/main_design/ip/main_design_auto_ss_slid_0/main_design_auto_ss_slid_0.dcp
INFO: [IP_Flow 19-6928] IPCACHE: copied cached file /home/nothon/fpga2C/ZTurnV2/ZTurnV2.cache/ip/2024.1/0/9/097f563461a42aad/main_design_auto_ss_slid_0_sim_netlist.vhdl to /home/nothon/fpga2C/ZTurnV2/ZTurnV2.gen/sources_1/bd/main_design/ip/main_design_auto_ss_slid_0/main_design_auto_ss_slid_0_sim_netlist.vhdl.
INFO: [IP_Flow 19-6926] IPCACHE: added file to list for BOM: /home/nothon/fpga2C/ZTurnV2/ZTurnV2.gen/sources_1/bd/main_design/ip/main_design_auto_ss_slid_0/main_design_auto_ss_slid_0_sim_netlist.vhdl
INFO: [IP_Flow 19-6928] IPCACHE: copied cached file /home/nothon/fpga2C/ZTurnV2/ZTurnV2.cache/ip/2024.1/0/9/097f563461a42aad/main_design_auto_ss_slid_0_stub.v to /home/nothon/fpga2C/ZTurnV2/ZTurnV2.gen/sources_1/bd/main_design/ip/main_design_auto_ss_slid_0/main_design_auto_ss_slid_0_stub.v.
INFO: [IP_Flow 19-6926] IPCACHE: added file to list for BOM: /home/nothon/fpga2C/ZTurnV2/ZTurnV2.gen/sources_1/bd/main_design/ip/main_design_auto_ss_slid_0/main_design_auto_ss_slid_0_stub.v
INFO: [IP_Flow 19-6928] IPCACHE: copied cached file /home/nothon/fpga2C/ZTurnV2/ZTurnV2.cache/ip/2024.1/0/9/097f563461a42aad/main_design_auto_ss_slid_0_sim_netlist.v to /home/nothon/fpga2C/ZTurnV2/ZTurnV2.gen/sources_1/bd/main_design/ip/main_design_auto_ss_slid_0/main_design_auto_ss_slid_0_sim_netlist.v.
INFO: [IP_Flow 19-6926] IPCACHE: added file to list for BOM: /home/nothon/fpga2C/ZTurnV2/ZTurnV2.gen/sources_1/bd/main_design/ip/main_design_auto_ss_slid_0/main_design_auto_ss_slid_0_sim_netlist.v
INFO: [IP_Flow 19-4993] Using cached IP synthesis design for IP main_design_auto_ss_slid_0, cache-ID = 097f563461a42aad; cache size = 43.351 MB.
INFO: [IP_Flow 19-6924] IPCACHE: Running cache check for IP inst: main_design_auto_ss_slidr_0
INFO: [IP_Flow 19-6922] IPCACHE: Exporting cached entry fabf12fa275dc3c2 to dir: /home/nothon/fpga2C/ZTurnV2/ZTurnV2.gen/sources_1/bd/main_design/ip/main_design_auto_ss_slidr_0
INFO: [IP_Flow 19-6928] IPCACHE: copied cached file /home/nothon/fpga2C/ZTurnV2/ZTurnV2.cache/ip/2024.1/f/a/fabf12fa275dc3c2/main_design_auto_ss_slidr_0_stub.vhdl to /home/nothon/fpga2C/ZTurnV2/ZTurnV2.gen/sources_1/bd/main_design/ip/main_design_auto_ss_slidr_0/main_design_auto_ss_slidr_0_stub.vhdl.
INFO: [IP_Flow 19-6926] IPCACHE: added file to list for BOM: /home/nothon/fpga2C/ZTurnV2/ZTurnV2.gen/sources_1/bd/main_design/ip/main_design_auto_ss_slidr_0/main_design_auto_ss_slidr_0_stub.vhdl
INFO: [IP_Flow 19-6928] IPCACHE: copied cached file /home/nothon/fpga2C/ZTurnV2/ZTurnV2.cache/ip/2024.1/f/a/fabf12fa275dc3c2/main_design_auto_ss_slidr_0_stub.v to /home/nothon/fpga2C/ZTurnV2/ZTurnV2.gen/sources_1/bd/main_design/ip/main_design_auto_ss_slidr_0/main_design_auto_ss_slidr_0_stub.v.
INFO: [IP_Flow 19-6926] IPCACHE: added file to list for BOM: /home/nothon/fpga2C/ZTurnV2/ZTurnV2.gen/sources_1/bd/main_design/ip/main_design_auto_ss_slidr_0/main_design_auto_ss_slidr_0_stub.v
INFO: [IP_Flow 19-6928] IPCACHE: copied cached file /home/nothon/fpga2C/ZTurnV2/ZTurnV2.cache/ip/2024.1/f/a/fabf12fa275dc3c2/main_design_auto_ss_slidr_0_sim_netlist.v to /home/nothon/fpga2C/ZTurnV2/ZTurnV2.gen/sources_1/bd/main_design/ip/main_design_auto_ss_slidr_0/main_design_auto_ss_slidr_0_sim_netlist.v.
INFO: [IP_Flow 19-6926] IPCACHE: added file to list for BOM: /home/nothon/fpga2C/ZTurnV2/ZTurnV2.gen/sources_1/bd/main_design/ip/main_design_auto_ss_slidr_0/main_design_auto_ss_slidr_0_sim_netlist.v
INFO: [IP_Flow 19-6928] IPCACHE: copied cached file /home/nothon/fpga2C/ZTurnV2/ZTurnV2.cache/ip/2024.1/f/a/fabf12fa275dc3c2/main_design_auto_ss_slidr_0.dcp to /home/nothon/fpga2C/ZTurnV2/ZTurnV2.gen/sources_1/bd/main_design/ip/main_design_auto_ss_slidr_0/main_design_auto_ss_slidr_0.dcp.
INFO: [IP_Flow 19-6926] IPCACHE: added file to list for BOM: /home/nothon/fpga2C/ZTurnV2/ZTurnV2.gen/sources_1/bd/main_design/ip/main_design_auto_ss_slidr_0/main_design_auto_ss_slidr_0.dcp
INFO: [IP_Flow 19-6928] IPCACHE: copied cached file /home/nothon/fpga2C/ZTurnV2/ZTurnV2.cache/ip/2024.1/f/a/fabf12fa275dc3c2/main_design_auto_ss_slidr_0_sim_netlist.vhdl to /home/nothon/fpga2C/ZTurnV2/ZTurnV2.gen/sources_1/bd/main_design/ip/main_design_auto_ss_slidr_0/main_design_auto_ss_slidr_0_sim_netlist.vhdl.
INFO: [IP_Flow 19-6926] IPCACHE: added file to list for BOM: /home/nothon/fpga2C/ZTurnV2/ZTurnV2.gen/sources_1/bd/main_design/ip/main_design_auto_ss_slidr_0/main_design_auto_ss_slidr_0_sim_netlist.vhdl
INFO: [IP_Flow 19-4993] Using cached IP synthesis design for IP main_design_auto_ss_slidr_0, cache-ID = fabf12fa275dc3c2; cache size = 43.351 MB.
INFO: [IP_Flow 19-6924] IPCACHE: Running cache check for IP inst: main_design_auto_ss_slidr_1
INFO: [IP_Flow 19-6922] IPCACHE: Exporting cached entry 362adf27fb091305 to dir: /home/nothon/fpga2C/ZTurnV2/ZTurnV2.gen/sources_1/bd/main_design/ip/main_design_auto_ss_slidr_1
INFO: [IP_Flow 19-6928] IPCACHE: copied cached file /home/nothon/fpga2C/ZTurnV2/ZTurnV2.cache/ip/2024.1/3/6/362adf27fb091305/main_design_auto_ss_slidr_1_stub.v to /home/nothon/fpga2C/ZTurnV2/ZTurnV2.gen/sources_1/bd/main_design/ip/main_design_auto_ss_slidr_1/main_design_auto_ss_slidr_1_stub.v.
INFO: [IP_Flow 19-6926] IPCACHE: added file to list for BOM: /home/nothon/fpga2C/ZTurnV2/ZTurnV2.gen/sources_1/bd/main_design/ip/main_design_auto_ss_slidr_1/main_design_auto_ss_slidr_1_stub.v
INFO: [IP_Flow 19-6928] IPCACHE: copied cached file /home/nothon/fpga2C/ZTurnV2/ZTurnV2.cache/ip/2024.1/3/6/362adf27fb091305/main_design_auto_ss_slidr_1_stub.vhdl to /home/nothon/fpga2C/ZTurnV2/ZTurnV2.gen/sources_1/bd/main_design/ip/main_design_auto_ss_slidr_1/main_design_auto_ss_slidr_1_stub.vhdl.
INFO: [IP_Flow 19-6926] IPCACHE: added file to list for BOM: /home/nothon/fpga2C/ZTurnV2/ZTurnV2.gen/sources_1/bd/main_design/ip/main_design_auto_ss_slidr_1/main_design_auto_ss_slidr_1_stub.vhdl
INFO: [IP_Flow 19-6928] IPCACHE: copied cached file /home/nothon/fpga2C/ZTurnV2/ZTurnV2.cache/ip/2024.1/3/6/362adf27fb091305/main_design_auto_ss_slidr_1_sim_netlist.v to /home/nothon/fpga2C/ZTurnV2/ZTurnV2.gen/sources_1/bd/main_design/ip/main_design_auto_ss_slidr_1/main_design_auto_ss_slidr_1_sim_netlist.v.
INFO: [IP_Flow 19-6926] IPCACHE: added file to list for BOM: /home/nothon/fpga2C/ZTurnV2/ZTurnV2.gen/sources_1/bd/main_design/ip/main_design_auto_ss_slidr_1/main_design_auto_ss_slidr_1_sim_netlist.v
INFO: [IP_Flow 19-6928] IPCACHE: copied cached file /home/nothon/fpga2C/ZTurnV2/ZTurnV2.cache/ip/2024.1/3/6/362adf27fb091305/main_design_auto_ss_slidr_1.dcp to /home/nothon/fpga2C/ZTurnV2/ZTurnV2.gen/sources_1/bd/main_design/ip/main_design_auto_ss_slidr_1/main_design_auto_ss_slidr_1.dcp.
INFO: [IP_Flow 19-6926] IPCACHE: added file to list for BOM: /home/nothon/fpga2C/ZTurnV2/ZTurnV2.gen/sources_1/bd/main_design/ip/main_design_auto_ss_slidr_1/main_design_auto_ss_slidr_1.dcp
INFO: [IP_Flow 19-6928] IPCACHE: copied cached file /home/nothon/fpga2C/ZTurnV2/ZTurnV2.cache/ip/2024.1/3/6/362adf27fb091305/main_design_auto_ss_slidr_1_sim_netlist.vhdl to /home/nothon/fpga2C/ZTurnV2/ZTurnV2.gen/sources_1/bd/main_design/ip/main_design_auto_ss_slidr_1/main_design_auto_ss_slidr_1_sim_netlist.vhdl.
INFO: [IP_Flow 19-6926] IPCACHE: added file to list for BOM: /home/nothon/fpga2C/ZTurnV2/ZTurnV2.gen/sources_1/bd/main_design/ip/main_design_auto_ss_slidr_1/main_design_auto_ss_slidr_1_sim_netlist.vhdl
INFO: [IP_Flow 19-4993] Using cached IP synthesis design for IP main_design_auto_ss_slidr_1, cache-ID = 362adf27fb091305; cache size = 43.351 MB.
INFO: [IP_Flow 19-6924] IPCACHE: Running cache check for IP inst: main_design_auto_us_2
INFO: [IP_Flow 19-6922] IPCACHE: Exporting cached entry 4e0499fda76f241e to dir: /home/nothon/fpga2C/ZTurnV2/ZTurnV2.gen/sources_1/bd/main_design/ip/main_design_auto_us_2
INFO: [IP_Flow 19-6928] IPCACHE: copied cached file /home/nothon/fpga2C/ZTurnV2/ZTurnV2.cache/ip/2024.1/4/e/4e0499fda76f241e/main_design_auto_us_2_stub.v to /home/nothon/fpga2C/ZTurnV2/ZTurnV2.gen/sources_1/bd/main_design/ip/main_design_auto_us_2/main_design_auto_us_2_stub.v.
INFO: [IP_Flow 19-6926] IPCACHE: added file to list for BOM: /home/nothon/fpga2C/ZTurnV2/ZTurnV2.gen/sources_1/bd/main_design/ip/main_design_auto_us_2/main_design_auto_us_2_stub.v
INFO: [IP_Flow 19-6928] IPCACHE: copied cached file /home/nothon/fpga2C/ZTurnV2/ZTurnV2.cache/ip/2024.1/4/e/4e0499fda76f241e/main_design_auto_us_2_sim_netlist.vhdl to /home/nothon/fpga2C/ZTurnV2/ZTurnV2.gen/sources_1/bd/main_design/ip/main_design_auto_us_2/main_design_auto_us_2_sim_netlist.vhdl.
INFO: [IP_Flow 19-6926] IPCACHE: added file to list for BOM: /home/nothon/fpga2C/ZTurnV2/ZTurnV2.gen/sources_1/bd/main_design/ip/main_design_auto_us_2/main_design_auto_us_2_sim_netlist.vhdl
INFO: [IP_Flow 19-6928] IPCACHE: copied cached file /home/nothon/fpga2C/ZTurnV2/ZTurnV2.cache/ip/2024.1/4/e/4e0499fda76f241e/main_design_auto_us_2_sim_netlist.v to /home/nothon/fpga2C/ZTurnV2/ZTurnV2.gen/sources_1/bd/main_design/ip/main_design_auto_us_2/main_design_auto_us_2_sim_netlist.v.
INFO: [IP_Flow 19-6926] IPCACHE: added file to list for BOM: /home/nothon/fpga2C/ZTurnV2/ZTurnV2.gen/sources_1/bd/main_design/ip/main_design_auto_us_2/main_design_auto_us_2_sim_netlist.v
INFO: [IP_Flow 19-6928] IPCACHE: copied cached file /home/nothon/fpga2C/ZTurnV2/ZTurnV2.cache/ip/2024.1/4/e/4e0499fda76f241e/main_design_auto_us_2.dcp to /home/nothon/fpga2C/ZTurnV2/ZTurnV2.gen/sources_1/bd/main_design/ip/main_design_auto_us_2/main_design_auto_us_2.dcp.
INFO: [IP_Flow 19-6926] IPCACHE: added file to list for BOM: /home/nothon/fpga2C/ZTurnV2/ZTurnV2.gen/sources_1/bd/main_design/ip/main_design_auto_us_2/main_design_auto_us_2.dcp
INFO: [IP_Flow 19-6928] IPCACHE: copied cached file /home/nothon/fpga2C/ZTurnV2/ZTurnV2.cache/ip/2024.1/4/e/4e0499fda76f241e/main_design_auto_us_2_stub.vhdl to /home/nothon/fpga2C/ZTurnV2/ZTurnV2.gen/sources_1/bd/main_design/ip/main_design_auto_us_2/main_design_auto_us_2_stub.vhdl.
INFO: [IP_Flow 19-6926] IPCACHE: added file to list for BOM: /home/nothon/fpga2C/ZTurnV2/ZTurnV2.gen/sources_1/bd/main_design/ip/main_design_auto_us_2/main_design_auto_us_2_stub.vhdl
INFO: [IP_Flow 19-4993] Using cached IP synthesis design for IP main_design_auto_us_2, cache-ID = 4e0499fda76f241e; cache size = 43.351 MB.
INFO: [IP_Flow 19-6924] IPCACHE: Running cache check for IP inst: main_design_auto_ss_slidr_2
INFO: [IP_Flow 19-6922] IPCACHE: Exporting cached entry 112c015882c847f1 to dir: /home/nothon/fpga2C/ZTurnV2/ZTurnV2.gen/sources_1/bd/main_design/ip/main_design_auto_ss_slidr_2
INFO: [IP_Flow 19-6928] IPCACHE: copied cached file /home/nothon/fpga2C/ZTurnV2/ZTurnV2.cache/ip/2024.1/1/1/112c015882c847f1/main_design_auto_ss_slidr_2_sim_netlist.vhdl to /home/nothon/fpga2C/ZTurnV2/ZTurnV2.gen/sources_1/bd/main_design/ip/main_design_auto_ss_slidr_2/main_design_auto_ss_slidr_2_sim_netlist.vhdl.
INFO: [IP_Flow 19-6926] IPCACHE: added file to list for BOM: /home/nothon/fpga2C/ZTurnV2/ZTurnV2.gen/sources_1/bd/main_design/ip/main_design_auto_ss_slidr_2/main_design_auto_ss_slidr_2_sim_netlist.vhdl
INFO: [IP_Flow 19-6928] IPCACHE: copied cached file /home/nothon/fpga2C/ZTurnV2/ZTurnV2.cache/ip/2024.1/1/1/112c015882c847f1/main_design_auto_ss_slidr_2_stub.vhdl to /home/nothon/fpga2C/ZTurnV2/ZTurnV2.gen/sources_1/bd/main_design/ip/main_design_auto_ss_slidr_2/main_design_auto_ss_slidr_2_stub.vhdl.
INFO: [IP_Flow 19-6926] IPCACHE: added file to list for BOM: /home/nothon/fpga2C/ZTurnV2/ZTurnV2.gen/sources_1/bd/main_design/ip/main_design_auto_ss_slidr_2/main_design_auto_ss_slidr_2_stub.vhdl
INFO: [IP_Flow 19-6928] IPCACHE: copied cached file /home/nothon/fpga2C/ZTurnV2/ZTurnV2.cache/ip/2024.1/1/1/112c015882c847f1/main_design_auto_ss_slidr_2.dcp to /home/nothon/fpga2C/ZTurnV2/ZTurnV2.gen/sources_1/bd/main_design/ip/main_design_auto_ss_slidr_2/main_design_auto_ss_slidr_2.dcp.
INFO: [IP_Flow 19-6926] IPCACHE: added file to list for BOM: /home/nothon/fpga2C/ZTurnV2/ZTurnV2.gen/sources_1/bd/main_design/ip/main_design_auto_ss_slidr_2/main_design_auto_ss_slidr_2.dcp
INFO: [IP_Flow 19-6928] IPCACHE: copied cached file /home/nothon/fpga2C/ZTurnV2/ZTurnV2.cache/ip/2024.1/1/1/112c015882c847f1/main_design_auto_ss_slidr_2_sim_netlist.v to /home/nothon/fpga2C/ZTurnV2/ZTurnV2.gen/sources_1/bd/main_design/ip/main_design_auto_ss_slidr_2/main_design_auto_ss_slidr_2_sim_netlist.v.
INFO: [IP_Flow 19-6926] IPCACHE: added file to list for BOM: /home/nothon/fpga2C/ZTurnV2/ZTurnV2.gen/sources_1/bd/main_design/ip/main_design_auto_ss_slidr_2/main_design_auto_ss_slidr_2_sim_netlist.v
INFO: [IP_Flow 19-6928] IPCACHE: copied cached file /home/nothon/fpga2C/ZTurnV2/ZTurnV2.cache/ip/2024.1/1/1/112c015882c847f1/main_design_auto_ss_slidr_2_stub.v to /home/nothon/fpga2C/ZTurnV2/ZTurnV2.gen/sources_1/bd/main_design/ip/main_design_auto_ss_slidr_2/main_design_auto_ss_slidr_2_stub.v.
INFO: [IP_Flow 19-6926] IPCACHE: added file to list for BOM: /home/nothon/fpga2C/ZTurnV2/ZTurnV2.gen/sources_1/bd/main_design/ip/main_design_auto_ss_slidr_2/main_design_auto_ss_slidr_2_stub.v
INFO: [IP_Flow 19-4993] Using cached IP synthesis design for IP main_design_auto_ss_slidr_2, cache-ID = 112c015882c847f1; cache size = 43.351 MB.
INFO: [IP_Flow 19-6924] IPCACHE: Running cache check for IP inst: main_design_auto_us_0
INFO: [IP_Flow 19-6922] IPCACHE: Exporting cached entry 55d0a10c7c211895 to dir: /home/nothon/fpga2C/ZTurnV2/ZTurnV2.gen/sources_1/bd/main_design/ip/main_design_auto_us_0
INFO: [IP_Flow 19-6928] IPCACHE: copied cached file /home/nothon/fpga2C/ZTurnV2/ZTurnV2.cache/ip/2024.1/5/5/55d0a10c7c211895/main_design_auto_us_0_stub.vhdl to /home/nothon/fpga2C/ZTurnV2/ZTurnV2.gen/sources_1/bd/main_design/ip/main_design_auto_us_0/main_design_auto_us_0_stub.vhdl.
INFO: [IP_Flow 19-6926] IPCACHE: added file to list for BOM: /home/nothon/fpga2C/ZTurnV2/ZTurnV2.gen/sources_1/bd/main_design/ip/main_design_auto_us_0/main_design_auto_us_0_stub.vhdl
INFO: [IP_Flow 19-6928] IPCACHE: copied cached file /home/nothon/fpga2C/ZTurnV2/ZTurnV2.cache/ip/2024.1/5/5/55d0a10c7c211895/main_design_auto_us_0_sim_netlist.vhdl to /home/nothon/fpga2C/ZTurnV2/ZTurnV2.gen/sources_1/bd/main_design/ip/main_design_auto_us_0/main_design_auto_us_0_sim_netlist.vhdl.
INFO: [IP_Flow 19-6926] IPCACHE: added file to list for BOM: /home/nothon/fpga2C/ZTurnV2/ZTurnV2.gen/sources_1/bd/main_design/ip/main_design_auto_us_0/main_design_auto_us_0_sim_netlist.vhdl
INFO: [IP_Flow 19-6928] IPCACHE: copied cached file /home/nothon/fpga2C/ZTurnV2/ZTurnV2.cache/ip/2024.1/5/5/55d0a10c7c211895/main_design_auto_us_0_sim_netlist.v to /home/nothon/fpga2C/ZTurnV2/ZTurnV2.gen/sources_1/bd/main_design/ip/main_design_auto_us_0/main_design_auto_us_0_sim_netlist.v.
INFO: [IP_Flow 19-6926] IPCACHE: added file to list for BOM: /home/nothon/fpga2C/ZTurnV2/ZTurnV2.gen/sources_1/bd/main_design/ip/main_design_auto_us_0/main_design_auto_us_0_sim_netlist.v
INFO: [IP_Flow 19-6928] IPCACHE: copied cached file /home/nothon/fpga2C/ZTurnV2/ZTurnV2.cache/ip/2024.1/5/5/55d0a10c7c211895/main_design_auto_us_0_stub.v to /home/nothon/fpga2C/ZTurnV2/ZTurnV2.gen/sources_1/bd/main_design/ip/main_design_auto_us_0/main_design_auto_us_0_stub.v.
INFO: [IP_Flow 19-6926] IPCACHE: added file to list for BOM: /home/nothon/fpga2C/ZTurnV2/ZTurnV2.gen/sources_1/bd/main_design/ip/main_design_auto_us_0/main_design_auto_us_0_stub.v
INFO: [IP_Flow 19-6928] IPCACHE: copied cached file /home/nothon/fpga2C/ZTurnV2/ZTurnV2.cache/ip/2024.1/5/5/55d0a10c7c211895/main_design_auto_us_0.dcp to /home/nothon/fpga2C/ZTurnV2/ZTurnV2.gen/sources_1/bd/main_design/ip/main_design_auto_us_0/main_design_auto_us_0.dcp.
INFO: [IP_Flow 19-6926] IPCACHE: added file to list for BOM: /home/nothon/fpga2C/ZTurnV2/ZTurnV2.gen/sources_1/bd/main_design/ip/main_design_auto_us_0/main_design_auto_us_0.dcp
INFO: [IP_Flow 19-4993] Using cached IP synthesis design for IP main_design_auto_us_0, cache-ID = 55d0a10c7c211895; cache size = 43.351 MB.
[Thu Jul 18 12:26:24 2024] Launched main_design_xbar_1_synth_1, synth_1...
Run output will be captured here:
main_design_xbar_1_synth_1: /home/nothon/fpga2C/ZTurnV2/ZTurnV2.runs/main_design_xbar_1_synth_1/runme.log
synth_1: /home/nothon/fpga2C/ZTurnV2/ZTurnV2.runs/synth_1/runme.log
[Thu Jul 18 12:26:24 2024] Launched impl_1...
Run output will be captured here: /home/nothon/fpga2C/ZTurnV2/ZTurnV2.runs/impl_1/runme.log
reset_run synth_1
launch_runs impl_1 -jobs 4
[Thu Jul 18 12:31:43 2024] Launched synth_1...
Run output will be captured here: /home/nothon/fpga2C/ZTurnV2/ZTurnV2.runs/synth_1/runme.log
[Thu Jul 18 12:31:43 2024] Launched impl_1...
Run output will be captured here: /home/nothon/fpga2C/ZTurnV2/ZTurnV2.runs/impl_1/runme.log
open_run impl_1
INFO: [Device 21-403] Loading part xc7z020clg400-2
INFO: [Device 21-9227] Part: xc7z020clg400-2 does not have CEAM library.
Netlist sorting complete. Time (s): cpu = 00:00:00.26 ; elapsed = 00:00:00.26 . Memory (MB): peak = 10544.680 ; gain = 0.000 ; free physical = 150 ; free virtual = 12587
INFO: [Netlist 29-17] Analyzing 115 Unisim elements for replacement
INFO: [Netlist 29-28] Unisim Transformation completed in 0 CPU seconds
INFO: [Project 1-479] Netlist was created with Vivado 2024.1
INFO: [Project 1-570] Preparing netlist for logic optimization
Read ShapeDB Complete: Time (s): cpu = 00:00:00.04 ; elapsed = 00:00:00.04 . Memory (MB): peak = 10544.680 ; gain = 0.000 ; free physical = 1818 ; free virtual = 14621
INFO: [Timing 38-478] Restoring timing data from binary archive.
INFO: [Timing 38-479] Binary timing data restore complete.
INFO: [Project 1-856] Restoring constraints from binary archive.
INFO: [Project 1-853] Binary constraint restore complete.
INFO: [Designutils 20-5722] Start Reading Physical Databases.
Reading placement.
Read Netlist Cache: Time (s): cpu = 00:00:00.02 ; elapsed = 00:00:00.02 . Memory (MB): peak = 10544.680 ; gain = 0.000 ; free physical = 1129 ; free virtual = 14076
Reading placer database...
Read Device Cache: Time (s): cpu = 00:00:00.04 ; elapsed = 00:00:00.04 . Memory (MB): peak = 10544.680 ; gain = 0.000 ; free physical = 1128 ; free virtual = 14076
Read PlaceDB: Time (s): cpu = 00:00:00.97 ; elapsed = 00:00:00.95 . Memory (MB): peak = 10544.680 ; gain = 0.000 ; free physical = 1119 ; free virtual = 14071
Read PulsedLatchDB: Time (s): cpu = 00:00:00 ; elapsed = 00:00:00 . Memory (MB): peak = 10544.680 ; gain = 0.000 ; free physical = 1119 ; free virtual = 14071
Reading routing.
Read RouteStorage: Time (s): cpu = 00:00:00.38 ; elapsed = 00:00:00.21 . Memory (MB): peak = 10544.680 ; gain = 0.000 ; free physical = 1114 ; free virtual = 14066
Read Physdb Files: Time (s): cpu = 00:00:01 ; elapsed = 00:00:01 . Memory (MB): peak = 10544.680 ; gain = 0.000 ; free physical = 1114 ; free virtual = 14066
Restored from archive | CPU: 1.500000 secs | Memory: 10.720779 MB |
Finished XDEF File Restore: Time (s): cpu = 00:00:01 ; elapsed = 00:00:01 . Memory (MB): peak = 10544.680 ; gain = 0.000 ; free physical = 1114 ; free virtual = 14066
Netlist sorting complete. Time (s): cpu = 00:00:00 ; elapsed = 00:00:00 . Memory (MB): peak = 10544.680 ; gain = 0.000 ; free physical = 1111 ; free virtual = 14070
INFO: [Project 1-111] Unisim Transformation Summary:
  A total of 9 instances were transformed.
  RAM32M => RAM32M (RAMD32(x6), RAMS32(x2)): 4 instances
  RAM32X1D => RAM32X1D (RAMD32(x2)): 1 instance 
  SRLC32E => SRL16E: 4 instances

open_run: Time (s): cpu = 00:00:55 ; elapsed = 00:00:38 . Memory (MB): peak = 10544.680 ; gain = 0.000 ; free physical = 436 ; free virtual = 13609
close_design
startgroup
set_property -dict [list \
  CONFIG.S00_HAS_DATA_FIFO {2} \
  CONFIG.S01_HAS_DATA_FIFO {2} \
  CONFIG.S02_HAS_DATA_FIFO {2} \
  CONFIG.STRATEGY {2} \
] [get_bd_cells axi_mem_intercon]
endgroup
startgroup
endgroup
startgroup
set_property CONFIG.NUM_MI {2} [get_bd_cells ps7_0_axi_periph]
endgroup
save_bd_design
Wrote  : </home/nothon/fpga2C/ZTurnV2/ZTurnV2.srcs/sources_1/bd/main_design/main_design.bd> 
Wrote  : </home/nothon/fpga2C/ZTurnV2/ZTurnV2.srcs/sources_1/bd/main_design/ui/bd_9e3c1764.ui> 
exit
INFO: [Common 17-206] Exiting Vivado at Thu Jul 18 12:57:01 2024...
