#-----------------------------------------------------------
# Vivado v2024.1 (64-bit)
# SW Build 5076996 on Wed May 22 18:36:09 MDT 2024
# IP Build 5075265 on Wed May 22 21:45:21 MDT 2024
# SharedData Build 5076995 on Wed May 22 18:29:18 MDT 2024
# Start of session at: Fri Aug  2 09:14:06 2024
# Process ID: 31035
# Current directory: /home/nothon/fpga2C
# Command line: vivado
# Log file: /home/nothon/fpga2C/vivado.log
# Journal file: /home/nothon/fpga2C/vivado.jou
# Running On        :nothon-Swift-SF314-57
# Platform          :Ubuntu
# Operating System  :Ubuntu 24.04 LTS
# Processor Detail  :Intel(R) Core(TM) i7-1065G7 CPU @ 1.30GHz
# CPU Frequency     :3500.000 MHz
# CPU Physical cores:4
# CPU Logical cores :8
# Host memory       :7990 MB
# Swap memory       :21474 MB
# Total Virtual     :29465 MB
# Available Virtual :21710 MB
#-----------------------------------------------------------
start_gui
WARNING: [Board 49-26] cannot add Board Part xilinx.com:ac701:part0:1.4 available at /tools/Xilinx/Vivado/2024.1/data/xhub/boards/XilinxBoardStore/boards/Xilinx/ac701/1.4/board.xml as part xc7a200tfbg676-2 specified in board_part file is either invalid or not available
WARNING: [Board 49-26] cannot add Board Part xilinx.com:k24c:part0:1.0 available at /tools/Xilinx/Vivado/2024.1/data/xhub/boards/XilinxBoardStore/boards/Xilinx/k24c/1.0/board.xml as part xck24-ubva530-2lv-c specified in board_part file is either invalid or not available
WARNING: [Board 49-26] cannot add Board Part xilinx.com:k24i:part0:1.0 available at /tools/Xilinx/Vivado/2024.1/data/xhub/boards/XilinxBoardStore/boards/Xilinx/k24i/1.0/board.xml as part xck24-ubva530-2lvi-i specified in board_part file is either invalid or not available
WARNING: [Board 49-26] cannot add Board Part xilinx.com:k26c:part0:1.2 available at /tools/Xilinx/Vivado/2024.1/data/xhub/boards/XilinxBoardStore/boards/Xilinx/k26c/1.2/board.xml as part xck26-sfvc784-2lv-c specified in board_part file is either invalid or not available
WARNING: [Board 49-26] cannot add Board Part xilinx.com:k26c:part0:1.3 available at /tools/Xilinx/Vivado/2024.1/data/xhub/boards/XilinxBoardStore/boards/Xilinx/k26c/1.3/board.xml as part xck26-sfvc784-2lv-c specified in board_part file is either invalid or not available
WARNING: [Board 49-26] cannot add Board Part xilinx.com:k26c:part0:1.4 available at /tools/Xilinx/Vivado/2024.1/data/xhub/boards/XilinxBoardStore/boards/Xilinx/k26c/1.4/board.xml as part xck26-sfvc784-2lv-c specified in board_part file is either invalid or not available
WARNING: [Board 49-26] cannot add Board Part xilinx.com:k26i:part0:1.2 available at /tools/Xilinx/Vivado/2024.1/data/xhub/boards/XilinxBoardStore/boards/Xilinx/k26i/1.2/board.xml as part xck26-sfvc784-2lvi-i specified in board_part file is either invalid or not available
WARNING: [Board 49-26] cannot add Board Part xilinx.com:k26i:part0:1.3 available at /tools/Xilinx/Vivado/2024.1/data/xhub/boards/XilinxBoardStore/boards/Xilinx/k26i/1.3/board.xml as part xck26-sfvc784-2lvi-i specified in board_part file is either invalid or not available
WARNING: [Board 49-26] cannot add Board Part xilinx.com:k26i:part0:1.4 available at /tools/Xilinx/Vivado/2024.1/data/xhub/boards/XilinxBoardStore/boards/Xilinx/k26i/1.4/board.xml as part xck26-sfvc784-2lvi-i specified in board_part file is either invalid or not available
WARNING: [Board 49-26] cannot add Board Part xilinx.com:kc705:part0:1.6 available at /tools/Xilinx/Vivado/2024.1/data/xhub/boards/XilinxBoardStore/boards/Xilinx/kc705/1.6/board.xml as part xc7k325tffg900-2 specified in board_part file is either invalid or not available
WARNING: [Board 49-26] cannot add Board Part xilinx.com:kcu105:part0:1.6 available at /tools/Xilinx/Vivado/2024.1/data/xhub/boards/XilinxBoardStore/boards/Xilinx/kcu105/1.6/board.xml as part xcku040-ffva1156-2-e specified in board_part file is either invalid or not available
WARNING: [Board 49-26] cannot add Board Part xilinx.com:kcu105:part0:1.7 available at /tools/Xilinx/Vivado/2024.1/data/xhub/boards/XilinxBoardStore/boards/Xilinx/kcu105/1.7/board.xml as part xcku040-ffva1156-2-e specified in board_part file is either invalid or not available
WARNING: [Board 49-26] cannot add Board Part xilinx.com:kcu116:part0:1.4 available at /tools/Xilinx/Vivado/2024.1/data/xhub/boards/XilinxBoardStore/boards/Xilinx/kcu116/1.4/board.xml as part xcku5p-ffvb676-2-e specified in board_part file is either invalid or not available
WARNING: [Board 49-26] cannot add Board Part xilinx.com:kcu116:part0:1.5 available at /tools/Xilinx/Vivado/2024.1/data/xhub/boards/XilinxBoardStore/boards/Xilinx/kcu116/1.5/board.xml as part xcku5p-ffvb676-2-e specified in board_part file is either invalid or not available
WARNING: [Board 49-26] cannot add Board Part xilinx.com:kcu1500:part0:1.2 available at /tools/Xilinx/Vivado/2024.1/data/xhub/boards/XilinxBoardStore/boards/Xilinx/kcu1500/1.2/board.xml as part xcku115-flvb2104-2-e specified in board_part file is either invalid or not available
WARNING: [Board 49-26] cannot add Board Part xilinx.com:kd240_som:part0:1.0 available at /tools/Xilinx/Vivado/2024.1/data/xhub/boards/XilinxBoardStore/boards/Xilinx/kd240_som/1.0/board.xml as part xck24-ubva530-2lv-c specified in board_part file is either invalid or not available
WARNING: [Board 49-26] cannot add Board Part xilinx.com:kr260_som:part0:1.0 available at /tools/Xilinx/Vivado/2024.1/data/xhub/boards/XilinxBoardStore/boards/Xilinx/kr260_som/1.0/board.xml as part xck26-sfvc784-2lv-c specified in board_part file is either invalid or not available
WARNING: [Board 49-26] cannot add Board Part xilinx.com:kr260_som:part0:1.1 available at /tools/Xilinx/Vivado/2024.1/data/xhub/boards/XilinxBoardStore/boards/Xilinx/kr260_som/1.1/board.xml as part xck26-sfvc784-2lv-c specified in board_part file is either invalid or not available
WARNING: [Board 49-26] cannot add Board Part xilinx.com:kv260_som:part0:1.2 available at /tools/Xilinx/Vivado/2024.1/data/xhub/boards/XilinxBoardStore/boards/Xilinx/kv260_som/1.2/board.xml as part xck26-sfvc784-2lv-c specified in board_part file is either invalid or not available
WARNING: [Board 49-26] cannot add Board Part xilinx.com:kv260_som:part0:1.3 available at /tools/Xilinx/Vivado/2024.1/data/xhub/boards/XilinxBoardStore/boards/Xilinx/kv260_som/1.3/board.xml as part xck26-sfvc784-2lv-c specified in board_part file is either invalid or not available
WARNING: [Board 49-26] cannot add Board Part xilinx.com:kv260_som:part0:1.4 available at /tools/Xilinx/Vivado/2024.1/data/xhub/boards/XilinxBoardStore/boards/Xilinx/kv260_som/1.4/board.xml as part xck26-sfvc784-2lv-c specified in board_part file is either invalid or not available
WARNING: [Board 49-26] cannot add Board Part xilinx.com:sp701:part0:1.0 available at /tools/Xilinx/Vivado/2024.1/data/xhub/boards/XilinxBoardStore/boards/Xilinx/sp701/1.0/board.xml as part xc7s100fgga676-2 specified in board_part file is either invalid or not available
WARNING: [Board 49-26] cannot add Board Part xilinx.com:sp701:part0:1.1 available at /tools/Xilinx/Vivado/2024.1/data/xhub/boards/XilinxBoardStore/boards/Xilinx/sp701/1.1/board.xml as part xc7s100fgga676-2 specified in board_part file is either invalid or not available
WARNING: [Board 49-26] cannot add Board Part xilinx.com:vc707:part0:1.4 available at /tools/Xilinx/Vivado/2024.1/data/xhub/boards/XilinxBoardStore/boards/Xilinx/vc707/1.4/board.xml as part xc7vx485tffg1761-2 specified in board_part file is either invalid or not available
WARNING: [Board 49-26] cannot add Board Part xilinx.com:vc709:part0:1.8 available at /tools/Xilinx/Vivado/2024.1/data/xhub/boards/XilinxBoardStore/boards/Xilinx/vc709/1.8/board.xml as part xc7vx690tffg1761-2 specified in board_part file is either invalid or not available
WARNING: [Board 49-26] cannot add Board Part xilinx.com:vck190:part0:2.2 available at /tools/Xilinx/Vivado/2024.1/data/xhub/boards/XilinxBoardStore/boards/Xilinx/vck190/production/2.2/board.xml as part xcvc1902-vsva2197-2mp-e-s specified in board_part file is either invalid or not available
WARNING: [Board 49-26] cannot add Board Part xilinx.com:vck190:part0:3.0 available at /tools/Xilinx/Vivado/2024.1/data/xhub/boards/XilinxBoardStore/boards/Xilinx/vck190/production/3.0/board.xml as part xcvc1902-vsva2197-2mp-e-s specified in board_part file is either invalid or not available
WARNING: [Board 49-26] cannot add Board Part xilinx.com:vck190:part0:3.1 available at /tools/Xilinx/Vivado/2024.1/data/xhub/boards/XilinxBoardStore/boards/Xilinx/vck190/production/3.1/board.xml as part xcvc1902-vsva2197-2mp-e-s specified in board_part file is either invalid or not available
WARNING: [Board 49-26] cannot add Board Part xilinx.com:vck190:part0:3.2 available at /tools/Xilinx/Vivado/2024.1/data/xhub/boards/XilinxBoardStore/boards/Xilinx/vck190/production/3.2/board.xml as part xcvc1902-vsva2197-2mp-e-s specified in board_part file is either invalid or not available
WARNING: [Board 49-26] cannot add Board Part xilinx.com:vck190:part0:3.3 available at /tools/Xilinx/Vivado/2024.1/data/xhub/boards/XilinxBoardStore/boards/Xilinx/vck190/production/3.3/board.xml as part xcvc1902-vsva2197-2mp-e-s specified in board_part file is either invalid or not available
WARNING: [Board 49-26] cannot add Board Part xilinx.com:vck190_newl:part0:1.0 available at /tools/Xilinx/Vivado/2024.1/data/xhub/boards/XilinxBoardStore/boards/Xilinx/vck190_newl/production/1.0/board.xml as part xcvc1902-vsva2197-2mp-e-s specified in board_part file is either invalid or not available
WARNING: [Board 49-26] cannot add Board Part xilinx.com:vck190_newl:part0:1.1 available at /tools/Xilinx/Vivado/2024.1/data/xhub/boards/XilinxBoardStore/boards/Xilinx/vck190_newl/production/1.1/board.xml as part xcvc1902-vsva2197-2mp-e-s specified in board_part file is either invalid or not available
WARNING: [Board 49-26] cannot add Board Part xilinx.com:vck190_newl:part0:1.2 available at /tools/Xilinx/Vivado/2024.1/data/xhub/boards/XilinxBoardStore/boards/Xilinx/vck190_newl/production/1.2/board.xml as part xcvc1902-vsva2197-2mp-e-s specified in board_part file is either invalid or not available
WARNING: [Board 49-26] cannot add Board Part xilinx.com:vcu108:part0:1.6 available at /tools/Xilinx/Vivado/2024.1/data/xhub/boards/XilinxBoardStore/boards/Xilinx/vcu108/1.6/board.xml as part xcvu095-ffva2104-2-e specified in board_part file is either invalid or not available
WARNING: [Board 49-26] cannot add Board Part xilinx.com:vcu108:part0:1.7 available at /tools/Xilinx/Vivado/2024.1/data/xhub/boards/XilinxBoardStore/boards/Xilinx/vcu108/1.7/board.xml as part xcvu095-ffva2104-2-e specified in board_part file is either invalid or not available
WARNING: [Board 49-26] cannot add Board Part xilinx.com:vcu110:part0:1.4 available at /tools/Xilinx/Vivado/2024.1/data/xhub/boards/XilinxBoardStore/boards/Xilinx/vcu110/1.4/board.xml as part xcvu190-flgc2104-2-e specified in board_part file is either invalid or not available
WARNING: [Board 49-26] cannot add Board Part xilinx.com:vcu118:part0:2.0 available at /tools/Xilinx/Vivado/2024.1/data/xhub/boards/XilinxBoardStore/boards/Xilinx/vcu118/2.0/board.xml as part xcvu9p-flga2104-2l-e specified in board_part file is either invalid or not available
WARNING: [Board 49-26] cannot add Board Part xilinx.com:vcu118:part0:2.3 available at /tools/Xilinx/Vivado/2024.1/data/xhub/boards/XilinxBoardStore/boards/Xilinx/vcu118/2.3/board.xml as part xcvu9p-flga2104-2l-e specified in board_part file is either invalid or not available
WARNING: [Board 49-26] cannot add Board Part xilinx.com:vcu118:part0:2.4 available at /tools/Xilinx/Vivado/2024.1/data/xhub/boards/XilinxBoardStore/boards/Xilinx/vcu118/2.4/board.xml as part xcvu9p-flga2104-2l-e specified in board_part file is either invalid or not available
WARNING: [Board 49-26] cannot add Board Part xilinx.com:vcu128:part0:1.0 available at /tools/Xilinx/Vivado/2024.1/data/xhub/boards/XilinxBoardStore/boards/Xilinx/vcu128/production/1.0/board.xml as part xcvu37p-fsvh2892-2l-e specified in board_part file is either invalid or not available
WARNING: [Board 49-26] cannot add Board Part xilinx.com:vcu129:part0:1.0 available at /tools/Xilinx/Vivado/2024.1/data/xhub/boards/XilinxBoardStore/boards/Xilinx/vcu129/production/1.0/board.xml as part xcvu29p-fsga2577-2l-e specified in board_part file is either invalid or not available
WARNING: [Board 49-26] cannot add Board Part xilinx.com:vcu1525:part0:1.3 available at /tools/Xilinx/Vivado/2024.1/data/xhub/boards/XilinxBoardStore/boards/Xilinx/vcu1525/1.3/board.xml as part xcvu9p-fsgd2104-2l-e specified in board_part file is either invalid or not available
WARNING: [Board 49-26] cannot add Board Part xilinx.com:vek280:part0:1.0 available at /tools/Xilinx/Vivado/2024.1/data/xhub/boards/XilinxBoardStore/boards/Xilinx/vek280/production/1.0/board.xml as part xcve2802-vsvh1760-2mp-e-s specified in board_part file is either invalid or not available
WARNING: [Board 49-26] cannot add Board Part xilinx.com:vek280:part0:1.1 available at /tools/Xilinx/Vivado/2024.1/data/xhub/boards/XilinxBoardStore/boards/Xilinx/vek280/production/1.1/board.xml as part xcve2802-vsvh1760-2mp-e-s specified in board_part file is either invalid or not available
WARNING: [Board 49-26] cannot add Board Part xilinx.com:vek280:part0:1.2 available at /tools/Xilinx/Vivado/2024.1/data/xhub/boards/XilinxBoardStore/boards/Xilinx/vek280/production/1.2/board.xml as part xcve2802-vsvh1760-2mp-e-s specified in board_part file is either invalid or not available
WARNING: [Board 49-26] cannot add Board Part xilinx.com:vek280_es:part0:1.0 available at /tools/Xilinx/Vivado/2024.1/data/xhub/boards/XilinxBoardStore/boards/Xilinx/vek280/es/rev_a/1.0/board.xml as part xcve2802-vsvh1760-2lp-e-s-es1 specified in board_part file is either invalid or not available
WARNING: [Board 49-26] cannot add Board Part xilinx.com:vek280_es:part0:1.1 available at /tools/Xilinx/Vivado/2024.1/data/xhub/boards/XilinxBoardStore/boards/Xilinx/vek280/es/rev_a/1.1/board.xml as part xcve2802-vsvh1760-2lp-e-s-es1 specified in board_part file is either invalid or not available
WARNING: [Board 49-26] cannot add Board Part xilinx.com:vek280_es_revb:part0:1.0 available at /tools/Xilinx/Vivado/2024.1/data/xhub/boards/XilinxBoardStore/boards/Xilinx/vek280/es/rev_b/1.0/board.xml as part xcve2802-vsvh1760-2mp-e-s-es1 specified in board_part file is either invalid or not available
WARNING: [Board 49-26] cannot add Board Part xilinx.com:vek280_es_revb:part0:1.1 available at /tools/Xilinx/Vivado/2024.1/data/xhub/boards/XilinxBoardStore/boards/Xilinx/vek280/es/rev_b/1.1/board.xml as part xcve2802-vsvh1760-2mp-e-s-es1 specified in board_part file is either invalid or not available
WARNING: [Board 49-26] cannot add Board Part xilinx.com:vermeo_t1_mpsoc:part0:1.0 available at /tools/Xilinx/Vivado/2024.1/data/xhub/boards/XilinxBoardStore/boards/Xilinx/vermeo_t1_mpsoc/1.0/board.xml as part xczu19eg-ffvd1760-2l-e specified in board_part file is either invalid or not available
WARNING: [Board 49-26] cannot add Board Part xilinx.com:vermeo_t1_rfsoc:part0:1.0 available at /tools/Xilinx/Vivado/2024.1/data/xhub/boards/XilinxBoardStore/boards/Xilinx/vermeo_t1_rfsoc/1.0/board.xml as part xczu21dr-ffvd1156-2l-e specified in board_part file is either invalid or not available
WARNING: [Board 49-26] cannot add Board Part xilinx.com:vhk158:part0:1.0 available at /tools/Xilinx/Vivado/2024.1/data/xhub/boards/XilinxBoardStore/boards/Xilinx/vhk158/production/1.0/board.xml as part xcvh1582-vsva3697-2mp-e-s specified in board_part file is either invalid or not available
WARNING: [Board 49-26] cannot add Board Part xilinx.com:vhk158:part0:1.1 available at /tools/Xilinx/Vivado/2024.1/data/xhub/boards/XilinxBoardStore/boards/Xilinx/vhk158/production/1.1/board.xml as part xcvh1582-vsva3697-2mp-e-s specified in board_part file is either invalid or not available
WARNING: [Board 49-26] cannot add Board Part xilinx.com:vhk158_es:part0:1.0 available at /tools/Xilinx/Vivado/2024.1/data/xhub/boards/XilinxBoardStore/boards/Xilinx/vhk158/es/1.0/board.xml as part xcvh1582-vsva3697-2mp-e-s-es1 specified in board_part file is either invalid or not available
WARNING: [Board 49-26] cannot add Board Part xilinx.com:vhk158_es:part0:1.1 available at /tools/Xilinx/Vivado/2024.1/data/xhub/boards/XilinxBoardStore/boards/Xilinx/vhk158/es/1.1/board.xml as part xcvh1582-vsva3697-2mp-e-s-es1 specified in board_part file is either invalid or not available
WARNING: [Board 49-26] cannot add Board Part xilinx.com:vmk180:part0:2.2 available at /tools/Xilinx/Vivado/2024.1/data/xhub/boards/XilinxBoardStore/boards/Xilinx/vmk180/production/2.2/board.xml as part xcvm1802-vsva2197-2mp-e-s specified in board_part file is either invalid or not available
WARNING: [Board 49-26] cannot add Board Part xilinx.com:vmk180:part0:3.0 available at /tools/Xilinx/Vivado/2024.1/data/xhub/boards/XilinxBoardStore/boards/Xilinx/vmk180/production/3.0/board.xml as part xcvm1802-vsva2197-2mp-e-s specified in board_part file is either invalid or not available
WARNING: [Board 49-26] cannot add Board Part xilinx.com:vmk180:part0:3.1 available at /tools/Xilinx/Vivado/2024.1/data/xhub/boards/XilinxBoardStore/boards/Xilinx/vmk180/production/3.1/board.xml as part xcvm1802-vsva2197-2mp-e-s specified in board_part file is either invalid or not available
WARNING: [Board 49-26] cannot add Board Part xilinx.com:vmk180:part0:3.2 available at /tools/Xilinx/Vivado/2024.1/data/xhub/boards/XilinxBoardStore/boards/Xilinx/vmk180/production/3.2/board.xml as part xcvm1802-vsva2197-2mp-e-s specified in board_part file is either invalid or not available
WARNING: [Board 49-26] cannot add Board Part xilinx.com:vmk180_newl:part0:1.0 available at /tools/Xilinx/Vivado/2024.1/data/xhub/boards/XilinxBoardStore/boards/Xilinx/vmk180_newl/production/1.0/board.xml as part xcvm1802-vsva2197-2mp-e-s specified in board_part file is either invalid or not available
WARNING: [Board 49-26] cannot add Board Part xilinx.com:vmk180_newl:part0:1.1 available at /tools/Xilinx/Vivado/2024.1/data/xhub/boards/XilinxBoardStore/boards/Xilinx/vmk180_newl/production/1.1/board.xml as part xcvm1802-vsva2197-2mp-e-s specified in board_part file is either invalid or not available
WARNING: [Board 49-26] cannot add Board Part xilinx.com:vpk120:part0:1.0 available at /tools/Xilinx/Vivado/2024.1/data/xhub/boards/XilinxBoardStore/boards/Xilinx/vpk120/production/1.0/board.xml as part xcvp1202-vsva2785-2mp-e-s specified in board_part file is either invalid or not available
WARNING: [Board 49-26] cannot add Board Part xilinx.com:vpk120:part0:1.1 available at /tools/Xilinx/Vivado/2024.1/data/xhub/boards/XilinxBoardStore/boards/Xilinx/vpk120/production/1.1/board.xml as part xcvp1202-vsva2785-2mp-e-s specified in board_part file is either invalid or not available
WARNING: [Board 49-26] cannot add Board Part xilinx.com:vpk120:part0:1.2 available at /tools/Xilinx/Vivado/2024.1/data/xhub/boards/XilinxBoardStore/boards/Xilinx/vpk120/production/1.2/board.xml as part xcvp1202-vsva2785-2mp-e-s specified in board_part file is either invalid or not available
WARNING: [Board 49-26] cannot add Board Part xilinx.com:vpk180:part0:1.0 available at /tools/Xilinx/Vivado/2024.1/data/xhub/boards/XilinxBoardStore/boards/Xilinx/vpk180/production/1.0/board.xml as part xcvp1802-lsvc4072-2mp-e-s specified in board_part file is either invalid or not available
WARNING: [Board 49-26] cannot add Board Part xilinx.com:vpk180:part0:1.1 available at /tools/Xilinx/Vivado/2024.1/data/xhub/boards/XilinxBoardStore/boards/Xilinx/vpk180/production/1.1/board.xml as part xcvp1802-lsvc4072-2mp-e-s specified in board_part file is either invalid or not available
WARNING: [Board 49-26] cannot add Board Part xilinx.com:vpk180:part0:1.2 available at /tools/Xilinx/Vivado/2024.1/data/xhub/boards/XilinxBoardStore/boards/Xilinx/vpk180/production/1.2/board.xml as part xcvp1802-lsvc4072-2mp-e-s specified in board_part file is either invalid or not available
WARNING: [Board 49-26] cannot add Board Part xilinx.com:zc706:part0:1.4 available at /tools/Xilinx/Vivado/2024.1/data/xhub/boards/XilinxBoardStore/boards/Xilinx/zc706/1.4/board.xml as part xc7z045ffg900-2 specified in board_part file is either invalid or not available
WARNING: [Board 49-26] cannot add Board Part xilinx.com:zcu102:part0:3.3 available at /tools/Xilinx/Vivado/2024.1/data/xhub/boards/XilinxBoardStore/boards/Xilinx/zcu102/3.3/board.xml as part xczu9eg-ffvb1156-2-e specified in board_part file is either invalid or not available
WARNING: [Board 49-26] cannot add Board Part xilinx.com:zcu102:part0:3.4 available at /tools/Xilinx/Vivado/2024.1/data/xhub/boards/XilinxBoardStore/boards/Xilinx/zcu102/3.4/board.xml as part xczu9eg-ffvb1156-2-e specified in board_part file is either invalid or not available
WARNING: [Board 49-26] cannot add Board Part xilinx.com:zcu104:part0:1.1 available at /tools/Xilinx/Vivado/2024.1/data/xhub/boards/XilinxBoardStore/boards/Xilinx/zcu104/1.1/board.xml as part xczu7ev-ffvc1156-2-e specified in board_part file is either invalid or not available
WARNING: [Board 49-26] cannot add Board Part xilinx.com:zcu106:part0:2.4 available at /tools/Xilinx/Vivado/2024.1/data/xhub/boards/XilinxBoardStore/boards/Xilinx/zcu106/2.4/board.xml as part xczu7ev-ffvc1156-2-e specified in board_part file is either invalid or not available
WARNING: [Board 49-26] cannot add Board Part xilinx.com:zcu106:part0:2.5 available at /tools/Xilinx/Vivado/2024.1/data/xhub/boards/XilinxBoardStore/boards/Xilinx/zcu106/2.5/board.xml as part xczu7ev-ffvc1156-2-e specified in board_part file is either invalid or not available
WARNING: [Board 49-26] cannot add Board Part xilinx.com:zcu106:part0:2.6 available at /tools/Xilinx/Vivado/2024.1/data/xhub/boards/XilinxBoardStore/boards/Xilinx/zcu106/2.6/board.xml as part xczu7ev-ffvc1156-2-e specified in board_part file is either invalid or not available
WARNING: [Board 49-26] cannot add Board Part xilinx.com:zcu111:part0:1.2 available at /tools/Xilinx/Vivado/2024.1/data/xhub/boards/XilinxBoardStore/boards/Xilinx/zcu111/1.2/board.xml as part xczu28dr-ffvg1517-2-e specified in board_part file is either invalid or not available
WARNING: [Board 49-26] cannot add Board Part xilinx.com:zcu111:part0:1.3 available at /tools/Xilinx/Vivado/2024.1/data/xhub/boards/XilinxBoardStore/boards/Xilinx/zcu111/1.3/board.xml as part xczu28dr-ffvg1517-2-e specified in board_part file is either invalid or not available
WARNING: [Board 49-26] cannot add Board Part xilinx.com:zcu111:part0:1.4 available at /tools/Xilinx/Vivado/2024.1/data/xhub/boards/XilinxBoardStore/boards/Xilinx/zcu111/1.4/board.xml as part xczu28dr-ffvg1517-2-e specified in board_part file is either invalid or not available
WARNING: [Board 49-26] cannot add Board Part xilinx.com:zcu1275:part0:1.0 available at /tools/Xilinx/Vivado/2024.1/data/xhub/boards/XilinxBoardStore/boards/Xilinx/zcu1275/1.0/board.xml as part xczu29dr-ffvf1760-2-e specified in board_part file is either invalid or not available
WARNING: [Board 49-26] cannot add Board Part xilinx.com:zcu1285:part0:1.0 available at /tools/Xilinx/Vivado/2024.1/data/xhub/boards/XilinxBoardStore/boards/Xilinx/zcu1285/1.0/board.xml as part xczu39dr-ffvf1760-2-i specified in board_part file is either invalid or not available
WARNING: [Board 49-26] cannot add Board Part xilinx.com:zcu208:part0:2.0 available at /tools/Xilinx/Vivado/2024.1/data/xhub/boards/XilinxBoardStore/boards/Xilinx/zcu208/production/2.0/board.xml as part xczu48dr-fsvg1517-2-e specified in board_part file is either invalid or not available
WARNING: [Board 49-26] cannot add Board Part xilinx.com:zcu208ld:part0:2.0 available at /tools/Xilinx/Vivado/2024.1/data/xhub/boards/XilinxBoardStore/boards/Xilinx/zcu208ld/production/2.0/board.xml as part xczu58dr-fsvg1517-2-i specified in board_part file is either invalid or not available
WARNING: [Board 49-26] cannot add Board Part xilinx.com:zcu216:part0:2.0 available at /tools/Xilinx/Vivado/2024.1/data/xhub/boards/XilinxBoardStore/boards/Xilinx/zcu216/production/2.0/board.xml as part xczu49dr-ffvf1760-2-e specified in board_part file is either invalid or not available
WARNING: [Board 49-26] cannot add Board Part xilinx.com:zcu216ld:part0:2.0 available at /tools/Xilinx/Vivado/2024.1/data/xhub/boards/XilinxBoardStore/boards/Xilinx/zcu216ld/production/2.0/board.xml as part xczu59dr-ffvf1760-2-i specified in board_part file is either invalid or not available
WARNING: [Board 49-26] cannot add Board Part xilinx.com:zcu670:part0:2.0 available at /tools/Xilinx/Vivado/2024.1/data/xhub/boards/XilinxBoardStore/boards/Xilinx/zcu670/2.0/board.xml as part xczu67dr-fsve1156-2-i specified in board_part file is either invalid or not available
WARNING: [Board 49-26] cannot add Board Part xilinx.com:zcu670ld:part0:1.0 available at /tools/Xilinx/Vivado/2024.1/data/xhub/boards/XilinxBoardStore/boards/Xilinx/zcu670ld/1.0/board.xml as part xczu57dr-fsve1156-2-i specified in board_part file is either invalid or not available
open_project /home/nothon/fpga2C/ZTurnV2/ZTurnV2.xpr
Scanning sources...
Finished scanning sources
INFO: [IP_Flow 19-234] Refreshing IP repositories
INFO: [IP_Flow 19-1700] Loaded user IP repository '/home/nothon/fpga2C/interface_repo'.
INFO: [IP_Flow 19-1700] Loaded user IP repository '/home/nothon/fpga2C/ip_repo'.
INFO: [IP_Flow 19-2313] Loaded Vivado IP repository '/tools/Xilinx/Vivado/2024.1/data/ip'.
open_project: Time (s): cpu = 00:00:10 ; elapsed = 00:00:06 . Memory (MB): peak = 8317.184 ; gain = 796.211 ; free physical = 265 ; free virtual = 18113
update_compile_order -fileset sources_1
open_bd_design {/home/nothon/fpga2C/ZTurnV2/ZTurnV2.srcs/sources_1/bd/main_design/main_design.bd}
Reading block design file </home/nothon/fpga2C/ZTurnV2/ZTurnV2.srcs/sources_1/bd/main_design/main_design.bd>...
Adding component instance block -- xilinx.com:ip:processing_system7:5.5 - processing_system7_0
Adding component instance block -- xilinx.com:ip:proc_sys_reset:5.0 - proc_sys_reset_0
Adding component instance block -- xilinx.com:ip:axi_interconnect:2.1 - ps7_0_axi_periph
Adding component instance block -- xilinx.com:ip:axi_crossbar:2.1 - xbar
Adding component instance block -- xilinx.com:ip:axi_protocol_converter:2.1 - auto_pc
Adding component instance block -- xilinx.com:ip:axi_interconnect:2.1 - axi_mem_intercon
Adding component instance block -- xilinx.com:ip:axi_crossbar:2.1 - xbar
Adding component instance block -- xilinx.com:ip:axi_dwidth_converter:2.1 - auto_us_df
Adding component instance block -- xilinx.com:ip:axi_dwidth_converter:2.1 - auto_us_df
Adding component instance block -- xilinx.com:ip:axi_dwidth_converter:2.1 - auto_us_df
Adding component instance block -- xilinx.com:ip:axi_protocol_converter:2.1 - auto_pc
Adding component instance block -- user.org:user:noip_lvds_stream:1.0 - noip_lvds_stream_0
Adding component instance block -- user.org:user:noip_ctrl:1.0 - noip_ctrl_0
Adding component instance block -- user.org:user:noip_lvds_stream:1.0 - noip_lvds_stream_1
Adding component instance block -- xilinx.com:ip:axi_dma:7.1 - axi_dma_0
Adding component instance block -- xilinx.com:ip:axis_interconnect:2.1 - axis_interconnect_0
Adding component instance block -- xilinx.com:ip:axis_switch:1.1 - xbar
Adding component instance block -- xilinx.com:ip:axis_subset_converter:1.1 - auto_ss_slid
Adding component instance block -- xilinx.com:ip:axis_subset_converter:1.1 - auto_ss_k
Adding component instance block -- xilinx.com:ip:axis_subset_converter:1.1 - auto_ss_slidr
Adding component instance block -- xilinx.com:ip:axis_subset_converter:1.1 - auto_ss_k
Adding component instance block -- xilinx.com:ip:axis_subset_converter:1.1 - auto_ss_slidr
Adding component instance block -- xilinx.com:ip:axis_interconnect:2.1 - axis_interconnect_1
Adding component instance block -- xilinx.com:ip:axis_switch:1.1 - xbar
Adding component instance block -- xilinx.com:ip:xlconcat:2.1 - s_arb_req_suppress_concat
Adding component instance block -- xilinx.com:ip:axis_subset_converter:1.1 - auto_ss_k
Adding component instance block -- xilinx.com:ip:axis_subset_converter:1.1 - auto_ss_slidr
Adding component instance block -- xilinx.com:ip:xlconcat:2.1 - trigger0_concat
Adding component instance block -- xilinx.com:ip:xlslice:1.0 - monitor0_slice0
Adding component instance block -- xilinx.com:ip:xlslice:1.0 - monitor0_slice1
Adding component instance block -- xilinx.com:ip:xlslice:1.0 - monitor1_slice0
Adding component instance block -- xilinx.com:ip:xlslice:1.0 - monitor1_slice1
Adding component instance block -- xilinx.com:ip:util_ds_buf:2.2 - lvds_sync_1_ibuf
Adding component instance block -- xilinx.com:ip:util_vector_logic:2.0 - lvds_sync_1_inverter
Adding component instance block -- user.org:user:hdmi_ctrl:1.0 - hdmi_ctrl_0
Adding component instance block -- xilinx.com:module_ref:my_iobuf:1.0 - iobuf_I2C0_SDA
Adding component instance block -- xilinx.com:module_ref:my_iobuf:1.0 - iobuf_I2C0_SCL
Adding component instance block -- xilinx.com:ip:util_ds_buf:2.2 - lvds_clk_1_ibuf
Adding component instance block -- xilinx.com:ip:xlconcat:2.1 - lvds_data_0_concat_n
Adding component instance block -- xilinx.com:ip:xlconcat:2.1 - lvds_data_0_concat_p
Adding component instance block -- xilinx.com:ip:util_vector_logic:2.0 - selectio_reset_inverter
Adding component instance block -- xilinx.com:ip:selectio_wiz:5.1 - lvds_selectio_data_0
Successfully read diagram <main_design> from block design file </home/nothon/fpga2C/ZTurnV2/ZTurnV2.srcs/sources_1/bd/main_design/main_design.bd>
synth_design -rtl -rtl_skip_mlo -name rtl_1
Command: synth_design -rtl -rtl_skip_mlo -name rtl_1
Starting synth_design
Using part: xc7z020clg400-2
Top: main_design_wrapper
INFO: [Device 21-403] Loading part xc7z020clg400-2
INFO: [Device 21-9227] Part: xc7z020clg400-2 does not have CEAM library.
INFO: [Synth 8-7079] Multithreading enabled for synth_design using a maximum of 4 processes.
INFO: [Synth 8-7078] Launching helper process for spawning children vivado processes
INFO: [Synth 8-7075] Helper process launched with PID 55024
---------------------------------------------------------------------------------
Starting RTL Elaboration : Time (s): cpu = 00:00:12 ; elapsed = 00:00:06 . Memory (MB): peak = 9184.371 ; gain = 392.965 ; free physical = 267 ; free virtual = 14987
---------------------------------------------------------------------------------
INFO: [Synth 8-638] synthesizing module 'main_design_wrapper' [/home/nothon/fpga2C/ZTurnV2/ZTurnV2.gen/sources_1/bd/main_design/hdl/main_design_wrapper.vhd:89]
INFO: [Synth 8-3491] module 'main_design' declared at '/home/nothon/fpga2C/ZTurnV2/ZTurnV2.gen/sources_1/bd/main_design/synth/main_design.vhd:4078' bound to instance 'main_design_i' of component 'main_design' [/home/nothon/fpga2C/ZTurnV2/ZTurnV2.gen/sources_1/bd/main_design/hdl/main_design_wrapper.vhd:164]
INFO: [Synth 8-638] synthesizing module 'main_design' [/home/nothon/fpga2C/ZTurnV2/ZTurnV2.gen/sources_1/bd/main_design/synth/main_design.vhd:4156]
WARNING: [Synth 8-5640] Port 'axi_dma_tstvec' is missing in component declaration [/home/nothon/fpga2C/ZTurnV2/ZTurnV2.gen/sources_1/bd/main_design/synth/main_design.vhd:4374]
INFO: [Synth 8-3491] module 'main_design_axi_dma_0_0' declared at '/home/nothon/fpga2C/.Xil/Vivado-31035-nothon-Swift-SF314-57/realtime/main_design_axi_dma_0_0_stub.vhdl:6' bound to instance 'axi_dma_0' of component 'main_design_axi_dma_0_0' [/home/nothon/fpga2C/ZTurnV2/ZTurnV2.gen/sources_1/bd/main_design/synth/main_design.vhd:5017]
INFO: [Synth 8-638] synthesizing module 'main_design_axi_dma_0_0' [/home/nothon/fpga2C/.Xil/Vivado-31035-nothon-Swift-SF314-57/realtime/main_design_axi_dma_0_0_stub.vhdl:106]
INFO: [Synth 8-638] synthesizing module 'main_design_axi_mem_intercon_0' [/home/nothon/fpga2C/ZTurnV2/ZTurnV2.gen/sources_1/bd/main_design/synth/main_design.vhd:2366]
INFO: [Synth 8-638] synthesizing module 'm00_couplers_imp_PEI69B' [/home/nothon/fpga2C/ZTurnV2/ZTurnV2.gen/sources_1/bd/main_design/synth/main_design.vhd:348]
INFO: [Synth 8-3491] module 'main_design_auto_pc_1' declared at '/home/nothon/fpga2C/.Xil/Vivado-31035-nothon-Swift-SF314-57/realtime/main_design_auto_pc_1_stub.vhdl:6' bound to instance 'auto_pc' of component 'main_design_auto_pc_1' [/home/nothon/fpga2C/ZTurnV2/ZTurnV2.gen/sources_1/bd/main_design/synth/main_design.vhd:591]
INFO: [Synth 8-638] synthesizing module 'main_design_auto_pc_1' [/home/nothon/fpga2C/.Xil/Vivado-31035-nothon-Swift-SF314-57/realtime/main_design_auto_pc_1_stub.vhdl:91]
INFO: [Synth 8-256] done synthesizing module 'm00_couplers_imp_PEI69B' (0#1) [/home/nothon/fpga2C/ZTurnV2/ZTurnV2.gen/sources_1/bd/main_design/synth/main_design.vhd:348]
INFO: [Synth 8-638] synthesizing module 's00_couplers_imp_1EXEZPB' [/home/nothon/fpga2C/ZTurnV2/ZTurnV2.gen/sources_1/bd/main_design/synth/main_design.vhd:1397]
INFO: [Synth 8-3491] module 'main_design_auto_us_df_0' declared at '/home/nothon/fpga2C/.Xil/Vivado-31035-nothon-Swift-SF314-57/realtime/main_design_auto_us_df_0_stub.vhdl:6' bound to instance 'auto_us_df' of component 'main_design_auto_us_df_0' [/home/nothon/fpga2C/ZTurnV2/ZTurnV2.gen/sources_1/bd/main_design/synth/main_design.vhd:1609]
INFO: [Synth 8-638] synthesizing module 'main_design_auto_us_df_0' [/home/nothon/fpga2C/.Xil/Vivado-31035-nothon-Swift-SF314-57/realtime/main_design_auto_us_df_0_stub.vhdl:84]
INFO: [Synth 8-256] done synthesizing module 's00_couplers_imp_1EXEZPB' (0#1) [/home/nothon/fpga2C/ZTurnV2/ZTurnV2.gen/sources_1/bd/main_design/synth/main_design.vhd:1397]
INFO: [Synth 8-638] synthesizing module 's01_couplers_imp_B6XWV5' [/home/nothon/fpga2C/ZTurnV2/ZTurnV2.gen/sources_1/bd/main_design/synth/main_design.vhd:1894]
INFO: [Synth 8-3491] module 'main_design_auto_us_df_1' declared at '/home/nothon/fpga2C/.Xil/Vivado-31035-nothon-Swift-SF314-57/realtime/main_design_auto_us_df_1_stub.vhdl:6' bound to instance 'auto_us_df' of component 'main_design_auto_us_df_1' [/home/nothon/fpga2C/ZTurnV2/ZTurnV2.gen/sources_1/bd/main_design/synth/main_design.vhd:1999]
INFO: [Synth 8-638] synthesizing module 'main_design_auto_us_df_1' [/home/nothon/fpga2C/.Xil/Vivado-31035-nothon-Swift-SF314-57/realtime/main_design_auto_us_df_1_stub.vhdl:46]
INFO: [Synth 8-256] done synthesizing module 's01_couplers_imp_B6XWV5' (0#1) [/home/nothon/fpga2C/ZTurnV2/ZTurnV2.gen/sources_1/bd/main_design/synth/main_design.vhd:1894]
INFO: [Synth 8-638] synthesizing module 's02_couplers_imp_N3W2MA' [/home/nothon/fpga2C/ZTurnV2/ZTurnV2.gen/sources_1/bd/main_design/synth/main_design.vhd:2084]
INFO: [Synth 8-3491] module 'main_design_auto_us_df_2' declared at '/home/nothon/fpga2C/.Xil/Vivado-31035-nothon-Swift-SF314-57/realtime/main_design_auto_us_df_2_stub.vhdl:6' bound to instance 'auto_us_df' of component 'main_design_auto_us_df_2' [/home/nothon/fpga2C/ZTurnV2/ZTurnV2.gen/sources_1/bd/main_design/synth/main_design.vhd:2207]
INFO: [Synth 8-638] synthesizing module 'main_design_auto_us_df_2' [/home/nothon/fpga2C/.Xil/Vivado-31035-nothon-Swift-SF314-57/realtime/main_design_auto_us_df_2_stub.vhdl:52]
INFO: [Synth 8-256] done synthesizing module 's02_couplers_imp_N3W2MA' (0#1) [/home/nothon/fpga2C/ZTurnV2/ZTurnV2.gen/sources_1/bd/main_design/synth/main_design.vhd:2084]
INFO: [Synth 8-3491] module 'main_design_xbar_2' declared at '/home/nothon/fpga2C/.Xil/Vivado-31035-nothon-Swift-SF314-57/realtime/main_design_xbar_2_stub.vhdl:6' bound to instance 'xbar' of component 'main_design_xbar_2' [/home/nothon/fpga2C/ZTurnV2/ZTurnV2.gen/sources_1/bd/main_design/synth/main_design.vhd:2991]
INFO: [Synth 8-638] synthesizing module 'main_design_xbar_2' [/home/nothon/fpga2C/.Xil/Vivado-31035-nothon-Swift-SF314-57/realtime/main_design_xbar_2_stub.vhdl:90]
INFO: [Synth 8-256] done synthesizing module 'main_design_axi_mem_intercon_0' (0#1) [/home/nothon/fpga2C/ZTurnV2/ZTurnV2.gen/sources_1/bd/main_design/synth/main_design.vhd:2366]
INFO: [Synth 8-638] synthesizing module 'main_design_axis_interconnect_0_0' [/home/nothon/fpga2C/ZTurnV2/ZTurnV2.gen/sources_1/bd/main_design/synth/main_design.vhd:3171]
INFO: [Synth 8-638] synthesizing module 'm00_couplers_imp_EKPNVQ' [/home/nothon/fpga2C/ZTurnV2/ZTurnV2.gen/sources_1/bd/main_design/synth/main_design.vhd:157]
INFO: [Synth 8-3491] module 'main_design_auto_ss_k_0' declared at '/home/nothon/fpga2C/.Xil/Vivado-31035-nothon-Swift-SF314-57/realtime/main_design_auto_ss_k_0_stub.vhdl:6' bound to instance 'auto_ss_k' of component 'main_design_auto_ss_k_0' [/home/nothon/fpga2C/ZTurnV2/ZTurnV2.gen/sources_1/bd/main_design/synth/main_design.vhd:225]
INFO: [Synth 8-638] synthesizing module 'main_design_auto_ss_k_0' [/home/nothon/fpga2C/.Xil/Vivado-31035-nothon-Swift-SF314-57/realtime/main_design_auto_ss_k_0_stub.vhdl:26]
INFO: [Synth 8-3491] module 'main_design_auto_ss_slidr_0' declared at '/home/nothon/fpga2C/.Xil/Vivado-31035-nothon-Swift-SF314-57/realtime/main_design_auto_ss_slidr_0_stub.vhdl:6' bound to instance 'auto_ss_slidr' of component 'main_design_auto_ss_slidr_0' [/home/nothon/fpga2C/ZTurnV2/ZTurnV2.gen/sources_1/bd/main_design/synth/main_design.vhd:242]
INFO: [Synth 8-638] synthesizing module 'main_design_auto_ss_slidr_0' [/home/nothon/fpga2C/.Xil/Vivado-31035-nothon-Swift-SF314-57/realtime/main_design_auto_ss_slidr_0_stub.vhdl:24]
INFO: [Synth 8-256] done synthesizing module 'm00_couplers_imp_EKPNVQ' (0#1) [/home/nothon/fpga2C/ZTurnV2/ZTurnV2.gen/sources_1/bd/main_design/synth/main_design.vhd:157]
INFO: [Synth 8-638] synthesizing module 'm01_couplers_imp_1BJPNLK' [/home/nothon/fpga2C/ZTurnV2/ZTurnV2.gen/sources_1/bd/main_design/synth/main_design.vhd:809]
INFO: [Synth 8-3491] module 'main_design_auto_ss_k_1' declared at '/home/nothon/fpga2C/.Xil/Vivado-31035-nothon-Swift-SF314-57/realtime/main_design_auto_ss_k_1_stub.vhdl:6' bound to instance 'auto_ss_k' of component 'main_design_auto_ss_k_1' [/home/nothon/fpga2C/ZTurnV2/ZTurnV2.gen/sources_1/bd/main_design/synth/main_design.vhd:877]
INFO: [Synth 8-638] synthesizing module 'main_design_auto_ss_k_1' [/home/nothon/fpga2C/.Xil/Vivado-31035-nothon-Swift-SF314-57/realtime/main_design_auto_ss_k_1_stub.vhdl:26]
INFO: [Synth 8-3491] module 'main_design_auto_ss_slidr_1' declared at '/home/nothon/fpga2C/.Xil/Vivado-31035-nothon-Swift-SF314-57/realtime/main_design_auto_ss_slidr_1_stub.vhdl:6' bound to instance 'auto_ss_slidr' of component 'main_design_auto_ss_slidr_1' [/home/nothon/fpga2C/ZTurnV2/ZTurnV2.gen/sources_1/bd/main_design/synth/main_design.vhd:894]
INFO: [Synth 8-638] synthesizing module 'main_design_auto_ss_slidr_1' [/home/nothon/fpga2C/.Xil/Vivado-31035-nothon-Swift-SF314-57/realtime/main_design_auto_ss_slidr_1_stub.vhdl:24]
INFO: [Synth 8-256] done synthesizing module 'm01_couplers_imp_1BJPNLK' (0#1) [/home/nothon/fpga2C/ZTurnV2/ZTurnV2.gen/sources_1/bd/main_design/synth/main_design.vhd:809]
INFO: [Synth 8-638] synthesizing module 's00_couplers_imp_1O2T2YE' [/home/nothon/fpga2C/ZTurnV2/ZTurnV2.gen/sources_1/bd/main_design/synth/main_design.vhd:1709]
INFO: [Synth 8-3491] module 'main_design_auto_ss_slid_0' declared at '/home/nothon/fpga2C/.Xil/Vivado-31035-nothon-Swift-SF314-57/realtime/main_design_auto_ss_slid_0_stub.vhdl:6' bound to instance 'auto_ss_slid' of component 'main_design_auto_ss_slid_0' [/home/nothon/fpga2C/ZTurnV2/ZTurnV2.gen/sources_1/bd/main_design/synth/main_design.vhd:1754]
INFO: [Synth 8-638] synthesizing module 'main_design_auto_ss_slid_0' [/home/nothon/fpga2C/.Xil/Vivado-31035-nothon-Swift-SF314-57/realtime/main_design_auto_ss_slid_0_stub.vhdl:25]
INFO: [Synth 8-256] done synthesizing module 's00_couplers_imp_1O2T2YE' (0#1) [/home/nothon/fpga2C/ZTurnV2/ZTurnV2.gen/sources_1/bd/main_design/synth/main_design.vhd:1709]
INFO: [Synth 8-3491] module 'main_design_xbar_3' declared at '/home/nothon/fpga2C/.Xil/Vivado-31035-nothon-Swift-SF314-57/realtime/main_design_xbar_3_stub.vhdl:6' bound to instance 'xbar' of component 'main_design_xbar_3' [/home/nothon/fpga2C/ZTurnV2/ZTurnV2.gen/sources_1/bd/main_design/synth/main_design.vhd:3299]
INFO: [Synth 8-638] synthesizing module 'main_design_xbar_3' [/home/nothon/fpga2C/.Xil/Vivado-31035-nothon-Swift-SF314-57/realtime/main_design_xbar_3_stub.vhdl:27]
INFO: [Synth 8-256] done synthesizing module 'main_design_axis_interconnect_0_0' (0#1) [/home/nothon/fpga2C/ZTurnV2/ZTurnV2.gen/sources_1/bd/main_design/synth/main_design.vhd:3171]
INFO: [Synth 8-638] synthesizing module 'main_design_axis_interconnect_1_0' [/home/nothon/fpga2C/ZTurnV2/ZTurnV2.gen/sources_1/bd/main_design/synth/main_design.vhd:3358]
INFO: [Synth 8-638] synthesizing module 'm00_couplers_imp_148UC6G' [/home/nothon/fpga2C/ZTurnV2/ZTurnV2.gen/sources_1/bd/main_design/synth/main_design.vhd:34]
INFO: [Synth 8-3491] module 'main_design_auto_ss_k_2' declared at '/home/nothon/fpga2C/.Xil/Vivado-31035-nothon-Swift-SF314-57/realtime/main_design_auto_ss_k_2_stub.vhdl:6' bound to instance 'auto_ss_k' of component 'main_design_auto_ss_k_2' [/home/nothon/fpga2C/ZTurnV2/ZTurnV2.gen/sources_1/bd/main_design/synth/main_design.vhd:100]
INFO: [Synth 8-638] synthesizing module 'main_design_auto_ss_k_2' [/home/nothon/fpga2C/.Xil/Vivado-31035-nothon-Swift-SF314-57/realtime/main_design_auto_ss_k_2_stub.vhdl:25]
INFO: [Synth 8-3491] module 'main_design_auto_ss_slidr_2' declared at '/home/nothon/fpga2C/.Xil/Vivado-31035-nothon-Swift-SF314-57/realtime/main_design_auto_ss_slidr_2_stub.vhdl:6' bound to instance 'auto_ss_slidr' of component 'main_design_auto_ss_slidr_2' [/home/nothon/fpga2C/ZTurnV2/ZTurnV2.gen/sources_1/bd/main_design/synth/main_design.vhd:116]
INFO: [Synth 8-638] synthesizing module 'main_design_auto_ss_slidr_2' [/home/nothon/fpga2C/.Xil/Vivado-31035-nothon-Swift-SF314-57/realtime/main_design_auto_ss_slidr_2_stub.vhdl:25]
INFO: [Synth 8-256] done synthesizing module 'm00_couplers_imp_148UC6G' (0#1) [/home/nothon/fpga2C/ZTurnV2/ZTurnV2.gen/sources_1/bd/main_design/synth/main_design.vhd:34]
INFO: [Synth 8-638] synthesizing module 's00_couplers_imp_YP4UUW' [/home/nothon/fpga2C/ZTurnV2/ZTurnV2.gen/sources_1/bd/main_design/synth/main_design.vhd:1794]
INFO: [Synth 8-256] done synthesizing module 's00_couplers_imp_YP4UUW' (0#1) [/home/nothon/fpga2C/ZTurnV2/ZTurnV2.gen/sources_1/bd/main_design/synth/main_design.vhd:1794]
INFO: [Synth 8-638] synthesizing module 's01_couplers_imp_1QXUVTY' [/home/nothon/fpga2C/ZTurnV2/ZTurnV2.gen/sources_1/bd/main_design/synth/main_design.vhd:1835]
INFO: [Synth 8-256] done synthesizing module 's01_couplers_imp_1QXUVTY' (0#1) [/home/nothon/fpga2C/ZTurnV2/ZTurnV2.gen/sources_1/bd/main_design/synth/main_design.vhd:1835]
INFO: [Synth 8-3491] module 'main_design_s_arb_req_suppress_concat_0' declared at '/home/nothon/fpga2C/ZTurnV2/ZTurnV2.gen/sources_1/bd/main_design/ip/main_design_s_arb_req_suppress_concat_0/synth/main_design_s_arb_req_suppress_concat_0.v:53' bound to instance 's_arb_req_suppress_concat' of component 'main_design_s_arb_req_suppress_concat_0' [/home/nothon/fpga2C/ZTurnV2/ZTurnV2.gen/sources_1/bd/main_design/synth/main_design.vhd:3491]
INFO: [Synth 8-6157] synthesizing module 'main_design_s_arb_req_suppress_concat_0' [/home/nothon/fpga2C/ZTurnV2/ZTurnV2.gen/sources_1/bd/main_design/ip/main_design_s_arb_req_suppress_concat_0/synth/main_design_s_arb_req_suppress_concat_0.v:53]
INFO: [Synth 8-6157] synthesizing module 'xlconcat_v2_1_6_xlconcat' [/home/nothon/fpga2C/ZTurnV2/ZTurnV2.gen/sources_1/bd/main_design/ipshared/6120/hdl/xlconcat_v2_1_vl_rfs.v:59]
INFO: [Synth 8-6155] done synthesizing module 'xlconcat_v2_1_6_xlconcat' (0#1) [/home/nothon/fpga2C/ZTurnV2/ZTurnV2.gen/sources_1/bd/main_design/ipshared/6120/hdl/xlconcat_v2_1_vl_rfs.v:59]
INFO: [Synth 8-6155] done synthesizing module 'main_design_s_arb_req_suppress_concat_0' (0#1) [/home/nothon/fpga2C/ZTurnV2/ZTurnV2.gen/sources_1/bd/main_design/ip/main_design_s_arb_req_suppress_concat_0/synth/main_design_s_arb_req_suppress_concat_0.v:53]
INFO: [Synth 8-3491] module 'main_design_xbar_4' declared at '/home/nothon/fpga2C/.Xil/Vivado-31035-nothon-Swift-SF314-57/realtime/main_design_xbar_4_stub.vhdl:6' bound to instance 'xbar' of component 'main_design_xbar_4' [/home/nothon/fpga2C/ZTurnV2/ZTurnV2.gen/sources_1/bd/main_design/synth/main_design.vhd:3497]
INFO: [Synth 8-638] synthesizing module 'main_design_xbar_4' [/home/nothon/fpga2C/.Xil/Vivado-31035-nothon-Swift-SF314-57/realtime/main_design_xbar_4_stub.vhdl:26]
INFO: [Synth 8-256] done synthesizing module 'main_design_axis_interconnect_1_0' (0#1) [/home/nothon/fpga2C/ZTurnV2/ZTurnV2.gen/sources_1/bd/main_design/synth/main_design.vhd:3358]
INFO: [Synth 8-3491] module 'main_design_hdmi_ctrl_0_0' declared at '/home/nothon/fpga2C/.Xil/Vivado-31035-nothon-Swift-SF314-57/realtime/main_design_hdmi_ctrl_0_0_stub.vhdl:6' bound to instance 'hdmi_ctrl_0' of component 'main_design_hdmi_ctrl_0_0' [/home/nothon/fpga2C/ZTurnV2/ZTurnV2.gen/sources_1/bd/main_design/synth/main_design.vhd:5276]
INFO: [Synth 8-638] synthesizing module 'main_design_hdmi_ctrl_0_0' [/home/nothon/fpga2C/.Xil/Vivado-31035-nothon-Swift-SF314-57/realtime/main_design_hdmi_ctrl_0_0_stub.vhdl:32]
INFO: [Synth 8-3491] module 'main_design_iobuf_I2C0_SDA_0' declared at '/home/nothon/fpga2C/.Xil/Vivado-31035-nothon-Swift-SF314-57/realtime/main_design_iobuf_I2C0_SDA_0_stub.vhdl:6' bound to instance 'iobuf_I2C0_SCL' of component 'main_design_iobuf_I2C0_SDA_0' [/home/nothon/fpga2C/ZTurnV2/ZTurnV2.gen/sources_1/bd/main_design/synth/main_design.vhd:5299]
INFO: [Synth 8-638] synthesizing module 'main_design_iobuf_I2C0_SDA_0' [/home/nothon/fpga2C/.Xil/Vivado-31035-nothon-Swift-SF314-57/realtime/main_design_iobuf_I2C0_SDA_0_stub.vhdl:16]
INFO: [Synth 8-3491] module 'main_design_my_iobuf_0_0' declared at '/home/nothon/fpga2C/.Xil/Vivado-31035-nothon-Swift-SF314-57/realtime/main_design_my_iobuf_0_0_stub.vhdl:6' bound to instance 'iobuf_I2C0_SDA' of component 'main_design_my_iobuf_0_0' [/home/nothon/fpga2C/ZTurnV2/ZTurnV2.gen/sources_1/bd/main_design/synth/main_design.vhd:5306]
INFO: [Synth 8-638] synthesizing module 'main_design_my_iobuf_0_0' [/home/nothon/fpga2C/.Xil/Vivado-31035-nothon-Swift-SF314-57/realtime/main_design_my_iobuf_0_0_stub.vhdl:16]
INFO: [Synth 8-3491] module 'main_design_lvds_sync_1_ibuf_0' declared at '/home/nothon/fpga2C/.Xil/Vivado-31035-nothon-Swift-SF314-57/realtime/main_design_lvds_sync_1_ibuf_0_stub.vhdl:6' bound to instance 'lvds_clk_1_ibuf' of component 'main_design_lvds_sync_1_ibuf_0' [/home/nothon/fpga2C/ZTurnV2/ZTurnV2.gen/sources_1/bd/main_design/synth/main_design.vhd:5313]
INFO: [Synth 8-638] synthesizing module 'main_design_lvds_sync_1_ibuf_0' [/home/nothon/fpga2C/.Xil/Vivado-31035-nothon-Swift-SF314-57/realtime/main_design_lvds_sync_1_ibuf_0_stub.vhdl:15]
INFO: [Synth 8-3491] module 'main_design_xlconcat_0_2' declared at '/home/nothon/fpga2C/ZTurnV2/ZTurnV2.gen/sources_1/bd/main_design/ip/main_design_xlconcat_0_2/synth/main_design_xlconcat_0_2.v:53' bound to instance 'lvds_data_0_concat_n' of component 'main_design_xlconcat_0_2' [/home/nothon/fpga2C/ZTurnV2/ZTurnV2.gen/sources_1/bd/main_design/synth/main_design.vhd:5319]
INFO: [Synth 8-6157] synthesizing module 'main_design_xlconcat_0_2' [/home/nothon/fpga2C/ZTurnV2/ZTurnV2.gen/sources_1/bd/main_design/ip/main_design_xlconcat_0_2/synth/main_design_xlconcat_0_2.v:53]
INFO: [Synth 8-6157] synthesizing module 'xlconcat_v2_1_6_xlconcat__parameterized0' [/home/nothon/fpga2C/ZTurnV2/ZTurnV2.gen/sources_1/bd/main_design/ipshared/6120/hdl/xlconcat_v2_1_vl_rfs.v:59]
INFO: [Synth 8-6155] done synthesizing module 'xlconcat_v2_1_6_xlconcat__parameterized0' (0#1) [/home/nothon/fpga2C/ZTurnV2/ZTurnV2.gen/sources_1/bd/main_design/ipshared/6120/hdl/xlconcat_v2_1_vl_rfs.v:59]
INFO: [Synth 8-6155] done synthesizing module 'main_design_xlconcat_0_2' (0#1) [/home/nothon/fpga2C/ZTurnV2/ZTurnV2.gen/sources_1/bd/main_design/ip/main_design_xlconcat_0_2/synth/main_design_xlconcat_0_2.v:53]
INFO: [Synth 8-3491] module 'main_design_lvds_pins_0_n_0' declared at '/home/nothon/fpga2C/ZTurnV2/ZTurnV2.gen/sources_1/bd/main_design/ip/main_design_lvds_pins_0_n_0/synth/main_design_lvds_pins_0_n_0.v:53' bound to instance 'lvds_data_0_concat_p' of component 'main_design_lvds_pins_0_n_0' [/home/nothon/fpga2C/ZTurnV2/ZTurnV2.gen/sources_1/bd/main_design/synth/main_design.vhd:5328]
INFO: [Synth 8-6157] synthesizing module 'main_design_lvds_pins_0_n_0' [/home/nothon/fpga2C/ZTurnV2/ZTurnV2.gen/sources_1/bd/main_design/ip/main_design_lvds_pins_0_n_0/synth/main_design_lvds_pins_0_n_0.v:53]
INFO: [Synth 8-6155] done synthesizing module 'main_design_lvds_pins_0_n_0' (0#1) [/home/nothon/fpga2C/ZTurnV2/ZTurnV2.gen/sources_1/bd/main_design/ip/main_design_lvds_pins_0_n_0/synth/main_design_lvds_pins_0_n_0.v:53]
INFO: [Synth 8-3491] module 'main_design_selectio_wiz_0_2' declared at '/home/nothon/fpga2C/.Xil/Vivado-31035-nothon-Swift-SF314-57/realtime/main_design_selectio_wiz_0_2_stub.vhdl:6' bound to instance 'lvds_selectio_data_0' of component 'main_design_selectio_wiz_0_2' [/home/nothon/fpga2C/ZTurnV2/ZTurnV2.gen/sources_1/bd/main_design/synth/main_design.vhd:5337]
INFO: [Synth 8-638] synthesizing module 'main_design_selectio_wiz_0_2' [/home/nothon/fpga2C/.Xil/Vivado-31035-nothon-Swift-SF314-57/realtime/main_design_selectio_wiz_0_2_stub.vhdl:21]
INFO: [Synth 8-3491] module 'main_design_lvds_sync_0_ibuf_1' declared at '/home/nothon/fpga2C/.Xil/Vivado-31035-nothon-Swift-SF314-57/realtime/main_design_lvds_sync_0_ibuf_1_stub.vhdl:6' bound to instance 'lvds_sync_1_ibuf' of component 'main_design_lvds_sync_0_ibuf_1' [/home/nothon/fpga2C/ZTurnV2/ZTurnV2.gen/sources_1/bd/main_design/synth/main_design.vhd:5350]
INFO: [Synth 8-638] synthesizing module 'main_design_lvds_sync_0_ibuf_1' [/home/nothon/fpga2C/.Xil/Vivado-31035-nothon-Swift-SF314-57/realtime/main_design_lvds_sync_0_ibuf_1_stub.vhdl:15]
INFO: [Synth 8-3491] module 'main_design_lvds_data_1_inverter_0' declared at '/home/nothon/fpga2C/.Xil/Vivado-31035-nothon-Swift-SF314-57/realtime/main_design_lvds_data_1_inverter_0_stub.vhdl:6' bound to instance 'lvds_sync_1_inverter' of component 'main_design_lvds_data_1_inverter_0' [/home/nothon/fpga2C/ZTurnV2/ZTurnV2.gen/sources_1/bd/main_design/synth/main_design.vhd:5356]
INFO: [Synth 8-638] synthesizing module 'main_design_lvds_data_1_inverter_0' [/home/nothon/fpga2C/.Xil/Vivado-31035-nothon-Swift-SF314-57/realtime/main_design_lvds_data_1_inverter_0_stub.vhdl:14]
INFO: [Synth 8-3491] module 'main_design_xlslice_0_1' declared at '/home/nothon/fpga2C/ZTurnV2/ZTurnV2.gen/sources_1/bd/main_design/ip/main_design_xlslice_0_1/synth/main_design_xlslice_0_1.v:53' bound to instance 'monitor0_slice0' of component 'main_design_xlslice_0_1' [/home/nothon/fpga2C/ZTurnV2/ZTurnV2.gen/sources_1/bd/main_design/synth/main_design.vhd:5361]
INFO: [Synth 8-6157] synthesizing module 'main_design_xlslice_0_1' [/home/nothon/fpga2C/ZTurnV2/ZTurnV2.gen/sources_1/bd/main_design/ip/main_design_xlslice_0_1/synth/main_design_xlslice_0_1.v:53]
INFO: [Synth 8-6157] synthesizing module 'xlslice_v1_0_4_xlslice' [/home/nothon/fpga2C/ZTurnV2/ZTurnV2.gen/sources_1/bd/main_design/ipshared/a97c/hdl/xlslice_v1_0_vl_rfs.v:58]
INFO: [Synth 8-6155] done synthesizing module 'xlslice_v1_0_4_xlslice' (0#1) [/home/nothon/fpga2C/ZTurnV2/ZTurnV2.gen/sources_1/bd/main_design/ipshared/a97c/hdl/xlslice_v1_0_vl_rfs.v:58]
INFO: [Synth 8-6155] done synthesizing module 'main_design_xlslice_0_1' (0#1) [/home/nothon/fpga2C/ZTurnV2/ZTurnV2.gen/sources_1/bd/main_design/ip/main_design_xlslice_0_1/synth/main_design_xlslice_0_1.v:53]
INFO: [Synth 8-3491] module 'main_design_xlslice_0_2' declared at '/home/nothon/fpga2C/ZTurnV2/ZTurnV2.gen/sources_1/bd/main_design/ip/main_design_xlslice_0_2/synth/main_design_xlslice_0_2.v:53' bound to instance 'monitor0_slice1' of component 'main_design_xlslice_0_2' [/home/nothon/fpga2C/ZTurnV2/ZTurnV2.gen/sources_1/bd/main_design/synth/main_design.vhd:5367]
INFO: [Synth 8-6157] synthesizing module 'main_design_xlslice_0_2' [/home/nothon/fpga2C/ZTurnV2/ZTurnV2.gen/sources_1/bd/main_design/ip/main_design_xlslice_0_2/synth/main_design_xlslice_0_2.v:53]
INFO: [Synth 8-6157] synthesizing module 'xlslice_v1_0_4_xlslice__parameterized0' [/home/nothon/fpga2C/ZTurnV2/ZTurnV2.gen/sources_1/bd/main_design/ipshared/a97c/hdl/xlslice_v1_0_vl_rfs.v:58]
INFO: [Synth 8-6155] done synthesizing module 'xlslice_v1_0_4_xlslice__parameterized0' (0#1) [/home/nothon/fpga2C/ZTurnV2/ZTurnV2.gen/sources_1/bd/main_design/ipshared/a97c/hdl/xlslice_v1_0_vl_rfs.v:58]
INFO: [Synth 8-6155] done synthesizing module 'main_design_xlslice_0_2' (0#1) [/home/nothon/fpga2C/ZTurnV2/ZTurnV2.gen/sources_1/bd/main_design/ip/main_design_xlslice_0_2/synth/main_design_xlslice_0_2.v:53]
INFO: [Synth 8-3491] module 'main_design_monitor0_slice0_1' declared at '/home/nothon/fpga2C/ZTurnV2/ZTurnV2.gen/sources_1/bd/main_design/ip/main_design_monitor0_slice0_1/synth/main_design_monitor0_slice0_1.v:53' bound to instance 'monitor1_slice0' of component 'main_design_monitor0_slice0_1' [/home/nothon/fpga2C/ZTurnV2/ZTurnV2.gen/sources_1/bd/main_design/synth/main_design.vhd:5373]
INFO: [Synth 8-6157] synthesizing module 'main_design_monitor0_slice0_1' [/home/nothon/fpga2C/ZTurnV2/ZTurnV2.gen/sources_1/bd/main_design/ip/main_design_monitor0_slice0_1/synth/main_design_monitor0_slice0_1.v:53]
INFO: [Synth 8-6155] done synthesizing module 'main_design_monitor0_slice0_1' (0#1) [/home/nothon/fpga2C/ZTurnV2/ZTurnV2.gen/sources_1/bd/main_design/ip/main_design_monitor0_slice0_1/synth/main_design_monitor0_slice0_1.v:53]
INFO: [Synth 8-3491] module 'main_design_monitor0_slice1_1' declared at '/home/nothon/fpga2C/ZTurnV2/ZTurnV2.gen/sources_1/bd/main_design/ip/main_design_monitor0_slice1_1/synth/main_design_monitor0_slice1_1.v:53' bound to instance 'monitor1_slice1' of component 'main_design_monitor0_slice1_1' [/home/nothon/fpga2C/ZTurnV2/ZTurnV2.gen/sources_1/bd/main_design/synth/main_design.vhd:5379]
INFO: [Synth 8-6157] synthesizing module 'main_design_monitor0_slice1_1' [/home/nothon/fpga2C/ZTurnV2/ZTurnV2.gen/sources_1/bd/main_design/ip/main_design_monitor0_slice1_1/synth/main_design_monitor0_slice1_1.v:53]
INFO: [Synth 8-6155] done synthesizing module 'main_design_monitor0_slice1_1' (0#1) [/home/nothon/fpga2C/ZTurnV2/ZTurnV2.gen/sources_1/bd/main_design/ip/main_design_monitor0_slice1_1/synth/main_design_monitor0_slice1_1.v:53]
INFO: [Synth 8-3491] module 'main_design_noip_ctrl_0_0' declared at '/home/nothon/fpga2C/.Xil/Vivado-31035-nothon-Swift-SF314-57/realtime/main_design_noip_ctrl_0_0_stub.vhdl:6' bound to instance 'noip_ctrl_0' of component 'main_design_noip_ctrl_0_0' [/home/nothon/fpga2C/ZTurnV2/ZTurnV2.gen/sources_1/bd/main_design/synth/main_design.vhd:5385]
INFO: [Synth 8-638] synthesizing module 'main_design_noip_ctrl_0_0' [/home/nothon/fpga2C/.Xil/Vivado-31035-nothon-Swift-SF314-57/realtime/main_design_noip_ctrl_0_0_stub.vhdl:45]
INFO: [Synth 8-3491] module 'main_design_noip_lvds_stream_0_0' declared at '/home/nothon/fpga2C/.Xil/Vivado-31035-nothon-Swift-SF314-57/realtime/main_design_noip_lvds_stream_0_0_stub.vhdl:6' bound to instance 'noip_lvds_stream_0' of component 'main_design_noip_lvds_stream_0_0' [/home/nothon/fpga2C/ZTurnV2/ZTurnV2.gen/sources_1/bd/main_design/synth/main_design.vhd:5421]
INFO: [Synth 8-638] synthesizing module 'main_design_noip_lvds_stream_0_0' [/home/nothon/fpga2C/.Xil/Vivado-31035-nothon-Swift-SF314-57/realtime/main_design_noip_lvds_stream_0_0_stub.vhdl:32]
INFO: [Synth 8-3491] module 'main_design_noip_lvds_stream_0_1' declared at '/home/nothon/fpga2C/.Xil/Vivado-31035-nothon-Swift-SF314-57/realtime/main_design_noip_lvds_stream_0_1_stub.vhdl:6' bound to instance 'noip_lvds_stream_1' of component 'main_design_noip_lvds_stream_0_1' [/home/nothon/fpga2C/ZTurnV2/ZTurnV2.gen/sources_1/bd/main_design/synth/main_design.vhd:5483]
INFO: [Synth 8-638] synthesizing module 'main_design_noip_lvds_stream_0_1' [/home/nothon/fpga2C/.Xil/Vivado-31035-nothon-Swift-SF314-57/realtime/main_design_noip_lvds_stream_0_1_stub.vhdl:32]
INFO: [Synth 8-3491] module 'main_design_proc_sys_reset_0_0' declared at '/home/nothon/fpga2C/.Xil/Vivado-31035-nothon-Swift-SF314-57/realtime/main_design_proc_sys_reset_0_0_stub.vhdl:6' bound to instance 'proc_sys_reset_0' of component 'main_design_proc_sys_reset_0_0' [/home/nothon/fpga2C/ZTurnV2/ZTurnV2.gen/sources_1/bd/main_design/synth/main_design.vhd:5506]
INFO: [Synth 8-638] synthesizing module 'main_design_proc_sys_reset_0_0' [/home/nothon/fpga2C/.Xil/Vivado-31035-nothon-Swift-SF314-57/realtime/main_design_proc_sys_reset_0_0_stub.vhdl:22]
INFO: [Synth 8-3491] module 'main_design_processing_system7_0_0' declared at '/home/nothon/fpga2C/.Xil/Vivado-31035-nothon-Swift-SF314-57/realtime/main_design_processing_system7_0_0_stub.vhdl:6' bound to instance 'processing_system7_0' of component 'main_design_processing_system7_0_0' [/home/nothon/fpga2C/ZTurnV2/ZTurnV2.gen/sources_1/bd/main_design/synth/main_design.vhd:5519]
INFO: [Synth 8-638] synthesizing module 'main_design_processing_system7_0_0' [/home/nothon/fpga2C/.Xil/Vivado-31035-nothon-Swift-SF314-57/realtime/main_design_processing_system7_0_0_stub.vhdl:126]
INFO: [Synth 8-638] synthesizing module 'main_design_ps7_0_axi_periph_0' [/home/nothon/fpga2C/ZTurnV2/ZTurnV2.gen/sources_1/bd/main_design/synth/main_design.vhd:3610]
INFO: [Synth 8-638] synthesizing module 'm00_couplers_imp_XM9VZQ' [/home/nothon/fpga2C/ZTurnV2/ZTurnV2.gen/sources_1/bd/main_design/synth/main_design.vhd:725]
INFO: [Synth 8-256] done synthesizing module 'm00_couplers_imp_XM9VZQ' (0#1) [/home/nothon/fpga2C/ZTurnV2/ZTurnV2.gen/sources_1/bd/main_design/synth/main_design.vhd:725]
INFO: [Synth 8-638] synthesizing module 'm01_couplers_imp_1S2SH48' [/home/nothon/fpga2C/ZTurnV2/ZTurnV2.gen/sources_1/bd/main_design/synth/main_design.vhd:955]
INFO: [Synth 8-256] done synthesizing module 'm01_couplers_imp_1S2SH48' (0#1) [/home/nothon/fpga2C/ZTurnV2/ZTurnV2.gen/sources_1/bd/main_design/synth/main_design.vhd:955]
INFO: [Synth 8-638] synthesizing module 's00_couplers_imp_15E0VTY' [/home/nothon/fpga2C/ZTurnV2/ZTurnV2.gen/sources_1/bd/main_design/synth/main_design.vhd:1076]
INFO: [Synth 8-3491] module 'main_design_auto_pc_0' declared at '/home/nothon/fpga2C/.Xil/Vivado-31035-nothon-Swift-SF314-57/realtime/main_design_auto_pc_0_stub.vhdl:6' bound to instance 'auto_pc' of component 'main_design_auto_pc_0' [/home/nothon/fpga2C/ZTurnV2/ZTurnV2.gen/sources_1/bd/main_design/synth/main_design.vhd:1259]
INFO: [Synth 8-638] synthesizing module 'main_design_auto_pc_0' [/home/nothon/fpga2C/.Xil/Vivado-31035-nothon-Swift-SF314-57/realtime/main_design_auto_pc_0_stub.vhdl:71]
INFO: [Synth 8-256] done synthesizing module 's00_couplers_imp_15E0VTY' (0#1) [/home/nothon/fpga2C/ZTurnV2/ZTurnV2.gen/sources_1/bd/main_design/synth/main_design.vhd:1076]
INFO: [Synth 8-3491] module 'main_design_xbar_1' declared at '/home/nothon/fpga2C/.Xil/Vivado-31035-nothon-Swift-SF314-57/realtime/main_design_xbar_1_stub.vhdl:6' bound to instance 'xbar' of component 'main_design_xbar_1' [/home/nothon/fpga2C/ZTurnV2/ZTurnV2.gen/sources_1/bd/main_design/synth/main_design.vhd:4011]
INFO: [Synth 8-638] synthesizing module 'main_design_xbar_1' [/home/nothon/fpga2C/.Xil/Vivado-31035-nothon-Swift-SF314-57/realtime/main_design_xbar_1_stub.vhdl:52]
INFO: [Synth 8-256] done synthesizing module 'main_design_ps7_0_axi_periph_0' (0#1) [/home/nothon/fpga2C/ZTurnV2/ZTurnV2.gen/sources_1/bd/main_design/synth/main_design.vhd:3610]
INFO: [Synth 8-3491] module 'main_design_lvds_sync_1_inverter_1' declared at '/home/nothon/fpga2C/.Xil/Vivado-31035-nothon-Swift-SF314-57/realtime/main_design_lvds_sync_1_inverter_1_stub.vhdl:6' bound to instance 'selectio_reset_inverter' of component 'main_design_lvds_sync_1_inverter_1' [/home/nothon/fpga2C/ZTurnV2/ZTurnV2.gen/sources_1/bd/main_design/synth/main_design.vhd:5723]
INFO: [Synth 8-638] synthesizing module 'main_design_lvds_sync_1_inverter_1' [/home/nothon/fpga2C/.Xil/Vivado-31035-nothon-Swift-SF314-57/realtime/main_design_lvds_sync_1_inverter_1_stub.vhdl:14]
INFO: [Synth 8-3491] module 'main_design_xlconcat_0_0' declared at '/home/nothon/fpga2C/ZTurnV2/ZTurnV2.gen/sources_1/bd/main_design/ip/main_design_xlconcat_0_0/synth/main_design_xlconcat_0_0.v:53' bound to instance 'trigger0_concat' of component 'main_design_xlconcat_0_0' [/home/nothon/fpga2C/ZTurnV2/ZTurnV2.gen/sources_1/bd/main_design/synth/main_design.vhd:5728]
INFO: [Synth 8-6157] synthesizing module 'main_design_xlconcat_0_0' [/home/nothon/fpga2C/ZTurnV2/ZTurnV2.gen/sources_1/bd/main_design/ip/main_design_xlconcat_0_0/synth/main_design_xlconcat_0_0.v:53]
INFO: [Synth 8-6155] done synthesizing module 'main_design_xlconcat_0_0' (0#1) [/home/nothon/fpga2C/ZTurnV2/ZTurnV2.gen/sources_1/bd/main_design/ip/main_design_xlconcat_0_0/synth/main_design_xlconcat_0_0.v:53]
INFO: [Synth 8-256] done synthesizing module 'main_design' (0#1) [/home/nothon/fpga2C/ZTurnV2/ZTurnV2.gen/sources_1/bd/main_design/synth/main_design.vhd:4156]
INFO: [Synth 8-256] done synthesizing module 'main_design_wrapper' (0#1) [/home/nothon/fpga2C/ZTurnV2/ZTurnV2.gen/sources_1/bd/main_design/hdl/main_design_wrapper.vhd:89]
WARNING: [Synth 8-7129] Port In2[0] in module xlconcat_v2_1_6_xlconcat is either unconnected or has no load
WARNING: [Synth 8-7129] Port In3[0] in module xlconcat_v2_1_6_xlconcat is either unconnected or has no load
WARNING: [Synth 8-7129] Port In4[0] in module xlconcat_v2_1_6_xlconcat is either unconnected or has no load
WARNING: [Synth 8-7129] Port In5[0] in module xlconcat_v2_1_6_xlconcat is either unconnected or has no load
WARNING: [Synth 8-7129] Port In6[0] in module xlconcat_v2_1_6_xlconcat is either unconnected or has no load
WARNING: [Synth 8-7129] Port In7[0] in module xlconcat_v2_1_6_xlconcat is either unconnected or has no load
WARNING: [Synth 8-7129] Port In8[0] in module xlconcat_v2_1_6_xlconcat is either unconnected or has no load
WARNING: [Synth 8-7129] Port In9[0] in module xlconcat_v2_1_6_xlconcat is either unconnected or has no load
WARNING: [Synth 8-7129] Port In10[0] in module xlconcat_v2_1_6_xlconcat is either unconnected or has no load
WARNING: [Synth 8-7129] Port In11[0] in module xlconcat_v2_1_6_xlconcat is either unconnected or has no load
WARNING: [Synth 8-7129] Port In12[0] in module xlconcat_v2_1_6_xlconcat is either unconnected or has no load
WARNING: [Synth 8-7129] Port In13[0] in module xlconcat_v2_1_6_xlconcat is either unconnected or has no load
WARNING: [Synth 8-7129] Port In14[0] in module xlconcat_v2_1_6_xlconcat is either unconnected or has no load
WARNING: [Synth 8-7129] Port In15[0] in module xlconcat_v2_1_6_xlconcat is either unconnected or has no load
WARNING: [Synth 8-7129] Port In16[0] in module xlconcat_v2_1_6_xlconcat is either unconnected or has no load
WARNING: [Synth 8-7129] Port In17[0] in module xlconcat_v2_1_6_xlconcat is either unconnected or has no load
WARNING: [Synth 8-7129] Port In18[0] in module xlconcat_v2_1_6_xlconcat is either unconnected or has no load
WARNING: [Synth 8-7129] Port In19[0] in module xlconcat_v2_1_6_xlconcat is either unconnected or has no load
WARNING: [Synth 8-7129] Port In20[0] in module xlconcat_v2_1_6_xlconcat is either unconnected or has no load
WARNING: [Synth 8-7129] Port In21[0] in module xlconcat_v2_1_6_xlconcat is either unconnected or has no load
WARNING: [Synth 8-7129] Port In22[0] in module xlconcat_v2_1_6_xlconcat is either unconnected or has no load
WARNING: [Synth 8-7129] Port In23[0] in module xlconcat_v2_1_6_xlconcat is either unconnected or has no load
WARNING: [Synth 8-7129] Port In24[0] in module xlconcat_v2_1_6_xlconcat is either unconnected or has no load
WARNING: [Synth 8-7129] Port In25[0] in module xlconcat_v2_1_6_xlconcat is either unconnected or has no load
WARNING: [Synth 8-7129] Port In26[0] in module xlconcat_v2_1_6_xlconcat is either unconnected or has no load
WARNING: [Synth 8-7129] Port In27[0] in module xlconcat_v2_1_6_xlconcat is either unconnected or has no load
WARNING: [Synth 8-7129] Port In28[0] in module xlconcat_v2_1_6_xlconcat is either unconnected or has no load
WARNING: [Synth 8-7129] Port In29[0] in module xlconcat_v2_1_6_xlconcat is either unconnected or has no load
WARNING: [Synth 8-7129] Port In30[0] in module xlconcat_v2_1_6_xlconcat is either unconnected or has no load
WARNING: [Synth 8-7129] Port In31[0] in module xlconcat_v2_1_6_xlconcat is either unconnected or has no load
WARNING: [Synth 8-7129] Port In32[0] in module xlconcat_v2_1_6_xlconcat is either unconnected or has no load
WARNING: [Synth 8-7129] Port In33[0] in module xlconcat_v2_1_6_xlconcat is either unconnected or has no load
WARNING: [Synth 8-7129] Port In34[0] in module xlconcat_v2_1_6_xlconcat is either unconnected or has no load
WARNING: [Synth 8-7129] Port In35[0] in module xlconcat_v2_1_6_xlconcat is either unconnected or has no load
WARNING: [Synth 8-7129] Port In36[0] in module xlconcat_v2_1_6_xlconcat is either unconnected or has no load
WARNING: [Synth 8-7129] Port In37[0] in module xlconcat_v2_1_6_xlconcat is either unconnected or has no load
WARNING: [Synth 8-7129] Port In38[0] in module xlconcat_v2_1_6_xlconcat is either unconnected or has no load
WARNING: [Synth 8-7129] Port In39[0] in module xlconcat_v2_1_6_xlconcat is either unconnected or has no load
WARNING: [Synth 8-7129] Port In40[0] in module xlconcat_v2_1_6_xlconcat is either unconnected or has no load
WARNING: [Synth 8-7129] Port In41[0] in module xlconcat_v2_1_6_xlconcat is either unconnected or has no load
WARNING: [Synth 8-7129] Port In42[0] in module xlconcat_v2_1_6_xlconcat is either unconnected or has no load
WARNING: [Synth 8-7129] Port In43[0] in module xlconcat_v2_1_6_xlconcat is either unconnected or has no load
WARNING: [Synth 8-7129] Port In44[0] in module xlconcat_v2_1_6_xlconcat is either unconnected or has no load
WARNING: [Synth 8-7129] Port In45[0] in module xlconcat_v2_1_6_xlconcat is either unconnected or has no load
WARNING: [Synth 8-7129] Port In46[0] in module xlconcat_v2_1_6_xlconcat is either unconnected or has no load
WARNING: [Synth 8-7129] Port In47[0] in module xlconcat_v2_1_6_xlconcat is either unconnected or has no load
WARNING: [Synth 8-7129] Port In48[0] in module xlconcat_v2_1_6_xlconcat is either unconnected or has no load
WARNING: [Synth 8-7129] Port In49[0] in module xlconcat_v2_1_6_xlconcat is either unconnected or has no load
WARNING: [Synth 8-7129] Port In50[0] in module xlconcat_v2_1_6_xlconcat is either unconnected or has no load
WARNING: [Synth 8-7129] Port In51[0] in module xlconcat_v2_1_6_xlconcat is either unconnected or has no load
WARNING: [Synth 8-7129] Port In52[0] in module xlconcat_v2_1_6_xlconcat is either unconnected or has no load
WARNING: [Synth 8-7129] Port In53[0] in module xlconcat_v2_1_6_xlconcat is either unconnected or has no load
WARNING: [Synth 8-7129] Port In54[0] in module xlconcat_v2_1_6_xlconcat is either unconnected or has no load
WARNING: [Synth 8-7129] Port In55[0] in module xlconcat_v2_1_6_xlconcat is either unconnected or has no load
WARNING: [Synth 8-7129] Port In56[0] in module xlconcat_v2_1_6_xlconcat is either unconnected or has no load
WARNING: [Synth 8-7129] Port In57[0] in module xlconcat_v2_1_6_xlconcat is either unconnected or has no load
WARNING: [Synth 8-7129] Port In58[0] in module xlconcat_v2_1_6_xlconcat is either unconnected or has no load
WARNING: [Synth 8-7129] Port In59[0] in module xlconcat_v2_1_6_xlconcat is either unconnected or has no load
WARNING: [Synth 8-7129] Port In60[0] in module xlconcat_v2_1_6_xlconcat is either unconnected or has no load
WARNING: [Synth 8-7129] Port In61[0] in module xlconcat_v2_1_6_xlconcat is either unconnected or has no load
WARNING: [Synth 8-7129] Port In62[0] in module xlconcat_v2_1_6_xlconcat is either unconnected or has no load
WARNING: [Synth 8-7129] Port In63[0] in module xlconcat_v2_1_6_xlconcat is either unconnected or has no load
WARNING: [Synth 8-7129] Port In64[0] in module xlconcat_v2_1_6_xlconcat is either unconnected or has no load
WARNING: [Synth 8-7129] Port In65[0] in module xlconcat_v2_1_6_xlconcat is either unconnected or has no load
WARNING: [Synth 8-7129] Port In66[0] in module xlconcat_v2_1_6_xlconcat is either unconnected or has no load
WARNING: [Synth 8-7129] Port In67[0] in module xlconcat_v2_1_6_xlconcat is either unconnected or has no load
WARNING: [Synth 8-7129] Port In68[0] in module xlconcat_v2_1_6_xlconcat is either unconnected or has no load
WARNING: [Synth 8-7129] Port In69[0] in module xlconcat_v2_1_6_xlconcat is either unconnected or has no load
WARNING: [Synth 8-7129] Port In70[0] in module xlconcat_v2_1_6_xlconcat is either unconnected or has no load
WARNING: [Synth 8-7129] Port In71[0] in module xlconcat_v2_1_6_xlconcat is either unconnected or has no load
WARNING: [Synth 8-7129] Port In72[0] in module xlconcat_v2_1_6_xlconcat is either unconnected or has no load
WARNING: [Synth 8-7129] Port In73[0] in module xlconcat_v2_1_6_xlconcat is either unconnected or has no load
WARNING: [Synth 8-7129] Port In74[0] in module xlconcat_v2_1_6_xlconcat is either unconnected or has no load
WARNING: [Synth 8-7129] Port In75[0] in module xlconcat_v2_1_6_xlconcat is either unconnected or has no load
WARNING: [Synth 8-7129] Port In76[0] in module xlconcat_v2_1_6_xlconcat is either unconnected or has no load
WARNING: [Synth 8-7129] Port In77[0] in module xlconcat_v2_1_6_xlconcat is either unconnected or has no load
WARNING: [Synth 8-7129] Port In78[0] in module xlconcat_v2_1_6_xlconcat is either unconnected or has no load
WARNING: [Synth 8-7129] Port In79[0] in module xlconcat_v2_1_6_xlconcat is either unconnected or has no load
WARNING: [Synth 8-7129] Port In80[0] in module xlconcat_v2_1_6_xlconcat is either unconnected or has no load
WARNING: [Synth 8-7129] Port In81[0] in module xlconcat_v2_1_6_xlconcat is either unconnected or has no load
WARNING: [Synth 8-7129] Port In82[0] in module xlconcat_v2_1_6_xlconcat is either unconnected or has no load
WARNING: [Synth 8-7129] Port In83[0] in module xlconcat_v2_1_6_xlconcat is either unconnected or has no load
WARNING: [Synth 8-7129] Port In84[0] in module xlconcat_v2_1_6_xlconcat is either unconnected or has no load
WARNING: [Synth 8-7129] Port In85[0] in module xlconcat_v2_1_6_xlconcat is either unconnected or has no load
WARNING: [Synth 8-7129] Port In86[0] in module xlconcat_v2_1_6_xlconcat is either unconnected or has no load
WARNING: [Synth 8-7129] Port In87[0] in module xlconcat_v2_1_6_xlconcat is either unconnected or has no load
WARNING: [Synth 8-7129] Port In88[0] in module xlconcat_v2_1_6_xlconcat is either unconnected or has no load
WARNING: [Synth 8-7129] Port In89[0] in module xlconcat_v2_1_6_xlconcat is either unconnected or has no load
WARNING: [Synth 8-7129] Port In90[0] in module xlconcat_v2_1_6_xlconcat is either unconnected or has no load
WARNING: [Synth 8-7129] Port In91[0] in module xlconcat_v2_1_6_xlconcat is either unconnected or has no load
WARNING: [Synth 8-7129] Port In92[0] in module xlconcat_v2_1_6_xlconcat is either unconnected or has no load
WARNING: [Synth 8-7129] Port In93[0] in module xlconcat_v2_1_6_xlconcat is either unconnected or has no load
WARNING: [Synth 8-7129] Port In94[0] in module xlconcat_v2_1_6_xlconcat is either unconnected or has no load
WARNING: [Synth 8-7129] Port In95[0] in module xlconcat_v2_1_6_xlconcat is either unconnected or has no load
WARNING: [Synth 8-7129] Port In96[0] in module xlconcat_v2_1_6_xlconcat is either unconnected or has no load
WARNING: [Synth 8-7129] Port In97[0] in module xlconcat_v2_1_6_xlconcat is either unconnected or has no load
WARNING: [Synth 8-7129] Port In98[0] in module xlconcat_v2_1_6_xlconcat is either unconnected or has no load
WARNING: [Synth 8-7129] Port In99[0] in module xlconcat_v2_1_6_xlconcat is either unconnected or has no load
WARNING: [Synth 8-7129] Port In100[0] in module xlconcat_v2_1_6_xlconcat is either unconnected or has no load
WARNING: [Synth 8-7129] Port In101[0] in module xlconcat_v2_1_6_xlconcat is either unconnected or has no load
INFO: [Common 17-14] Message 'Synth 8-7129' appears 100 times and further instances of the messages will be disabled. Use the Tcl command set_msg_config to change the current settings.
---------------------------------------------------------------------------------
Finished RTL Elaboration : Time (s): cpu = 00:00:15 ; elapsed = 00:00:08 . Memory (MB): peak = 9283.512 ; gain = 492.105 ; free physical = 232 ; free virtual = 14880
---------------------------------------------------------------------------------
---------------------------------------------------------------------------------
Start Handling Custom Attributes
---------------------------------------------------------------------------------
---------------------------------------------------------------------------------
Finished Handling Custom Attributes : Time (s): cpu = 00:00:15 ; elapsed = 00:00:09 . Memory (MB): peak = 9301.324 ; gain = 509.918 ; free physical = 232 ; free virtual = 14880
---------------------------------------------------------------------------------
---------------------------------------------------------------------------------
Finished RTL Optimization Phase 1 : Time (s): cpu = 00:00:15 ; elapsed = 00:00:09 . Memory (MB): peak = 9301.324 ; gain = 509.918 ; free physical = 232 ; free virtual = 14880
---------------------------------------------------------------------------------
INFO: [Project 1-454] Reading design checkpoint '/home/nothon/fpga2C/ZTurnV2/ZTurnV2.gen/sources_1/bd/main_design/ip/main_design_axi_dma_0_0_1/main_design_axi_dma_0_0.dcp' for cell 'main_design_i/axi_dma_0'
INFO: [Project 1-454] Reading design checkpoint '/home/nothon/fpga2C/ZTurnV2/ZTurnV2.gen/sources_1/bd/main_design/ip/main_design_hdmi_ctrl_0_0/main_design_hdmi_ctrl_0_0.dcp' for cell 'main_design_i/hdmi_ctrl_0'
INFO: [Project 1-454] Reading design checkpoint '/home/nothon/fpga2C/ZTurnV2/ZTurnV2.gen/sources_1/bd/main_design/ip/main_design_iobuf_I2C0_SDA_0/main_design_iobuf_I2C0_SDA_0.dcp' for cell 'main_design_i/iobuf_I2C0_SCL'
INFO: [Project 1-454] Reading design checkpoint '/home/nothon/fpga2C/ZTurnV2/ZTurnV2.gen/sources_1/bd/main_design/ip/main_design_my_iobuf_0_0/main_design_my_iobuf_0_0.dcp' for cell 'main_design_i/iobuf_I2C0_SDA'
INFO: [Project 1-454] Reading design checkpoint '/home/nothon/fpga2C/ZTurnV2/ZTurnV2.gen/sources_1/bd/main_design/ip/main_design_lvds_sync_1_ibuf_0/main_design_lvds_sync_1_ibuf_0.dcp' for cell 'main_design_i/lvds_clk_1_ibuf'
INFO: [Project 1-454] Reading design checkpoint '/home/nothon/fpga2C/ZTurnV2/ZTurnV2.gen/sources_1/bd/main_design/ip/main_design_selectio_wiz_0_2/main_design_selectio_wiz_0_2.dcp' for cell 'main_design_i/lvds_selectio_data_0'
INFO: [Project 1-454] Reading design checkpoint '/home/nothon/fpga2C/ZTurnV2/ZTurnV2.gen/sources_1/bd/main_design/ip/main_design_lvds_sync_0_ibuf_1/main_design_lvds_sync_0_ibuf_1.dcp' for cell 'main_design_i/lvds_sync_1_ibuf'
INFO: [Project 1-454] Reading design checkpoint '/home/nothon/fpga2C/ZTurnV2/ZTurnV2.gen/sources_1/bd/main_design/ip/main_design_lvds_data_1_inverter_0/main_design_lvds_data_1_inverter_0.dcp' for cell 'main_design_i/lvds_sync_1_inverter'
INFO: [Project 1-454] Reading design checkpoint '/home/nothon/fpga2C/ZTurnV2/ZTurnV2.gen/sources_1/bd/main_design/ip/main_design_noip_ctrl_0_0/main_design_noip_ctrl_0_0.dcp' for cell 'main_design_i/noip_ctrl_0'
INFO: [Project 1-454] Reading design checkpoint '/home/nothon/fpga2C/ZTurnV2/ZTurnV2.gen/sources_1/bd/main_design/ip/main_design_noip_lvds_stream_0_0/main_design_noip_lvds_stream_0_0.dcp' for cell 'main_design_i/noip_lvds_stream_0'
INFO: [Project 1-454] Reading design checkpoint '/home/nothon/fpga2C/ZTurnV2/ZTurnV2.gen/sources_1/bd/main_design/ip/main_design_noip_lvds_stream_0_1/main_design_noip_lvds_stream_0_1.dcp' for cell 'main_design_i/noip_lvds_stream_1'
INFO: [Project 1-454] Reading design checkpoint '/home/nothon/fpga2C/ZTurnV2/ZTurnV2.gen/sources_1/bd/main_design/ip/main_design_proc_sys_reset_0_0/main_design_proc_sys_reset_0_0.dcp' for cell 'main_design_i/proc_sys_reset_0'
INFO: [Project 1-454] Reading design checkpoint '/home/nothon/fpga2C/ZTurnV2/ZTurnV2.gen/sources_1/bd/main_design/ip/main_design_processing_system7_0_0/main_design_processing_system7_0_0.dcp' for cell 'main_design_i/processing_system7_0'
INFO: [Project 1-454] Reading design checkpoint '/home/nothon/fpga2C/ZTurnV2/ZTurnV2.gen/sources_1/bd/main_design/ip/main_design_lvds_sync_1_inverter_1/main_design_lvds_sync_1_inverter_1.dcp' for cell 'main_design_i/selectio_reset_inverter'
INFO: [Project 1-454] Reading design checkpoint '/home/nothon/fpga2C/ZTurnV2/ZTurnV2.gen/sources_1/bd/main_design/ip/main_design_xbar_2/main_design_xbar_2.dcp' for cell 'main_design_i/axi_mem_intercon/xbar'
INFO: [Project 1-454] Reading design checkpoint '/home/nothon/fpga2C/ZTurnV2/ZTurnV2.gen/sources_1/bd/main_design/ip/main_design_auto_pc_1/main_design_auto_pc_1.dcp' for cell 'main_design_i/axi_mem_intercon/m00_couplers/auto_pc'
INFO: [Project 1-454] Reading design checkpoint '/home/nothon/fpga2C/ZTurnV2/ZTurnV2.gen/sources_1/bd/main_design/ip/main_design_auto_us_df_0/main_design_auto_us_df_0.dcp' for cell 'main_design_i/axi_mem_intercon/s00_couplers/auto_us_df'
INFO: [Project 1-454] Reading design checkpoint '/home/nothon/fpga2C/ZTurnV2/ZTurnV2.gen/sources_1/bd/main_design/ip/main_design_auto_us_df_1/main_design_auto_us_df_1.dcp' for cell 'main_design_i/axi_mem_intercon/s01_couplers/auto_us_df'
INFO: [Project 1-454] Reading design checkpoint '/home/nothon/fpga2C/ZTurnV2/ZTurnV2.gen/sources_1/bd/main_design/ip/main_design_auto_us_df_2/main_design_auto_us_df_2.dcp' for cell 'main_design_i/axi_mem_intercon/s02_couplers/auto_us_df'
INFO: [Project 1-454] Reading design checkpoint '/home/nothon/fpga2C/ZTurnV2/ZTurnV2.gen/sources_1/bd/main_design/ip/main_design_xbar_3/main_design_xbar_3.dcp' for cell 'main_design_i/axis_interconnect_0/xbar'
INFO: [Project 1-454] Reading design checkpoint '/home/nothon/fpga2C/ZTurnV2/ZTurnV2.gen/sources_1/bd/main_design/ip/main_design_auto_ss_k_0/main_design_auto_ss_k_0.dcp' for cell 'main_design_i/axis_interconnect_0/m00_couplers/auto_ss_k'
INFO: [Project 1-454] Reading design checkpoint '/home/nothon/fpga2C/ZTurnV2/ZTurnV2.gen/sources_1/bd/main_design/ip/main_design_auto_ss_slidr_0/main_design_auto_ss_slidr_0.dcp' for cell 'main_design_i/axis_interconnect_0/m00_couplers/auto_ss_slidr'
INFO: [Project 1-454] Reading design checkpoint '/home/nothon/fpga2C/ZTurnV2/ZTurnV2.gen/sources_1/bd/main_design/ip/main_design_auto_ss_k_1/main_design_auto_ss_k_1.dcp' for cell 'main_design_i/axis_interconnect_0/m01_couplers/auto_ss_k'
INFO: [Project 1-454] Reading design checkpoint '/home/nothon/fpga2C/ZTurnV2/ZTurnV2.gen/sources_1/bd/main_design/ip/main_design_auto_ss_slidr_1/main_design_auto_ss_slidr_1.dcp' for cell 'main_design_i/axis_interconnect_0/m01_couplers/auto_ss_slidr'
INFO: [Project 1-454] Reading design checkpoint '/home/nothon/fpga2C/ZTurnV2/ZTurnV2.gen/sources_1/bd/main_design/ip/main_design_auto_ss_slid_0/main_design_auto_ss_slid_0.dcp' for cell 'main_design_i/axis_interconnect_0/s00_couplers/auto_ss_slid'
INFO: [Project 1-454] Reading design checkpoint '/home/nothon/fpga2C/ZTurnV2/ZTurnV2.gen/sources_1/bd/main_design/ip/main_design_xbar_4/main_design_xbar_4.dcp' for cell 'main_design_i/axis_interconnect_1/xbar'
INFO: [Project 1-454] Reading design checkpoint '/home/nothon/fpga2C/ZTurnV2/ZTurnV2.gen/sources_1/bd/main_design/ip/main_design_auto_ss_k_2/main_design_auto_ss_k_2.dcp' for cell 'main_design_i/axis_interconnect_1/m00_couplers/auto_ss_k'
INFO: [Project 1-454] Reading design checkpoint '/home/nothon/fpga2C/ZTurnV2/ZTurnV2.gen/sources_1/bd/main_design/ip/main_design_auto_ss_slidr_2/main_design_auto_ss_slidr_2.dcp' for cell 'main_design_i/axis_interconnect_1/m00_couplers/auto_ss_slidr'
INFO: [Project 1-454] Reading design checkpoint '/home/nothon/fpga2C/ZTurnV2/ZTurnV2.gen/sources_1/bd/main_design/ip/main_design_xbar_1/main_design_xbar_1.dcp' for cell 'main_design_i/ps7_0_axi_periph/xbar'
INFO: [Project 1-454] Reading design checkpoint '/home/nothon/fpga2C/ZTurnV2/ZTurnV2.gen/sources_1/bd/main_design/ip/main_design_auto_pc_0/main_design_auto_pc_0.dcp' for cell 'main_design_i/ps7_0_axi_periph/s00_couplers/auto_pc'
Netlist sorting complete. Time (s): cpu = 00:00:00.25 ; elapsed = 00:00:00.23 . Memory (MB): peak = 9319.137 ; gain = 0.000 ; free physical = 451 ; free virtual = 15186
INFO: [Netlist 29-17] Analyzing 271 Unisim elements for replacement
INFO: [Netlist 29-28] Unisim Transformation completed in 0 CPU seconds
WARNING: [Netlist 29-1115] Found multi-term driver net: main_design_i/lvds_sync_1_ibuf/U0/<const0>.
WARNING: [Netlist 29-1115] Found multi-term driver net: main_design_i/lvds_clk_1_ibuf/U0/<const0>.
INFO: [Project 1-479] Netlist was created with Vivado 2024.1
INFO: [Project 1-570] Preparing netlist for logic optimization
WARNING: [Constraints 18-550] Could not create 'SLEW' constraint because net 'main_design_i/iobuf_I2C0_SCL/I' is not directly connected to top level port. 'SLEW' is ignored for synthesis but preserved for implementation.
WARNING: [Constraints 18-550] Could not create 'DRIVE' constraint because net 'main_design_i/iobuf_I2C0_SCL/I' is not directly connected to top level port. 'DRIVE' is ignored for synthesis but preserved for implementation.
WARNING: [Constraints 18-550] Could not create 'IBUF_LOW_PWR' constraint because net 'main_design_i/iobuf_I2C0_SCL/I' is not directly connected to top level port. 'IBUF_LOW_PWR' is ignored for synthesis but preserved for implementation.
WARNING: [Constraints 18-550] Could not create 'SLEW' constraint because net 'main_design_i/iobuf_I2C0_SCL/O' is not directly connected to top level port. 'SLEW' is ignored for synthesis but preserved for implementation.
WARNING: [Constraints 18-550] Could not create 'DRIVE' constraint because net 'main_design_i/iobuf_I2C0_SCL/O' is not directly connected to top level port. 'DRIVE' is ignored for synthesis but preserved for implementation.
WARNING: [Constraints 18-550] Could not create 'IBUF_LOW_PWR' constraint because net 'main_design_i/iobuf_I2C0_SCL/O' is not directly connected to top level port. 'IBUF_LOW_PWR' is ignored for synthesis but preserved for implementation.
WARNING: [Constraints 18-550] Could not create 'SLEW' constraint because net 'main_design_i/iobuf_I2C0_SCL/T' is not directly connected to top level port. 'SLEW' is ignored for synthesis but preserved for implementation.
WARNING: [Constraints 18-550] Could not create 'DRIVE' constraint because net 'main_design_i/iobuf_I2C0_SCL/T' is not directly connected to top level port. 'DRIVE' is ignored for synthesis but preserved for implementation.
WARNING: [Constraints 18-550] Could not create 'IBUF_LOW_PWR' constraint because net 'main_design_i/iobuf_I2C0_SCL/T' is not directly connected to top level port. 'IBUF_LOW_PWR' is ignored for synthesis but preserved for implementation.
WARNING: [Constraints 18-550] Could not create 'SLEW' constraint because net 'main_design_i/iobuf_I2C0_SDA/I' is not directly connected to top level port. 'SLEW' is ignored for synthesis but preserved for implementation.
WARNING: [Constraints 18-550] Could not create 'DRIVE' constraint because net 'main_design_i/iobuf_I2C0_SDA/I' is not directly connected to top level port. 'DRIVE' is ignored for synthesis but preserved for implementation.
WARNING: [Constraints 18-550] Could not create 'IBUF_LOW_PWR' constraint because net 'main_design_i/iobuf_I2C0_SDA/I' is not directly connected to top level port. 'IBUF_LOW_PWR' is ignored for synthesis but preserved for implementation.
WARNING: [Constraints 18-550] Could not create 'SLEW' constraint because net 'main_design_i/iobuf_I2C0_SDA/O' is not directly connected to top level port. 'SLEW' is ignored for synthesis but preserved for implementation.
WARNING: [Constraints 18-550] Could not create 'DRIVE' constraint because net 'main_design_i/iobuf_I2C0_SDA/O' is not directly connected to top level port. 'DRIVE' is ignored for synthesis but preserved for implementation.
WARNING: [Constraints 18-550] Could not create 'IBUF_LOW_PWR' constraint because net 'main_design_i/iobuf_I2C0_SDA/O' is not directly connected to top level port. 'IBUF_LOW_PWR' is ignored for synthesis but preserved for implementation.
WARNING: [Constraints 18-550] Could not create 'SLEW' constraint because net 'main_design_i/iobuf_I2C0_SDA/T' is not directly connected to top level port. 'SLEW' is ignored for synthesis but preserved for implementation.
WARNING: [Constraints 18-550] Could not create 'DRIVE' constraint because net 'main_design_i/iobuf_I2C0_SDA/T' is not directly connected to top level port. 'DRIVE' is ignored for synthesis but preserved for implementation.
WARNING: [Constraints 18-550] Could not create 'IBUF_LOW_PWR' constraint because net 'main_design_i/iobuf_I2C0_SDA/T' is not directly connected to top level port. 'IBUF_LOW_PWR' is ignored for synthesis but preserved for implementation.
WARNING: [Constraints 18-550] Could not create 'DIFF_TERM' constraint because net 'main_design_i/lvds_clk_1_ibuf/IBUF_OUT[0]' is not directly connected to top level port. 'DIFF_TERM' is ignored for synthesis but preserved for implementation.
WARNING: [Constraints 18-550] Could not create 'IBUF_LOW_PWR' constraint because net 'main_design_i/lvds_clk_1_ibuf/IBUF_OUT[0]' is not directly connected to top level port. 'IBUF_LOW_PWR' is ignored for synthesis but preserved for implementation.
WARNING: [Constraints 18-550] Could not create 'DIFF_TERM' constraint because net 'main_design_i/lvds_sync_1_ibuf/IBUF_OUT[0]' is not directly connected to top level port. 'DIFF_TERM' is ignored for synthesis but preserved for implementation.
WARNING: [Constraints 18-550] Could not create 'IBUF_LOW_PWR' constraint because net 'main_design_i/lvds_sync_1_ibuf/IBUF_OUT[0]' is not directly connected to top level port. 'IBUF_LOW_PWR' is ignored for synthesis but preserved for implementation.

Processing XDC Constraints
Initializing timing engine
Parsing XDC File [/home/nothon/fpga2C/ZTurnV2/ZTurnV2.gen/sources_1/bd/main_design/ip/main_design_processing_system7_0_0/main_design_processing_system7_0_0.xdc] for cell 'main_design_i/processing_system7_0/inst'
Finished Parsing XDC File [/home/nothon/fpga2C/ZTurnV2/ZTurnV2.gen/sources_1/bd/main_design/ip/main_design_processing_system7_0_0/main_design_processing_system7_0_0.xdc] for cell 'main_design_i/processing_system7_0/inst'
INFO: [Project 1-236] Implementation specific constraints were found while reading constraint file [/home/nothon/fpga2C/ZTurnV2/ZTurnV2.gen/sources_1/bd/main_design/ip/main_design_processing_system7_0_0/main_design_processing_system7_0_0.xdc]. These constraints will be ignored for synthesis but will be used in implementation. Impacted constraints are listed in the file [.Xil/main_design_wrapper_propImpl.xdc].
Resolution: To avoid this warning, move constraints listed in [.Xil/main_design_wrapper_propImpl.xdc] to another XDC file and exclude this new file from synthesis with the used_in_synthesis property (File Properties dialog in GUI) and re-run elaboration/synthesis.
Parsing XDC File [/home/nothon/fpga2C/ZTurnV2/ZTurnV2.gen/sources_1/bd/main_design/ip/main_design_proc_sys_reset_0_0/main_design_proc_sys_reset_0_0_board.xdc] for cell 'main_design_i/proc_sys_reset_0/U0'
Finished Parsing XDC File [/home/nothon/fpga2C/ZTurnV2/ZTurnV2.gen/sources_1/bd/main_design/ip/main_design_proc_sys_reset_0_0/main_design_proc_sys_reset_0_0_board.xdc] for cell 'main_design_i/proc_sys_reset_0/U0'
Parsing XDC File [/home/nothon/fpga2C/ZTurnV2/ZTurnV2.gen/sources_1/bd/main_design/ip/main_design_proc_sys_reset_0_0/main_design_proc_sys_reset_0_0.xdc] for cell 'main_design_i/proc_sys_reset_0/U0'
Finished Parsing XDC File [/home/nothon/fpga2C/ZTurnV2/ZTurnV2.gen/sources_1/bd/main_design/ip/main_design_proc_sys_reset_0_0/main_design_proc_sys_reset_0_0.xdc] for cell 'main_design_i/proc_sys_reset_0/U0'
INFO: [Project 1-236] Implementation specific constraints were found while reading constraint file [/home/nothon/fpga2C/ZTurnV2/ZTurnV2.gen/sources_1/bd/main_design/ip/main_design_proc_sys_reset_0_0/main_design_proc_sys_reset_0_0.xdc]. These constraints will be ignored for synthesis but will be used in implementation. Impacted constraints are listed in the file [.Xil/main_design_wrapper_propImpl.xdc].
Resolution: To avoid this warning, move constraints listed in [.Xil/main_design_wrapper_propImpl.xdc] to another XDC file and exclude this new file from synthesis with the used_in_synthesis property (File Properties dialog in GUI) and re-run elaboration/synthesis.
Parsing XDC File [/home/nothon/fpga2C/ZTurnV2/ZTurnV2.gen/sources_1/bd/main_design/ip/main_design_axi_dma_0_0_1/main_design_axi_dma_0_0.xdc] for cell 'main_design_i/axi_dma_0/U0'
Finished Parsing XDC File [/home/nothon/fpga2C/ZTurnV2/ZTurnV2.gen/sources_1/bd/main_design/ip/main_design_axi_dma_0_0_1/main_design_axi_dma_0_0.xdc] for cell 'main_design_i/axi_dma_0/U0'
INFO: [Project 1-236] Implementation specific constraints were found while reading constraint file [/home/nothon/fpga2C/ZTurnV2/ZTurnV2.gen/sources_1/bd/main_design/ip/main_design_axi_dma_0_0_1/main_design_axi_dma_0_0.xdc]. These constraints will be ignored for synthesis but will be used in implementation. Impacted constraints are listed in the file [.Xil/main_design_wrapper_propImpl.xdc].
Resolution: To avoid this warning, move constraints listed in [.Xil/main_design_wrapper_propImpl.xdc] to another XDC file and exclude this new file from synthesis with the used_in_synthesis property (File Properties dialog in GUI) and re-run elaboration/synthesis.
Parsing XDC File [/home/nothon/fpga2C/ZTurnV2/ZTurnV2.gen/sources_1/bd/main_design/ip/main_design_lvds_sync_0_ibuf_1/main_design_lvds_sync_0_ibuf_1_board.xdc] for cell 'main_design_i/lvds_sync_1_ibuf/U0'
Finished Parsing XDC File [/home/nothon/fpga2C/ZTurnV2/ZTurnV2.gen/sources_1/bd/main_design/ip/main_design_lvds_sync_0_ibuf_1/main_design_lvds_sync_0_ibuf_1_board.xdc] for cell 'main_design_i/lvds_sync_1_ibuf/U0'
Parsing XDC File [/home/nothon/fpga2C/ZTurnV2/ZTurnV2.gen/sources_1/bd/main_design/ip/main_design_lvds_sync_1_ibuf_0/main_design_lvds_sync_1_ibuf_0_board.xdc] for cell 'main_design_i/lvds_clk_1_ibuf/U0'
Finished Parsing XDC File [/home/nothon/fpga2C/ZTurnV2/ZTurnV2.gen/sources_1/bd/main_design/ip/main_design_lvds_sync_1_ibuf_0/main_design_lvds_sync_1_ibuf_0_board.xdc] for cell 'main_design_i/lvds_clk_1_ibuf/U0'
Parsing XDC File [/home/nothon/fpga2C/ZTurnV2/ZTurnV2.gen/sources_1/bd/main_design/ip/main_design_selectio_wiz_0_2/main_design_selectio_wiz_0_2.xdc] for cell 'main_design_i/lvds_selectio_data_0/inst'
Finished Parsing XDC File [/home/nothon/fpga2C/ZTurnV2/ZTurnV2.gen/sources_1/bd/main_design/ip/main_design_selectio_wiz_0_2/main_design_selectio_wiz_0_2.xdc] for cell 'main_design_i/lvds_selectio_data_0/inst'
Parsing XDC File [/home/nothon/fpga2C/ZTurnV2/ZTurnV2.srcs/constrs_1/new/elab_constraints.xdc]
Finished Parsing XDC File [/home/nothon/fpga2C/ZTurnV2/ZTurnV2.srcs/constrs_1/new/elab_constraints.xdc]
Parsing XDC File [/home/nothon/fpga2C/ZTurnV2/ZTurnV2.gen/sources_1/bd/main_design/ip/main_design_axi_dma_0_0_1/main_design_axi_dma_0_0_clocks.xdc] for cell 'main_design_i/axi_dma_0/U0'
Finished Parsing XDC File [/home/nothon/fpga2C/ZTurnV2/ZTurnV2.gen/sources_1/bd/main_design/ip/main_design_axi_dma_0_0_1/main_design_axi_dma_0_0_clocks.xdc] for cell 'main_design_i/axi_dma_0/U0'
INFO: [Project 1-236] Implementation specific constraints were found while reading constraint file [/tools/Xilinx/Vivado/2024.1/data/ip/xpm/xpm_fifo/tcl/xpm_fifo_rst.tcl]. These constraints will be ignored for synthesis but will be used in implementation. Impacted constraints are listed in the file [.Xil/main_design_wrapper_propImpl.xdc].
Resolution: To avoid this warning, move constraints listed in [.Xil/main_design_wrapper_propImpl.xdc] to another XDC file and exclude this new file from synthesis with the used_in_synthesis property (File Properties dialog in GUI) and re-run elaboration/synthesis.
INFO: [Project 1-1714] 10 XPM XDC files have been applied to the design.
Completed Processing XDC Constraints

Netlist sorting complete. Time (s): cpu = 00:00:00 ; elapsed = 00:00:00 . Memory (MB): peak = 9493.996 ; gain = 0.000 ; free physical = 532 ; free virtual = 15285
INFO: [Project 1-111] Unisim Transformation Summary:
  A total of 87 instances were transformed.
  IOBUF => IOBUF (IBUF, OBUFT): 2 instances
  RAM32M => RAM32M (RAMD32(x6), RAMS32(x2)): 62 instances
  RAM32X1D => RAM32X1D (RAMD32(x2)): 7 instances
  RAM64M => RAM64M (RAMD64E(x4)): 16 instances

RTL Elaboration Complete:  : Time (s): cpu = 00:00:41 ; elapsed = 00:00:21 . Memory (MB): peak = 9636.863 ; gain = 845.457 ; free physical = 390 ; free virtual = 15190
177 Infos, 125 Warnings, 0 Critical Warnings and 0 Errors encountered.
synth_design completed successfully
synth_design: Time (s): cpu = 00:00:44 ; elapsed = 00:00:25 . Memory (MB): peak = 9636.863 ; gain = 845.457 ; free physical = 390 ; free virtual = 15190
INFO: [Common 17-2834] synth_design peak Physical Memory [PSS] (MB): overall = 1806.809; main = 1806.809; forked = 0.000
INFO: [Common 17-2834] synth_design peak Virtual Memory [VSS] (MB): overall = 9601.855; main = 9601.855; forked = 0.000
exit
INFO: [Common 17-206] Exiting Vivado at Fri Aug  2 15:48:06 2024...
