
*** Running vivado
    with args -log main_design_auto_ss_slidr_1.vds -m64 -product Vivado -mode batch -messageDb vivado.pb -notrace -source main_design_auto_ss_slidr_1.tcl


****** Vivado v2024.1 (64-bit)
  **** SW Build 5076996 on Wed May 22 18:36:09 MDT 2024
  **** IP Build 5075265 on Wed May 22 21:45:21 MDT 2024
  **** SharedData Build 5076995 on Wed May 22 18:29:18 MDT 2024
  **** Start of session at: Wed Jul 24 10:12:27 2024
    ** Copyright 1986-2022 Xilinx, Inc. All Rights Reserved.
    ** Copyright 2022-2024 Advanced Micro Devices, Inc. All Rights Reserved.

source main_design_auto_ss_slidr_1.tcl -notrace
create_project: Time (s): cpu = 00:00:10 ; elapsed = 00:00:09 . Memory (MB): peak = 1352.562 ; gain = 3.996 ; free physical = 260 ; free virtual = 17520
INFO: [IP_Flow 19-234] Refreshing IP repositories
INFO: [IP_Flow 19-1700] Loaded user IP repository '/home/nothon/fpga2C/interface_repo'.
INFO: [IP_Flow 19-1700] Loaded user IP repository '/home/nothon/fpga2C/ip_repo'.
INFO: [IP_Flow 19-2313] Loaded Vivado IP repository '/tools/Xilinx/Vivado/2024.1/data/ip'.
INFO: [IP_Flow 19-6924] IPCACHE: Running cache check for IP inst: main_design_auto_ss_slidr_1
INFO: [IP_Flow 19-6922] IPCACHE: Exporting cached entry 362adf27fb091305 to dir: /home/nothon/fpga2C/ZTurnV2/ZTurnV2.runs/main_design_auto_ss_slidr_1_synth_1
INFO: [IP_Flow 19-6928] IPCACHE: copied cached file /home/nothon/fpga2C/ZTurnV2/ZTurnV2.cache/ip/2024.1/3/6/362adf27fb091305/main_design_auto_ss_slidr_1_stub.v to /home/nothon/fpga2C/ZTurnV2/ZTurnV2.runs/main_design_auto_ss_slidr_1_synth_1/main_design_auto_ss_slidr_1_stub.v.
INFO: [IP_Flow 19-6928] IPCACHE: copied cached file /home/nothon/fpga2C/ZTurnV2/ZTurnV2.cache/ip/2024.1/3/6/362adf27fb091305/main_design_auto_ss_slidr_1_stub.vhdl to /home/nothon/fpga2C/ZTurnV2/ZTurnV2.runs/main_design_auto_ss_slidr_1_synth_1/main_design_auto_ss_slidr_1_stub.vhdl.
INFO: [IP_Flow 19-6928] IPCACHE: copied cached file /home/nothon/fpga2C/ZTurnV2/ZTurnV2.cache/ip/2024.1/3/6/362adf27fb091305/main_design_auto_ss_slidr_1_sim_netlist.v to /home/nothon/fpga2C/ZTurnV2/ZTurnV2.runs/main_design_auto_ss_slidr_1_synth_1/main_design_auto_ss_slidr_1_sim_netlist.v.
INFO: [IP_Flow 19-6928] IPCACHE: copied cached file /home/nothon/fpga2C/ZTurnV2/ZTurnV2.cache/ip/2024.1/3/6/362adf27fb091305/main_design_auto_ss_slidr_1.dcp to /home/nothon/fpga2C/ZTurnV2/ZTurnV2.runs/main_design_auto_ss_slidr_1_synth_1/main_design_auto_ss_slidr_1.dcp.
INFO: [IP_Flow 19-6928] IPCACHE: copied cached file /home/nothon/fpga2C/ZTurnV2/ZTurnV2.cache/ip/2024.1/3/6/362adf27fb091305/main_design_auto_ss_slidr_1_sim_netlist.vhdl to /home/nothon/fpga2C/ZTurnV2/ZTurnV2.runs/main_design_auto_ss_slidr_1_synth_1/main_design_auto_ss_slidr_1_sim_netlist.vhdl.
INFO: [IP_Flow 19-4838] Using cached IP synthesis design for IP main_design_auto_ss_slidr_1, cache-ID = 362adf27fb091305.
INFO: [Common 17-206] Exiting Vivado at Wed Jul 24 10:12:41 2024...
