Copyright 1986-2022 Xilinx, Inc. All Rights Reserved. Copyright 2022-2024 Advanced Micro Devices, Inc. All Rights Reserved.
---------------------------------------------------------------------------------------------------------------------------------------------
| Tool Version : Vivado v.2024.1 (lin64) Build 5076996 Wed May 22 18:36:09 MDT 2024
| Date         : Mon Jul 29 13:25:02 2024
| Host         : nothon-Swift-SF314-57 running 64-bit Ubuntu 24.04 LTS
| Command      : upgrade_ip
| Device       : xc7z020clg400-2
---------------------------------------------------------------------------------------------------------------------------------------------

Upgrade Log for IP 'main_design_noip_lvds_stream_0_1'

1. Summary
----------

SUCCESS in the upgrade of main_design_noip_lvds_stream_0_1 (user.org:user:noip_lvds_stream:1.0) from (Rev. 19) to (Rev. 21)






Copyright 1986-2022 Xilinx, Inc. All Rights Reserved. Copyright 2022-2024 Advanced Micro Devices, Inc. All Rights Reserved.
---------------------------------------------------------------------------------------------------------------------------------------------
| Tool Version : Vivado v.2024.1 (lin64) Build 5076996 Wed May 22 18:36:09 MDT 2024
| Date         : Mon Jul 29 13:25:02 2024
| Host         : nothon-Swift-SF314-57 running 64-bit Ubuntu 24.04 LTS
| Command      : upgrade_ip
| Device       : xc7z020clg400-2
---------------------------------------------------------------------------------------------------------------------------------------------

Upgrade Log for IP 'main_design_noip_lvds_stream_0_0'

1. Summary
----------

SUCCESS in the upgrade of main_design_noip_lvds_stream_0_0 (user.org:user:noip_lvds_stream:1.0) from (Rev. 19) to (Rev. 21)






Copyright 1986-2022 Xilinx, Inc. All Rights Reserved. Copyright 2022-2024 Advanced Micro Devices, Inc. All Rights Reserved.
---------------------------------------------------------------------------------------------------------------------------------------------
| Tool Version : Vivado v.2024.1 (lin64) Build 5076996 Wed May 22 18:36:09 MDT 2024
| Date         : Mon Jul 29 09:07:18 2024
| Host         : nothon-Swift-SF314-57 running 64-bit Ubuntu 24.04 LTS
| Command      : upgrade_ip
| Device       : xc7z020clg400-2
---------------------------------------------------------------------------------------------------------------------------------------------

Upgrade Log for IP 'main_design_noip_lvds_stream_0_1'

1. Summary
----------

SUCCESS in the upgrade of main_design_noip_lvds_stream_0_1 (user.org:user:noip_lvds_stream:1.0) from (Rev. 16) to (Rev. 19)






Copyright 1986-2022 Xilinx, Inc. All Rights Reserved. Copyright 2022-2024 Advanced Micro Devices, Inc. All Rights Reserved.
---------------------------------------------------------------------------------------------------------------------------------------------
| Tool Version : Vivado v.2024.1 (lin64) Build 5076996 Wed May 22 18:36:09 MDT 2024
| Date         : Mon Jul 29 09:07:18 2024
| Host         : nothon-Swift-SF314-57 running 64-bit Ubuntu 24.04 LTS
| Command      : upgrade_ip
| Device       : xc7z020clg400-2
---------------------------------------------------------------------------------------------------------------------------------------------

Upgrade Log for IP 'main_design_noip_lvds_stream_0_0'

1. Summary
----------

SUCCESS in the upgrade of main_design_noip_lvds_stream_0_0 (user.org:user:noip_lvds_stream:1.0) from (Rev. 16) to (Rev. 19)






Copyright 1986-2022 Xilinx, Inc. All Rights Reserved. Copyright 2022-2024 Advanced Micro Devices, Inc. All Rights Reserved.
---------------------------------------------------------------------------------------------------------------------------------------------
| Tool Version : Vivado v.2024.1 (lin64) Build 5076996 Wed May 22 18:36:09 MDT 2024
| Date         : Fri Jul 26 10:52:54 2024
| Host         : nothon-Swift-SF314-57 running 64-bit Ubuntu 24.04 LTS
| Command      : upgrade_ip
| Device       : xc7z020clg400-2
---------------------------------------------------------------------------------------------------------------------------------------------

Upgrade Log for IP 'main_design_noip_lvds_stream_0_1'

1. Summary
----------

SUCCESS in the upgrade of main_design_noip_lvds_stream_0_1 (user.org:user:noip_lvds_stream:1.0) from (Rev. 15) to (Rev. 16)






Copyright 1986-2022 Xilinx, Inc. All Rights Reserved. Copyright 2022-2024 Advanced Micro Devices, Inc. All Rights Reserved.
---------------------------------------------------------------------------------------------------------------------------------------------
| Tool Version : Vivado v.2024.1 (lin64) Build 5076996 Wed May 22 18:36:09 MDT 2024
| Date         : Fri Jul 26 10:52:54 2024
| Host         : nothon-Swift-SF314-57 running 64-bit Ubuntu 24.04 LTS
| Command      : upgrade_ip
| Device       : xc7z020clg400-2
---------------------------------------------------------------------------------------------------------------------------------------------

Upgrade Log for IP 'main_design_noip_lvds_stream_0_0'

1. Summary
----------

SUCCESS in the upgrade of main_design_noip_lvds_stream_0_0 (user.org:user:noip_lvds_stream:1.0) from (Rev. 15) to (Rev. 16)






Copyright 1986-2022 Xilinx, Inc. All Rights Reserved. Copyright 2022-2024 Advanced Micro Devices, Inc. All Rights Reserved.
---------------------------------------------------------------------------------------------------------------------------------------------
| Tool Version : Vivado v.2024.1 (lin64) Build 5076996 Wed May 22 18:36:09 MDT 2024
| Date         : Fri Jul 26 09:48:49 2024
| Host         : nothon-Swift-SF314-57 running 64-bit Ubuntu 24.04 LTS
| Command      : upgrade_ip
| Device       : xc7z020clg400-2
---------------------------------------------------------------------------------------------------------------------------------------------

Upgrade Log for IP 'main_design_noip_lvds_stream_0_1'

1. Summary
----------

SUCCESS in the upgrade of main_design_noip_lvds_stream_0_1 (user.org:user:noip_lvds_stream:1.0) from (Rev. 14) to (Rev. 15)






Copyright 1986-2022 Xilinx, Inc. All Rights Reserved. Copyright 2022-2024 Advanced Micro Devices, Inc. All Rights Reserved.
---------------------------------------------------------------------------------------------------------------------------------------------
| Tool Version : Vivado v.2024.1 (lin64) Build 5076996 Wed May 22 18:36:09 MDT 2024
| Date         : Fri Jul 26 09:48:49 2024
| Host         : nothon-Swift-SF314-57 running 64-bit Ubuntu 24.04 LTS
| Command      : upgrade_ip
| Device       : xc7z020clg400-2
---------------------------------------------------------------------------------------------------------------------------------------------

Upgrade Log for IP 'main_design_noip_lvds_stream_0_0'

1. Summary
----------

SUCCESS in the upgrade of main_design_noip_lvds_stream_0_0 (user.org:user:noip_lvds_stream:1.0) from (Rev. 14) to (Rev. 15)






Copyright 1986-2022 Xilinx, Inc. All Rights Reserved. Copyright 2022-2024 Advanced Micro Devices, Inc. All Rights Reserved.
---------------------------------------------------------------------------------------------------------------------------------------------
| Tool Version : Vivado v.2024.1 (lin64) Build 5076996 Wed May 22 18:36:09 MDT 2024
| Date         : Fri Jul 26 09:11:27 2024
| Host         : nothon-Swift-SF314-57 running 64-bit Ubuntu 24.04 LTS
| Command      : upgrade_ip
| Device       : xc7z020clg400-2
---------------------------------------------------------------------------------------------------------------------------------------------

Upgrade Log for IP 'main_design_noip_lvds_stream_0_1'

1. Summary
----------

SUCCESS in the upgrade of main_design_noip_lvds_stream_0_1 (user.org:user:noip_lvds_stream:1.0) from (Rev. 12) to (Rev. 14)






Copyright 1986-2022 Xilinx, Inc. All Rights Reserved. Copyright 2022-2024 Advanced Micro Devices, Inc. All Rights Reserved.
---------------------------------------------------------------------------------------------------------------------------------------------
| Tool Version : Vivado v.2024.1 (lin64) Build 5076996 Wed May 22 18:36:09 MDT 2024
| Date         : Fri Jul 26 09:11:27 2024
| Host         : nothon-Swift-SF314-57 running 64-bit Ubuntu 24.04 LTS
| Command      : upgrade_ip
| Device       : xc7z020clg400-2
---------------------------------------------------------------------------------------------------------------------------------------------

Upgrade Log for IP 'main_design_noip_lvds_stream_0_0'

1. Summary
----------

SUCCESS in the upgrade of main_design_noip_lvds_stream_0_0 (user.org:user:noip_lvds_stream:1.0) from (Rev. 12) to (Rev. 14)






Copyright 1986-2022 Xilinx, Inc. All Rights Reserved. Copyright 2022-2024 Advanced Micro Devices, Inc. All Rights Reserved.
---------------------------------------------------------------------------------------------------------------------------------------------
| Tool Version : Vivado v.2024.1 (lin64) Build 5076996 Wed May 22 18:36:09 MDT 2024
| Date         : Fri Jul 26 09:01:17 2024
| Host         : nothon-Swift-SF314-57 running 64-bit Ubuntu 24.04 LTS
| Command      : upgrade_ip
| Device       : xc7z020clg400-2
---------------------------------------------------------------------------------------------------------------------------------------------

Upgrade Log for IP 'main_design_noip_lvds_stream_0_1'

1. Summary
----------

CAUTION (success, with warnings) in the upgrade of main_design_noip_lvds_stream_0_1 (user.org:user:noip_lvds_stream:1.0) from (Rev. 8) to (Rev. 12)

After upgrade, an IP may have parameter differences compared to the original customization. Please review the parameters within the IP customization GUI to ensure proper functionality.

2. Customization warnings
-------------------------

Parameter 'C_M00_AXIS_START_COUNT' is no longer present on the upgraded IP 'main_design_noip_lvds_stream_0_1', and cannot be set to '32'


3. Debug Commands
-----------------

  The following debug information can be passed to Vivado as Tcl commands,
in order to validate or debug the output of the upgrade flow.
  You may consult any warnings from within this upgrade, and alter or remove
the configuration parameter(s) which caused the warning; then execute the Tcl
commands, and use the IP Customization GUI to verify the IP configuration.

create_ip -vlnv user.org:user:noip_lvds_stream:1.0 -user_name main_design_noip_lvds_stream_0_1
set_property -dict "\
  CONFIG.C_M00_AXIS_TDATA_WIDTH {32} \
  CONFIG.C_S00_AXIS_TDATA_WIDTH {32} \
  CONFIG.Component_Name {main_design_noip_lvds_stream_0_1} \
  CONFIG.IM_HEIGHT {1024} \
  CONFIG.IM_WIDTH {1280} \
  CONFIG.M00_AXIS.CLK_DOMAIN {} \
  CONFIG.M00_AXIS.FREQ_HZ {100000000} \
  CONFIG.M00_AXIS.HAS_TKEEP {0} \
  CONFIG.M00_AXIS.HAS_TLAST {1} \
  CONFIG.M00_AXIS.HAS_TREADY {1} \
  CONFIG.M00_AXIS.HAS_TSTRB {1} \
  CONFIG.M00_AXIS.INSERT_VIP {0} \
  CONFIG.M00_AXIS.LAYERED_METADATA {undef} \
  CONFIG.M00_AXIS.PHASE {0.0} \
  CONFIG.M00_AXIS.TDATA_NUM_BYTES {4} \
  CONFIG.M00_AXIS.TDEST_WIDTH {0} \
  CONFIG.M00_AXIS.TID_WIDTH {0} \
  CONFIG.M00_AXIS.TUSER_WIDTH {0} \
  CONFIG.M00_AXIS.WIZ_DATA_WIDTH {32} \
  CONFIG.M00_AXIS_CLK.ASSOCIATED_BUSIF {M00_AXIS} \
  CONFIG.M00_AXIS_CLK.ASSOCIATED_PORT {} \
  CONFIG.M00_AXIS_CLK.ASSOCIATED_RESET {m00_axis_aresetn} \
  CONFIG.M00_AXIS_CLK.CLK_DOMAIN {} \
  CONFIG.M00_AXIS_CLK.FREQ_HZ {100000000} \
  CONFIG.M00_AXIS_CLK.FREQ_TOLERANCE_HZ {0} \
  CONFIG.M00_AXIS_CLK.INSERT_VIP {0} \
  CONFIG.M00_AXIS_CLK.PHASE {0.0} \
  CONFIG.M00_AXIS_RST.INSERT_VIP {0} \
  CONFIG.M00_AXIS_RST.POLARITY {ACTIVE_LOW} \
  CONFIG.S00_AXIS.CLK_DOMAIN {} \
  CONFIG.S00_AXIS.FREQ_HZ {100000000} \
  CONFIG.S00_AXIS.HAS_TKEEP {0} \
  CONFIG.S00_AXIS.HAS_TLAST {1} \
  CONFIG.S00_AXIS.HAS_TREADY {1} \
  CONFIG.S00_AXIS.HAS_TSTRB {1} \
  CONFIG.S00_AXIS.INSERT_VIP {0} \
  CONFIG.S00_AXIS.LAYERED_METADATA {undef} \
  CONFIG.S00_AXIS.PHASE {0.0} \
  CONFIG.S00_AXIS.TDATA_NUM_BYTES {4} \
  CONFIG.S00_AXIS.TDEST_WIDTH {0} \
  CONFIG.S00_AXIS.TID_WIDTH {0} \
  CONFIG.S00_AXIS.TUSER_WIDTH {0} \
  CONFIG.S00_AXIS.WIZ_DATA_WIDTH {32} \
  CONFIG.S00_AXIS_CLK.ASSOCIATED_BUSIF {S00_AXIS} \
  CONFIG.S00_AXIS_CLK.ASSOCIATED_PORT {} \
  CONFIG.S00_AXIS_CLK.ASSOCIATED_RESET {s00_axis_aresetn} \
  CONFIG.S00_AXIS_CLK.CLK_DOMAIN {} \
  CONFIG.S00_AXIS_CLK.FREQ_HZ {100000000} \
  CONFIG.S00_AXIS_CLK.FREQ_TOLERANCE_HZ {0} \
  CONFIG.S00_AXIS_CLK.INSERT_VIP {0} \
  CONFIG.S00_AXIS_CLK.PHASE {0.0} \
  CONFIG.S00_AXIS_RST.INSERT_VIP {0} \
  CONFIG.S00_AXIS_RST.POLARITY {ACTIVE_LOW} \
  CONFIG.SENSOR_BIT_LENGTH {10} \
  CONFIG.lvds_clk.ASSOCIATED_BUSIF {} \
  CONFIG.lvds_clk.ASSOCIATED_PORT {} \
  CONFIG.lvds_clk.ASSOCIATED_RESET {} \
  CONFIG.lvds_clk.CLK_DOMAIN {} \
  CONFIG.lvds_clk.FREQ_HZ {100000000} \
  CONFIG.lvds_clk.FREQ_TOLERANCE_HZ {0} \
  CONFIG.lvds_clk.INSERT_VIP {0} \
  CONFIG.lvds_clk.PHASE {0.0} " [get_ips main_design_noip_lvds_stream_0_1]







Copyright 1986-2022 Xilinx, Inc. All Rights Reserved. Copyright 2022-2024 Advanced Micro Devices, Inc. All Rights Reserved.
---------------------------------------------------------------------------------------------------------------------------------------------
| Tool Version : Vivado v.2024.1 (lin64) Build 5076996 Wed May 22 18:36:09 MDT 2024
| Date         : Fri Jul 26 09:01:17 2024
| Host         : nothon-Swift-SF314-57 running 64-bit Ubuntu 24.04 LTS
| Command      : upgrade_ip
| Device       : xc7z020clg400-2
---------------------------------------------------------------------------------------------------------------------------------------------

Upgrade Log for IP 'main_design_noip_lvds_stream_0_0'

1. Summary
----------

CAUTION (success, with warnings) in the upgrade of main_design_noip_lvds_stream_0_0 (user.org:user:noip_lvds_stream:1.0) from (Rev. 8) to (Rev. 12)

After upgrade, an IP may have parameter differences compared to the original customization. Please review the parameters within the IP customization GUI to ensure proper functionality.

2. Customization warnings
-------------------------

Parameter 'C_M00_AXIS_START_COUNT' is no longer present on the upgraded IP 'main_design_noip_lvds_stream_0_0', and cannot be set to '32'


3. Debug Commands
-----------------

  The following debug information can be passed to Vivado as Tcl commands,
in order to validate or debug the output of the upgrade flow.
  You may consult any warnings from within this upgrade, and alter or remove
the configuration parameter(s) which caused the warning; then execute the Tcl
commands, and use the IP Customization GUI to verify the IP configuration.

create_ip -vlnv user.org:user:noip_lvds_stream:1.0 -user_name main_design_noip_lvds_stream_0_0
set_property -dict "\
  CONFIG.C_M00_AXIS_TDATA_WIDTH {32} \
  CONFIG.C_S00_AXIS_TDATA_WIDTH {32} \
  CONFIG.Component_Name {main_design_noip_lvds_stream_0_0} \
  CONFIG.IM_HEIGHT {1024} \
  CONFIG.IM_WIDTH {1280} \
  CONFIG.M00_AXIS.CLK_DOMAIN {} \
  CONFIG.M00_AXIS.FREQ_HZ {100000000} \
  CONFIG.M00_AXIS.HAS_TKEEP {0} \
  CONFIG.M00_AXIS.HAS_TLAST {1} \
  CONFIG.M00_AXIS.HAS_TREADY {1} \
  CONFIG.M00_AXIS.HAS_TSTRB {1} \
  CONFIG.M00_AXIS.INSERT_VIP {0} \
  CONFIG.M00_AXIS.LAYERED_METADATA {undef} \
  CONFIG.M00_AXIS.PHASE {0.0} \
  CONFIG.M00_AXIS.TDATA_NUM_BYTES {4} \
  CONFIG.M00_AXIS.TDEST_WIDTH {0} \
  CONFIG.M00_AXIS.TID_WIDTH {0} \
  CONFIG.M00_AXIS.TUSER_WIDTH {0} \
  CONFIG.M00_AXIS.WIZ_DATA_WIDTH {32} \
  CONFIG.M00_AXIS_CLK.ASSOCIATED_BUSIF {M00_AXIS} \
  CONFIG.M00_AXIS_CLK.ASSOCIATED_PORT {} \
  CONFIG.M00_AXIS_CLK.ASSOCIATED_RESET {m00_axis_aresetn} \
  CONFIG.M00_AXIS_CLK.CLK_DOMAIN {} \
  CONFIG.M00_AXIS_CLK.FREQ_HZ {100000000} \
  CONFIG.M00_AXIS_CLK.FREQ_TOLERANCE_HZ {0} \
  CONFIG.M00_AXIS_CLK.INSERT_VIP {0} \
  CONFIG.M00_AXIS_CLK.PHASE {0.0} \
  CONFIG.M00_AXIS_RST.INSERT_VIP {0} \
  CONFIG.M00_AXIS_RST.POLARITY {ACTIVE_LOW} \
  CONFIG.S00_AXIS.CLK_DOMAIN {} \
  CONFIG.S00_AXIS.FREQ_HZ {100000000} \
  CONFIG.S00_AXIS.HAS_TKEEP {0} \
  CONFIG.S00_AXIS.HAS_TLAST {1} \
  CONFIG.S00_AXIS.HAS_TREADY {1} \
  CONFIG.S00_AXIS.HAS_TSTRB {1} \
  CONFIG.S00_AXIS.INSERT_VIP {0} \
  CONFIG.S00_AXIS.LAYERED_METADATA {undef} \
  CONFIG.S00_AXIS.PHASE {0.0} \
  CONFIG.S00_AXIS.TDATA_NUM_BYTES {4} \
  CONFIG.S00_AXIS.TDEST_WIDTH {0} \
  CONFIG.S00_AXIS.TID_WIDTH {0} \
  CONFIG.S00_AXIS.TUSER_WIDTH {0} \
  CONFIG.S00_AXIS.WIZ_DATA_WIDTH {32} \
  CONFIG.S00_AXIS_CLK.ASSOCIATED_BUSIF {S00_AXIS} \
  CONFIG.S00_AXIS_CLK.ASSOCIATED_PORT {} \
  CONFIG.S00_AXIS_CLK.ASSOCIATED_RESET {s00_axis_aresetn} \
  CONFIG.S00_AXIS_CLK.CLK_DOMAIN {} \
  CONFIG.S00_AXIS_CLK.FREQ_HZ {100000000} \
  CONFIG.S00_AXIS_CLK.FREQ_TOLERANCE_HZ {0} \
  CONFIG.S00_AXIS_CLK.INSERT_VIP {0} \
  CONFIG.S00_AXIS_CLK.PHASE {0.0} \
  CONFIG.S00_AXIS_RST.INSERT_VIP {0} \
  CONFIG.S00_AXIS_RST.POLARITY {ACTIVE_LOW} \
  CONFIG.SENSOR_BIT_LENGTH {10} \
  CONFIG.lvds_clk.ASSOCIATED_BUSIF {} \
  CONFIG.lvds_clk.ASSOCIATED_PORT {} \
  CONFIG.lvds_clk.ASSOCIATED_RESET {} \
  CONFIG.lvds_clk.CLK_DOMAIN {} \
  CONFIG.lvds_clk.FREQ_HZ {100000000} \
  CONFIG.lvds_clk.FREQ_TOLERANCE_HZ {0} \
  CONFIG.lvds_clk.INSERT_VIP {0} \
  CONFIG.lvds_clk.PHASE {0.0} " [get_ips main_design_noip_lvds_stream_0_0]







Copyright 1986-2022 Xilinx, Inc. All Rights Reserved. Copyright 2022-2024 Advanced Micro Devices, Inc. All Rights Reserved.
---------------------------------------------------------------------------------------------------------------------------------------------
| Tool Version : Vivado v.2024.1 (lin64) Build 5076996 Wed May 22 18:36:09 MDT 2024
| Date         : Fri Jul 26 08:53:48 2024
| Host         : nothon-Swift-SF314-57 running 64-bit Ubuntu 24.04 LTS
| Command      : upgrade_ip
| Device       : xc7z020clg400-2
---------------------------------------------------------------------------------------------------------------------------------------------

Upgrade Log for IP 'main_design_noip_lvds_stream_0_1'

1. Summary
----------

CAUTION (success, with warnings) in the upgrade of main_design_noip_lvds_stream_0_1 (user.org:user:noip_lvds_stream:1.0) from (Rev. 5) to (Rev. 8)

After upgrade, an IP may have parameter and port differences compared to the original customization. Please review the parameters within the IP customization GUI to ensure proper functionality. Also, please review the updated IP instantiation template to ensure proper connectivity, and update your design if required.

2. Interface Information
------------------------

Detected external interface differences while upgrading 'main_design_noip_lvds_stream_0_1'.


-Upgrade has added interface 'fifo_read' (xilinx.com:interface:fifo_read:1.0)

-Upgrade has added interface 'fifo_write' (xilinx.com:interface:fifo_write:1.0)


3. Connection Warnings
----------------------

Detected external port differences while upgrading 'main_design_noip_lvds_stream_0_1'. These changes may impact your design.


-Upgrade has added port 'fifo_din'

-Upgrade has added port 'fifo_dout'

-Upgrade has added port 'fifo_empty'

-Upgrade has added port 'fifo_full'

-Upgrade has added port 'fifo_rd_en'

-Upgrade has added port 'fifo_srst'

-Upgrade has added port 'fifo_wr_en'







Copyright 1986-2022 Xilinx, Inc. All Rights Reserved. Copyright 2022-2024 Advanced Micro Devices, Inc. All Rights Reserved.
---------------------------------------------------------------------------------------------------------------------------------------------
| Tool Version : Vivado v.2024.1 (lin64) Build 5076996 Wed May 22 18:36:09 MDT 2024
| Date         : Fri Jul 26 08:53:48 2024
| Host         : nothon-Swift-SF314-57 running 64-bit Ubuntu 24.04 LTS
| Command      : upgrade_ip
| Device       : xc7z020clg400-2
---------------------------------------------------------------------------------------------------------------------------------------------

Upgrade Log for IP 'main_design_noip_lvds_stream_0_0'

1. Summary
----------

CAUTION (success, with warnings) in the upgrade of main_design_noip_lvds_stream_0_0 (user.org:user:noip_lvds_stream:1.0) from (Rev. 5) to (Rev. 8)

After upgrade, an IP may have parameter and port differences compared to the original customization. Please review the parameters within the IP customization GUI to ensure proper functionality. Also, please review the updated IP instantiation template to ensure proper connectivity, and update your design if required.

2. Interface Information
------------------------

Detected external interface differences while upgrading 'main_design_noip_lvds_stream_0_0'.


-Upgrade has added interface 'fifo_read' (xilinx.com:interface:fifo_read:1.0)

-Upgrade has added interface 'fifo_write' (xilinx.com:interface:fifo_write:1.0)


3. Connection Warnings
----------------------

Detected external port differences while upgrading 'main_design_noip_lvds_stream_0_0'. These changes may impact your design.


-Upgrade has added port 'fifo_din'

-Upgrade has added port 'fifo_dout'

-Upgrade has added port 'fifo_empty'

-Upgrade has added port 'fifo_full'

-Upgrade has added port 'fifo_rd_en'

-Upgrade has added port 'fifo_srst'

-Upgrade has added port 'fifo_wr_en'







Copyright 1986-2022 Xilinx, Inc. All Rights Reserved. Copyright 2022-2024 Advanced Micro Devices, Inc. All Rights Reserved.
---------------------------------------------------------------------------------------------------------------------------------------------
| Tool Version : Vivado v.2024.1 (lin64) Build 5076996 Wed May 22 18:36:09 MDT 2024
| Date         : Wed Jul 24 10:10:41 2024
| Host         : nothon-Swift-SF314-57 running 64-bit Ubuntu 24.04 LTS
| Command      : upgrade_ip
| Device       : xc7z020clg400-2
---------------------------------------------------------------------------------------------------------------------------------------------

Upgrade Log for IP 'main_design_noip_lvds_stream_0_1'

1. Summary
----------

SUCCESS in the upgrade of main_design_noip_lvds_stream_0_1 (user.org:user:noip_lvds_stream:1.0) from (Rev. 4) to (Rev. 5)






Copyright 1986-2022 Xilinx, Inc. All Rights Reserved. Copyright 2022-2024 Advanced Micro Devices, Inc. All Rights Reserved.
---------------------------------------------------------------------------------------------------------------------------------------------
| Tool Version : Vivado v.2024.1 (lin64) Build 5076996 Wed May 22 18:36:09 MDT 2024
| Date         : Wed Jul 24 10:10:41 2024
| Host         : nothon-Swift-SF314-57 running 64-bit Ubuntu 24.04 LTS
| Command      : upgrade_ip
| Device       : xc7z020clg400-2
---------------------------------------------------------------------------------------------------------------------------------------------

Upgrade Log for IP 'main_design_noip_lvds_stream_0_0'

1. Summary
----------

SUCCESS in the upgrade of main_design_noip_lvds_stream_0_0 (user.org:user:noip_lvds_stream:1.0) from (Rev. 4) to (Rev. 5)






Copyright 1986-2022 Xilinx, Inc. All Rights Reserved. Copyright 2022-2024 Advanced Micro Devices, Inc. All Rights Reserved.
---------------------------------------------------------------------------------------------------------------------------------------------
| Tool Version : Vivado v.2024.1 (lin64) Build 5076996 Wed May 22 18:36:09 MDT 2024
| Date         : Sun Jul 21 12:12:15 2024
| Host         : nothon-Swift-SF314-57 running 64-bit Ubuntu 24.04 LTS
| Command      : upgrade_ip
| Device       : xc7z020clg400-2
---------------------------------------------------------------------------------------------------------------------------------------------

Upgrade Log for IP 'main_design_hdmi_ctrl_0_0'

1. Summary
----------

SUCCESS in the upgrade of main_design_hdmi_ctrl_0_0 (user.org:user:hdmi_ctrl:1.0) from (Rev. 4) to (Rev. 5)






Copyright 1986-2022 Xilinx, Inc. All Rights Reserved. Copyright 2022-2024 Advanced Micro Devices, Inc. All Rights Reserved.
---------------------------------------------------------------------------------------------------------------------------------------------
| Tool Version : Vivado v.2024.1 (lin64) Build 5076996 Wed May 22 18:36:09 MDT 2024
| Date         : Thu Jul 18 15:33:12 2024
| Host         : nothon-Swift-SF314-57 running 64-bit Ubuntu 24.04 LTS
| Command      : upgrade_ip
| Device       : xc7z020clg400-2
---------------------------------------------------------------------------------------------------------------------------------------------

Upgrade Log for IP 'main_design_hdmi_ctrl_0_0'

1. Summary
----------

SUCCESS in the upgrade of main_design_hdmi_ctrl_0_0 (user.org:user:hdmi_ctrl:1.0) from (Rev. 3) to (Rev. 4)






Copyright 1986-2022 Xilinx, Inc. All Rights Reserved. Copyright 2022-2024 Advanced Micro Devices, Inc. All Rights Reserved.
---------------------------------------------------------------------------------------------------------------------------------------------
| Tool Version : Vivado v.2024.1 (lin64) Build 5076996 Wed May 22 18:36:09 MDT 2024
| Date         : Thu Jul 18 15:26:05 2024
| Host         : nothon-Swift-SF314-57 running 64-bit Ubuntu 24.04 LTS
| Command      : upgrade_ip
| Device       : xc7z020clg400-2
---------------------------------------------------------------------------------------------------------------------------------------------

Upgrade Log for IP 'main_design_hdmi_ctrl_0_0'

1. Summary
----------

CAUTION (success, with warnings) in the upgrade of main_design_hdmi_ctrl_0_0 (user.org:user:hdmi_ctrl:1.0) from (Rev. 2) to (Rev. 3)

After upgrade, an IP may have parameter and port differences compared to the original customization. Please review the parameters within the IP customization GUI to ensure proper functionality. Also, please review the updated IP instantiation template to ensure proper connectivity, and update your design if required.

2. Interface Information
------------------------

Detected external interface differences while upgrading 'main_design_hdmi_ctrl_0_0'.


-Upgrade has added interface 'HDMI' (xilinx.com:interface:hdmi:1.0)


3. Connection Warnings
----------------------

Detected external port differences while upgrading 'main_design_hdmi_ctrl_0_0'. These changes may impact your design.


-Upgraded port 'hdmi_int' inout differs from original direction in

-Upgrade has removed port 'hdmi_idck'

-Upgrade has added port 'hdmi_pclk'







Copyright 1986-2022 Xilinx, Inc. All Rights Reserved. Copyright 2022-2024 Advanced Micro Devices, Inc. All Rights Reserved.
---------------------------------------------------------------------------------------------------------------------------------------------
| Tool Version : Vivado v.2024.1 (lin64) Build 5076996 Wed May 22 18:36:09 MDT 2024
| Date         : Thu Jul 18 15:05:03 2024
| Host         : nothon-Swift-SF314-57 running 64-bit Ubuntu 24.04 LTS
| Command      : upgrade_ip
| Device       : xc7z020clg400-2
---------------------------------------------------------------------------------------------------------------------------------------------

Upgrade Log for IP 'main_design_noip_lvds_stream_0_1'

1. Summary
----------

SUCCESS in the upgrade of main_design_noip_lvds_stream_0_1 (user.org:user:noip_lvds_stream:1.0) from (Rev. 3) to (Rev. 4)






Copyright 1986-2022 Xilinx, Inc. All Rights Reserved. Copyright 2022-2024 Advanced Micro Devices, Inc. All Rights Reserved.
---------------------------------------------------------------------------------------------------------------------------------------------
| Tool Version : Vivado v.2024.1 (lin64) Build 5076996 Wed May 22 18:36:09 MDT 2024
| Date         : Thu Jul 18 15:05:03 2024
| Host         : nothon-Swift-SF314-57 running 64-bit Ubuntu 24.04 LTS
| Command      : upgrade_ip
| Device       : xc7z020clg400-2
---------------------------------------------------------------------------------------------------------------------------------------------

Upgrade Log for IP 'main_design_noip_lvds_stream_0_0'

1. Summary
----------

SUCCESS in the upgrade of main_design_noip_lvds_stream_0_0 (user.org:user:noip_lvds_stream:1.0) from (Rev. 3) to (Rev. 4)






Copyright 1986-2022 Xilinx, Inc. All Rights Reserved. Copyright 2022-2024 Advanced Micro Devices, Inc. All Rights Reserved.
---------------------------------------------------------------------------------------------------------------------------------------------
| Tool Version : Vivado v.2024.1 (lin64) Build 5076996 Wed May 22 18:36:09 MDT 2024
| Date         : Wed Jul 17 09:36:26 2024
| Host         : nothon-Swift-SF314-57 running 64-bit Ubuntu 24.04 LTS
| Command      : upgrade_ip
| Device       : xc7z020clg400-2
---------------------------------------------------------------------------------------------------------------------------------------------

Upgrade Log for IP 'main_design_noip_lvds_stream_0_1'

1. Summary
----------

SUCCESS in the upgrade of main_design_noip_lvds_stream_0_1 (user.org:user:noip_lvds_stream:1.0) from (Rev. 2) to (Rev. 3)






Copyright 1986-2022 Xilinx, Inc. All Rights Reserved. Copyright 2022-2024 Advanced Micro Devices, Inc. All Rights Reserved.
---------------------------------------------------------------------------------------------------------------------------------------------
| Tool Version : Vivado v.2024.1 (lin64) Build 5076996 Wed May 22 18:36:09 MDT 2024
| Date         : Wed Jul 17 09:36:26 2024
| Host         : nothon-Swift-SF314-57 running 64-bit Ubuntu 24.04 LTS
| Command      : upgrade_ip
| Device       : xc7z020clg400-2
---------------------------------------------------------------------------------------------------------------------------------------------

Upgrade Log for IP 'main_design_noip_lvds_stream_0_0'

1. Summary
----------

SUCCESS in the upgrade of main_design_noip_lvds_stream_0_0 (user.org:user:noip_lvds_stream:1.0) from (Rev. 2) to (Rev. 3)






Copyright 1986-2022 Xilinx, Inc. All Rights Reserved. Copyright 2022-2024 Advanced Micro Devices, Inc. All Rights Reserved.
---------------------------------------------------------------------------------------------------------------------------------------------
| Tool Version : Vivado v.2024.1 (lin64) Build 5076996 Wed May 22 18:36:09 MDT 2024
| Date         : Wed Jul 17 09:35:40 2024
| Host         : nothon-Swift-SF314-57 running 64-bit Ubuntu 24.04 LTS
| Command      : upgrade_ip
| Device       : xc7z020clg400-2
---------------------------------------------------------------------------------------------------------------------------------------------

Upgrade Log for IP 'main_design_noip_lvds_stream_0_1'

1. Summary
----------

SUCCESS in the update of main_design_noip_lvds_stream_0_1 (user.org:user:noip_lvds_stream:1.0 (Rev. 2)) to current project options.






Copyright 1986-2022 Xilinx, Inc. All Rights Reserved. Copyright 2022-2024 Advanced Micro Devices, Inc. All Rights Reserved.
---------------------------------------------------------------------------------------------------------------------------------------------
| Tool Version : Vivado v.2024.1 (lin64) Build 5076996 Wed May 22 18:36:09 MDT 2024
| Date         : Wed Jul 17 09:35:40 2024
| Host         : nothon-Swift-SF314-57 running 64-bit Ubuntu 24.04 LTS
| Command      : upgrade_ip
| Device       : xc7z020clg400-2
---------------------------------------------------------------------------------------------------------------------------------------------

Upgrade Log for IP 'main_design_noip_lvds_stream_0_0'

1. Summary
----------

SUCCESS in the update of main_design_noip_lvds_stream_0_0 (user.org:user:noip_lvds_stream:1.0 (Rev. 2)) to current project options.






Copyright 1986-2022 Xilinx, Inc. All Rights Reserved. Copyright 2022-2024 Advanced Micro Devices, Inc. All Rights Reserved.
---------------------------------------------------------------------------------------------------------------------------------------------
| Tool Version : Vivado v.2024.1 (lin64) Build 5076996 Wed May 22 18:36:09 MDT 2024
| Date         : Wed Jul 17 09:26:05 2024
| Host         : nothon-Swift-SF314-57 running 64-bit Ubuntu 24.04 LTS
| Command      : upgrade_ip
| Device       : xc7z020clg400-2
---------------------------------------------------------------------------------------------------------------------------------------------

Upgrade Log for IP 'main_design_noip_ctrl_0_0'

1. Summary
----------

SUCCESS in the upgrade of main_design_noip_ctrl_0_0 (user.org:user:noip_ctrl:1.0) from (Rev. 3) to (Rev. 4)






Copyright 1986-2022 Xilinx, Inc. All Rights Reserved. Copyright 2022-2024 Advanced Micro Devices, Inc. All Rights Reserved.
---------------------------------------------------------------------------------------------------------------------------------------------
| Tool Version : Vivado v.2024.1 (lin64) Build 5076996 Wed May 22 18:36:09 MDT 2024
| Date         : Wed Jul 17 09:23:12 2024
| Host         : nothon-Swift-SF314-57 running 64-bit Ubuntu 24.04 LTS
| Command      : upgrade_ip
| Device       : xc7z020clg400-2
---------------------------------------------------------------------------------------------------------------------------------------------

Upgrade Log for IP 'main_design_noip_ctrl_0_0'

1. Summary
----------

SUCCESS in the upgrade of main_design_noip_ctrl_0_0 (user.org:user:noip_ctrl:1.0) from (Rev. 2) to (Rev. 3)






Copyright 1986-2022 Xilinx, Inc. All Rights Reserved. Copyright 2022-2024 Advanced Micro Devices, Inc. All Rights Reserved.
---------------------------------------------------------------------------------------------------------------------------------------------
| Tool Version : Vivado v.2024.1 (lin64) Build 5076996 Wed May 22 18:36:09 MDT 2024
| Date         : Wed Jul 17 09:10:49 2024
| Host         : nothon-Swift-SF314-57 running 64-bit Ubuntu 24.04 LTS
| Command      : upgrade_ip
| Device       : xc7z020clg400-2
---------------------------------------------------------------------------------------------------------------------------------------------

Upgrade Log for IP 'main_design_noip_lvds_stream_0_1'

1. Summary
----------

SUCCESS in the upgrade of main_design_noip_lvds_stream_0_1 (user.org:user:noip_lvds_stream:1.0) from (Rev. 1) to (Rev. 2)






Copyright 1986-2022 Xilinx, Inc. All Rights Reserved. Copyright 2022-2024 Advanced Micro Devices, Inc. All Rights Reserved.
---------------------------------------------------------------------------------------------------------------------------------------------
| Tool Version : Vivado v.2024.1 (lin64) Build 5076996 Wed May 22 18:36:09 MDT 2024
| Date         : Wed Jul 17 09:10:49 2024
| Host         : nothon-Swift-SF314-57 running 64-bit Ubuntu 24.04 LTS
| Command      : upgrade_ip
| Device       : xc7z020clg400-2
---------------------------------------------------------------------------------------------------------------------------------------------

Upgrade Log for IP 'main_design_noip_lvds_stream_0_0'

1. Summary
----------

SUCCESS in the upgrade of main_design_noip_lvds_stream_0_0 (user.org:user:noip_lvds_stream:1.0) from (Rev. 1) to (Rev. 2)






Copyright 1986-2022 Xilinx, Inc. All Rights Reserved. Copyright 2022-2024 Advanced Micro Devices, Inc. All Rights Reserved.
---------------------------------------------------------------------------------------------------------------------------------------------
| Tool Version : Vivado v.2024.1 (lin64) Build 5076996 Wed May 22 18:36:09 MDT 2024
| Date         : Tue Jun 25 10:09:25 2024
| Host         : nothon-Swift-SF314-57 running 64-bit Ubuntu 24.04 LTS
| Command      : upgrade_ip
| Device       : xc7z020clg400-2
---------------------------------------------------------------------------------------------------------------------------------------------

Upgrade Log for IP 'main_design_noip_ctrl_0_0'

1. Summary
----------

SUCCESS in the update of main_design_noip_ctrl_0_0 (user.org:user:noip_ctrl:1.0 (Rev. 2)) to current project options.






Copyright 1986-2022 Xilinx, Inc. All Rights Reserved. Copyright 2022-2024 Advanced Micro Devices, Inc. All Rights Reserved.
---------------------------------------------------------------------------------------------------------------------------------------------
| Tool Version : Vivado v.2024.1 (lin64) Build 5076996 Wed May 22 18:36:09 MDT 2024
| Date         : Mon Jun 24 11:21:26 2024
| Host         : nothon-Swift-SF314-57 running 64-bit Ubuntu 24.04 LTS
| Command      : upgrade_ip
| Device       : xc7z020clg400-2
---------------------------------------------------------------------------------------------------------------------------------------------

Upgrade Log for IP 'main_design_noip_ctrl_0_0'

1. Summary
----------

SUCCESS in the update of main_design_noip_ctrl_0_0 (user.org:user:noip_ctrl:1.0 (Rev. 2)) to current project options.






Copyright 1986-2022 Xilinx, Inc. All Rights Reserved. Copyright 2022-2024 Advanced Micro Devices, Inc. All Rights Reserved.
---------------------------------------------------------------------------------------------------------------------------------------------
| Tool Version : Vivado v.2024.1 (lin64) Build 5076996 Wed May 22 18:36:09 MDT 2024
| Date         : Mon Jun 24 11:15:24 2024
| Host         : nothon-Swift-SF314-57 running 64-bit Ubuntu 24.04 LTS
| Command      : upgrade_ip
| Device       : xc7z020clg400-2
---------------------------------------------------------------------------------------------------------------------------------------------

Upgrade Log for IP 'main_design_noip_ctrl_0_0'

1. Summary
----------

SUCCESS in the update of main_design_noip_ctrl_0_0 (user.org:user:noip_ctrl:1.0 (Rev. 2)) to current project options.






Copyright 1986-2022 Xilinx, Inc. All Rights Reserved. Copyright 2022-2024 Advanced Micro Devices, Inc. All Rights Reserved.
---------------------------------------------------------------------------------------------------------------------------------------------
| Tool Version : Vivado v.2024.1 (lin64) Build 5076996 Wed May 22 18:36:09 MDT 2024
| Date         : Fri Jun 21 15:57:54 2024
| Host         : nothon-Swift-SF314-57 running 64-bit Ubuntu 24.04 LTS
| Command      : upgrade_ip
| Device       : xc7z020clg400-2
---------------------------------------------------------------------------------------------------------------------------------------------

Upgrade Log for IP 'main_design_noip_ctrl_0_0'

1. Summary
----------

SUCCESS in the update of main_design_noip_ctrl_0_0 (user.org:user:noip_ctrl:1.0 (Rev. 2)) to current project options.






Copyright 1986-2022 Xilinx, Inc. All Rights Reserved. Copyright 2022-2024 Advanced Micro Devices, Inc. All Rights Reserved.
---------------------------------------------------------------------------------------------------------------------------------------------
| Tool Version : Vivado v.2024.1 (lin64) Build 5076996 Wed May 22 18:36:09 MDT 2024
| Date         : Fri Jun 21 10:58:36 2024
| Host         : nothon-Swift-SF314-57 running 64-bit Ubuntu 24.04 LTS
| Command      : upgrade_ip
| Device       : xc7z020clg400-2
---------------------------------------------------------------------------------------------------------------------------------------------

Upgrade Log for IP 'main_design_noip_ctrl_0_0'

1. Summary
----------

SUCCESS in the upgrade of main_design_noip_ctrl_0_0 (user.org:user:noip_ctrl:1.0) from (Rev. 1) to (Rev. 2)






Copyright 1986-2022 Xilinx, Inc. All Rights Reserved. Copyright 2022-2024 Advanced Micro Devices, Inc. All Rights Reserved.
---------------------------------------------------------------------------------------------------------------------------------------------
| Tool Version : Vivado v.2024.1 (lin64) Build 5076996 Wed May 22 18:36:09 MDT 2024
| Date         : Fri Jun 21 09:21:56 2024
| Host         : nothon-Swift-SF314-57 running 64-bit Ubuntu 24.04 LTS
| Command      : upgrade_ip
| Device       : xc7z020clg400-2
---------------------------------------------------------------------------------------------------------------------------------------------

Upgrade Log for IP 'main_design_noip_lvds_stream_0_1'

1. Summary
----------

SUCCESS in the update of main_design_noip_lvds_stream_0_1 (user.org:user:noip_lvds_stream:1.0 (Rev. 1)) to current project options.






Copyright 1986-2022 Xilinx, Inc. All Rights Reserved. Copyright 2022-2024 Advanced Micro Devices, Inc. All Rights Reserved.
---------------------------------------------------------------------------------------------------------------------------------------------
| Tool Version : Vivado v.2024.1 (lin64) Build 5076996 Wed May 22 18:36:09 MDT 2024
| Date         : Fri Jun 21 09:21:56 2024
| Host         : nothon-Swift-SF314-57 running 64-bit Ubuntu 24.04 LTS
| Command      : upgrade_ip
| Device       : xc7z020clg400-2
---------------------------------------------------------------------------------------------------------------------------------------------

Upgrade Log for IP 'main_design_noip_lvds_stream_0_0'

1. Summary
----------

SUCCESS in the update of main_design_noip_lvds_stream_0_0 (user.org:user:noip_lvds_stream:1.0 (Rev. 1)) to current project options.






Copyright 1986-2022 Xilinx, Inc. All Rights Reserved. Copyright 2022-2024 Advanced Micro Devices, Inc. All Rights Reserved.
---------------------------------------------------------------------------------------------------------------------------------------------
| Tool Version : Vivado v.2024.1 (lin64) Build 5076996 Wed May 22 18:36:09 MDT 2024
| Date         : Fri Jun 21 08:53:13 2024
| Host         : nothon-Swift-SF314-57 running 64-bit Ubuntu 24.04 LTS
| Command      : upgrade_ip
| Device       : xc7z020clg400-2
---------------------------------------------------------------------------------------------------------------------------------------------

Upgrade Log for IP 'main_design_noip_lvds_stream_0_1'

1. Summary
----------

SUCCESS in the update of main_design_noip_lvds_stream_0_1 (user.org:user:noip_lvds_stream:1.0 (Rev. 1)) to current project options.






Copyright 1986-2022 Xilinx, Inc. All Rights Reserved. Copyright 2022-2024 Advanced Micro Devices, Inc. All Rights Reserved.
---------------------------------------------------------------------------------------------------------------------------------------------
| Tool Version : Vivado v.2024.1 (lin64) Build 5076996 Wed May 22 18:36:09 MDT 2024
| Date         : Fri Jun 21 08:53:13 2024
| Host         : nothon-Swift-SF314-57 running 64-bit Ubuntu 24.04 LTS
| Command      : upgrade_ip
| Device       : xc7z020clg400-2
---------------------------------------------------------------------------------------------------------------------------------------------

Upgrade Log for IP 'main_design_noip_lvds_stream_0_0'

1. Summary
----------

SUCCESS in the update of main_design_noip_lvds_stream_0_0 (user.org:user:noip_lvds_stream:1.0 (Rev. 1)) to current project options.






Copyright 1986-2022 Xilinx, Inc. All Rights Reserved. Copyright 2022-2024 Advanced Micro Devices, Inc. All Rights Reserved.
---------------------------------------------------------------------------------------------------------------------------------------------
| Tool Version : Vivado v.2024.1 (lin64) Build 5076996 Wed May 22 18:36:09 MDT 2024
| Date         : Thu Jun 20 19:37:43 2024
| Host         : nothon-Swift-SF314-57 running 64-bit Ubuntu 24.04 LTS
| Command      : upgrade_ip
| Device       : xc7z020clg400-2
---------------------------------------------------------------------------------------------------------------------------------------------

Upgrade Log for IP 'main_design_noip_ctrl_0_0'

1. Summary
----------

SUCCESS in the update of main_design_noip_ctrl_0_0 (user.org:user:noip_ctrl:1.0 (Rev. 1)) to current project options.






Copyright 1986-2022 Xilinx, Inc. All Rights Reserved. Copyright 2022-2024 Advanced Micro Devices, Inc. All Rights Reserved.
---------------------------------------------------------------------------------------------------------------------------------------------
| Tool Version : Vivado v.2024.1 (lin64) Build 5076996 Wed May 22 18:36:09 MDT 2024
| Date         : Thu Jun 20 16:45:29 2024
| Host         : nothon-Swift-SF314-57 running 64-bit Ubuntu 24.04 LTS
| Command      : upgrade_ip
| Device       : xc7z020clg400-2
---------------------------------------------------------------------------------------------------------------------------------------------

Upgrade Log for IP 'main_design_noip_ctrl_0_0'

1. Summary
----------

SUCCESS in the update of main_design_noip_ctrl_0_0 (user.org:user:noip_ctrl:1.0 (Rev. 1)) to current project options.






Copyright 1986-2022 Xilinx, Inc. All Rights Reserved. Copyright 2022-2024 Advanced Micro Devices, Inc. All Rights Reserved.
---------------------------------------------------------------------------------------------------------------------------------------------
| Tool Version : Vivado v.2024.1 (lin64) Build 5076996 Wed May 22 18:36:09 MDT 2024
| Date         : Thu Jun 20 16:43:52 2024
| Host         : nothon-Swift-SF314-57 running 64-bit Ubuntu 24.04 LTS
| Command      : upgrade_ip
| Device       : xc7z020clg400-2
---------------------------------------------------------------------------------------------------------------------------------------------

Upgrade Log for IP 'main_design_noip_ctrl_0_0'

1. Summary
----------

SUCCESS in the update of main_design_noip_ctrl_0_0 (user.org:user:noip_ctrl:1.0 (Rev. 1)) to current project options.






Copyright 1986-2022 Xilinx, Inc. All Rights Reserved. Copyright 2022-2024 Advanced Micro Devices, Inc. All Rights Reserved.
---------------------------------------------------------------------------------------------------------------------------------------------
| Tool Version : Vivado v.2024.1 (lin64) Build 5076996 Wed May 22 18:36:09 MDT 2024
| Date         : Thu Jun 20 16:42:20 2024
| Host         : nothon-Swift-SF314-57 running 64-bit Ubuntu 24.04 LTS
| Command      : upgrade_ip
| Device       : xc7z020clg400-2
---------------------------------------------------------------------------------------------------------------------------------------------

Upgrade Log for IP 'main_design_noip_ctrl_0_0'

1. Summary
----------

SUCCESS in the update of main_design_noip_ctrl_0_0 (user.org:user:noip_ctrl:1.0 (Rev. 1)) to current project options.






Copyright 1986-2022 Xilinx, Inc. All Rights Reserved. Copyright 2022-2024 Advanced Micro Devices, Inc. All Rights Reserved.
---------------------------------------------------------------------------------------------------------------------------------------------
| Tool Version : Vivado v.2024.1 (lin64) Build 5076996 Wed May 22 18:36:09 MDT 2024
| Date         : Thu Jun 20 16:30:41 2024
| Host         : nothon-Swift-SF314-57 running 64-bit Ubuntu 24.04 LTS
| Command      : upgrade_ip
| Device       : xc7z020clg400-2
---------------------------------------------------------------------------------------------------------------------------------------------

Upgrade Log for IP 'main_design_noip_ctrl_0_0'

1. Summary
----------

SUCCESS in the update of main_design_noip_ctrl_0_0 (user.org:user:noip_ctrl:1.0 (Rev. 1)) to current project options.






Copyright 1986-2022 Xilinx, Inc. All Rights Reserved. Copyright 2022-2024 Advanced Micro Devices, Inc. All Rights Reserved.
---------------------------------------------------------------------------------------------------------------------------------------------
| Tool Version : Vivado v.2024.1 (lin64) Build 5076996 Wed May 22 18:36:09 MDT 2024
| Date         : Thu Jun 20 15:24:42 2024
| Host         : nothon-Swift-SF314-57 running 64-bit Ubuntu 24.04 LTS
| Command      : upgrade_ip
| Device       : xc7z020clg400-2
---------------------------------------------------------------------------------------------------------------------------------------------

Upgrade Log for IP 'main_design_noip_ctrl_0_0'

1. Summary
----------

SUCCESS in the update of main_design_noip_ctrl_0_0 (user.org:user:noip_ctrl:1.0 (Rev. 1)) to current project options.






Copyright 1986-2022 Xilinx, Inc. All Rights Reserved. Copyright 2022-2024 Advanced Micro Devices, Inc. All Rights Reserved.
---------------------------------------------------------------------------------------------------------------------------------------------
| Tool Version : Vivado v.2024.1 (lin64) Build 5076996 Wed May 22 18:36:09 MDT 2024
| Date         : Thu Jun 20 15:12:41 2024
| Host         : nothon-Swift-SF314-57 running 64-bit Ubuntu 24.04 LTS
| Command      : upgrade_ip
| Device       : xc7z020clg400-2
---------------------------------------------------------------------------------------------------------------------------------------------

Upgrade Log for IP 'main_design_noip_ctrl_0_0'

1. Summary
----------

SUCCESS in the update of main_design_noip_ctrl_0_0 (user.org:user:noip_ctrl:1.0 (Rev. 1)) to current project options.






Copyright 1986-2022 Xilinx, Inc. All Rights Reserved. Copyright 2022-2024 Advanced Micro Devices, Inc. All Rights Reserved.
---------------------------------------------------------------------------------------------------------------------------------------------
| Tool Version : Vivado v.2024.1 (lin64) Build 5076996 Wed May 22 18:36:09 MDT 2024
| Date         : Thu Jun 20 11:53:45 2024
| Host         : nothon-Swift-SF314-57 running 64-bit Ubuntu 24.04 LTS
| Command      : upgrade_ip
| Device       : xc7z020clg400-2
---------------------------------------------------------------------------------------------------------------------------------------------

Upgrade Log for IP 'main_design_noip_lvds_stream_0_0'

1. Summary
----------

CAUTION (success, with warnings) in the update of main_design_noip_lvds_stream_0_0 (user.org:user:noip_lvds_stream:1.0 (Rev. 1)) to current project options.

After upgrade, an IP may have parameter and port differences compared to the original customization. Please review the parameters within the IP customization GUI to ensure proper functionality. Also, please review the updated IP instantiation template to ensure proper connectivity, and update your design if required.

2. Connection Warnings
----------------------

Detected external port differences while upgrading 'main_design_noip_lvds_stream_0_0'. These changes may impact your design.


-Upgrade has removed port 'monitor'

-Upgrade has added port 'monitor0'

-Upgrade has added port 'monitor1'







Copyright 1986-2022 Xilinx, Inc. All Rights Reserved. Copyright 2022-2024 Advanced Micro Devices, Inc. All Rights Reserved.
---------------------------------------------------------------------------------------------------------------------------------------------
| Tool Version : Vivado v.2024.1 (lin64) Build 5076996 Wed May 22 18:36:09 MDT 2024
| Date         : Thu Jun 20 11:48:39 2024
| Host         : nothon-Swift-SF314-57 running 64-bit Ubuntu 24.04 LTS
| Command      : upgrade_ip
| Device       : xc7z020clg400-2
---------------------------------------------------------------------------------------------------------------------------------------------

Upgrade Log for IP 'main_design_noip_ctrl_0_0'

1. Summary
----------

CAUTION (success, with warnings) in the update of main_design_noip_ctrl_0_0 (user.org:user:noip_ctrl:1.0 (Rev. 1)) to current project options.

After upgrade, an IP may have parameter and port differences compared to the original customization. Please review the parameters within the IP customization GUI to ensure proper functionality. Also, please review the updated IP instantiation template to ensure proper connectivity, and update your design if required.

2. Interface Information
------------------------

Detected external interface differences while upgrading 'main_design_noip_ctrl_0_0'.


-Upgrade has added interface 'noip_spi' (xilinx.com:interface:spi:1.0)


3. Connection Warnings
----------------------

Detected external port differences while upgrading 'main_design_noip_ctrl_0_0'. These changes may impact your design.


-Upgraded port 'clk_pll_out' width 2 differs from original width 1

-Upgraded port 'noip_reset_n' width 2 differs from original width 1

-Upgraded port 'sw_enable_n' width 2 differs from original width 1

-Upgraded port 'vdd18_toggle' width 2 differs from original width 1

-Upgraded port 'vdd33_toggle' width 2 differs from original width 1

-Upgraded port 'vddpix_toggle' width 2 differs from original width 1


