
*** Running vivado
    with args -log main_design_lvds_clkin_1_ibuf_0.vds -m64 -product Vivado -mode batch -messageDb vivado.pb -notrace -source main_design_lvds_clkin_1_ibuf_0.tcl


****** Vivado v2024.1 (64-bit)
  **** SW Build 5076996 on Wed May 22 18:36:09 MDT 2024
  **** IP Build 5075265 on Wed May 22 21:45:21 MDT 2024
  **** SharedData Build 5076995 on Wed May 22 18:29:18 MDT 2024
  **** Start of session at: Fri Jul 26 15:22:45 2024
    ** Copyright 1986-2022 Xilinx, Inc. All Rights Reserved.
    ** Copyright 2022-2024 Advanced Micro Devices, Inc. All Rights Reserved.

source main_design_lvds_clkin_1_ibuf_0.tcl -notrace
create_project: Time (s): cpu = 00:00:06 ; elapsed = 00:00:06 . Memory (MB): peak = 1376.219 ; gain = 0.027 ; free physical = 261 ; free virtual = 15446
INFO: [IP_Flow 19-234] Refreshing IP repositories
INFO: [IP_Flow 19-1700] Loaded user IP repository '/home/nothon/fpga2C/interface_repo'.
INFO: [IP_Flow 19-1700] Loaded user IP repository '/home/nothon/fpga2C/ip_repo'.
INFO: [IP_Flow 19-2313] Loaded Vivado IP repository '/tools/Xilinx/Vivado/2024.1/data/ip'.
INFO: [IP_Flow 19-6924] IPCACHE: Running cache check for IP inst: main_design_lvds_clkin_1_ibuf_0
Command: synth_design -top main_design_lvds_clkin_1_ibuf_0 -part xc7z020clg400-2 -incremental_mode off -mode out_of_context
Starting synth_design
Attempting to get a license for feature 'Synthesis' and/or device 'xc7z020'
INFO: [Common 17-349] Got license for feature 'Synthesis' and/or device 'xc7z020'
INFO: [Device 21-403] Loading part xc7z020clg400-2
INFO: [Device 21-9227] Part: xc7z020clg400-2 does not have CEAM library.
INFO: [Synth 8-7079] Multithreading enabled for synth_design using a maximum of 4 processes.
INFO: [Synth 8-7078] Launching helper process for spawning children vivado processes
INFO: [Synth 8-7075] Helper process launched with PID 137256
---------------------------------------------------------------------------------
Starting RTL Elaboration : Time (s): cpu = 00:00:04 ; elapsed = 00:00:04 . Memory (MB): peak = 2141.465 ; gain = 413.715 ; free physical = 178 ; free virtual = 14350
---------------------------------------------------------------------------------
INFO: [Synth 8-638] synthesizing module 'main_design_lvds_clkin_1_ibuf_0' [/home/nothon/fpga2C/ZTurnV2/ZTurnV2.gen/sources_1/bd/main_design/ip/main_design_lvds_clkin_1_ibuf_0/synth/main_design_lvds_clkin_1_ibuf_0.vhd:64]
	Parameter C_BUF_TYPE bound to: IBUFDS - type: string 
	Parameter C_SIZE bound to: 1 - type: integer 
	Parameter C_BUFGCE_DIV bound to: 1 - type: integer 
	Parameter C_BUFG_GT_SYNC bound to: 0 - type: integer 
	Parameter C_SIM_DEVICE bound to: VERSAL_AI_CORE_ES1 - type: string 
	Parameter C_OBUFDS_GTE5_ADV bound to: 2'b00 
	Parameter C_REFCLK_ICNTL_TX bound to: 5'b00000 
INFO: [Synth 8-3491] module 'util_ds_buf' declared at '/home/nothon/fpga2C/ZTurnV2/ZTurnV2.gen/sources_1/bd/main_design/ip/main_design_lvds_clkin_1_ibuf_0/util_ds_buf.vhd:73' bound to instance 'U0' of component 'util_ds_buf' [/home/nothon/fpga2C/ZTurnV2/ZTurnV2.gen/sources_1/bd/main_design/ip/main_design_lvds_clkin_1_ibuf_0/synth/main_design_lvds_clkin_1_ibuf_0.vhd:201]
INFO: [Synth 8-638] synthesizing module 'util_ds_buf' [/home/nothon/fpga2C/ZTurnV2/ZTurnV2.gen/sources_1/bd/main_design/ip/main_design_lvds_clkin_1_ibuf_0/util_ds_buf.vhd:252]
INFO: [Synth 8-113] binding component instance 'IBUFDS_I' to cell 'IBUFDS' [/home/nothon/fpga2C/ZTurnV2/ZTurnV2.gen/sources_1/bd/main_design/ip/main_design_lvds_clkin_1_ibuf_0/util_ds_buf.vhd:377]
INFO: [Synth 8-256] done synthesizing module 'util_ds_buf' (0#1) [/home/nothon/fpga2C/ZTurnV2/ZTurnV2.gen/sources_1/bd/main_design/ip/main_design_lvds_clkin_1_ibuf_0/util_ds_buf.vhd:252]
INFO: [Synth 8-256] done synthesizing module 'main_design_lvds_clkin_1_ibuf_0' (0#1) [/home/nothon/fpga2C/ZTurnV2/ZTurnV2.gen/sources_1/bd/main_design/ip/main_design_lvds_clkin_1_ibuf_0/synth/main_design_lvds_clkin_1_ibuf_0.vhd:64]
WARNING: [Synth 8-3848] Net BUFG_O in module/entity util_ds_buf does not have driver. [/home/nothon/fpga2C/ZTurnV2/ZTurnV2.gen/sources_1/bd/main_design/ip/main_design_lvds_clkin_1_ibuf_0/util_ds_buf.vhd:110]
WARNING: [Synth 8-3848] Net BUFGCE_O in module/entity util_ds_buf does not have driver. [/home/nothon/fpga2C/ZTurnV2/ZTurnV2.gen/sources_1/bd/main_design/ip/main_design_lvds_clkin_1_ibuf_0/util_ds_buf.vhd:115]
WARNING: [Synth 8-3848] Net BUFH_O in module/entity util_ds_buf does not have driver. [/home/nothon/fpga2C/ZTurnV2/ZTurnV2.gen/sources_1/bd/main_design/ip/main_design_lvds_clkin_1_ibuf_0/util_ds_buf.vhd:120]
WARNING: [Synth 8-3848] Net BUFHCE_O in module/entity util_ds_buf does not have driver. [/home/nothon/fpga2C/ZTurnV2/ZTurnV2.gen/sources_1/bd/main_design/ip/main_design_lvds_clkin_1_ibuf_0/util_ds_buf.vhd:125]
WARNING: [Synth 8-3848] Net BUFG_FABRIC_O in module/entity util_ds_buf does not have driver. [/home/nothon/fpga2C/ZTurnV2/ZTurnV2.gen/sources_1/bd/main_design/ip/main_design_lvds_clkin_1_ibuf_0/util_ds_buf.vhd:129]
WARNING: [Synth 8-3848] Net OBUFDS_GTE5_O in module/entity util_ds_buf does not have driver. [/home/nothon/fpga2C/ZTurnV2/ZTurnV2.gen/sources_1/bd/main_design/ip/main_design_lvds_clkin_1_ibuf_0/util_ds_buf.vhd:134]
WARNING: [Synth 8-3848] Net OBUFDS_GTE5_OB in module/entity util_ds_buf does not have driver. [/home/nothon/fpga2C/ZTurnV2/ZTurnV2.gen/sources_1/bd/main_design/ip/main_design_lvds_clkin_1_ibuf_0/util_ds_buf.vhd:135]
WARNING: [Synth 8-3848] Net OBUFDS_GTE5_ADV_O in module/entity util_ds_buf does not have driver. [/home/nothon/fpga2C/ZTurnV2/ZTurnV2.gen/sources_1/bd/main_design/ip/main_design_lvds_clkin_1_ibuf_0/util_ds_buf.vhd:140]
WARNING: [Synth 8-3848] Net OBUFDS_GTE5_ADV_OB in module/entity util_ds_buf does not have driver. [/home/nothon/fpga2C/ZTurnV2/ZTurnV2.gen/sources_1/bd/main_design/ip/main_design_lvds_clkin_1_ibuf_0/util_ds_buf.vhd:141]
WARNING: [Synth 8-3848] Net OBUFDS_GTE3_O in module/entity util_ds_buf does not have driver. [/home/nothon/fpga2C/ZTurnV2/ZTurnV2.gen/sources_1/bd/main_design/ip/main_design_lvds_clkin_1_ibuf_0/util_ds_buf.vhd:147]
WARNING: [Synth 8-3848] Net OBUFDS_GTE3_OB in module/entity util_ds_buf does not have driver. [/home/nothon/fpga2C/ZTurnV2/ZTurnV2.gen/sources_1/bd/main_design/ip/main_design_lvds_clkin_1_ibuf_0/util_ds_buf.vhd:148]
WARNING: [Synth 8-3848] Net OBUFDS_GTE3_ADV_O in module/entity util_ds_buf does not have driver. [/home/nothon/fpga2C/ZTurnV2/ZTurnV2.gen/sources_1/bd/main_design/ip/main_design_lvds_clkin_1_ibuf_0/util_ds_buf.vhd:153]
WARNING: [Synth 8-3848] Net OBUFDS_GTE3_ADV_OB in module/entity util_ds_buf does not have driver. [/home/nothon/fpga2C/ZTurnV2/ZTurnV2.gen/sources_1/bd/main_design/ip/main_design_lvds_clkin_1_ibuf_0/util_ds_buf.vhd:154]
WARNING: [Synth 8-3848] Net OBUFDS_GTE4_O in module/entity util_ds_buf does not have driver. [/home/nothon/fpga2C/ZTurnV2/ZTurnV2.gen/sources_1/bd/main_design/ip/main_design_lvds_clkin_1_ibuf_0/util_ds_buf.vhd:160]
WARNING: [Synth 8-3848] Net OBUFDS_GTE4_OB in module/entity util_ds_buf does not have driver. [/home/nothon/fpga2C/ZTurnV2/ZTurnV2.gen/sources_1/bd/main_design/ip/main_design_lvds_clkin_1_ibuf_0/util_ds_buf.vhd:161]
WARNING: [Synth 8-3848] Net OBUFDS_GTE4_ADV_O in module/entity util_ds_buf does not have driver. [/home/nothon/fpga2C/ZTurnV2/ZTurnV2.gen/sources_1/bd/main_design/ip/main_design_lvds_clkin_1_ibuf_0/util_ds_buf.vhd:166]
WARNING: [Synth 8-3848] Net OBUFDS_GTE4_ADV_OB in module/entity util_ds_buf does not have driver. [/home/nothon/fpga2C/ZTurnV2/ZTurnV2.gen/sources_1/bd/main_design/ip/main_design_lvds_clkin_1_ibuf_0/util_ds_buf.vhd:167]
WARNING: [Synth 8-3848] Net IBUFDS_GTM_O in module/entity util_ds_buf does not have driver. [/home/nothon/fpga2C/ZTurnV2/ZTurnV2.gen/sources_1/bd/main_design/ip/main_design_lvds_clkin_1_ibuf_0/util_ds_buf.vhd:171]
WARNING: [Synth 8-3848] Net IBUFDS_GTM_ODIV2 in module/entity util_ds_buf does not have driver. [/home/nothon/fpga2C/ZTurnV2/ZTurnV2.gen/sources_1/bd/main_design/ip/main_design_lvds_clkin_1_ibuf_0/util_ds_buf.vhd:172]
WARNING: [Synth 8-3848] Net OBUFDS_GTM_O in module/entity util_ds_buf does not have driver. [/home/nothon/fpga2C/ZTurnV2/ZTurnV2.gen/sources_1/bd/main_design/ip/main_design_lvds_clkin_1_ibuf_0/util_ds_buf.vhd:178]
WARNING: [Synth 8-3848] Net OBUFDS_GTM_OB in module/entity util_ds_buf does not have driver. [/home/nothon/fpga2C/ZTurnV2/ZTurnV2.gen/sources_1/bd/main_design/ip/main_design_lvds_clkin_1_ibuf_0/util_ds_buf.vhd:179]
WARNING: [Synth 8-3848] Net OBUFDS_GTM_ADV_O in module/entity util_ds_buf does not have driver. [/home/nothon/fpga2C/ZTurnV2/ZTurnV2.gen/sources_1/bd/main_design/ip/main_design_lvds_clkin_1_ibuf_0/util_ds_buf.vhd:186]
WARNING: [Synth 8-3848] Net OBUFDS_GTM_ADV_OB in module/entity util_ds_buf does not have driver. [/home/nothon/fpga2C/ZTurnV2/ZTurnV2.gen/sources_1/bd/main_design/ip/main_design_lvds_clkin_1_ibuf_0/util_ds_buf.vhd:187]
WARNING: [Synth 8-3848] Net IBUFDS_GTME5_O in module/entity util_ds_buf does not have driver. [/home/nothon/fpga2C/ZTurnV2/ZTurnV2.gen/sources_1/bd/main_design/ip/main_design_lvds_clkin_1_ibuf_0/util_ds_buf.vhd:190]
WARNING: [Synth 8-3848] Net IBUFDS_GTME5_ODIV2 in module/entity util_ds_buf does not have driver. [/home/nothon/fpga2C/ZTurnV2/ZTurnV2.gen/sources_1/bd/main_design/ip/main_design_lvds_clkin_1_ibuf_0/util_ds_buf.vhd:191]
WARNING: [Synth 8-3848] Net OBUFDS_GTME5_O in module/entity util_ds_buf does not have driver. [/home/nothon/fpga2C/ZTurnV2/ZTurnV2.gen/sources_1/bd/main_design/ip/main_design_lvds_clkin_1_ibuf_0/util_ds_buf.vhd:199]
WARNING: [Synth 8-3848] Net OBUFDS_GTME5_OB in module/entity util_ds_buf does not have driver. [/home/nothon/fpga2C/ZTurnV2/ZTurnV2.gen/sources_1/bd/main_design/ip/main_design_lvds_clkin_1_ibuf_0/util_ds_buf.vhd:200]
WARNING: [Synth 8-3848] Net OBUFDS_GTME5_ADV_O in module/entity util_ds_buf does not have driver. [/home/nothon/fpga2C/ZTurnV2/ZTurnV2.gen/sources_1/bd/main_design/ip/main_design_lvds_clkin_1_ibuf_0/util_ds_buf.vhd:206]
WARNING: [Synth 8-3848] Net OBUFDS_GTME5_ADV_OB in module/entity util_ds_buf does not have driver. [/home/nothon/fpga2C/ZTurnV2/ZTurnV2.gen/sources_1/bd/main_design/ip/main_design_lvds_clkin_1_ibuf_0/util_ds_buf.vhd:207]
WARNING: [Synth 8-3848] Net BUFG_GT_O in module/entity util_ds_buf does not have driver. [/home/nothon/fpga2C/ZTurnV2/ZTurnV2.gen/sources_1/bd/main_design/ip/main_design_lvds_clkin_1_ibuf_0/util_ds_buf.vhd:217]
WARNING: [Synth 8-3848] Net BUFG_PS_O in module/entity util_ds_buf does not have driver. [/home/nothon/fpga2C/ZTurnV2/ZTurnV2.gen/sources_1/bd/main_design/ip/main_design_lvds_clkin_1_ibuf_0/util_ds_buf.vhd:221]
WARNING: [Synth 8-3848] Net MBUFG_GT_O1 in module/entity util_ds_buf does not have driver. [/home/nothon/fpga2C/ZTurnV2/ZTurnV2.gen/sources_1/bd/main_design/ip/main_design_lvds_clkin_1_ibuf_0/util_ds_buf.vhd:233]
WARNING: [Synth 8-3848] Net MBUFG_GT_O2 in module/entity util_ds_buf does not have driver. [/home/nothon/fpga2C/ZTurnV2/ZTurnV2.gen/sources_1/bd/main_design/ip/main_design_lvds_clkin_1_ibuf_0/util_ds_buf.vhd:234]
WARNING: [Synth 8-3848] Net MBUFG_GT_O3 in module/entity util_ds_buf does not have driver. [/home/nothon/fpga2C/ZTurnV2/ZTurnV2.gen/sources_1/bd/main_design/ip/main_design_lvds_clkin_1_ibuf_0/util_ds_buf.vhd:235]
WARNING: [Synth 8-3848] Net MBUFG_GT_O4 in module/entity util_ds_buf does not have driver. [/home/nothon/fpga2C/ZTurnV2/ZTurnV2.gen/sources_1/bd/main_design/ip/main_design_lvds_clkin_1_ibuf_0/util_ds_buf.vhd:236]
WARNING: [Synth 8-3848] Net MBUFG_PS_O1 in module/entity util_ds_buf does not have driver. [/home/nothon/fpga2C/ZTurnV2/ZTurnV2.gen/sources_1/bd/main_design/ip/main_design_lvds_clkin_1_ibuf_0/util_ds_buf.vhd:241]
WARNING: [Synth 8-3848] Net MBUFG_PS_O2 in module/entity util_ds_buf does not have driver. [/home/nothon/fpga2C/ZTurnV2/ZTurnV2.gen/sources_1/bd/main_design/ip/main_design_lvds_clkin_1_ibuf_0/util_ds_buf.vhd:242]
WARNING: [Synth 8-3848] Net MBUFG_PS_O3 in module/entity util_ds_buf does not have driver. [/home/nothon/fpga2C/ZTurnV2/ZTurnV2.gen/sources_1/bd/main_design/ip/main_design_lvds_clkin_1_ibuf_0/util_ds_buf.vhd:243]
WARNING: [Synth 8-3848] Net MBUFG_PS_O4 in module/entity util_ds_buf does not have driver. [/home/nothon/fpga2C/ZTurnV2/ZTurnV2.gen/sources_1/bd/main_design/ip/main_design_lvds_clkin_1_ibuf_0/util_ds_buf.vhd:244]
WARNING: [Synth 8-7129] Port BUFG_O[0] in module util_ds_buf is either unconnected or has no load
WARNING: [Synth 8-7129] Port BUFGCE_O[0] in module util_ds_buf is either unconnected or has no load
WARNING: [Synth 8-7129] Port BUFH_O[0] in module util_ds_buf is either unconnected or has no load
WARNING: [Synth 8-7129] Port BUFHCE_O[0] in module util_ds_buf is either unconnected or has no load
WARNING: [Synth 8-7129] Port BUFG_FABRIC_O[0] in module util_ds_buf is either unconnected or has no load
WARNING: [Synth 8-7129] Port OBUFDS_GTE5_O[0] in module util_ds_buf is either unconnected or has no load
WARNING: [Synth 8-7129] Port OBUFDS_GTE5_OB[0] in module util_ds_buf is either unconnected or has no load
WARNING: [Synth 8-7129] Port OBUFDS_GTE5_ADV_O[0] in module util_ds_buf is either unconnected or has no load
WARNING: [Synth 8-7129] Port OBUFDS_GTE5_ADV_OB[0] in module util_ds_buf is either unconnected or has no load
WARNING: [Synth 8-7129] Port OBUFDS_GTE3_O[0] in module util_ds_buf is either unconnected or has no load
WARNING: [Synth 8-7129] Port OBUFDS_GTE3_OB[0] in module util_ds_buf is either unconnected or has no load
WARNING: [Synth 8-7129] Port OBUFDS_GTE3_ADV_O[0] in module util_ds_buf is either unconnected or has no load
WARNING: [Synth 8-7129] Port OBUFDS_GTE3_ADV_OB[0] in module util_ds_buf is either unconnected or has no load
WARNING: [Synth 8-7129] Port OBUFDS_GTE4_O[0] in module util_ds_buf is either unconnected or has no load
WARNING: [Synth 8-7129] Port OBUFDS_GTE4_OB[0] in module util_ds_buf is either unconnected or has no load
WARNING: [Synth 8-7129] Port OBUFDS_GTE4_ADV_O[0] in module util_ds_buf is either unconnected or has no load
WARNING: [Synth 8-7129] Port OBUFDS_GTE4_ADV_OB[0] in module util_ds_buf is either unconnected or has no load
WARNING: [Synth 8-7129] Port IBUFDS_GTM_O[0] in module util_ds_buf is either unconnected or has no load
WARNING: [Synth 8-7129] Port IBUFDS_GTM_ODIV2[0] in module util_ds_buf is either unconnected or has no load
WARNING: [Synth 8-7129] Port OBUFDS_GTM_O[0] in module util_ds_buf is either unconnected or has no load
WARNING: [Synth 8-7129] Port OBUFDS_GTM_OB[0] in module util_ds_buf is either unconnected or has no load
WARNING: [Synth 8-7129] Port OBUFDS_GTM_ADV_O[0] in module util_ds_buf is either unconnected or has no load
WARNING: [Synth 8-7129] Port OBUFDS_GTM_ADV_OB[0] in module util_ds_buf is either unconnected or has no load
WARNING: [Synth 8-7129] Port IBUFDS_GTME5_O[0] in module util_ds_buf is either unconnected or has no load
WARNING: [Synth 8-7129] Port IBUFDS_GTME5_ODIV2[0] in module util_ds_buf is either unconnected or has no load
WARNING: [Synth 8-7129] Port OBUFDS_GTME5_O[0] in module util_ds_buf is either unconnected or has no load
WARNING: [Synth 8-7129] Port OBUFDS_GTME5_OB[0] in module util_ds_buf is either unconnected or has no load
WARNING: [Synth 8-7129] Port OBUFDS_GTME5_ADV_O[0] in module util_ds_buf is either unconnected or has no load
WARNING: [Synth 8-7129] Port OBUFDS_GTME5_ADV_OB[0] in module util_ds_buf is either unconnected or has no load
WARNING: [Synth 8-7129] Port BUFG_GT_O[0] in module util_ds_buf is either unconnected or has no load
WARNING: [Synth 8-7129] Port BUFG_PS_O[0] in module util_ds_buf is either unconnected or has no load
WARNING: [Synth 8-7129] Port MBUFG_GT_O1[0] in module util_ds_buf is either unconnected or has no load
WARNING: [Synth 8-7129] Port MBUFG_GT_O2[0] in module util_ds_buf is either unconnected or has no load
WARNING: [Synth 8-7129] Port MBUFG_GT_O3[0] in module util_ds_buf is either unconnected or has no load
WARNING: [Synth 8-7129] Port MBUFG_GT_O4[0] in module util_ds_buf is either unconnected or has no load
WARNING: [Synth 8-7129] Port MBUFG_PS_O1[0] in module util_ds_buf is either unconnected or has no load
WARNING: [Synth 8-7129] Port MBUFG_PS_O2[0] in module util_ds_buf is either unconnected or has no load
WARNING: [Synth 8-7129] Port MBUFG_PS_O3[0] in module util_ds_buf is either unconnected or has no load
WARNING: [Synth 8-7129] Port MBUFG_PS_O4[0] in module util_ds_buf is either unconnected or has no load
WARNING: [Synth 8-7129] Port IOBUF_IO_IO[0] in module util_ds_buf is either unconnected or has no load
WARNING: [Synth 8-7129] Port IBUF_DS_CEB[0] in module util_ds_buf is either unconnected or has no load
WARNING: [Synth 8-7129] Port OBUF_IN[0] in module util_ds_buf is either unconnected or has no load
WARNING: [Synth 8-7129] Port IOBUF_IO_T[0] in module util_ds_buf is either unconnected or has no load
WARNING: [Synth 8-7129] Port IOBUF_IO_I[0] in module util_ds_buf is either unconnected or has no load
WARNING: [Synth 8-7129] Port BUFG_I[0] in module util_ds_buf is either unconnected or has no load
WARNING: [Synth 8-7129] Port BUFGCE_I[0] in module util_ds_buf is either unconnected or has no load
WARNING: [Synth 8-7129] Port BUFGCE_CE[0] in module util_ds_buf is either unconnected or has no load
WARNING: [Synth 8-7129] Port BUFGCE_CLR[0] in module util_ds_buf is either unconnected or has no load
WARNING: [Synth 8-7129] Port BUFH_I[0] in module util_ds_buf is either unconnected or has no load
WARNING: [Synth 8-7129] Port BUFHCE_I[0] in module util_ds_buf is either unconnected or has no load
WARNING: [Synth 8-7129] Port BUFHCE_CE[0] in module util_ds_buf is either unconnected or has no load
WARNING: [Synth 8-7129] Port BUFG_FABRIC_I[0] in module util_ds_buf is either unconnected or has no load
WARNING: [Synth 8-7129] Port OBUFDS_GTE5_CEB[0] in module util_ds_buf is either unconnected or has no load
WARNING: [Synth 8-7129] Port OBUFDS_GTE5_I[0] in module util_ds_buf is either unconnected or has no load
WARNING: [Synth 8-7129] Port OBUFDS_GTE5_ADV_CEB[0] in module util_ds_buf is either unconnected or has no load
WARNING: [Synth 8-7129] Port OBUFDS_GTE5_ADV_I[3] in module util_ds_buf is either unconnected or has no load
WARNING: [Synth 8-7129] Port OBUFDS_GTE5_ADV_I[2] in module util_ds_buf is either unconnected or has no load
WARNING: [Synth 8-7129] Port OBUFDS_GTE5_ADV_I[1] in module util_ds_buf is either unconnected or has no load
WARNING: [Synth 8-7129] Port OBUFDS_GTE5_ADV_I[0] in module util_ds_buf is either unconnected or has no load
WARNING: [Synth 8-7129] Port OBUFDS_GTE5_ADV_RXRECCLKSEL[1] in module util_ds_buf is either unconnected or has no load
WARNING: [Synth 8-7129] Port OBUFDS_GTE5_ADV_RXRECCLKSEL[0] in module util_ds_buf is either unconnected or has no load
WARNING: [Synth 8-7129] Port OBUFDS_GTE3_CEB[0] in module util_ds_buf is either unconnected or has no load
WARNING: [Synth 8-7129] Port OBUFDS_GTE3_I[0] in module util_ds_buf is either unconnected or has no load
WARNING: [Synth 8-7129] Port OBUFDS_GTE3_ADV_CEB[0] in module util_ds_buf is either unconnected or has no load
WARNING: [Synth 8-7129] Port OBUFDS_GTE3_ADV_I[3] in module util_ds_buf is either unconnected or has no load
WARNING: [Synth 8-7129] Port OBUFDS_GTE3_ADV_I[2] in module util_ds_buf is either unconnected or has no load
WARNING: [Synth 8-7129] Port OBUFDS_GTE3_ADV_I[1] in module util_ds_buf is either unconnected or has no load
WARNING: [Synth 8-7129] Port OBUFDS_GTE3_ADV_I[0] in module util_ds_buf is either unconnected or has no load
WARNING: [Synth 8-7129] Port RXRECCLK_SEL_GTE3_ADV[1] in module util_ds_buf is either unconnected or has no load
WARNING: [Synth 8-7129] Port RXRECCLK_SEL_GTE3_ADV[0] in module util_ds_buf is either unconnected or has no load
WARNING: [Synth 8-7129] Port OBUFDS_GTE4_CEB[0] in module util_ds_buf is either unconnected or has no load
WARNING: [Synth 8-7129] Port OBUFDS_GTE4_I[0] in module util_ds_buf is either unconnected or has no load
WARNING: [Synth 8-7129] Port OBUFDS_GTE4_ADV_CEB[0] in module util_ds_buf is either unconnected or has no load
WARNING: [Synth 8-7129] Port OBUFDS_GTE4_ADV_I[3] in module util_ds_buf is either unconnected or has no load
WARNING: [Synth 8-7129] Port OBUFDS_GTE4_ADV_I[2] in module util_ds_buf is either unconnected or has no load
WARNING: [Synth 8-7129] Port OBUFDS_GTE4_ADV_I[1] in module util_ds_buf is either unconnected or has no load
WARNING: [Synth 8-7129] Port OBUFDS_GTE4_ADV_I[0] in module util_ds_buf is either unconnected or has no load
WARNING: [Synth 8-7129] Port RXRECCLK_SEL_GTE4_ADV[1] in module util_ds_buf is either unconnected or has no load
WARNING: [Synth 8-7129] Port RXRECCLK_SEL_GTE4_ADV[0] in module util_ds_buf is either unconnected or has no load
WARNING: [Synth 8-7129] Port IBUFDS_GTM_CEB[0] in module util_ds_buf is either unconnected or has no load
WARNING: [Synth 8-7129] Port IBUFDS_GTM_I[0] in module util_ds_buf is either unconnected or has no load
WARNING: [Synth 8-7129] Port IBUFDS_GTM_IB[0] in module util_ds_buf is either unconnected or has no load
WARNING: [Synth 8-7129] Port OBUFDS_GTM_CEB[0] in module util_ds_buf is either unconnected or has no load
WARNING: [Synth 8-7129] Port OBUFDS_GTM_I[0] in module util_ds_buf is either unconnected or has no load
WARNING: [Synth 8-7129] Port OBUFDS_GTM_ADV_CEB[0] in module util_ds_buf is either unconnected or has no load
WARNING: [Synth 8-7129] Port OBUFDS_GTM_ADV_I[3] in module util_ds_buf is either unconnected or has no load
WARNING: [Synth 8-7129] Port OBUFDS_GTM_ADV_I[2] in module util_ds_buf is either unconnected or has no load
WARNING: [Synth 8-7129] Port OBUFDS_GTM_ADV_I[1] in module util_ds_buf is either unconnected or has no load
WARNING: [Synth 8-7129] Port OBUFDS_GTM_ADV_I[0] in module util_ds_buf is either unconnected or has no load
WARNING: [Synth 8-7129] Port IBUFDS_GTME5_CEB[0] in module util_ds_buf is either unconnected or has no load
WARNING: [Synth 8-7129] Port IBUFDS_GTME5_I[0] in module util_ds_buf is either unconnected or has no load
WARNING: [Synth 8-7129] Port IBUFDS_GTME5_IB[0] in module util_ds_buf is either unconnected or has no load
WARNING: [Synth 8-7129] Port OBUFDS_GTME5_CEB[0] in module util_ds_buf is either unconnected or has no load
WARNING: [Synth 8-7129] Port OBUFDS_GTME5_I[0] in module util_ds_buf is either unconnected or has no load
WARNING: [Synth 8-7129] Port OBUFDS_GTME5_ADV_CEB[0] in module util_ds_buf is either unconnected or has no load
WARNING: [Synth 8-7129] Port OBUFDS_GTME5_ADV_I[3] in module util_ds_buf is either unconnected or has no load
WARNING: [Synth 8-7129] Port OBUFDS_GTME5_ADV_I[2] in module util_ds_buf is either unconnected or has no load
WARNING: [Synth 8-7129] Port OBUFDS_GTME5_ADV_I[1] in module util_ds_buf is either unconnected or has no load
WARNING: [Synth 8-7129] Port OBUFDS_GTME5_ADV_I[0] in module util_ds_buf is either unconnected or has no load
WARNING: [Synth 8-7129] Port OBUFDS_GTME5_ADV_RXRECCLKSEL[1] in module util_ds_buf is either unconnected or has no load
INFO: [Common 17-14] Message 'Synth 8-7129' appears 100 times and further instances of the messages will be disabled. Use the Tcl command set_msg_config to change the current settings.
---------------------------------------------------------------------------------
Finished RTL Elaboration : Time (s): cpu = 00:00:05 ; elapsed = 00:00:06 . Memory (MB): peak = 2223.434 ; gain = 495.684 ; free physical = 248 ; free virtual = 14308
---------------------------------------------------------------------------------
---------------------------------------------------------------------------------
Start Handling Custom Attributes
---------------------------------------------------------------------------------
---------------------------------------------------------------------------------
Finished Handling Custom Attributes : Time (s): cpu = 00:00:05 ; elapsed = 00:00:06 . Memory (MB): peak = 2238.277 ; gain = 510.527 ; free physical = 243 ; free virtual = 14303
---------------------------------------------------------------------------------
---------------------------------------------------------------------------------
Finished RTL Optimization Phase 1 : Time (s): cpu = 00:00:05 ; elapsed = 00:00:06 . Memory (MB): peak = 2238.277 ; gain = 510.527 ; free physical = 243 ; free virtual = 14303
---------------------------------------------------------------------------------
Netlist sorting complete. Time (s): cpu = 00:00:00 ; elapsed = 00:00:00 . Memory (MB): peak = 2244.215 ; gain = 0.000 ; free physical = 239 ; free virtual = 14299
INFO: [Netlist 29-17] Analyzing 1 Unisim elements for replacement
INFO: [Netlist 29-28] Unisim Transformation completed in 0 CPU seconds
WARNING: [Netlist 29-1115] Found multi-term driver net: U0/<const0>.
INFO: [Project 1-570] Preparing netlist for logic optimization

Processing XDC Constraints
Initializing timing engine
Parsing XDC File [/home/nothon/fpga2C/ZTurnV2/ZTurnV2.gen/sources_1/bd/main_design/ip/main_design_lvds_clkin_1_ibuf_0/main_design_lvds_clkin_1_ibuf_0_ooc.xdc] for cell 'U0'
Finished Parsing XDC File [/home/nothon/fpga2C/ZTurnV2/ZTurnV2.gen/sources_1/bd/main_design/ip/main_design_lvds_clkin_1_ibuf_0/main_design_lvds_clkin_1_ibuf_0_ooc.xdc] for cell 'U0'
Parsing XDC File [/home/nothon/fpga2C/ZTurnV2/ZTurnV2.gen/sources_1/bd/main_design/ip/main_design_lvds_clkin_1_ibuf_0/main_design_lvds_clkin_1_ibuf_0_board.xdc] for cell 'U0'
Finished Parsing XDC File [/home/nothon/fpga2C/ZTurnV2/ZTurnV2.gen/sources_1/bd/main_design/ip/main_design_lvds_clkin_1_ibuf_0/main_design_lvds_clkin_1_ibuf_0_board.xdc] for cell 'U0'
Parsing XDC File [/home/nothon/fpga2C/ZTurnV2/ZTurnV2.runs/main_design_lvds_clkin_1_ibuf_0_synth_1/dont_touch.xdc]
Finished Parsing XDC File [/home/nothon/fpga2C/ZTurnV2/ZTurnV2.runs/main_design_lvds_clkin_1_ibuf_0_synth_1/dont_touch.xdc]
Completed Processing XDC Constraints

Netlist sorting complete. Time (s): cpu = 00:00:00 ; elapsed = 00:00:00 . Memory (MB): peak = 2311.215 ; gain = 0.000 ; free physical = 212 ; free virtual = 14287
INFO: [Project 1-111] Unisim Transformation Summary:
No Unisim elements were transformed.

Constraint Validation Runtime : Time (s): cpu = 00:00:00.01 ; elapsed = 00:00:00.01 . Memory (MB): peak = 2311.215 ; gain = 0.000 ; free physical = 212 ; free virtual = 14287
INFO: [Designutils 20-5008] Incremental synthesis strategy off
---------------------------------------------------------------------------------
Finished Constraint Validation : Time (s): cpu = 00:00:12 ; elapsed = 00:00:12 . Memory (MB): peak = 2311.215 ; gain = 583.465 ; free physical = 212 ; free virtual = 14294
---------------------------------------------------------------------------------
---------------------------------------------------------------------------------
Start Loading Part and Timing Information
---------------------------------------------------------------------------------
Loading part: xc7z020clg400-2
---------------------------------------------------------------------------------
Finished Loading Part and Timing Information : Time (s): cpu = 00:00:12 ; elapsed = 00:00:12 . Memory (MB): peak = 2319.219 ; gain = 591.469 ; free physical = 211 ; free virtual = 14293
---------------------------------------------------------------------------------
---------------------------------------------------------------------------------
Start Applying 'set_property' XDC Constraints
---------------------------------------------------------------------------------
Applied set_property KEEP_HIERARCHY = SOFT for U0. (constraint file  /home/nothon/fpga2C/ZTurnV2/ZTurnV2.runs/main_design_lvds_clkin_1_ibuf_0_synth_1/dont_touch.xdc, line 9).
---------------------------------------------------------------------------------
Finished applying 'set_property' XDC Constraints : Time (s): cpu = 00:00:12 ; elapsed = 00:00:12 . Memory (MB): peak = 2319.219 ; gain = 591.469 ; free physical = 211 ; free virtual = 14293
---------------------------------------------------------------------------------
---------------------------------------------------------------------------------
Finished RTL Optimization Phase 2 : Time (s): cpu = 00:00:12 ; elapsed = 00:00:12 . Memory (MB): peak = 2319.219 ; gain = 591.469 ; free physical = 214 ; free virtual = 14297
---------------------------------------------------------------------------------
---------------------------------------------------------------------------------
Start RTL Component Statistics 
---------------------------------------------------------------------------------
Detailed RTL Component Info : 
---------------------------------------------------------------------------------
Finished RTL Component Statistics 
---------------------------------------------------------------------------------
---------------------------------------------------------------------------------
Start Part Resource Summary
---------------------------------------------------------------------------------
Part Resources:
DSPs: 220 (col length:60)
BRAMs: 280 (col length: RAMB18 60 RAMB36 30)
---------------------------------------------------------------------------------
Finished Part Resource Summary
---------------------------------------------------------------------------------
---------------------------------------------------------------------------------
Start Cross Boundary and Area Optimization
---------------------------------------------------------------------------------
WARNING: [Synth 8-7080] Parallel synthesis criteria is not met
---------------------------------------------------------------------------------
Finished Cross Boundary and Area Optimization : Time (s): cpu = 00:00:13 ; elapsed = 00:00:13 . Memory (MB): peak = 2319.219 ; gain = 591.469 ; free physical = 223 ; free virtual = 14305
---------------------------------------------------------------------------------
---------------------------------------------------------------------------------
Start Applying XDC Timing Constraints
---------------------------------------------------------------------------------
---------------------------------------------------------------------------------
Finished Applying XDC Timing Constraints : Time (s): cpu = 00:00:19 ; elapsed = 00:00:19 . Memory (MB): peak = 2319.219 ; gain = 591.469 ; free physical = 219 ; free virtual = 14313
---------------------------------------------------------------------------------
---------------------------------------------------------------------------------
Start Timing Optimization
---------------------------------------------------------------------------------
---------------------------------------------------------------------------------
Finished Timing Optimization : Time (s): cpu = 00:00:19 ; elapsed = 00:00:19 . Memory (MB): peak = 2319.219 ; gain = 591.469 ; free physical = 219 ; free virtual = 14313
---------------------------------------------------------------------------------
---------------------------------------------------------------------------------
Start Technology Mapping
---------------------------------------------------------------------------------
---------------------------------------------------------------------------------
Finished Technology Mapping : Time (s): cpu = 00:00:19 ; elapsed = 00:00:19 . Memory (MB): peak = 2319.219 ; gain = 591.469 ; free physical = 219 ; free virtual = 14313
---------------------------------------------------------------------------------
---------------------------------------------------------------------------------
Start IO Insertion
---------------------------------------------------------------------------------
---------------------------------------------------------------------------------
Start Flattening Before IO Insertion
---------------------------------------------------------------------------------
---------------------------------------------------------------------------------
Finished Flattening Before IO Insertion
---------------------------------------------------------------------------------
---------------------------------------------------------------------------------
Start Final Netlist Cleanup
---------------------------------------------------------------------------------
---------------------------------------------------------------------------------
Finished Final Netlist Cleanup
---------------------------------------------------------------------------------
---------------------------------------------------------------------------------
Finished IO Insertion : Time (s): cpu = 00:00:23 ; elapsed = 00:00:23 . Memory (MB): peak = 2319.219 ; gain = 591.469 ; free physical = 192 ; free virtual = 14292
---------------------------------------------------------------------------------
---------------------------------------------------------------------------------
Start Renaming Generated Instances
---------------------------------------------------------------------------------
---------------------------------------------------------------------------------
Finished Renaming Generated Instances : Time (s): cpu = 00:00:23 ; elapsed = 00:00:23 . Memory (MB): peak = 2319.219 ; gain = 591.469 ; free physical = 192 ; free virtual = 14292
---------------------------------------------------------------------------------
---------------------------------------------------------------------------------
Start Rebuilding User Hierarchy
---------------------------------------------------------------------------------
---------------------------------------------------------------------------------
Finished Rebuilding User Hierarchy : Time (s): cpu = 00:00:23 ; elapsed = 00:00:23 . Memory (MB): peak = 2319.219 ; gain = 591.469 ; free physical = 192 ; free virtual = 14292
---------------------------------------------------------------------------------
---------------------------------------------------------------------------------
Start Renaming Generated Ports
---------------------------------------------------------------------------------
---------------------------------------------------------------------------------
Finished Renaming Generated Ports : Time (s): cpu = 00:00:23 ; elapsed = 00:00:23 . Memory (MB): peak = 2319.219 ; gain = 591.469 ; free physical = 192 ; free virtual = 14292
---------------------------------------------------------------------------------
---------------------------------------------------------------------------------
Start Handling Custom Attributes
---------------------------------------------------------------------------------
---------------------------------------------------------------------------------
Finished Handling Custom Attributes : Time (s): cpu = 00:00:23 ; elapsed = 00:00:23 . Memory (MB): peak = 2319.219 ; gain = 591.469 ; free physical = 192 ; free virtual = 14292
---------------------------------------------------------------------------------
---------------------------------------------------------------------------------
Start Renaming Generated Nets
---------------------------------------------------------------------------------
---------------------------------------------------------------------------------
Finished Renaming Generated Nets : Time (s): cpu = 00:00:23 ; elapsed = 00:00:23 . Memory (MB): peak = 2319.219 ; gain = 591.469 ; free physical = 192 ; free virtual = 14292
---------------------------------------------------------------------------------
---------------------------------------------------------------------------------
Start Writing Synthesis Report
---------------------------------------------------------------------------------

Report BlackBoxes: 
+-+--------------+----------+
| |BlackBox name |Instances |
+-+--------------+----------+
+-+--------------+----------+

Report Cell Usage: 
+------+-------+------+
|      |Cell   |Count |
+------+-------+------+
|1     |IBUFDS |     1|
+------+-------+------+
---------------------------------------------------------------------------------
Finished Writing Synthesis Report : Time (s): cpu = 00:00:23 ; elapsed = 00:00:23 . Memory (MB): peak = 2319.219 ; gain = 591.469 ; free physical = 192 ; free virtual = 14292
---------------------------------------------------------------------------------
Synthesis finished with 0 errors, 0 critical warnings and 122 warnings.
Synthesis Optimization Runtime : Time (s): cpu = 00:00:21 ; elapsed = 00:00:21 . Memory (MB): peak = 2319.219 ; gain = 518.531 ; free physical = 191 ; free virtual = 14291
Synthesis Optimization Complete : Time (s): cpu = 00:00:23 ; elapsed = 00:00:23 . Memory (MB): peak = 2319.227 ; gain = 591.469 ; free physical = 191 ; free virtual = 14291
INFO: [Project 1-571] Translating synthesized netlist
Netlist sorting complete. Time (s): cpu = 00:00:00 ; elapsed = 00:00:00 . Memory (MB): peak = 2319.227 ; gain = 0.000 ; free physical = 191 ; free virtual = 14291
INFO: [Netlist 29-17] Analyzing 1 Unisim elements for replacement
INFO: [Netlist 29-28] Unisim Transformation completed in 0 CPU seconds
WARNING: [Netlist 29-1115] Found multi-term driver net: U0/<const0>.
INFO: [Project 1-570] Preparing netlist for logic optimization
INFO: [Opt 31-138] Pushed 0 inverter(s) to 0 load pin(s).
Netlist sorting complete. Time (s): cpu = 00:00:00 ; elapsed = 00:00:00 . Memory (MB): peak = 2319.227 ; gain = 0.000 ; free physical = 467 ; free virtual = 14573
INFO: [Project 1-111] Unisim Transformation Summary:
No Unisim elements were transformed.

Synth Design complete | Checksum: 37b84299
INFO: [Common 17-83] Releasing license: Synthesis
30 Infos, 142 Warnings, 0 Critical Warnings and 0 Errors encountered.
synth_design completed successfully
synth_design: Time (s): cpu = 00:00:32 ; elapsed = 00:00:29 . Memory (MB): peak = 2319.227 ; gain = 943.008 ; free physical = 467 ; free virtual = 14573
INFO: [Common 17-2834] synth_design peak Physical Memory [PSS] (MB): overall = 2044.694; main = 1735.491; forked = 436.846
INFO: [Common 17-2834] synth_design peak Virtual Memory [VSS] (MB): overall = 3352.676; main = 2319.223; forked = 1033.453
Write ShapeDB Complete: Time (s): cpu = 00:00:00 ; elapsed = 00:00:00 . Memory (MB): peak = 2343.230 ; gain = 0.000 ; free physical = 467 ; free virtual = 14573
INFO: [Common 17-1381] The checkpoint '/home/nothon/fpga2C/ZTurnV2/ZTurnV2.runs/main_design_lvds_clkin_1_ibuf_0_synth_1/main_design_lvds_clkin_1_ibuf_0.dcp' has been generated.
INFO: [Coretcl 2-1648] Added synthesis output to IP cache for IP main_design_lvds_clkin_1_ibuf_0, cache-ID = 52b9c4f05a400b79
Write ShapeDB Complete: Time (s): cpu = 00:00:00.01 ; elapsed = 00:00:00 . Memory (MB): peak = 2399.258 ; gain = 0.000 ; free physical = 460 ; free virtual = 14567
INFO: [Common 17-1381] The checkpoint '/home/nothon/fpga2C/ZTurnV2/ZTurnV2.runs/main_design_lvds_clkin_1_ibuf_0_synth_1/main_design_lvds_clkin_1_ibuf_0.dcp' has been generated.
INFO: [Vivado 12-24828] Executing command : report_utilization -file main_design_lvds_clkin_1_ibuf_0_utilization_synth.rpt -pb main_design_lvds_clkin_1_ibuf_0_utilization_synth.pb
INFO: [Common 17-206] Exiting Vivado at Fri Jul 26 15:23:26 2024...
