

================================================================
== Vitis HLS Report for 'reg_unsigned_short_s'
================================================================
* Date:           Thu Jul 18 12:04:20 2024

* Version:        2024.1 (Build 5069499 on May 21 2024)
* Project:        prj
* Solution:       sol (Vivado IP Flow Target)
* Product family: zynq
* Target device:  xc7z020-clg400-2


================================================================
== Performance Estimates
================================================================
+ Timing: 
    * Summary: 
    +--------+----------+----------+------------+
    |  Clock |  Target  | Estimated| Uncertainty|
    +--------+----------+----------+------------+
    |ap_clk  |  10.00 ns|      0 ns|     2.70 ns|
    +--------+----------+----------+------------+

+ Latency: 
    * Summary: 
    +---------+---------+-----------+-----------+-----+-----+---------+
    |  Latency (cycles) |   Latency (absolute)  |  Interval | Pipeline|
    |   min   |   max   |    min    |    max    | min | max |   Type  |
    +---------+---------+-----------+-----------+-----+-----+---------+
    |        1|        1|  10.000 ns|  10.000 ns|    1|    1|      yes|
    +---------+---------+-----------+-----------+-----+-----+---------+

    + Detail: 
        * Instance: 
        N/A

        * Loop: 
        N/A



================================================================
== Utilization Estimates
================================================================
* Summary: 
+-----------------+---------+-----+--------+-------+-----+
|       Name      | BRAM_18K| DSP |   FF   |  LUT  | URAM|
+-----------------+---------+-----+--------+-------+-----+
|DSP              |        -|    -|       -|      -|    -|
|Expression       |        -|    -|       0|      2|    -|
|FIFO             |        -|    -|       -|      -|    -|
|Instance         |        -|    -|       -|      -|    -|
|Memory           |        -|    -|       -|      -|    -|
|Multiplexer      |        -|    -|       -|      -|    -|
|Register         |        -|    -|      14|      -|    -|
+-----------------+---------+-----+--------+-------+-----+
|Total            |        0|    0|      14|      2|    0|
+-----------------+---------+-----+--------+-------+-----+
|Available        |      280|  220|  106400|  53200|    0|
+-----------------+---------+-----+--------+-------+-----+
|Utilization (%)  |        0|    0|      ~0|     ~0|    0|
+-----------------+---------+-----+--------+-------+-----+

+ Detail: 
    * Instance: 
    N/A

    * DSP: 
    N/A

    * Memory: 
    N/A

    * FIFO: 
    N/A

    * Expression: 
    +---------------+----------+----+---+----+------------+------------+
    | Variable Name | Operation| DSP| FF| LUT| Bitwidth P0| Bitwidth P1|
    +---------------+----------+----+---+----+------------+------------+
    |ap_enable_pp0  |       xor|   0|  0|   2|           1|           2|
    +---------------+----------+----+---+----+------------+------------+
    |Total          |          |   0|  0|   2|           1|           2|
    +---------------+----------+----+---+----+------------+------------+

    * Multiplexer: 
    N/A

    * Register: 
    +-------------------------+----+----+-----+-----------+
    |           Name          | FF | LUT| Bits| Const Bits|
    +-------------------------+----+----+-----+-----------+
    |ap_CS_fsm                |   1|   0|    1|          0|
    |ap_enable_reg_pp0_iter1  |   1|   0|    1|          0|
    |d_read_reg_22            |  12|   0|   12|          0|
    +-------------------------+----+----+-----+-----------+
    |Total                    |  14|   0|   14|          0|
    +-------------------------+----+----+-----+-----------+



================================================================
== Interface
================================================================
* Summary: 
+-----------+-----+-----+------------+---------------------+--------------+
| RTL Ports | Dir | Bits|  Protocol  |    Source Object    |    C Type    |
+-----------+-----+-----+------------+---------------------+--------------+
|ap_clk     |   in|    1|  ap_ctrl_hs|  reg<unsigned short>|  return value|
|ap_rst     |   in|    1|  ap_ctrl_hs|  reg<unsigned short>|  return value|
|ap_start   |   in|    1|  ap_ctrl_hs|  reg<unsigned short>|  return value|
|ap_done    |  out|    1|  ap_ctrl_hs|  reg<unsigned short>|  return value|
|ap_idle    |  out|    1|  ap_ctrl_hs|  reg<unsigned short>|  return value|
|ap_ready   |  out|    1|  ap_ctrl_hs|  reg<unsigned short>|  return value|
|ap_ce      |   in|    1|  ap_ctrl_hs|  reg<unsigned short>|  return value|
|ap_return  |  out|   12|  ap_ctrl_hs|  reg<unsigned short>|  return value|
|d          |   in|   12|     ap_none|                    d|        scalar|
+-----------+-----+-----+------------+---------------------+--------------+

