Copyright 1986-2022 Xilinx, Inc. All Rights Reserved. Copyright 2022-2024 Advanced Micro Devices, Inc. All Rights Reserved.
-------------------------------------------------------------------------------------------------------------------------------------------------------------------------------
| Tool Version     : Vivado v.2024.1 (lin64) Build 5076996 Wed May 22 18:36:09 MDT 2024
| Date             : Wed Aug  7 11:44:56 2024
| Host             : nothon-Swift-SF314-57 running 64-bit Ubuntu 24.04 LTS
| Command          : report_power -file main_design_wrapper_power_routed.rpt -pb main_design_wrapper_power_summary_routed.pb -rpx main_design_wrapper_power_routed.rpx
| Design           : main_design_wrapper
| Device           : xc7z020clg400-2
| Design State     : routed
| Grade            : commercial
| Process          : typical
| Characterization : Production
-------------------------------------------------------------------------------------------------------------------------------------------------------------------------------

Power Report

Table of Contents
-----------------
1. Summary
1.1 On-Chip Components
1.2 Power Supply Summary
1.3 Confidence Level
2. Settings
2.1 Environment
2.2 Clock Constraints
3. Detailed Reports
3.1 By Hierarchy

1. Summary
----------

+--------------------------+--------------+
| Total On-Chip Power (W)  | 1.848        |
| Design Power Budget (W)  | Unspecified* |
| Power Budget Margin (W)  | NA           |
| Dynamic (W)              | 1.702        |
| Device Static (W)        | 0.146        |
| Effective TJA (C/W)      | 11.5         |
| Max Ambient (C)          | 63.7         |
| Junction Temperature (C) | 46.3         |
| Confidence Level         | Low          |
| Setting File             | ---          |
| Simulation Activity File | ---          |
| Design Nets Matched      | NA           |
+--------------------------+--------------+
* Specify Design Power Budget using, set_operating_conditions -design_power_budget <value in Watts>


1.1 On-Chip Components
----------------------

+--------------------------+-----------+----------+-----------+-----------------+
| On-Chip                  | Power (W) | Used     | Available | Utilization (%) |
+--------------------------+-----------+----------+-----------+-----------------+
| Clocks                   |     0.045 |        9 |       --- |             --- |
| Slice Logic              |     0.009 |    14174 |       --- |             --- |
|   LUT as Logic           |     0.008 |     4489 |     53200 |            8.44 |
|   CARRY4                 |    <0.001 |      148 |     13300 |            1.11 |
|   Register               |    <0.001 |     6775 |    106400 |            6.37 |
|   LUT as Distributed RAM |    <0.001 |      322 |     17400 |            1.85 |
|   F7/F8 Muxes            |    <0.001 |       30 |     53200 |            0.06 |
|   LUT as Shift Register  |    <0.001 |      165 |     17400 |            0.95 |
|   Others                 |     0.000 |      730 |       --- |             --- |
| Signals                  |     0.015 |    10264 |       --- |             --- |
| Block RAM                |     0.012 |        6 |       140 |            4.29 |
| I/O                      |     0.078 |       70 |       125 |           56.00 |
| PS7                      |     1.542 |        1 |       --- |             --- |
| Static Power             |     0.146 |          |           |                 |
| Total                    |     1.848 |          |           |                 |
+--------------------------+-----------+----------+-----------+-----------------+


1.2 Power Supply Summary
------------------------

+-----------+-------------+-----------+-------------+------------+-------------+-------------+------------+
| Source    | Voltage (V) | Total (A) | Dynamic (A) | Static (A) | Powerup (A) | Budget (A)  | Margin (A) |
+-----------+-------------+-----------+-------------+------------+-------------+-------------+------------+
| Vccint    |       1.000 |     0.105 |       0.089 |      0.016 |       NA    | Unspecified | NA         |
| Vccaux    |       1.800 |     0.030 |       0.014 |      0.016 |       NA    | Unspecified | NA         |
| Vcco33    |       3.300 |     0.015 |       0.014 |      0.001 |       NA    | Unspecified | NA         |
| Vcco25    |       2.500 |     0.000 |       0.000 |      0.000 |       NA    | Unspecified | NA         |
| Vcco18    |       1.800 |     0.000 |       0.000 |      0.000 |       NA    | Unspecified | NA         |
| Vcco15    |       1.500 |     0.000 |       0.000 |      0.000 |       NA    | Unspecified | NA         |
| Vcco135   |       1.350 |     0.000 |       0.000 |      0.000 |       NA    | Unspecified | NA         |
| Vcco12    |       1.200 |     0.000 |       0.000 |      0.000 |       NA    | Unspecified | NA         |
| Vccaux_io |       1.800 |     0.000 |       0.000 |      0.000 |       NA    | Unspecified | NA         |
| Vccbram   |       1.000 |     0.002 |       0.000 |      0.001 |       NA    | Unspecified | NA         |
| MGTAVcc   |       1.000 |     0.000 |       0.000 |      0.000 |       NA    | Unspecified | NA         |
| MGTAVtt   |       1.200 |     0.000 |       0.000 |      0.000 |       NA    | Unspecified | NA         |
| MGTVccaux |       1.800 |     0.000 |       0.000 |      0.000 |       NA    | Unspecified | NA         |
| Vccpint   |       1.000 |     0.764 |       0.732 |      0.032 |       NA    | Unspecified | NA         |
| Vccpaux   |       1.800 |     0.061 |       0.050 |      0.010 |       NA    | Unspecified | NA         |
| Vccpll    |       1.800 |     0.018 |       0.015 |      0.003 |       NA    | Unspecified | NA         |
| Vcco_ddr  |       1.500 |     0.459 |       0.457 |      0.002 |       NA    | Unspecified | NA         |
| Vcco_mio0 |       1.800 |     0.000 |       0.000 |      0.000 |       NA    | Unspecified | NA         |
| Vcco_mio1 |       1.800 |     0.004 |       0.003 |      0.001 |       NA    | Unspecified | NA         |
| Vccadc    |       1.800 |     0.020 |       0.000 |      0.020 |       NA    | Unspecified | NA         |
+-----------+-------------+-----------+-------------+------------+-------------+-------------+------------+


1.3 Confidence Level
--------------------

+-----------------------------+------------+--------------------------------------------------------+------------------------------------------------------------------------------------------------------------+
| User Input Data             | Confidence | Details                                                | Action                                                                                                     |
+-----------------------------+------------+--------------------------------------------------------+------------------------------------------------------------------------------------------------------------+
| Design implementation state | High       | Design is routed                                       |                                                                                                            |
| Clock nodes activity        | High       | User specified more than 95% of clocks                 |                                                                                                            |
| I/O nodes activity          | Low        | More than 75% of inputs are missing user specification | Provide missing input activity with simulation results or by editing the "By Resource Type -> I/Os" view   |
| Internal nodes activity     | Medium     | User specified less than 25% of internal nodes         | Provide missing internal nodes activity with simulation results or by editing the "By Resource Type" views |
| Device models               | High       | Device models are Production                           |                                                                                                            |
|                             |            |                                                        |                                                                                                            |
| Overall confidence level    | Low        |                                                        |                                                                                                            |
+-----------------------------+------------+--------------------------------------------------------+------------------------------------------------------------------------------------------------------------+


2. Settings
-----------

2.1 Environment
---------------

+-----------------------+------------------------+
| Ambient Temp (C)      | 25.0                   |
| ThetaJA (C/W)         | 11.5                   |
| Airflow (LFM)         | 250                    |
| Heat Sink             | none                   |
| ThetaSA (C/W)         | 0.0                    |
| Board Selection       | medium (10"x10")       |
| # of Board Layers     | 8to11 (8 to 11 Layers) |
| Board Temperature (C) | 25.0                   |
+-----------------------+------------------------+


2.2 Clock Constraints
---------------------

+----------------------------------+----------------------------------------------------------------+-----------------+
| Clock                            | Domain                                                         | Constraint (ns) |
+----------------------------------+----------------------------------------------------------------+-----------------+
| clk_fpga_0                       | main_design_i/processing_system7_0/inst/FCLK_CLK_unbuffered[0] |             5.3 |
| clk_fpga_1                       | main_design_i/processing_system7_0/inst/FCLK_CLK_unbuffered[1] |            14.0 |
| clk_fpga_2                       | main_design_i/processing_system7_0/inst/FCLK_CLK_unbuffered[2] |            83.3 |
| lvds_clk_0                       | lvds_clk_0_p[0]                                                |             3.5 |
| lvds_clk_1                       | lvds_clk_1_p[0]                                                |             3.5 |
| lvds_selectio_data_0_clk_div_out | main_design_i/lvds_selectio_data_0/inst/clk_div_out            |            27.8 |
| lvds_selectio_data_1_clk_div_out | main_design_i/lvds_selectio_data_1/inst/clk_div_out            |            27.8 |
+----------------------------------+----------------------------------------------------------------+-----------------+


3. Detailed Reports
-------------------

3.1 By Hierarchy
----------------

+--------------------------+-----------+
| Name                     | Power (W) |
+--------------------------+-----------+
| main_design_wrapper      |     1.702 |
|   main_design_i          |     1.657 |
|     axi_dma_0            |     0.022 |
|       U0                 |     0.022 |
|     axi_mem_intercon     |     0.044 |
|       m00_couplers       |     0.005 |
|       s00_couplers       |     0.018 |
|       s01_couplers       |     0.010 |
|       s02_couplers       |     0.005 |
|       xbar               |     0.006 |
|     iobuf_I2C0_SCL       |     0.002 |
|       U0                 |     0.002 |
|     iobuf_I2C0_SDA       |     0.002 |
|       U0                 |     0.002 |
|     lvds_selectio_data_0 |     0.015 |
|       inst               |     0.015 |
|     lvds_selectio_data_1 |     0.015 |
|       inst               |     0.015 |
|     noip_ctrl_0          |     0.001 |
|       U0                 |     0.001 |
|     processing_system7_0 |     1.544 |
|       inst               |     1.544 |
|     ps7_0_axi_periph     |     0.008 |
|       s00_couplers       |     0.006 |
|       xbar               |     0.002 |
+--------------------------+-----------+


