
*** Running vivado
    with args -log main_design_hdmi_ctrl_0_0.vds -m64 -product Vivado -mode batch -messageDb vivado.pb -notrace -source main_design_hdmi_ctrl_0_0.tcl


****** Vivado v2024.1 (64-bit)
  **** SW Build 5076996 on Wed May 22 18:36:09 MDT 2024
  **** IP Build 5075265 on Wed May 22 21:45:21 MDT 2024
  **** SharedData Build 5076995 on Wed May 22 18:29:18 MDT 2024
  **** Start of session at: Thu Jul 18 15:33:58 2024
    ** Copyright 1986-2022 Xilinx, Inc. All Rights Reserved.
    ** Copyright 2022-2024 Advanced Micro Devices, Inc. All Rights Reserved.

source main_design_hdmi_ctrl_0_0.tcl -notrace
create_project: Time (s): cpu = 00:00:08 ; elapsed = 00:00:08 . Memory (MB): peak = 1409.910 ; gain = 0.027 ; free physical = 252 ; free virtual = 14461
INFO: [IP_Flow 19-234] Refreshing IP repositories
INFO: [IP_Flow 19-1700] Loaded user IP repository '/home/nothon/fpga2C/interface_repo'.
INFO: [IP_Flow 19-1700] Loaded user IP repository '/home/nothon/fpga2C/ip_repo'.
INFO: [IP_Flow 19-2313] Loaded Vivado IP repository '/tools/Xilinx/Vivado/2024.1/data/ip'.
INFO: [IP_Flow 19-6924] IPCACHE: Running cache check for IP inst: main_design_hdmi_ctrl_0_0
Command: synth_design -top main_design_hdmi_ctrl_0_0 -part xc7z020clg400-2 -incremental_mode off -mode out_of_context
Starting synth_design
Attempting to get a license for feature 'Synthesis' and/or device 'xc7z020'
INFO: [Common 17-349] Got license for feature 'Synthesis' and/or device 'xc7z020'
INFO: [Device 21-403] Loading part xc7z020clg400-2
INFO: [Device 21-9227] Part: xc7z020clg400-2 does not have CEAM library.
INFO: [Synth 8-7079] Multithreading enabled for synth_design using a maximum of 4 processes.
INFO: [Synth 8-7078] Launching helper process for spawning children vivado processes
INFO: [Synth 8-7075] Helper process launched with PID 114338
---------------------------------------------------------------------------------
Starting RTL Elaboration : Time (s): cpu = 00:00:08 ; elapsed = 00:00:08 . Memory (MB): peak = 2141.039 ; gain = 413.629 ; free physical = 167 ; free virtual = 13329
---------------------------------------------------------------------------------
INFO: [Synth 8-638] synthesizing module 'main_design_hdmi_ctrl_0_0' [/home/nothon/fpga2C/ZTurnV2/ZTurnV2.gen/sources_1/bd/main_design/ip/main_design_hdmi_ctrl_0_0/synth/main_design_hdmi_ctrl_0_0.vhd:81]
	Parameter C_S01_AXIS_TDATA_WIDTH bound to: 32 - type: integer 
	Parameter C_S00_AXIS_TDATA_WIDTH bound to: 32 - type: integer 
INFO: [Synth 8-3491] module 'hdmi_ctrl' declared at '/home/nothon/fpga2C/ZTurnV2/ZTurnV2.gen/sources_1/bd/main_design/ipshared/848e/hdl/hdmi_ctrl.vhd:5' bound to instance 'U0' of component 'hdmi_ctrl' [/home/nothon/fpga2C/ZTurnV2/ZTurnV2.gen/sources_1/bd/main_design/ip/main_design_hdmi_ctrl_0_0/synth/main_design_hdmi_ctrl_0_0.vhd:144]
INFO: [Synth 8-638] synthesizing module 'hdmi_ctrl' [/home/nothon/fpga2C/ZTurnV2/ZTurnV2.gen/sources_1/bd/main_design/ipshared/848e/hdl/hdmi_ctrl.vhd:51]
	Parameter C_S_AXIS_TDATA_WIDTH bound to: 32 - type: integer 
INFO: [Synth 8-3491] module 'hdmi_ctrl_slave_stream_v1_0_S00_AXIS' declared at '/home/nothon/fpga2C/ZTurnV2/ZTurnV2.gen/sources_1/bd/main_design/ipshared/848e/hdl/hdmi_ctrl_slave_stream_v1_0_S00_AXIS.vhd:5' bound to instance 'hdmi_ctrl_slave_stream_v1_0_S00_AXIS_inst' of component 'hdmi_ctrl_slave_stream_v1_0_S00_AXIS' [/home/nothon/fpga2C/ZTurnV2/ZTurnV2.gen/sources_1/bd/main_design/ipshared/848e/hdl/hdmi_ctrl.vhd:94]
INFO: [Synth 8-638] synthesizing module 'hdmi_ctrl_slave_stream_v1_0_S00_AXIS' [/home/nothon/fpga2C/ZTurnV2/ZTurnV2.gen/sources_1/bd/main_design/ipshared/848e/hdl/hdmi_ctrl_slave_stream_v1_0_S00_AXIS.vhd:38]
INFO: [Synth 8-226] default block is never used [/home/nothon/fpga2C/ZTurnV2/ZTurnV2.gen/sources_1/bd/main_design/ipshared/848e/hdl/hdmi_ctrl_slave_stream_v1_0_S00_AXIS.vhd:94]
INFO: [Synth 8-256] done synthesizing module 'hdmi_ctrl_slave_stream_v1_0_S00_AXIS' (0#1) [/home/nothon/fpga2C/ZTurnV2/ZTurnV2.gen/sources_1/bd/main_design/ipshared/848e/hdl/hdmi_ctrl_slave_stream_v1_0_S00_AXIS.vhd:38]
	Parameter C_S_AXIS_TDATA_WIDTH bound to: 32 - type: integer 
INFO: [Synth 8-3491] module 'hdmi_ctrl_slave_stream_v1_0_S01_AXIS' declared at '/home/nothon/fpga2C/ZTurnV2/ZTurnV2.gen/sources_1/bd/main_design/ipshared/848e/hdl/hdmi_ctrl_slave_stream_v1_0_S01_AXIS.vhd:5' bound to instance 'hdmi_ctrl_slave_stream_v1_0_S01_AXIS_inst' of component 'hdmi_ctrl_slave_stream_v1_0_S01_AXIS' [/home/nothon/fpga2C/ZTurnV2/ZTurnV2.gen/sources_1/bd/main_design/ipshared/848e/hdl/hdmi_ctrl.vhd:109]
INFO: [Synth 8-638] synthesizing module 'hdmi_ctrl_slave_stream_v1_0_S01_AXIS' [/home/nothon/fpga2C/ZTurnV2/ZTurnV2.gen/sources_1/bd/main_design/ipshared/848e/hdl/hdmi_ctrl_slave_stream_v1_0_S01_AXIS.vhd:38]
INFO: [Synth 8-226] default block is never used [/home/nothon/fpga2C/ZTurnV2/ZTurnV2.gen/sources_1/bd/main_design/ipshared/848e/hdl/hdmi_ctrl_slave_stream_v1_0_S01_AXIS.vhd:94]
INFO: [Synth 8-256] done synthesizing module 'hdmi_ctrl_slave_stream_v1_0_S01_AXIS' (0#1) [/home/nothon/fpga2C/ZTurnV2/ZTurnV2.gen/sources_1/bd/main_design/ipshared/848e/hdl/hdmi_ctrl_slave_stream_v1_0_S01_AXIS.vhd:38]
INFO: [Synth 8-256] done synthesizing module 'hdmi_ctrl' (0#1) [/home/nothon/fpga2C/ZTurnV2/ZTurnV2.gen/sources_1/bd/main_design/ipshared/848e/hdl/hdmi_ctrl.vhd:51]
INFO: [Synth 8-256] done synthesizing module 'main_design_hdmi_ctrl_0_0' (0#1) [/home/nothon/fpga2C/ZTurnV2/ZTurnV2.gen/sources_1/bd/main_design/ip/main_design_hdmi_ctrl_0_0/synth/main_design_hdmi_ctrl_0_0.vhd:81]
WARNING: [Synth 8-6014] Unused sequential element write_pointer_reg was removed.  [/home/nothon/fpga2C/ZTurnV2/ZTurnV2.gen/sources_1/bd/main_design/ipshared/848e/hdl/hdmi_ctrl_slave_stream_v1_0_S00_AXIS.vhd:133]
WARNING: [Synth 8-6014] Unused sequential element FIFO_GEN[0].stream_data_fifo_reg was removed. 
WARNING: [Synth 8-6014] Unused sequential element FIFO_GEN[1].stream_data_fifo_reg was removed. 
WARNING: [Synth 8-6014] Unused sequential element FIFO_GEN[2].stream_data_fifo_reg was removed. 
WARNING: [Synth 8-6014] Unused sequential element FIFO_GEN[3].stream_data_fifo_reg was removed. 
WARNING: [Synth 8-6014] Unused sequential element write_pointer_reg was removed.  [/home/nothon/fpga2C/ZTurnV2/ZTurnV2.gen/sources_1/bd/main_design/ipshared/848e/hdl/hdmi_ctrl_slave_stream_v1_0_S01_AXIS.vhd:133]
WARNING: [Synth 8-6014] Unused sequential element FIFO_GEN[0].stream_data_fifo_reg was removed. 
WARNING: [Synth 8-6014] Unused sequential element FIFO_GEN[1].stream_data_fifo_reg was removed. 
WARNING: [Synth 8-6014] Unused sequential element FIFO_GEN[2].stream_data_fifo_reg was removed. 
WARNING: [Synth 8-6014] Unused sequential element FIFO_GEN[3].stream_data_fifo_reg was removed. 
WARNING: [Synth 8-3848] Net hdmi_vsync in module/entity hdmi_ctrl does not have driver. [/home/nothon/fpga2C/ZTurnV2/ZTurnV2.gen/sources_1/bd/main_design/ipshared/848e/hdl/hdmi_ctrl.vhd:23]
WARNING: [Synth 8-3848] Net hdmi_hsync in module/entity hdmi_ctrl does not have driver. [/home/nothon/fpga2C/ZTurnV2/ZTurnV2.gen/sources_1/bd/main_design/ipshared/848e/hdl/hdmi_ctrl.vhd:24]
WARNING: [Synth 8-3848] Net hdmi_de in module/entity hdmi_ctrl does not have driver. [/home/nothon/fpga2C/ZTurnV2/ZTurnV2.gen/sources_1/bd/main_design/ipshared/848e/hdl/hdmi_ctrl.vhd:25]
WARNING: [Synth 8-7129] Port S_AXIS_TDATA[31] in module hdmi_ctrl_slave_stream_v1_0_S01_AXIS is either unconnected or has no load
WARNING: [Synth 8-7129] Port S_AXIS_TDATA[30] in module hdmi_ctrl_slave_stream_v1_0_S01_AXIS is either unconnected or has no load
WARNING: [Synth 8-7129] Port S_AXIS_TDATA[29] in module hdmi_ctrl_slave_stream_v1_0_S01_AXIS is either unconnected or has no load
WARNING: [Synth 8-7129] Port S_AXIS_TDATA[28] in module hdmi_ctrl_slave_stream_v1_0_S01_AXIS is either unconnected or has no load
WARNING: [Synth 8-7129] Port S_AXIS_TDATA[27] in module hdmi_ctrl_slave_stream_v1_0_S01_AXIS is either unconnected or has no load
WARNING: [Synth 8-7129] Port S_AXIS_TDATA[26] in module hdmi_ctrl_slave_stream_v1_0_S01_AXIS is either unconnected or has no load
WARNING: [Synth 8-7129] Port S_AXIS_TDATA[25] in module hdmi_ctrl_slave_stream_v1_0_S01_AXIS is either unconnected or has no load
WARNING: [Synth 8-7129] Port S_AXIS_TDATA[24] in module hdmi_ctrl_slave_stream_v1_0_S01_AXIS is either unconnected or has no load
WARNING: [Synth 8-7129] Port S_AXIS_TDATA[23] in module hdmi_ctrl_slave_stream_v1_0_S01_AXIS is either unconnected or has no load
WARNING: [Synth 8-7129] Port S_AXIS_TDATA[22] in module hdmi_ctrl_slave_stream_v1_0_S01_AXIS is either unconnected or has no load
WARNING: [Synth 8-7129] Port S_AXIS_TDATA[21] in module hdmi_ctrl_slave_stream_v1_0_S01_AXIS is either unconnected or has no load
WARNING: [Synth 8-7129] Port S_AXIS_TDATA[20] in module hdmi_ctrl_slave_stream_v1_0_S01_AXIS is either unconnected or has no load
WARNING: [Synth 8-7129] Port S_AXIS_TDATA[19] in module hdmi_ctrl_slave_stream_v1_0_S01_AXIS is either unconnected or has no load
WARNING: [Synth 8-7129] Port S_AXIS_TDATA[18] in module hdmi_ctrl_slave_stream_v1_0_S01_AXIS is either unconnected or has no load
WARNING: [Synth 8-7129] Port S_AXIS_TDATA[17] in module hdmi_ctrl_slave_stream_v1_0_S01_AXIS is either unconnected or has no load
WARNING: [Synth 8-7129] Port S_AXIS_TDATA[16] in module hdmi_ctrl_slave_stream_v1_0_S01_AXIS is either unconnected or has no load
WARNING: [Synth 8-7129] Port S_AXIS_TDATA[15] in module hdmi_ctrl_slave_stream_v1_0_S01_AXIS is either unconnected or has no load
WARNING: [Synth 8-7129] Port S_AXIS_TDATA[14] in module hdmi_ctrl_slave_stream_v1_0_S01_AXIS is either unconnected or has no load
WARNING: [Synth 8-7129] Port S_AXIS_TDATA[13] in module hdmi_ctrl_slave_stream_v1_0_S01_AXIS is either unconnected or has no load
WARNING: [Synth 8-7129] Port S_AXIS_TDATA[12] in module hdmi_ctrl_slave_stream_v1_0_S01_AXIS is either unconnected or has no load
WARNING: [Synth 8-7129] Port S_AXIS_TDATA[11] in module hdmi_ctrl_slave_stream_v1_0_S01_AXIS is either unconnected or has no load
WARNING: [Synth 8-7129] Port S_AXIS_TDATA[10] in module hdmi_ctrl_slave_stream_v1_0_S01_AXIS is either unconnected or has no load
WARNING: [Synth 8-7129] Port S_AXIS_TDATA[9] in module hdmi_ctrl_slave_stream_v1_0_S01_AXIS is either unconnected or has no load
WARNING: [Synth 8-7129] Port S_AXIS_TDATA[8] in module hdmi_ctrl_slave_stream_v1_0_S01_AXIS is either unconnected or has no load
WARNING: [Synth 8-7129] Port S_AXIS_TDATA[7] in module hdmi_ctrl_slave_stream_v1_0_S01_AXIS is either unconnected or has no load
WARNING: [Synth 8-7129] Port S_AXIS_TDATA[6] in module hdmi_ctrl_slave_stream_v1_0_S01_AXIS is either unconnected or has no load
WARNING: [Synth 8-7129] Port S_AXIS_TDATA[5] in module hdmi_ctrl_slave_stream_v1_0_S01_AXIS is either unconnected or has no load
WARNING: [Synth 8-7129] Port S_AXIS_TDATA[4] in module hdmi_ctrl_slave_stream_v1_0_S01_AXIS is either unconnected or has no load
WARNING: [Synth 8-7129] Port S_AXIS_TDATA[3] in module hdmi_ctrl_slave_stream_v1_0_S01_AXIS is either unconnected or has no load
WARNING: [Synth 8-7129] Port S_AXIS_TDATA[2] in module hdmi_ctrl_slave_stream_v1_0_S01_AXIS is either unconnected or has no load
WARNING: [Synth 8-7129] Port S_AXIS_TDATA[1] in module hdmi_ctrl_slave_stream_v1_0_S01_AXIS is either unconnected or has no load
WARNING: [Synth 8-7129] Port S_AXIS_TDATA[0] in module hdmi_ctrl_slave_stream_v1_0_S01_AXIS is either unconnected or has no load
WARNING: [Synth 8-7129] Port S_AXIS_TSTRB[3] in module hdmi_ctrl_slave_stream_v1_0_S01_AXIS is either unconnected or has no load
WARNING: [Synth 8-7129] Port S_AXIS_TSTRB[2] in module hdmi_ctrl_slave_stream_v1_0_S01_AXIS is either unconnected or has no load
WARNING: [Synth 8-7129] Port S_AXIS_TSTRB[1] in module hdmi_ctrl_slave_stream_v1_0_S01_AXIS is either unconnected or has no load
WARNING: [Synth 8-7129] Port S_AXIS_TSTRB[0] in module hdmi_ctrl_slave_stream_v1_0_S01_AXIS is either unconnected or has no load
WARNING: [Synth 8-7129] Port S_AXIS_TDATA[31] in module hdmi_ctrl_slave_stream_v1_0_S00_AXIS is either unconnected or has no load
WARNING: [Synth 8-7129] Port S_AXIS_TDATA[30] in module hdmi_ctrl_slave_stream_v1_0_S00_AXIS is either unconnected or has no load
WARNING: [Synth 8-7129] Port S_AXIS_TDATA[29] in module hdmi_ctrl_slave_stream_v1_0_S00_AXIS is either unconnected or has no load
WARNING: [Synth 8-7129] Port S_AXIS_TDATA[28] in module hdmi_ctrl_slave_stream_v1_0_S00_AXIS is either unconnected or has no load
WARNING: [Synth 8-7129] Port S_AXIS_TDATA[27] in module hdmi_ctrl_slave_stream_v1_0_S00_AXIS is either unconnected or has no load
WARNING: [Synth 8-7129] Port S_AXIS_TDATA[26] in module hdmi_ctrl_slave_stream_v1_0_S00_AXIS is either unconnected or has no load
WARNING: [Synth 8-7129] Port S_AXIS_TDATA[25] in module hdmi_ctrl_slave_stream_v1_0_S00_AXIS is either unconnected or has no load
WARNING: [Synth 8-7129] Port S_AXIS_TDATA[24] in module hdmi_ctrl_slave_stream_v1_0_S00_AXIS is either unconnected or has no load
WARNING: [Synth 8-7129] Port S_AXIS_TDATA[23] in module hdmi_ctrl_slave_stream_v1_0_S00_AXIS is either unconnected or has no load
WARNING: [Synth 8-7129] Port S_AXIS_TDATA[22] in module hdmi_ctrl_slave_stream_v1_0_S00_AXIS is either unconnected or has no load
WARNING: [Synth 8-7129] Port S_AXIS_TDATA[21] in module hdmi_ctrl_slave_stream_v1_0_S00_AXIS is either unconnected or has no load
WARNING: [Synth 8-7129] Port S_AXIS_TDATA[20] in module hdmi_ctrl_slave_stream_v1_0_S00_AXIS is either unconnected or has no load
WARNING: [Synth 8-7129] Port S_AXIS_TDATA[19] in module hdmi_ctrl_slave_stream_v1_0_S00_AXIS is either unconnected or has no load
WARNING: [Synth 8-7129] Port S_AXIS_TDATA[18] in module hdmi_ctrl_slave_stream_v1_0_S00_AXIS is either unconnected or has no load
WARNING: [Synth 8-7129] Port S_AXIS_TDATA[17] in module hdmi_ctrl_slave_stream_v1_0_S00_AXIS is either unconnected or has no load
WARNING: [Synth 8-7129] Port S_AXIS_TDATA[16] in module hdmi_ctrl_slave_stream_v1_0_S00_AXIS is either unconnected or has no load
WARNING: [Synth 8-7129] Port S_AXIS_TDATA[15] in module hdmi_ctrl_slave_stream_v1_0_S00_AXIS is either unconnected or has no load
WARNING: [Synth 8-7129] Port S_AXIS_TDATA[14] in module hdmi_ctrl_slave_stream_v1_0_S00_AXIS is either unconnected or has no load
WARNING: [Synth 8-7129] Port S_AXIS_TDATA[13] in module hdmi_ctrl_slave_stream_v1_0_S00_AXIS is either unconnected or has no load
WARNING: [Synth 8-7129] Port S_AXIS_TDATA[12] in module hdmi_ctrl_slave_stream_v1_0_S00_AXIS is either unconnected or has no load
WARNING: [Synth 8-7129] Port S_AXIS_TDATA[11] in module hdmi_ctrl_slave_stream_v1_0_S00_AXIS is either unconnected or has no load
WARNING: [Synth 8-7129] Port S_AXIS_TDATA[10] in module hdmi_ctrl_slave_stream_v1_0_S00_AXIS is either unconnected or has no load
WARNING: [Synth 8-7129] Port S_AXIS_TDATA[9] in module hdmi_ctrl_slave_stream_v1_0_S00_AXIS is either unconnected or has no load
WARNING: [Synth 8-7129] Port S_AXIS_TDATA[8] in module hdmi_ctrl_slave_stream_v1_0_S00_AXIS is either unconnected or has no load
WARNING: [Synth 8-7129] Port S_AXIS_TDATA[7] in module hdmi_ctrl_slave_stream_v1_0_S00_AXIS is either unconnected or has no load
WARNING: [Synth 8-7129] Port S_AXIS_TDATA[6] in module hdmi_ctrl_slave_stream_v1_0_S00_AXIS is either unconnected or has no load
WARNING: [Synth 8-7129] Port S_AXIS_TDATA[5] in module hdmi_ctrl_slave_stream_v1_0_S00_AXIS is either unconnected or has no load
WARNING: [Synth 8-7129] Port S_AXIS_TDATA[4] in module hdmi_ctrl_slave_stream_v1_0_S00_AXIS is either unconnected or has no load
WARNING: [Synth 8-7129] Port S_AXIS_TDATA[3] in module hdmi_ctrl_slave_stream_v1_0_S00_AXIS is either unconnected or has no load
WARNING: [Synth 8-7129] Port S_AXIS_TDATA[2] in module hdmi_ctrl_slave_stream_v1_0_S00_AXIS is either unconnected or has no load
WARNING: [Synth 8-7129] Port S_AXIS_TDATA[1] in module hdmi_ctrl_slave_stream_v1_0_S00_AXIS is either unconnected or has no load
WARNING: [Synth 8-7129] Port S_AXIS_TDATA[0] in module hdmi_ctrl_slave_stream_v1_0_S00_AXIS is either unconnected or has no load
WARNING: [Synth 8-7129] Port S_AXIS_TSTRB[3] in module hdmi_ctrl_slave_stream_v1_0_S00_AXIS is either unconnected or has no load
WARNING: [Synth 8-7129] Port S_AXIS_TSTRB[2] in module hdmi_ctrl_slave_stream_v1_0_S00_AXIS is either unconnected or has no load
WARNING: [Synth 8-7129] Port S_AXIS_TSTRB[1] in module hdmi_ctrl_slave_stream_v1_0_S00_AXIS is either unconnected or has no load
WARNING: [Synth 8-7129] Port S_AXIS_TSTRB[0] in module hdmi_ctrl_slave_stream_v1_0_S00_AXIS is either unconnected or has no load
WARNING: [Synth 8-7129] Port hdmi_vsync in module hdmi_ctrl is either unconnected or has no load
WARNING: [Synth 8-7129] Port hdmi_hsync in module hdmi_ctrl is either unconnected or has no load
WARNING: [Synth 8-7129] Port hdmi_de in module hdmi_ctrl is either unconnected or has no load
WARNING: [Synth 8-7129] Port hdmi_int in module hdmi_ctrl is either unconnected or has no load
---------------------------------------------------------------------------------
Finished RTL Elaboration : Time (s): cpu = 00:00:11 ; elapsed = 00:00:11 . Memory (MB): peak = 2222.008 ; gain = 494.598 ; free physical = 233 ; free virtual = 13244
---------------------------------------------------------------------------------
---------------------------------------------------------------------------------
Start Handling Custom Attributes
---------------------------------------------------------------------------------
---------------------------------------------------------------------------------
Finished Handling Custom Attributes : Time (s): cpu = 00:00:11 ; elapsed = 00:00:11 . Memory (MB): peak = 2236.852 ; gain = 509.441 ; free physical = 228 ; free virtual = 13240
---------------------------------------------------------------------------------
---------------------------------------------------------------------------------
Finished RTL Optimization Phase 1 : Time (s): cpu = 00:00:11 ; elapsed = 00:00:11 . Memory (MB): peak = 2236.852 ; gain = 509.441 ; free physical = 228 ; free virtual = 13240
---------------------------------------------------------------------------------
Netlist sorting complete. Time (s): cpu = 00:00:00 ; elapsed = 00:00:00 . Memory (MB): peak = 2236.852 ; gain = 0.000 ; free physical = 225 ; free virtual = 13237
INFO: [Project 1-570] Preparing netlist for logic optimization

Processing XDC Constraints
Initializing timing engine
Completed Processing XDC Constraints

Netlist sorting complete. Time (s): cpu = 00:00:00 ; elapsed = 00:00:00 . Memory (MB): peak = 2351.602 ; gain = 0.000 ; free physical = 179 ; free virtual = 13209
INFO: [Project 1-111] Unisim Transformation Summary:
No Unisim elements were transformed.

Constraint Validation Runtime : Time (s): cpu = 00:00:00.02 ; elapsed = 00:00:00.01 . Memory (MB): peak = 2351.602 ; gain = 0.000 ; free physical = 179 ; free virtual = 13210
INFO: [Designutils 20-5008] Incremental synthesis strategy off
---------------------------------------------------------------------------------
Finished Constraint Validation : Time (s): cpu = 00:00:19 ; elapsed = 00:00:20 . Memory (MB): peak = 2351.602 ; gain = 624.191 ; free physical = 218 ; free virtual = 13249
---------------------------------------------------------------------------------
---------------------------------------------------------------------------------
Start Loading Part and Timing Information
---------------------------------------------------------------------------------
Loading part: xc7z020clg400-2
---------------------------------------------------------------------------------
Finished Loading Part and Timing Information : Time (s): cpu = 00:00:19 ; elapsed = 00:00:20 . Memory (MB): peak = 2359.605 ; gain = 632.195 ; free physical = 218 ; free virtual = 13249
---------------------------------------------------------------------------------
---------------------------------------------------------------------------------
Start Applying 'set_property' XDC Constraints
---------------------------------------------------------------------------------
---------------------------------------------------------------------------------
Finished applying 'set_property' XDC Constraints : Time (s): cpu = 00:00:19 ; elapsed = 00:00:20 . Memory (MB): peak = 2359.605 ; gain = 632.195 ; free physical = 218 ; free virtual = 13249
---------------------------------------------------------------------------------
WARNING: [Synth 8-327] inferring latch for variable 'red_reg' [/home/nothon/fpga2C/ZTurnV2/ZTurnV2.gen/sources_1/bd/main_design/ipshared/848e/hdl/hdmi_ctrl.vhd:128]
WARNING: [Synth 8-327] inferring latch for variable 'green_reg' [/home/nothon/fpga2C/ZTurnV2/ZTurnV2.gen/sources_1/bd/main_design/ipshared/848e/hdl/hdmi_ctrl.vhd:129]
---------------------------------------------------------------------------------
Finished RTL Optimization Phase 2 : Time (s): cpu = 00:00:19 ; elapsed = 00:00:20 . Memory (MB): peak = 2359.605 ; gain = 632.195 ; free physical = 287 ; free virtual = 13260
---------------------------------------------------------------------------------
---------------------------------------------------------------------------------
Start RTL Component Statistics 
---------------------------------------------------------------------------------
Detailed RTL Component Info : 
+---Registers : 
	                1 Bit    Registers := 4     
+---Muxes : 
	   2 Input    1 Bit        Muxes := 4     
---------------------------------------------------------------------------------
Finished RTL Component Statistics 
---------------------------------------------------------------------------------
---------------------------------------------------------------------------------
Start Part Resource Summary
---------------------------------------------------------------------------------
Part Resources:
DSPs: 220 (col length:60)
BRAMs: 280 (col length: RAMB18 60 RAMB36 30)
---------------------------------------------------------------------------------
Finished Part Resource Summary
---------------------------------------------------------------------------------
---------------------------------------------------------------------------------
Start Cross Boundary and Area Optimization
---------------------------------------------------------------------------------
WARNING: [Synth 8-7080] Parallel synthesis criteria is not met
WARNING: [Synth 8-7129] Port hdmi_vsync in module main_design_hdmi_ctrl_0_0 is either unconnected or has no load
WARNING: [Synth 8-7129] Port hdmi_hsync in module main_design_hdmi_ctrl_0_0 is either unconnected or has no load
WARNING: [Synth 8-7129] Port hdmi_de in module main_design_hdmi_ctrl_0_0 is either unconnected or has no load
WARNING: [Synth 8-7129] Port hdmi_int in module main_design_hdmi_ctrl_0_0 is either unconnected or has no load
WARNING: [Synth 8-7129] Port s00_axis_tdata[31] in module main_design_hdmi_ctrl_0_0 is either unconnected or has no load
WARNING: [Synth 8-7129] Port s00_axis_tdata[30] in module main_design_hdmi_ctrl_0_0 is either unconnected or has no load
WARNING: [Synth 8-7129] Port s00_axis_tdata[29] in module main_design_hdmi_ctrl_0_0 is either unconnected or has no load
WARNING: [Synth 8-7129] Port s00_axis_tdata[28] in module main_design_hdmi_ctrl_0_0 is either unconnected or has no load
WARNING: [Synth 8-7129] Port s00_axis_tdata[27] in module main_design_hdmi_ctrl_0_0 is either unconnected or has no load
WARNING: [Synth 8-7129] Port s00_axis_tdata[26] in module main_design_hdmi_ctrl_0_0 is either unconnected or has no load
WARNING: [Synth 8-7129] Port s00_axis_tdata[25] in module main_design_hdmi_ctrl_0_0 is either unconnected or has no load
WARNING: [Synth 8-7129] Port s00_axis_tdata[24] in module main_design_hdmi_ctrl_0_0 is either unconnected or has no load
WARNING: [Synth 8-7129] Port s00_axis_tdata[23] in module main_design_hdmi_ctrl_0_0 is either unconnected or has no load
WARNING: [Synth 8-7129] Port s00_axis_tdata[22] in module main_design_hdmi_ctrl_0_0 is either unconnected or has no load
WARNING: [Synth 8-7129] Port s00_axis_tdata[21] in module main_design_hdmi_ctrl_0_0 is either unconnected or has no load
WARNING: [Synth 8-7129] Port s00_axis_tdata[20] in module main_design_hdmi_ctrl_0_0 is either unconnected or has no load
WARNING: [Synth 8-7129] Port s00_axis_tdata[19] in module main_design_hdmi_ctrl_0_0 is either unconnected or has no load
WARNING: [Synth 8-7129] Port s00_axis_tdata[18] in module main_design_hdmi_ctrl_0_0 is either unconnected or has no load
WARNING: [Synth 8-7129] Port s00_axis_tdata[17] in module main_design_hdmi_ctrl_0_0 is either unconnected or has no load
WARNING: [Synth 8-7129] Port s00_axis_tdata[16] in module main_design_hdmi_ctrl_0_0 is either unconnected or has no load
WARNING: [Synth 8-7129] Port s00_axis_tdata[15] in module main_design_hdmi_ctrl_0_0 is either unconnected or has no load
WARNING: [Synth 8-7129] Port s00_axis_tdata[14] in module main_design_hdmi_ctrl_0_0 is either unconnected or has no load
WARNING: [Synth 8-7129] Port s00_axis_tdata[13] in module main_design_hdmi_ctrl_0_0 is either unconnected or has no load
WARNING: [Synth 8-7129] Port s00_axis_tdata[12] in module main_design_hdmi_ctrl_0_0 is either unconnected or has no load
INFO: [Common 17-14] Message 'Synth 8-7129' appears 100 times and further instances of the messages will be disabled. Use the Tcl command set_msg_config to change the current settings.
---------------------------------------------------------------------------------
Finished Cross Boundary and Area Optimization : Time (s): cpu = 00:00:21 ; elapsed = 00:00:22 . Memory (MB): peak = 2359.605 ; gain = 632.195 ; free physical = 238 ; free virtual = 13217
---------------------------------------------------------------------------------
---------------------------------------------------------------------------------
Start Applying XDC Timing Constraints
---------------------------------------------------------------------------------
---------------------------------------------------------------------------------
Finished Applying XDC Timing Constraints : Time (s): cpu = 00:00:31 ; elapsed = 00:00:32 . Memory (MB): peak = 2359.605 ; gain = 632.195 ; free physical = 281 ; free virtual = 13244
---------------------------------------------------------------------------------
---------------------------------------------------------------------------------
Start Timing Optimization
---------------------------------------------------------------------------------
---------------------------------------------------------------------------------
Finished Timing Optimization : Time (s): cpu = 00:00:31 ; elapsed = 00:00:32 . Memory (MB): peak = 2359.605 ; gain = 632.195 ; free physical = 281 ; free virtual = 13244
---------------------------------------------------------------------------------
---------------------------------------------------------------------------------
Start Technology Mapping
---------------------------------------------------------------------------------
---------------------------------------------------------------------------------
Finished Technology Mapping : Time (s): cpu = 00:00:31 ; elapsed = 00:00:32 . Memory (MB): peak = 2359.605 ; gain = 632.195 ; free physical = 280 ; free virtual = 13242
---------------------------------------------------------------------------------
---------------------------------------------------------------------------------
Start IO Insertion
---------------------------------------------------------------------------------
---------------------------------------------------------------------------------
Start Flattening Before IO Insertion
---------------------------------------------------------------------------------
---------------------------------------------------------------------------------
Finished Flattening Before IO Insertion
---------------------------------------------------------------------------------
---------------------------------------------------------------------------------
Start Final Netlist Cleanup
---------------------------------------------------------------------------------
---------------------------------------------------------------------------------
Finished Final Netlist Cleanup
---------------------------------------------------------------------------------
---------------------------------------------------------------------------------
Finished IO Insertion : Time (s): cpu = 00:00:38 ; elapsed = 00:00:39 . Memory (MB): peak = 2359.605 ; gain = 632.195 ; free physical = 248 ; free virtual = 13226
---------------------------------------------------------------------------------
---------------------------------------------------------------------------------
Start Renaming Generated Instances
---------------------------------------------------------------------------------
---------------------------------------------------------------------------------
Finished Renaming Generated Instances : Time (s): cpu = 00:00:38 ; elapsed = 00:00:39 . Memory (MB): peak = 2359.605 ; gain = 632.195 ; free physical = 248 ; free virtual = 13226
---------------------------------------------------------------------------------
---------------------------------------------------------------------------------
Start Rebuilding User Hierarchy
---------------------------------------------------------------------------------
---------------------------------------------------------------------------------
Finished Rebuilding User Hierarchy : Time (s): cpu = 00:00:38 ; elapsed = 00:00:39 . Memory (MB): peak = 2359.605 ; gain = 632.195 ; free physical = 248 ; free virtual = 13226
---------------------------------------------------------------------------------
---------------------------------------------------------------------------------
Start Renaming Generated Ports
---------------------------------------------------------------------------------
---------------------------------------------------------------------------------
Finished Renaming Generated Ports : Time (s): cpu = 00:00:38 ; elapsed = 00:00:39 . Memory (MB): peak = 2359.605 ; gain = 632.195 ; free physical = 248 ; free virtual = 13226
---------------------------------------------------------------------------------
---------------------------------------------------------------------------------
Start Handling Custom Attributes
---------------------------------------------------------------------------------
---------------------------------------------------------------------------------
Finished Handling Custom Attributes : Time (s): cpu = 00:00:38 ; elapsed = 00:00:39 . Memory (MB): peak = 2359.605 ; gain = 632.195 ; free physical = 248 ; free virtual = 13226
---------------------------------------------------------------------------------
---------------------------------------------------------------------------------
Start Renaming Generated Nets
---------------------------------------------------------------------------------
---------------------------------------------------------------------------------
Finished Renaming Generated Nets : Time (s): cpu = 00:00:38 ; elapsed = 00:00:39 . Memory (MB): peak = 2359.605 ; gain = 632.195 ; free physical = 248 ; free virtual = 13226
---------------------------------------------------------------------------------
---------------------------------------------------------------------------------
Start Writing Synthesis Report
---------------------------------------------------------------------------------

Report BlackBoxes: 
+-+--------------+----------+
| |BlackBox name |Instances |
+-+--------------+----------+
+-+--------------+----------+

Report Cell Usage: 
+------+-----+------+
|      |Cell |Count |
+------+-----+------+
|1     |LUT1 |     1|
|2     |LUT4 |     2|
|3     |LUT5 |     2|
|4     |FDRE |     4|
|5     |LD   |     1|
+------+-----+------+
---------------------------------------------------------------------------------
Finished Writing Synthesis Report : Time (s): cpu = 00:00:38 ; elapsed = 00:00:39 . Memory (MB): peak = 2359.605 ; gain = 632.195 ; free physical = 248 ; free virtual = 13226
---------------------------------------------------------------------------------
Synthesis finished with 0 errors, 0 critical warnings and 79 warnings.
Synthesis Optimization Runtime : Time (s): cpu = 00:00:36 ; elapsed = 00:00:37 . Memory (MB): peak = 2359.605 ; gain = 517.445 ; free physical = 247 ; free virtual = 13224
Synthesis Optimization Complete : Time (s): cpu = 00:00:38 ; elapsed = 00:00:39 . Memory (MB): peak = 2359.613 ; gain = 632.195 ; free physical = 247 ; free virtual = 13224
INFO: [Project 1-571] Translating synthesized netlist
Netlist sorting complete. Time (s): cpu = 00:00:00 ; elapsed = 00:00:00 . Memory (MB): peak = 2359.613 ; gain = 0.000 ; free physical = 395 ; free virtual = 13375
INFO: [Netlist 29-17] Analyzing 1 Unisim elements for replacement
INFO: [Netlist 29-28] Unisim Transformation completed in 0 CPU seconds
INFO: [Project 1-570] Preparing netlist for logic optimization
INFO: [Opt 31-138] Pushed 1 inverter(s) to 1 load pin(s).
Netlist sorting complete. Time (s): cpu = 00:00:00 ; elapsed = 00:00:00 . Memory (MB): peak = 2415.633 ; gain = 0.000 ; free physical = 585 ; free virtual = 13574
INFO: [Project 1-111] Unisim Transformation Summary:
  A total of 1 instances were transformed.
  LD => LDCE (inverted pins: G): 1 instance 

Synth Design complete | Checksum: a2942dda
INFO: [Common 17-83] Releasing license: Synthesis
35 Infos, 116 Warnings, 0 Critical Warnings and 0 Errors encountered.
synth_design completed successfully
synth_design: Time (s): cpu = 00:00:52 ; elapsed = 00:00:47 . Memory (MB): peak = 2415.633 ; gain = 1005.723 ; free physical = 581 ; free virtual = 13575
INFO: [Common 17-2834] synth_design peak Physical Memory [PSS] (MB): overall = 2040.963; main = 1681.586; forked = 464.778
INFO: [Common 17-2834] synth_design peak Virtual Memory [VSS] (MB): overall = 3456.449; main = 2415.637; forked = 1096.840
Write ShapeDB Complete: Time (s): cpu = 00:00:00 ; elapsed = 00:00:00 . Memory (MB): peak = 2439.645 ; gain = 0.000 ; free physical = 580 ; free virtual = 13574
INFO: [Common 17-1381] The checkpoint '/home/nothon/fpga2C/ZTurnV2/ZTurnV2.runs/main_design_hdmi_ctrl_0_0_synth_1/main_design_hdmi_ctrl_0_0.dcp' has been generated.
INFO: [Coretcl 2-1648] Added synthesis output to IP cache for IP main_design_hdmi_ctrl_0_0, cache-ID = 2f23e068b9e6ce71
INFO: [Coretcl 2-1174] Renamed 3 cell refs.
Write ShapeDB Complete: Time (s): cpu = 00:00:00 ; elapsed = 00:00:00 . Memory (MB): peak = 2439.645 ; gain = 0.000 ; free physical = 574 ; free virtual = 13571
INFO: [Common 17-1381] The checkpoint '/home/nothon/fpga2C/ZTurnV2/ZTurnV2.runs/main_design_hdmi_ctrl_0_0_synth_1/main_design_hdmi_ctrl_0_0.dcp' has been generated.
INFO: [Vivado 12-24828] Executing command : report_utilization -file main_design_hdmi_ctrl_0_0_utilization_synth.rpt -pb main_design_hdmi_ctrl_0_0_utilization_synth.pb
INFO: [Common 17-206] Exiting Vivado at Thu Jul 18 15:34:58 2024...
