
*** Running vivado
    with args -log main_design_proc_sys_reset_0_0.vds -m64 -product Vivado -mode batch -messageDb vivado.pb -notrace -source main_design_proc_sys_reset_0_0.tcl


****** Vivado v2024.1 (64-bit)
  **** SW Build 5076996 on Wed May 22 18:36:09 MDT 2024
  **** IP Build 5075265 on Wed May 22 21:45:21 MDT 2024
  **** SharedData Build 5076995 on Wed May 22 18:29:18 MDT 2024
  **** Start of session at: Fri Jun 21 11:53:51 2024
    ** Copyright 1986-2022 Xilinx, Inc. All Rights Reserved.
    ** Copyright 2022-2024 Advanced Micro Devices, Inc. All Rights Reserved.

source main_design_proc_sys_reset_0_0.tcl -notrace
create_project: Time (s): cpu = 00:00:11 ; elapsed = 00:00:11 . Memory (MB): peak = 1350.500 ; gain = 0.027 ; free physical = 1370 ; free virtual = 15913
INFO: [IP_Flow 19-234] Refreshing IP repositories
INFO: [IP_Flow 19-1700] Loaded user IP repository '/home/nothon/fpga2C/interface_repo'.
INFO: [IP_Flow 19-1700] Loaded user IP repository '/home/nothon/fpga2C/ip_repo'.
INFO: [IP_Flow 19-2313] Loaded Vivado IP repository '/tools/Xilinx/Vivado/2024.1/data/ip'.
INFO: [IP_Flow 19-6924] IPCACHE: Running cache check for IP inst: main_design_proc_sys_reset_0_0
Command: synth_design -top main_design_proc_sys_reset_0_0 -part xc7z020clg400-2 -incremental_mode off -mode out_of_context
Starting synth_design
Attempting to get a license for feature 'Synthesis' and/or device 'xc7z020'
INFO: [Common 17-349] Got license for feature 'Synthesis' and/or device 'xc7z020'
INFO: [Device 21-403] Loading part xc7z020clg400-2
INFO: [Device 21-9227] Part: xc7z020clg400-2 does not have CEAM library.
INFO: [Synth 8-7079] Multithreading enabled for synth_design using a maximum of 4 processes.
INFO: [Synth 8-7078] Launching helper process for spawning children vivado processes
INFO: [Synth 8-7075] Helper process launched with PID 88790
---------------------------------------------------------------------------------
Starting RTL Elaboration : Time (s): cpu = 00:00:08 ; elapsed = 00:00:08 . Memory (MB): peak = 2137.559 ; gain = 413.746 ; free physical = 166 ; free virtual = 13328
---------------------------------------------------------------------------------
INFO: [Synth 8-638] synthesizing module 'main_design_proc_sys_reset_0_0' [/home/nothon/fpga2C/ZTurnV2/ZTurnV2.gen/sources_1/bd/main_design/ip/main_design_proc_sys_reset_0_0/synth/main_design_proc_sys_reset_0_0.vhd:74]
	Parameter C_FAMILY bound to: zynq - type: string 
	Parameter C_EXT_RST_WIDTH bound to: 4 - type: integer 
	Parameter C_AUX_RST_WIDTH bound to: 4 - type: integer 
	Parameter C_EXT_RESET_HIGH bound to: 1'b0 
	Parameter C_AUX_RESET_HIGH bound to: 1'b0 
	Parameter C_NUM_BUS_RST bound to: 1 - type: integer 
	Parameter C_NUM_PERP_RST bound to: 1 - type: integer 
	Parameter C_NUM_INTERCONNECT_ARESETN bound to: 1 - type: integer 
	Parameter C_NUM_PERP_ARESETN bound to: 1 - type: integer 
INFO: [Synth 8-3491] module 'proc_sys_reset' declared at '/home/nothon/fpga2C/ZTurnV2/ZTurnV2.gen/sources_1/bd/main_design/ipshared/3a26/hdl/proc_sys_reset_v5_0_vh_rfs.vhd:1271' bound to instance 'U0' of component 'proc_sys_reset' [/home/nothon/fpga2C/ZTurnV2/ZTurnV2.gen/sources_1/bd/main_design/ip/main_design_proc_sys_reset_0_0/synth/main_design_proc_sys_reset_0_0.vhd:129]
INFO: [Synth 8-638] synthesizing module 'proc_sys_reset' [/home/nothon/fpga2C/ZTurnV2/ZTurnV2.gen/sources_1/bd/main_design/ipshared/3a26/hdl/proc_sys_reset_v5_0_vh_rfs.vhd:1330]
	Parameter INIT bound to: 1'b1 
INFO: [Synth 8-113] binding component instance 'FDRE_inst' to cell 'FDRE' [/home/nothon/fpga2C/ZTurnV2/ZTurnV2.gen/sources_1/bd/main_design/ipshared/3a26/hdl/proc_sys_reset_v5_0_vh_rfs.vhd:1399]
	Parameter INIT bound to: 1'b1 
INFO: [Synth 8-113] binding component instance 'FDRE_BSR' to cell 'FDRE' [/home/nothon/fpga2C/ZTurnV2/ZTurnV2.gen/sources_1/bd/main_design/ipshared/3a26/hdl/proc_sys_reset_v5_0_vh_rfs.vhd:1415]
	Parameter INIT bound to: 1'b0 
INFO: [Synth 8-113] binding component instance 'FDRE_BSR_N' to cell 'FDRE' [/home/nothon/fpga2C/ZTurnV2/ZTurnV2.gen/sources_1/bd/main_design/ipshared/3a26/hdl/proc_sys_reset_v5_0_vh_rfs.vhd:1441]
	Parameter INIT bound to: 1'b1 
INFO: [Synth 8-113] binding component instance 'FDRE_PER' to cell 'FDRE' [/home/nothon/fpga2C/ZTurnV2/ZTurnV2.gen/sources_1/bd/main_design/ipshared/3a26/hdl/proc_sys_reset_v5_0_vh_rfs.vhd:1464]
	Parameter INIT bound to: 1'b0 
INFO: [Synth 8-113] binding component instance 'FDRE_PER_N' to cell 'FDRE' [/home/nothon/fpga2C/ZTurnV2/ZTurnV2.gen/sources_1/bd/main_design/ipshared/3a26/hdl/proc_sys_reset_v5_0_vh_rfs.vhd:1488]
INFO: [Synth 8-638] synthesizing module 'lpf' [/home/nothon/fpga2C/ZTurnV2/ZTurnV2.gen/sources_1/bd/main_design/ipshared/3a26/hdl/proc_sys_reset_v5_0_vh_rfs.vhd:821]
INFO: [Synth 8-3491] module 'SRL16' declared at '/tools/Xilinx/Vivado/2024.1/scripts/rt/data/unisim_comp.v:137246' bound to instance 'POR_SRL_I' of component 'SRL16' [/home/nothon/fpga2C/ZTurnV2/ZTurnV2.gen/sources_1/bd/main_design/ipshared/3a26/hdl/proc_sys_reset_v5_0_vh_rfs.vhd:873]
INFO: [Synth 8-6157] synthesizing module 'SRL16' [/tools/Xilinx/Vivado/2024.1/scripts/rt/data/unisim_comp.v:137246]
INFO: [Synth 8-6155] done synthesizing module 'SRL16' (0#1) [/tools/Xilinx/Vivado/2024.1/scripts/rt/data/unisim_comp.v:137246]
INFO: [Synth 8-638] synthesizing module 'cdc_sync' [/home/nothon/fpga2C/ZTurnV2/ZTurnV2.gen/sources_1/bd/main_design/ipshared/2a4f/hdl/lib_cdc_v1_0_rfs.vhd:106]
	Parameter INIT bound to: 1'b0 
INFO: [Synth 8-113] binding component instance 'CROSS_PLEVEL_IN2SCNDRY_IN_cdc_to' to cell 'FDR' [/home/nothon/fpga2C/ZTurnV2/ZTurnV2.gen/sources_1/bd/main_design/ipshared/2a4f/hdl/lib_cdc_v1_0_rfs.vhd:514]
	Parameter INIT bound to: 1'b0 
INFO: [Synth 8-113] binding component instance 'CROSS_PLEVEL_IN2SCNDRY_s_level_out_d2' to cell 'FDR' [/home/nothon/fpga2C/ZTurnV2/ZTurnV2.gen/sources_1/bd/main_design/ipshared/2a4f/hdl/lib_cdc_v1_0_rfs.vhd:545]
	Parameter INIT bound to: 1'b0 
INFO: [Synth 8-113] binding component instance 'CROSS_PLEVEL_IN2SCNDRY_s_level_out_d3' to cell 'FDR' [/home/nothon/fpga2C/ZTurnV2/ZTurnV2.gen/sources_1/bd/main_design/ipshared/2a4f/hdl/lib_cdc_v1_0_rfs.vhd:554]
	Parameter INIT bound to: 1'b0 
INFO: [Synth 8-113] binding component instance 'CROSS_PLEVEL_IN2SCNDRY_s_level_out_d4' to cell 'FDR' [/home/nothon/fpga2C/ZTurnV2/ZTurnV2.gen/sources_1/bd/main_design/ipshared/2a4f/hdl/lib_cdc_v1_0_rfs.vhd:564]
	Parameter INIT bound to: 1'b0 
INFO: [Synth 8-113] binding component instance 'CROSS_PLEVEL_IN2SCNDRY_s_level_out_d5' to cell 'FDR' [/home/nothon/fpga2C/ZTurnV2/ZTurnV2.gen/sources_1/bd/main_design/ipshared/2a4f/hdl/lib_cdc_v1_0_rfs.vhd:574]
	Parameter INIT bound to: 1'b0 
INFO: [Synth 8-113] binding component instance 'CROSS_PLEVEL_IN2SCNDRY_s_level_out_d6' to cell 'FDR' [/home/nothon/fpga2C/ZTurnV2/ZTurnV2.gen/sources_1/bd/main_design/ipshared/2a4f/hdl/lib_cdc_v1_0_rfs.vhd:584]
INFO: [Synth 8-256] done synthesizing module 'cdc_sync' (0#1) [/home/nothon/fpga2C/ZTurnV2/ZTurnV2.gen/sources_1/bd/main_design/ipshared/2a4f/hdl/lib_cdc_v1_0_rfs.vhd:106]
INFO: [Synth 8-256] done synthesizing module 'lpf' (0#1) [/home/nothon/fpga2C/ZTurnV2/ZTurnV2.gen/sources_1/bd/main_design/ipshared/3a26/hdl/proc_sys_reset_v5_0_vh_rfs.vhd:821]
INFO: [Synth 8-638] synthesizing module 'sequence_psr' [/home/nothon/fpga2C/ZTurnV2/ZTurnV2.gen/sources_1/bd/main_design/ipshared/3a26/hdl/proc_sys_reset_v5_0_vh_rfs.vhd:304]
INFO: [Synth 8-638] synthesizing module 'upcnt_n' [/home/nothon/fpga2C/ZTurnV2/ZTurnV2.gen/sources_1/bd/main_design/ipshared/3a26/hdl/proc_sys_reset_v5_0_vh_rfs.vhd:126]
INFO: [Synth 8-256] done synthesizing module 'upcnt_n' (0#1) [/home/nothon/fpga2C/ZTurnV2/ZTurnV2.gen/sources_1/bd/main_design/ipshared/3a26/hdl/proc_sys_reset_v5_0_vh_rfs.vhd:126]
INFO: [Synth 8-256] done synthesizing module 'sequence_psr' (0#1) [/home/nothon/fpga2C/ZTurnV2/ZTurnV2.gen/sources_1/bd/main_design/ipshared/3a26/hdl/proc_sys_reset_v5_0_vh_rfs.vhd:304]
INFO: [Synth 8-256] done synthesizing module 'proc_sys_reset' (0#1) [/home/nothon/fpga2C/ZTurnV2/ZTurnV2.gen/sources_1/bd/main_design/ipshared/3a26/hdl/proc_sys_reset_v5_0_vh_rfs.vhd:1330]
INFO: [Synth 8-256] done synthesizing module 'main_design_proc_sys_reset_0_0' (0#1) [/home/nothon/fpga2C/ZTurnV2/ZTurnV2.gen/sources_1/bd/main_design/ip/main_design_proc_sys_reset_0_0/synth/main_design_proc_sys_reset_0_0.vhd:74]
WARNING: [Synth 8-7129] Port prmry_aclk in module cdc_sync is either unconnected or has no load
WARNING: [Synth 8-7129] Port prmry_resetn in module cdc_sync is either unconnected or has no load
WARNING: [Synth 8-7129] Port prmry_vect_in[1] in module cdc_sync is either unconnected or has no load
WARNING: [Synth 8-7129] Port prmry_vect_in[0] in module cdc_sync is either unconnected or has no load
WARNING: [Synth 8-7129] Port scndry_resetn in module cdc_sync is either unconnected or has no load
---------------------------------------------------------------------------------
Finished RTL Elaboration : Time (s): cpu = 00:00:11 ; elapsed = 00:00:11 . Memory (MB): peak = 2220.496 ; gain = 496.684 ; free physical = 189 ; free virtual = 12568
---------------------------------------------------------------------------------
---------------------------------------------------------------------------------
Start Handling Custom Attributes
---------------------------------------------------------------------------------
---------------------------------------------------------------------------------
Finished Handling Custom Attributes : Time (s): cpu = 00:00:11 ; elapsed = 00:00:12 . Memory (MB): peak = 2235.340 ; gain = 511.527 ; free physical = 173 ; free virtual = 12553
---------------------------------------------------------------------------------
---------------------------------------------------------------------------------
Finished RTL Optimization Phase 1 : Time (s): cpu = 00:00:11 ; elapsed = 00:00:12 . Memory (MB): peak = 2235.340 ; gain = 511.527 ; free physical = 173 ; free virtual = 12553
---------------------------------------------------------------------------------
Netlist sorting complete. Time (s): cpu = 00:00:00 ; elapsed = 00:00:00 . Memory (MB): peak = 2241.277 ; gain = 0.000 ; free physical = 252 ; free virtual = 12536
INFO: [Netlist 29-17] Analyzing 13 Unisim elements for replacement
INFO: [Netlist 29-28] Unisim Transformation completed in 0 CPU seconds
INFO: [Project 1-570] Preparing netlist for logic optimization

Processing XDC Constraints
Initializing timing engine
Parsing XDC File [/home/nothon/fpga2C/ZTurnV2/ZTurnV2.gen/sources_1/bd/main_design/ip/main_design_proc_sys_reset_0_0/main_design_proc_sys_reset_0_0_ooc.xdc] for cell 'U0'
Finished Parsing XDC File [/home/nothon/fpga2C/ZTurnV2/ZTurnV2.gen/sources_1/bd/main_design/ip/main_design_proc_sys_reset_0_0/main_design_proc_sys_reset_0_0_ooc.xdc] for cell 'U0'
Parsing XDC File [/home/nothon/fpga2C/ZTurnV2/ZTurnV2.gen/sources_1/bd/main_design/ip/main_design_proc_sys_reset_0_0/main_design_proc_sys_reset_0_0_board.xdc] for cell 'U0'
Finished Parsing XDC File [/home/nothon/fpga2C/ZTurnV2/ZTurnV2.gen/sources_1/bd/main_design/ip/main_design_proc_sys_reset_0_0/main_design_proc_sys_reset_0_0_board.xdc] for cell 'U0'
Parsing XDC File [/home/nothon/fpga2C/ZTurnV2/ZTurnV2.gen/sources_1/bd/main_design/ip/main_design_proc_sys_reset_0_0/main_design_proc_sys_reset_0_0.xdc] for cell 'U0'
Finished Parsing XDC File [/home/nothon/fpga2C/ZTurnV2/ZTurnV2.gen/sources_1/bd/main_design/ip/main_design_proc_sys_reset_0_0/main_design_proc_sys_reset_0_0.xdc] for cell 'U0'
INFO: [Project 1-236] Implementation specific constraints were found while reading constraint file [/home/nothon/fpga2C/ZTurnV2/ZTurnV2.gen/sources_1/bd/main_design/ip/main_design_proc_sys_reset_0_0/main_design_proc_sys_reset_0_0.xdc]. These constraints will be ignored for synthesis but will be used in implementation. Impacted constraints are listed in the file [.Xil/main_design_proc_sys_reset_0_0_propImpl.xdc].
Resolution: To avoid this warning, move constraints listed in [.Xil/main_design_proc_sys_reset_0_0_propImpl.xdc] to another XDC file and exclude this new file from synthesis with the used_in_synthesis property (File Properties dialog in GUI) and re-run elaboration/synthesis.
Parsing XDC File [/home/nothon/fpga2C/ZTurnV2/ZTurnV2.runs/main_design_proc_sys_reset_0_0_synth_1/dont_touch.xdc]
Finished Parsing XDC File [/home/nothon/fpga2C/ZTurnV2/ZTurnV2.runs/main_design_proc_sys_reset_0_0_synth_1/dont_touch.xdc]
Completed Processing XDC Constraints

Netlist sorting complete. Time (s): cpu = 00:00:00 ; elapsed = 00:00:00 . Memory (MB): peak = 2379.090 ; gain = 0.000 ; free physical = 251 ; free virtual = 12375
INFO: [Project 1-111] Unisim Transformation Summary:
  A total of 13 instances were transformed.
  FDR => FDRE: 12 instances
  SRL16 => SRL16E: 1 instance 

Constraint Validation Runtime : Time (s): cpu = 00:00:00.03 ; elapsed = 00:00:00.04 . Memory (MB): peak = 2379.090 ; gain = 0.000 ; free physical = 246 ; free virtual = 12372
INFO: [Designutils 20-5008] Incremental synthesis strategy off
---------------------------------------------------------------------------------
Finished Constraint Validation : Time (s): cpu = 00:00:20 ; elapsed = 00:00:22 . Memory (MB): peak = 2379.090 ; gain = 655.277 ; free physical = 210 ; free virtual = 12001
---------------------------------------------------------------------------------
---------------------------------------------------------------------------------
Start Loading Part and Timing Information
---------------------------------------------------------------------------------
Loading part: xc7z020clg400-2
---------------------------------------------------------------------------------
Finished Loading Part and Timing Information : Time (s): cpu = 00:00:20 ; elapsed = 00:00:22 . Memory (MB): peak = 2387.094 ; gain = 663.281 ; free physical = 210 ; free virtual = 12001
---------------------------------------------------------------------------------
---------------------------------------------------------------------------------
Start Applying 'set_property' XDC Constraints
---------------------------------------------------------------------------------
Applied set_property KEEP_HIERARCHY = SOFT for U0. (constraint file  /home/nothon/fpga2C/ZTurnV2/ZTurnV2.runs/main_design_proc_sys_reset_0_0_synth_1/dont_touch.xdc, line 9).
---------------------------------------------------------------------------------
Finished applying 'set_property' XDC Constraints : Time (s): cpu = 00:00:21 ; elapsed = 00:00:22 . Memory (MB): peak = 2387.094 ; gain = 663.281 ; free physical = 209 ; free virtual = 12001
---------------------------------------------------------------------------------
---------------------------------------------------------------------------------
Finished RTL Optimization Phase 2 : Time (s): cpu = 00:00:21 ; elapsed = 00:00:22 . Memory (MB): peak = 2387.094 ; gain = 663.281 ; free physical = 212 ; free virtual = 12006
---------------------------------------------------------------------------------
---------------------------------------------------------------------------------
Start RTL Component Statistics 
---------------------------------------------------------------------------------
Detailed RTL Component Info : 
+---Adders : 
	   2 Input    6 Bit       Adders := 1     
+---Registers : 
	                6 Bit    Registers := 1     
	                3 Bit    Registers := 3     
	                1 Bit    Registers := 8     
+---Muxes : 
	   2 Input    6 Bit        Muxes := 1     
	   2 Input    1 Bit        Muxes := 1     
---------------------------------------------------------------------------------
Finished RTL Component Statistics 
---------------------------------------------------------------------------------
---------------------------------------------------------------------------------
Start Part Resource Summary
---------------------------------------------------------------------------------
Part Resources:
DSPs: 220 (col length:60)
BRAMs: 280 (col length: RAMB18 60 RAMB36 30)
---------------------------------------------------------------------------------
Finished Part Resource Summary
---------------------------------------------------------------------------------
---------------------------------------------------------------------------------
Start Cross Boundary and Area Optimization
---------------------------------------------------------------------------------
WARNING: [Synth 8-7080] Parallel synthesis criteria is not met
WARNING: [Synth 8-3332] Sequential element (EXT_LPF/ACTIVE_LOW_EXT.ACT_LO_EXT/GENERATE_LEVEL_P_S_CDC.SINGLE_BIT.CROSS_PLEVEL_IN2SCNDRY_s_level_out_d5) is unused and will be removed from module proc_sys_reset.
WARNING: [Synth 8-3332] Sequential element (EXT_LPF/ACTIVE_LOW_EXT.ACT_LO_EXT/GENERATE_LEVEL_P_S_CDC.SINGLE_BIT.CROSS_PLEVEL_IN2SCNDRY_s_level_out_d6) is unused and will be removed from module proc_sys_reset.
WARNING: [Synth 8-3332] Sequential element (EXT_LPF/ACTIVE_LOW_AUX.ACT_LO_AUX/GENERATE_LEVEL_P_S_CDC.SINGLE_BIT.CROSS_PLEVEL_IN2SCNDRY_s_level_out_d5) is unused and will be removed from module proc_sys_reset.
WARNING: [Synth 8-3332] Sequential element (EXT_LPF/ACTIVE_LOW_AUX.ACT_LO_AUX/GENERATE_LEVEL_P_S_CDC.SINGLE_BIT.CROSS_PLEVEL_IN2SCNDRY_s_level_out_d6) is unused and will be removed from module proc_sys_reset.
---------------------------------------------------------------------------------
Finished Cross Boundary and Area Optimization : Time (s): cpu = 00:00:23 ; elapsed = 00:00:24 . Memory (MB): peak = 2387.094 ; gain = 663.281 ; free physical = 291 ; free virtual = 11977
---------------------------------------------------------------------------------
---------------------------------------------------------------------------------
Start Applying XDC Timing Constraints
---------------------------------------------------------------------------------
---------------------------------------------------------------------------------
Finished Applying XDC Timing Constraints : Time (s): cpu = 00:00:32 ; elapsed = 00:00:33 . Memory (MB): peak = 2387.094 ; gain = 663.281 ; free physical = 201 ; free virtual = 11873
---------------------------------------------------------------------------------
---------------------------------------------------------------------------------
Start Timing Optimization
---------------------------------------------------------------------------------
---------------------------------------------------------------------------------
Finished Timing Optimization : Time (s): cpu = 00:00:32 ; elapsed = 00:00:34 . Memory (MB): peak = 2387.094 ; gain = 663.281 ; free physical = 201 ; free virtual = 11873
---------------------------------------------------------------------------------
---------------------------------------------------------------------------------
Start Technology Mapping
---------------------------------------------------------------------------------
---------------------------------------------------------------------------------
Finished Technology Mapping : Time (s): cpu = 00:00:32 ; elapsed = 00:00:34 . Memory (MB): peak = 2387.094 ; gain = 663.281 ; free physical = 178 ; free virtual = 11849
---------------------------------------------------------------------------------
---------------------------------------------------------------------------------
Start IO Insertion
---------------------------------------------------------------------------------
---------------------------------------------------------------------------------
Start Flattening Before IO Insertion
---------------------------------------------------------------------------------
---------------------------------------------------------------------------------
Finished Flattening Before IO Insertion
---------------------------------------------------------------------------------
---------------------------------------------------------------------------------
Start Final Netlist Cleanup
---------------------------------------------------------------------------------
---------------------------------------------------------------------------------
Finished Final Netlist Cleanup
---------------------------------------------------------------------------------
---------------------------------------------------------------------------------
Finished IO Insertion : Time (s): cpu = 00:00:38 ; elapsed = 00:00:40 . Memory (MB): peak = 2387.094 ; gain = 663.281 ; free physical = 266 ; free virtual = 11697
---------------------------------------------------------------------------------
---------------------------------------------------------------------------------
Start Renaming Generated Instances
---------------------------------------------------------------------------------
---------------------------------------------------------------------------------
Finished Renaming Generated Instances : Time (s): cpu = 00:00:38 ; elapsed = 00:00:40 . Memory (MB): peak = 2387.094 ; gain = 663.281 ; free physical = 265 ; free virtual = 11697
---------------------------------------------------------------------------------
---------------------------------------------------------------------------------
Start Rebuilding User Hierarchy
---------------------------------------------------------------------------------
---------------------------------------------------------------------------------
Finished Rebuilding User Hierarchy : Time (s): cpu = 00:00:38 ; elapsed = 00:00:40 . Memory (MB): peak = 2387.094 ; gain = 663.281 ; free physical = 265 ; free virtual = 11697
---------------------------------------------------------------------------------
---------------------------------------------------------------------------------
Start Renaming Generated Ports
---------------------------------------------------------------------------------
---------------------------------------------------------------------------------
Finished Renaming Generated Ports : Time (s): cpu = 00:00:38 ; elapsed = 00:00:40 . Memory (MB): peak = 2387.094 ; gain = 663.281 ; free physical = 265 ; free virtual = 11697
---------------------------------------------------------------------------------
---------------------------------------------------------------------------------
Start Handling Custom Attributes
---------------------------------------------------------------------------------
---------------------------------------------------------------------------------
Finished Handling Custom Attributes : Time (s): cpu = 00:00:38 ; elapsed = 00:00:40 . Memory (MB): peak = 2387.094 ; gain = 663.281 ; free physical = 265 ; free virtual = 11697
---------------------------------------------------------------------------------
---------------------------------------------------------------------------------
Start Renaming Generated Nets
---------------------------------------------------------------------------------
---------------------------------------------------------------------------------
Finished Renaming Generated Nets : Time (s): cpu = 00:00:38 ; elapsed = 00:00:40 . Memory (MB): peak = 2387.094 ; gain = 663.281 ; free physical = 265 ; free virtual = 11697
---------------------------------------------------------------------------------
---------------------------------------------------------------------------------
Start Writing Synthesis Report
---------------------------------------------------------------------------------

Report BlackBoxes: 
+-+--------------+----------+
| |BlackBox name |Instances |
+-+--------------+----------+
+-+--------------+----------+

Report Cell Usage: 
+------+------+------+
|      |Cell  |Count |
+------+------+------+
|1     |LUT1  |     5|
|2     |LUT2  |     9|
|3     |LUT3  |     1|
|4     |LUT4  |     6|
|5     |LUT5  |     3|
|6     |LUT6  |     1|
|7     |SRL16 |     1|
|8     |FDR   |     8|
|9     |FDRE  |    28|
|10    |FDSE  |     4|
+------+------+------+
---------------------------------------------------------------------------------
Finished Writing Synthesis Report : Time (s): cpu = 00:00:38 ; elapsed = 00:00:40 . Memory (MB): peak = 2387.094 ; gain = 663.281 ; free physical = 265 ; free virtual = 11696
---------------------------------------------------------------------------------
Synthesis finished with 0 errors, 0 critical warnings and 5 warnings.
Synthesis Optimization Runtime : Time (s): cpu = 00:00:36 ; elapsed = 00:00:37 . Memory (MB): peak = 2387.094 ; gain = 519.531 ; free physical = 256 ; free virtual = 11699
Synthesis Optimization Complete : Time (s): cpu = 00:00:38 ; elapsed = 00:00:40 . Memory (MB): peak = 2387.102 ; gain = 663.281 ; free physical = 256 ; free virtual = 11699
INFO: [Project 1-571] Translating synthesized netlist
Netlist sorting complete. Time (s): cpu = 00:00:00 ; elapsed = 00:00:00 . Memory (MB): peak = 2387.102 ; gain = 0.000 ; free physical = 256 ; free virtual = 11699
INFO: [Netlist 29-17] Analyzing 9 Unisim elements for replacement
INFO: [Netlist 29-28] Unisim Transformation completed in 0 CPU seconds
INFO: [Project 1-570] Preparing netlist for logic optimization
INFO: [Opt 31-138] Pushed 0 inverter(s) to 0 load pin(s).
Netlist sorting complete. Time (s): cpu = 00:00:00 ; elapsed = 00:00:00 . Memory (MB): peak = 2443.121 ; gain = 0.000 ; free physical = 588 ; free virtual = 12037
INFO: [Project 1-111] Unisim Transformation Summary:
  A total of 9 instances were transformed.
  FDR => FDRE: 8 instances
  SRL16 => SRL16E: 1 instance 

Synth Design complete | Checksum: a22bde42
INFO: [Common 17-83] Releasing license: Synthesis
51 Infos, 10 Warnings, 0 Critical Warnings and 0 Errors encountered.
synth_design completed successfully
synth_design: Time (s): cpu = 00:00:53 ; elapsed = 00:00:48 . Memory (MB): peak = 2443.121 ; gain = 1074.777 ; free physical = 583 ; free virtual = 12034
INFO: [Common 17-2834] synth_design peak Physical Memory [PSS] (MB): overall = 1372.399; main = 985.713; forked = 387.581
INFO: [Common 17-2834] synth_design peak Virtual Memory [VSS] (MB): overall = 3483.934; main = 2443.125; forked = 1096.836
Write ShapeDB Complete: Time (s): cpu = 00:00:00 ; elapsed = 00:00:00 . Memory (MB): peak = 2467.133 ; gain = 0.000 ; free physical = 580 ; free virtual = 12031
INFO: [Common 17-1381] The checkpoint '/home/nothon/fpga2C/ZTurnV2/ZTurnV2.runs/main_design_proc_sys_reset_0_0_synth_1/main_design_proc_sys_reset_0_0.dcp' has been generated.
INFO: [Coretcl 2-1648] Added synthesis output to IP cache for IP main_design_proc_sys_reset_0_0, cache-ID = 39234f7d211d4fab
INFO: [Coretcl 2-1174] Renamed 6 cell refs.
Write ShapeDB Complete: Time (s): cpu = 00:00:00 ; elapsed = 00:00:00 . Memory (MB): peak = 2467.133 ; gain = 0.000 ; free physical = 526 ; free virtual = 11991
INFO: [Common 17-1381] The checkpoint '/home/nothon/fpga2C/ZTurnV2/ZTurnV2.runs/main_design_proc_sys_reset_0_0_synth_1/main_design_proc_sys_reset_0_0.dcp' has been generated.
INFO: [Vivado 12-24828] Executing command : report_utilization -file main_design_proc_sys_reset_0_0_utilization_synth.rpt -pb main_design_proc_sys_reset_0_0_utilization_synth.pb
INFO: [Common 17-206] Exiting Vivado at Fri Jun 21 11:54:56 2024...
