Copyright 1986-2017 Xilinx, Inc. All Rights Reserved.
----------------------------------------------------------------------------------------------
| Tool Version : Vivado v.2017.4 (win64) Build 2086221 Fri Dec 15 20:55:39 MST 2017
| Date         : Thu Feb 15 16:03:13 2018
| Host         : XBEDEFOSSEZ31 running 64-bit major release  (build 9200)
| Command      : report_clock_utilization -file Apps_AdcToplevel_clock_utilization_routed.rpt
| Design       : Apps_AdcToplevel
| Device       : 7k325t-ffg900
| Speed File   : -2  PRODUCTION 1.12 2017-02-17
----------------------------------------------------------------------------------------------

Clock Utilization Report

Table of Contents
-----------------
1. Clock Primitive Utilization
2. Global Clock Resources
3. Global Clock Source Details
4. Clock Regions: Key Resource Utilization
5. Clock Regions : Global Clock Summary
6. Device Cell Placement Summary for Global Clock g0
7. Device Cell Placement Summary for Global Clock g1
8. Device Cell Placement Summary for Global Clock g2
9. Device Cell Placement Summary for Global Clock g3
10. Device Cell Placement Summary for Global Clock g4
11. Clock Region Cell Placement per Global Clock: Region X0Y0
12. Clock Region Cell Placement per Global Clock: Region X0Y1
13. Clock Region Cell Placement per Global Clock: Region X0Y2
14. Clock Region Cell Placement per Global Clock: Region X0Y3
15. Clock Region Cell Placement per Global Clock: Region X0Y4

1. Clock Primitive Utilization
------------------------------

+----------+------+-----------+-----+--------------+--------+
| Type     | Used | Available | LOC | Clock Region | Pblock |
+----------+------+-----------+-----+--------------+--------+
| BUFGCTRL |    4 |        32 |   0 |            0 |      0 |
| BUFH     |    0 |       168 |   0 |            0 |      0 |
| BUFIO    |    1 |        40 |   1 |            0 |      1 |
| BUFMR    |    0 |        20 |   0 |            0 |      0 |
| BUFR     |    1 |        40 |   1 |            0 |      1 |
| MMCM     |    1 |        10 |   1 |            0 |      0 |
| PLL      |    0 |        10 |   0 |            0 |      0 |
+----------+------+-----------+-----+--------------+--------+


2. Global Clock Resources
-------------------------

+-----------+-----------+-----------------+------------+---------------+--------------+-------------------+-------------+-----------------+--------------+-----------------+----------------------------------------------------------------------------------------+------------------------------------------------------------------------+
| Global Id | Source Id | Driver Type/Pin | Constraint | Site          | Clock Region | Load Clock Region | Clock Loads | Non-Clock Loads | Clock Period | Clock           | Driver Pin                                                                             | Net                                                                    |
+-----------+-----------+-----------------+------------+---------------+--------------+-------------------+-------------+-----------------+--------------+-----------------+----------------------------------------------------------------------------------------+------------------------------------------------------------------------+
| g0        | src0      | BUFR/O          | BUFR_X0Y6* | BUFR_X0Y6     | X0Y1         |                 1 |         253 |               0 |        5.000 | AdcBitClkDiv    | Apps_AdcToplevel_I_AdcToplevel/AdcToplevel_I_AdcClock/Gen_Bufr_Div_4.AdcClock_I_Bufr/O | Apps_AdcToplevel_I_AdcToplevel/AdcToplevel_I_AdcClock/BitClk_RefClkOut |
| g1        | src1      | BUFG/O          | None       | BUFGCTRL_X0Y0 | n/a          |                 4 |         152 |               0 |        5.000 | IntMmcm_SysClk1 | Apps_AdcToplevel_I_AppsClock/Mmcm_SysClk1_BUFG_inst/O                                  | Apps_AdcToplevel_I_AppsClock/Mmcm_SysClk1_BUFG                         |
| g2        | src1      | BUFG/O          | None       | BUFGCTRL_X0Y1 | n/a          |                 1 |          78 |               0 |        5.000 | IntMmcm_SysClk3 | Apps_AdcToplevel_I_AppsClock/Mmcm_SysClk3_BUFG_inst/O                                  | Apps_AdcToplevel_I_AppsClock/Mmcm_SysClk3_BUFG                         |
| g3        | src1      | BUFG/O          | None       | BUFGCTRL_X0Y2 | n/a          |                 2 |           7 |               0 |        5.000 | IntSysRefClk    | Apps_AdcToplevel_I_AppsClock/Mmcm_SysClk0_BUFG_inst/O                                  | Apps_AdcToplevel_I_AppsClock/Mmcm_SysClk0_BUFG                         |
| g4        | src2      | BUFG/O          | None       | BUFGCTRL_X0Y3 | n/a          |                 1 |           1 |               0 |       10.000 | SysClk          | IntSysClk_BUFG_inst/O                                                                  | IntSysClk_BUFG                                                         |
+-----------+-----------+-----------------+------------+---------------+--------------+-------------------+-------------+-----------------+--------------+-----------------+----------------------------------------------------------------------------------------+------------------------------------------------------------------------+
* Clock Loads column represents the clock pin loads (pin count)
** Non-Clock Loads column represents the non-clock pin loads (pin count)
*** In Constraint column, symbol '*' indicates multiple constraint types applied to the driver. Please check for potential conflicts.


3. Global Clock Source Details
------------------------------

+-----------+-----------+--------------------+-----------------+-----------------+--------------+-------------+-----------------+---------------------+-----------------+---------------------------------------------------------------------------------+-----------------------------------------------------------------+
| Source Id | Global Id | Driver Type/Pin    | Constraint      | Site            | Clock Region | Clock Loads | Non-Clock Loads | Source Clock Period | Source Clock    | Driver Pin                                                                      | Net                                                             |
+-----------+-----------+--------------------+-----------------+-----------------+--------------+-------------+-----------------+---------------------+-----------------+---------------------------------------------------------------------------------+-----------------------------------------------------------------+
| src0      | g0,       | ISERDESE2/O        | ILOGIC_X0Y76*   | ILOGIC_X0Y76    | X0Y1         |           2 |               0 |               1.250 | AdcBitClk       | Apps_AdcToplevel_I_AdcToplevel/AdcToplevel_I_AdcClock/AdcClock_I_Isrds_Master/O | Apps_AdcToplevel_I_AdcToplevel/AdcToplevel_I_AdcClock/IntBitClk |
| src1      | g3        | MMCME2_ADV/CLKOUT0 | MMCME2_ADV_X0Y1 | MMCME2_ADV_X0Y1 | X0Y1         |           1 |               0 |               5.000 | IntSysRefClk    | Apps_AdcToplevel_I_AppsClock/MmcmClock_I_Mmcm_Adv/CLKOUT0                       | Apps_AdcToplevel_I_AppsClock/Mmcm_SysClk0                       |
| src1      | g1        | MMCME2_ADV/CLKOUT1 | MMCME2_ADV_X0Y1 | MMCME2_ADV_X0Y1 | X0Y1         |           1 |               0 |               5.000 | IntMmcm_SysClk1 | Apps_AdcToplevel_I_AppsClock/MmcmClock_I_Mmcm_Adv/CLKOUT1                       | Apps_AdcToplevel_I_AppsClock/Mmcm_SysClk1                       |
| src1      | g2        | MMCME2_ADV/CLKOUT3 | MMCME2_ADV_X0Y1 | MMCME2_ADV_X0Y1 | X0Y1         |           1 |               0 |               5.000 | IntMmcm_SysClk3 | Apps_AdcToplevel_I_AppsClock/MmcmClock_I_Mmcm_Adv/CLKOUT3                       | Apps_AdcToplevel_I_AppsClock/Mmcm_SysClk3                       |
| src2      | g4        | IBUFDS/O           | IOB_X0Y176      | IOB_X0Y176      | X0Y3         |           1 |               0 |              10.000 | SysClk          | Apps_AdcToplevel_I_Ibuf_SysClk/O                                                | IntSysClk                                                       |
+-----------+-----------+--------------------+-----------------+-----------------+--------------+-------------+-----------------+---------------------+-----------------+---------------------------------------------------------------------------------+-----------------------------------------------------------------+
* Clock Loads column represents the clock pin loads (pin count)
** Non-Clock Loads column represents the non-clock pin loads (pin count)
*** In Constraint column, symbol '*' indicates multiple constraint types applied to the clock source. Please check for potential conflicts.


4. Clock Regions: Key Resource Utilization
------------------------------------------

+-------------------+--------------+--------------+--------------+--------------+--------------+--------------+--------------+--------------+--------------+--------------+--------------+--------------+--------------+--------------+--------------+
|                   | Global Clock |     BUFRs    |    BUFMRs    |    BUFIOs    |     MMCM     |      PLL     |      GT      |      PCI     |    ILOGIC    |    OLOGIC    |      FF      |     LUTM     |    RAMB18    |    RAMB36    |    DSP48E2   |
+-------------------+------+-------+------+-------+------+-------+------+-------+------+-------+------+-------+------+-------+------+-------+------+-------+------+-------+------+-------+------+-------+------+-------+------+-------+------+-------+
| Clock Region Name | Used | Avail | Used | Avail | Used | Avail | Used | Avail | Used | Avail | Used | Avail | Used | Avail | Used | Avail | Used | Avail | Used | Avail | Used | Avail | Used | Avail | Used | Avail | Used | Avail | Used | Avail |
+-------------------+------+-------+------+-------+------+-------+------+-------+------+-------+------+-------+------+-------+------+-------+------+-------+------+-------+------+-------+------+-------+------+-------+------+-------+------+-------+
| X0Y0              |    1 |    12 |    0 |     4 |    0 |     2 |    0 |     4 |    0 |     1 |    0 |     1 |    0 |     0 |    0 |     0 |    0 |    50 |    0 |    50 |    1 |  4000 |    5 |  1150 |    0 |    60 |    0 |    30 |    0 |    60 |
| X1Y0              |    0 |    12 |    0 |     4 |    0 |     2 |    0 |     4 |    0 |     1 |    0 |     1 |    0 |     0 |    0 |     0 |    0 |    50 |    0 |    50 |    0 |  3700 |    0 |  1200 |    0 |    80 |    0 |    40 |    0 |    60 |
| X0Y1              |    6 |    12 |    1 |     4 |    0 |     2 |    1 |     4 |    1 |     1 |    0 |     1 |    0 |     0 |    0 |     0 |   11 |    50 |    0 |    50 |  325 |  4000 |   91 |  1150 |    0 |    60 |    2 |    30 |    0 |    60 |
| X1Y1              |    0 |    12 |    0 |     4 |    0 |     2 |    0 |     4 |    0 |     1 |    0 |     1 |    0 |     0 |    0 |     0 |    0 |    50 |    0 |    50 |    0 |  3700 |    0 |  1200 |    0 |    80 |    0 |    40 |    0 |    60 |
| X0Y2              |    1 |    12 |    0 |     4 |    0 |     2 |    0 |     4 |    0 |     1 |    0 |     1 |    0 |     0 |    0 |     0 |    0 |    50 |    0 |    50 |   35 |  3400 |    0 |  1150 |    0 |    60 |    0 |    30 |    0 |    60 |
| X1Y2              |    0 |    12 |    0 |     4 |    0 |     2 |    0 |     4 |    0 |     1 |    0 |     1 |    0 |     0 |    0 |     0 |    0 |    50 |    0 |    50 |    0 |  3700 |    0 |  1200 |    0 |    80 |    0 |    40 |    0 |    60 |
| X0Y3              |    1 |    12 |    0 |     4 |    0 |     2 |    0 |     4 |    0 |     1 |    0 |     1 |    0 |     0 |    0 |     0 |    0 |    50 |    0 |    50 |   53 |  3400 |    0 |  1150 |    0 |    60 |    0 |    30 |    0 |    60 |
| X1Y3              |    0 |    12 |    0 |     0 |    0 |     0 |    0 |     0 |    0 |     0 |    0 |     0 |    0 |     4 |    0 |     1 |    0 |     0 |    0 |     0 |    0 |  3150 |    0 |  1050 |    0 |    50 |    0 |    25 |    0 |    60 |
| X0Y4              |    1 |    12 |    0 |     4 |    0 |     2 |    0 |     4 |    0 |     1 |    0 |     1 |    0 |     0 |    0 |     0 |    0 |    50 |    0 |    50 |   20 |  4000 |    0 |  1150 |    0 |    60 |    0 |    30 |    0 |    60 |
| X1Y4              |    0 |    12 |    0 |     0 |    0 |     0 |    0 |     0 |    0 |     0 |    0 |     0 |    0 |     4 |    0 |     0 |    0 |     0 |    0 |     0 |    0 |  3300 |    0 |  1100 |    0 |    60 |    0 |    30 |    0 |    60 |
| X0Y5              |    0 |    12 |    0 |     4 |    0 |     2 |    0 |     4 |    0 |     1 |    0 |     1 |    0 |     0 |    0 |     0 |    0 |    50 |    0 |    50 |    0 |  4000 |    0 |  1150 |    0 |    60 |    0 |    30 |    0 |    60 |
| X1Y5              |    0 |    12 |    0 |     0 |    0 |     0 |    0 |     0 |    0 |     0 |    0 |     0 |    0 |     4 |    0 |     0 |    0 |     0 |    0 |     0 |    0 |  3300 |    0 |  1100 |    0 |    60 |    0 |    30 |    0 |    60 |
| X0Y6              |    0 |    12 |    0 |     4 |    0 |     2 |    0 |     4 |    0 |     1 |    0 |     1 |    0 |     0 |    0 |     0 |    0 |    50 |    0 |    50 |    0 |  4000 |    0 |  1150 |    0 |    60 |    0 |    30 |    0 |    60 |
| X1Y6              |    0 |    12 |    0 |     0 |    0 |     0 |    0 |     0 |    0 |     0 |    0 |     0 |    0 |     4 |    0 |     0 |    0 |     0 |    0 |     0 |    0 |  3300 |    0 |  1100 |    0 |    60 |    0 |    30 |    0 |    60 |
+-------------------+------+-------+------+-------+------+-------+------+-------+------+-------+------+-------+------+-------+------+-------+------+-------+------+-------+------+-------+------+-------+------+-------+------+-------+------+-------+
* Global Clock column represents track count; while other columns represents cell counts


5. Clock Regions : Global Clock Summary
---------------------------------------

All Modules
+----+----+----+
|    | X0 | X1 |
+----+----+----+
| Y6 |  0 |  0 |
| Y5 |  0 |  0 |
| Y4 |  1 |  0 |
| Y3 |  1 |  0 |
| Y2 |  1 |  0 |
| Y1 |  6 |  0 |
| Y0 |  1 |  0 |
+----+----+----+


6. Device Cell Placement Summary for Global Clock g0
----------------------------------------------------

+-----------+-----------------+-------------------+--------------+-------------+---------------+-------------+----------+----------------+----------+------------------------------------------------------------------------+
| Global Id | Driver Type/Pin | Driver Region (D) | Clock        | Period (ns) | Waveform (ns) | Slice Loads | IO Loads | Clocking Loads | GT Loads | Net                                                                    |
+-----------+-----------------+-------------------+--------------+-------------+---------------+-------------+----------+----------------+----------+------------------------------------------------------------------------+
| g0        | BUFR/O          | X0Y1              | AdcBitClkDiv |       5.000 | {0.000 2.500} |         210 |       11 |              0 |        0 | Apps_AdcToplevel_I_AdcToplevel/AdcToplevel_I_AdcClock/BitClk_RefClkOut |
+-----------+-----------------+-------------------+--------------+-------------+---------------+-------------+----------+----------------+----------+------------------------------------------------------------------------+
* Logic Loads column represents load cell count of all cell types other than IO, GT and clock resources
** IO Loads column represents load cell count of IO types
*** Clocking Loads column represents load cell count that are clock resources (global clock buffer, MMCM, PLL, etc)
**** GT Loads column represents load cell count of GT types


+----+----------+----+
|    | X0       | X1 |
+----+----------+----+
| Y6 |        0 |  0 |
| Y5 |        0 |  0 |
| Y4 |        0 |  0 |
| Y3 |        0 |  0 |
| Y2 |        0 |  0 |
| Y1 |  (D) 221 |  0 |
| Y0 |        0 |  0 |
+----+----------+----+


7. Device Cell Placement Summary for Global Clock g1
----------------------------------------------------

+-----------+-----------------+-------------------+-----------------+-------------+---------------+-------------+----------+----------------+----------+------------------------------------------------+
| Global Id | Driver Type/Pin | Driver Region (D) | Clock           | Period (ns) | Waveform (ns) | Slice Loads | IO Loads | Clocking Loads | GT Loads | Net                                            |
+-----------+-----------------+-------------------+-----------------+-------------+---------------+-------------+----------+----------------+----------+------------------------------------------------+
| g1        | BUFG/O          | n/a               | IntMmcm_SysClk1 |       5.000 | {0.000 2.500} |         152 |        0 |              0 |        0 | Apps_AdcToplevel_I_AppsClock/Mmcm_SysClk1_BUFG |
+-----------+-----------------+-------------------+-----------------+-------------+---------------+-------------+----------+----------------+----------+------------------------------------------------+
* Logic Loads column represents load cell count of all cell types other than IO, GT and clock resources
** IO Loads column represents load cell count of IO types
*** Clocking Loads column represents load cell count that are clock resources (global clock buffer, MMCM, PLL, etc)
**** GT Loads column represents load cell count of GT types


+----+-----+----+
|    | X0  | X1 |
+----+-----+----+
| Y6 |   0 |  0 |
| Y5 |   0 |  0 |
| Y4 |  20 |  0 |
| Y3 |  53 |  0 |
| Y2 |  35 |  0 |
| Y1 |  44 |  0 |
| Y0 |   0 |  0 |
+----+-----+----+


8. Device Cell Placement Summary for Global Clock g2
----------------------------------------------------

+-----------+-----------------+-------------------+-----------------+-------------+---------------+-------------+----------+----------------+----------+------------------------------------------------+
| Global Id | Driver Type/Pin | Driver Region (D) | Clock           | Period (ns) | Waveform (ns) | Slice Loads | IO Loads | Clocking Loads | GT Loads | Net                                            |
+-----------+-----------------+-------------------+-----------------+-------------+---------------+-------------+----------+----------------+----------+------------------------------------------------+
| g2        | BUFG/O          | n/a               | IntMmcm_SysClk3 |       5.000 | {0.000 2.500} |          78 |        0 |              0 |        0 | Apps_AdcToplevel_I_AppsClock/Mmcm_SysClk3_BUFG |
+-----------+-----------------+-------------------+-----------------+-------------+---------------+-------------+----------+----------------+----------+------------------------------------------------+
* Logic Loads column represents load cell count of all cell types other than IO, GT and clock resources
** IO Loads column represents load cell count of IO types
*** Clocking Loads column represents load cell count that are clock resources (global clock buffer, MMCM, PLL, etc)
**** GT Loads column represents load cell count of GT types


+----+-----+----+
|    | X0  | X1 |
+----+-----+----+
| Y6 |   0 |  0 |
| Y5 |   0 |  0 |
| Y4 |   0 |  0 |
| Y3 |   0 |  0 |
| Y2 |   0 |  0 |
| Y1 |  78 |  0 |
| Y0 |   0 |  0 |
+----+-----+----+


9. Device Cell Placement Summary for Global Clock g3
----------------------------------------------------

+-----------+-----------------+-------------------+--------------+-------------+---------------+-------------+----------+----------------+----------+------------------------------------------------+
| Global Id | Driver Type/Pin | Driver Region (D) | Clock        | Period (ns) | Waveform (ns) | Slice Loads | IO Loads | Clocking Loads | GT Loads | Net                                            |
+-----------+-----------------+-------------------+--------------+-------------+---------------+-------------+----------+----------------+----------+------------------------------------------------+
| g3        | BUFG/O          | n/a               | IntSysRefClk |       5.000 | {0.000 2.500} |           7 |        0 |              0 |        0 | Apps_AdcToplevel_I_AppsClock/Mmcm_SysClk0_BUFG |
+-----------+-----------------+-------------------+--------------+-------------+---------------+-------------+----------+----------------+----------+------------------------------------------------+
* Logic Loads column represents load cell count of all cell types other than IO, GT and clock resources
** IO Loads column represents load cell count of IO types
*** Clocking Loads column represents load cell count that are clock resources (global clock buffer, MMCM, PLL, etc)
**** GT Loads column represents load cell count of GT types


+----+----+----+
|    | X0 | X1 |
+----+----+----+
| Y6 |  0 |  0 |
| Y5 |  0 |  0 |
| Y4 |  0 |  0 |
| Y3 |  0 |  0 |
| Y2 |  0 |  0 |
| Y1 |  1 |  0 |
| Y0 |  6 |  0 |
+----+----+----+


10. Device Cell Placement Summary for Global Clock g4
-----------------------------------------------------

+-----------+-----------------+-------------------+--------+-------------+---------------+-------------+----------+----------------+----------+----------------+
| Global Id | Driver Type/Pin | Driver Region (D) | Clock  | Period (ns) | Waveform (ns) | Slice Loads | IO Loads | Clocking Loads | GT Loads | Net            |
+-----------+-----------------+-------------------+--------+-------------+---------------+-------------+----------+----------------+----------+----------------+
| g4        | BUFG/O          | n/a               | SysClk |      10.000 | {0.000 5.000} |           0 |        0 |              1 |        0 | IntSysClk_BUFG |
+-----------+-----------------+-------------------+--------+-------------+---------------+-------------+----------+----------------+----------+----------------+
* Logic Loads column represents load cell count of all cell types other than IO, GT and clock resources
** IO Loads column represents load cell count of IO types
*** Clocking Loads column represents load cell count that are clock resources (global clock buffer, MMCM, PLL, etc)
**** GT Loads column represents load cell count of GT types


+----+----+----+
|    | X0 | X1 |
+----+----+----+
| Y6 |  0 |  0 |
| Y5 |  0 |  0 |
| Y4 |  0 |  0 |
| Y3 |  0 |  0 |
| Y2 |  0 |  0 |
| Y1 |  1 |  0 |
| Y0 |  0 |  0 |
+----+----+----+


11. Clock Region Cell Placement per Global Clock: Region X0Y0
-------------------------------------------------------------

+-----------+-------+-----------------+------------+-------------+-----------------+----+--------+------+-----+----+------+-----+---------+------------------------------------------------+
| Global Id | Track | Driver Type/Pin | Constraint | Clock Loads | Non-Clock Loads | FF | LUTRAM | RAMB | DSP | GT | MMCM | PLL | Hard IP | Net                                            |
+-----------+-------+-----------------+------------+-------------+-----------------+----+--------+------+-----+----+------+-----+---------+------------------------------------------------+
| g3        | n/a   | BUFG/O          | None       |           6 |               0 |  1 |      5 |    0 |   0 |  0 |    0 |   0 |       0 | Apps_AdcToplevel_I_AppsClock/Mmcm_SysClk0_BUFG |
+-----------+-------+-----------------+------------+-------------+-----------------+----+--------+------+-----+----+------+-----+---------+------------------------------------------------+
* Clock Loads column represents the clock pin loads (pin count)
** Non-Clock Loads column represents the non-clock pin loads (pin count)
*** Columns FF, LUTRAM, RAMB through 'Hard IP' represents load cell counts


12. Clock Region Cell Placement per Global Clock: Region X0Y1
-------------------------------------------------------------

+-----------+-------+-----------------+------------+-------------+-----------------+-----+--------+------+-----+----+------+-----+---------+------------------------------------------------------------------------+
| Global Id | Track | Driver Type/Pin | Constraint | Clock Loads | Non-Clock Loads | FF  | LUTRAM | RAMB | DSP | GT | MMCM | PLL | Hard IP | Net                                                                    |
+-----------+-------+-----------------+------------+-------------+-----------------+-----+--------+------+-----+----+------+-----+---------+------------------------------------------------------------------------+
| g0        | n/a   | BUFR/O          | BUFR_X0Y6* |         221 |               0 | 209 |      0 |    0 |   0 |  0 |    0 |   0 |       0 | Apps_AdcToplevel_I_AdcToplevel/AdcToplevel_I_AdcClock/BitClk_RefClkOut |
| g1        | n/a   | BUFG/O          | None       |          44 |               0 |  42 |      0 |    2 |   0 |  0 |    0 |   0 |       0 | Apps_AdcToplevel_I_AppsClock/Mmcm_SysClk1_BUFG                         |
| g2        | n/a   | BUFG/O          | None       |          78 |               0 |  74 |      2 |    2 |   0 |  0 |    0 |   0 |       0 | Apps_AdcToplevel_I_AppsClock/Mmcm_SysClk3_BUFG                         |
| g3        | n/a   | BUFG/O          | None       |           1 |               0 |   0 |      0 |    0 |   0 |  0 |    0 |   0 |       0 | Apps_AdcToplevel_I_AppsClock/Mmcm_SysClk0_BUFG                         |
| g4        | n/a   | BUFG/O          | None       |           1 |               0 |   0 |      0 |    0 |   0 |  0 |    1 |   0 |       0 | IntSysClk_BUFG                                                         |
+-----------+-------+-----------------+------------+-------------+-----------------+-----+--------+------+-----+----+------+-----+---------+------------------------------------------------------------------------+
* Clock Loads column represents the clock pin loads (pin count)
** Non-Clock Loads column represents the non-clock pin loads (pin count)
*** Columns FF, LUTRAM, RAMB through 'Hard IP' represents load cell counts


13. Clock Region Cell Placement per Global Clock: Region X0Y2
-------------------------------------------------------------

+-----------+-------+-----------------+------------+-------------+-----------------+----+--------+------+-----+----+------+-----+---------+------------------------------------------------+
| Global Id | Track | Driver Type/Pin | Constraint | Clock Loads | Non-Clock Loads | FF | LUTRAM | RAMB | DSP | GT | MMCM | PLL | Hard IP | Net                                            |
+-----------+-------+-----------------+------------+-------------+-----------------+----+--------+------+-----+----+------+-----+---------+------------------------------------------------+
| g1        | n/a   | BUFG/O          | None       |          35 |               0 | 35 |      0 |    0 |   0 |  0 |    0 |   0 |       0 | Apps_AdcToplevel_I_AppsClock/Mmcm_SysClk1_BUFG |
+-----------+-------+-----------------+------------+-------------+-----------------+----+--------+------+-----+----+------+-----+---------+------------------------------------------------+
* Clock Loads column represents the clock pin loads (pin count)
** Non-Clock Loads column represents the non-clock pin loads (pin count)
*** Columns FF, LUTRAM, RAMB through 'Hard IP' represents load cell counts


14. Clock Region Cell Placement per Global Clock: Region X0Y3
-------------------------------------------------------------

+-----------+-------+-----------------+------------+-------------+-----------------+----+--------+------+-----+----+------+-----+---------+------------------------------------------------+
| Global Id | Track | Driver Type/Pin | Constraint | Clock Loads | Non-Clock Loads | FF | LUTRAM | RAMB | DSP | GT | MMCM | PLL | Hard IP | Net                                            |
+-----------+-------+-----------------+------------+-------------+-----------------+----+--------+------+-----+----+------+-----+---------+------------------------------------------------+
| g1        | n/a   | BUFG/O          | None       |          53 |               0 | 53 |      0 |    0 |   0 |  0 |    0 |   0 |       0 | Apps_AdcToplevel_I_AppsClock/Mmcm_SysClk1_BUFG |
+-----------+-------+-----------------+------------+-------------+-----------------+----+--------+------+-----+----+------+-----+---------+------------------------------------------------+
* Clock Loads column represents the clock pin loads (pin count)
** Non-Clock Loads column represents the non-clock pin loads (pin count)
*** Columns FF, LUTRAM, RAMB through 'Hard IP' represents load cell counts


15. Clock Region Cell Placement per Global Clock: Region X0Y4
-------------------------------------------------------------

+-----------+-------+-----------------+------------+-------------+-----------------+----+--------+------+-----+----+------+-----+---------+------------------------------------------------+
| Global Id | Track | Driver Type/Pin | Constraint | Clock Loads | Non-Clock Loads | FF | LUTRAM | RAMB | DSP | GT | MMCM | PLL | Hard IP | Net                                            |
+-----------+-------+-----------------+------------+-------------+-----------------+----+--------+------+-----+----+------+-----+---------+------------------------------------------------+
| g1        | n/a   | BUFG/O          | None       |          20 |               0 | 20 |      0 |    0 |   0 |  0 |    0 |   0 |       0 | Apps_AdcToplevel_I_AppsClock/Mmcm_SysClk1_BUFG |
+-----------+-------+-----------------+------------+-------------+-----------------+----+--------+------+-----+----+------+-----+---------+------------------------------------------------+
* Clock Loads column represents the clock pin loads (pin count)
** Non-Clock Loads column represents the non-clock pin loads (pin count)
*** Columns FF, LUTRAM, RAMB through 'Hard IP' represents load cell counts



# Location of BUFG Primitives 
set_property LOC BUFGCTRL_X0Y3 [get_cells IntSysClk_BUFG_inst]
set_property LOC BUFGCTRL_X0Y1 [get_cells Apps_AdcToplevel_I_AppsClock/Mmcm_SysClk3_BUFG_inst]
set_property LOC BUFGCTRL_X0Y0 [get_cells Apps_AdcToplevel_I_AppsClock/Mmcm_SysClk1_BUFG_inst]
set_property LOC BUFGCTRL_X0Y2 [get_cells Apps_AdcToplevel_I_AppsClock/Mmcm_SysClk0_BUFG_inst]

# Location of BUFIO Primitives 
set_property LOC BUFIO_X0Y6 [get_cells Apps_AdcToplevel_I_AdcToplevel/AdcToplevel_I_AdcClock/AdcClock_I_Bufio]

# Location of BUFR Primitives 
set_property LOC BUFR_X0Y6 [get_cells Apps_AdcToplevel_I_AdcToplevel/AdcToplevel_I_AdcClock/Gen_Bufr_Div_4.AdcClock_I_Bufr]

# Location of IO Primitives which is load of clock spine

# Location of clock ports
set_property LOC IOB_X0Y175 [get_ports Sys_Clk_n_pin]
set_property LOC IOB_X0Y176 [get_ports Sys_Clk_p_pin]

# Clock net "Apps_AdcToplevel_I_AppsClock/Mmcm_SysClk3_BUFG" driven by instance "Apps_AdcToplevel_I_AppsClock/Mmcm_SysClk3_BUFG_inst" located at site "BUFGCTRL_X0Y1"
#startgroup
create_pblock {CLKAG_Apps_AdcToplevel_I_AppsClock/Mmcm_SysClk3_BUFG}
add_cells_to_pblock [get_pblocks  {CLKAG_Apps_AdcToplevel_I_AppsClock/Mmcm_SysClk3_BUFG}] [get_cells -filter { PRIMITIVE_GROUP != I/O && IS_PRIMITIVE==1 && PRIMITIVE_LEVEL !=INTERNAL } -of_object [get_pins -filter {DIRECTION==IN} -of_objects [get_nets -hierarchical -filter {PARENT=="Apps_AdcToplevel_I_AppsClock/Mmcm_SysClk3_BUFG"}]]]
resize_pblock [get_pblocks {CLKAG_Apps_AdcToplevel_I_AppsClock/Mmcm_SysClk3_BUFG}] -add {CLOCKREGION_X0Y0:CLOCKREGION_X0Y0 CLOCKREGION_X0Y1:CLOCKREGION_X0Y1 CLOCKREGION_X0Y2:CLOCKREGION_X0Y2 CLOCKREGION_X0Y3:CLOCKREGION_X0Y3 CLOCKREGION_X0Y4:CLOCKREGION_X0Y4 CLOCKREGION_X0Y5:CLOCKREGION_X0Y5 CLOCKREGION_X0Y6:CLOCKREGION_X0Y6 CLOCKREGION_X1Y0:CLOCKREGION_X1Y0 CLOCKREGION_X1Y1:CLOCKREGION_X1Y1 CLOCKREGION_X1Y2:CLOCKREGION_X1Y2 CLOCKREGION_X1Y3:CLOCKREGION_X1Y3 CLOCKREGION_X1Y4:CLOCKREGION_X1Y4 CLOCKREGION_X1Y5:CLOCKREGION_X1Y5 CLOCKREGION_X1Y6:CLOCKREGION_X1Y6}
#endgroup

# Clock net "Apps_AdcToplevel_I_AppsClock/Mmcm_SysClk1_BUFG" driven by instance "Apps_AdcToplevel_I_AppsClock/Mmcm_SysClk1_BUFG_inst" located at site "BUFGCTRL_X0Y0"
#startgroup
create_pblock {CLKAG_Apps_AdcToplevel_I_AppsClock/Mmcm_SysClk1_BUFG}
add_cells_to_pblock [get_pblocks  {CLKAG_Apps_AdcToplevel_I_AppsClock/Mmcm_SysClk1_BUFG}] [get_cells -filter { PRIMITIVE_GROUP != I/O && IS_PRIMITIVE==1 && PRIMITIVE_LEVEL !=INTERNAL } -of_object [get_pins -filter {DIRECTION==IN} -of_objects [get_nets -hierarchical -filter {PARENT=="Apps_AdcToplevel_I_AppsClock/Mmcm_SysClk1_BUFG"}]]]
resize_pblock [get_pblocks {CLKAG_Apps_AdcToplevel_I_AppsClock/Mmcm_SysClk1_BUFG}] -add {CLOCKREGION_X0Y0:CLOCKREGION_X0Y0 CLOCKREGION_X0Y1:CLOCKREGION_X0Y1 CLOCKREGION_X0Y2:CLOCKREGION_X0Y2 CLOCKREGION_X0Y3:CLOCKREGION_X0Y3 CLOCKREGION_X0Y4:CLOCKREGION_X0Y4 CLOCKREGION_X0Y5:CLOCKREGION_X0Y5 CLOCKREGION_X0Y6:CLOCKREGION_X0Y6 CLOCKREGION_X1Y0:CLOCKREGION_X1Y0 CLOCKREGION_X1Y1:CLOCKREGION_X1Y1 CLOCKREGION_X1Y2:CLOCKREGION_X1Y2 CLOCKREGION_X1Y3:CLOCKREGION_X1Y3 CLOCKREGION_X1Y4:CLOCKREGION_X1Y4 CLOCKREGION_X1Y5:CLOCKREGION_X1Y5 CLOCKREGION_X1Y6:CLOCKREGION_X1Y6}
#endgroup

# Clock net "Apps_AdcToplevel_I_AppsClock/Mmcm_SysClk0_BUFG" driven by instance "Apps_AdcToplevel_I_AppsClock/Mmcm_SysClk0_BUFG_inst" located at site "BUFGCTRL_X0Y2"
#startgroup
create_pblock {CLKAG_Apps_AdcToplevel_I_AppsClock/Mmcm_SysClk0_BUFG}
add_cells_to_pblock [get_pblocks  {CLKAG_Apps_AdcToplevel_I_AppsClock/Mmcm_SysClk0_BUFG}] [get_cells -filter { PRIMITIVE_GROUP != I/O && IS_PRIMITIVE==1 && PRIMITIVE_LEVEL !=INTERNAL } -of_object [get_pins -filter {DIRECTION==IN} -of_objects [get_nets -hierarchical -filter {PARENT=="Apps_AdcToplevel_I_AppsClock/Mmcm_SysClk0_BUFG"}]]]
resize_pblock [get_pblocks {CLKAG_Apps_AdcToplevel_I_AppsClock/Mmcm_SysClk0_BUFG}] -add {CLOCKREGION_X0Y0:CLOCKREGION_X0Y0 CLOCKREGION_X0Y1:CLOCKREGION_X0Y1 CLOCKREGION_X0Y2:CLOCKREGION_X0Y2 CLOCKREGION_X0Y3:CLOCKREGION_X0Y3 CLOCKREGION_X0Y4:CLOCKREGION_X0Y4 CLOCKREGION_X0Y5:CLOCKREGION_X0Y5 CLOCKREGION_X0Y6:CLOCKREGION_X0Y6 CLOCKREGION_X1Y0:CLOCKREGION_X1Y0 CLOCKREGION_X1Y1:CLOCKREGION_X1Y1 CLOCKREGION_X1Y2:CLOCKREGION_X1Y2 CLOCKREGION_X1Y3:CLOCKREGION_X1Y3 CLOCKREGION_X1Y4:CLOCKREGION_X1Y4 CLOCKREGION_X1Y5:CLOCKREGION_X1Y5 CLOCKREGION_X1Y6:CLOCKREGION_X1Y6}
#endgroup

# Clock net "Apps_AdcToplevel_I_AdcToplevel/AdcToplevel_I_AdcClock/BitClk_RefClkOut" driven by instance "Apps_AdcToplevel_I_AdcToplevel/AdcToplevel_I_AdcClock/Gen_Bufr_Div_4.AdcClock_I_Bufr" located at site "BUFR_X0Y6"
#startgroup
create_pblock {CLKAG_Apps_AdcToplevel_I_AdcToplevel/AdcToplevel_I_AdcClock/BitClk_RefClkOut}
add_cells_to_pblock [get_pblocks  {CLKAG_Apps_AdcToplevel_I_AdcToplevel/AdcToplevel_I_AdcClock/BitClk_RefClkOut}] [get_cells -filter { PRIMITIVE_GROUP != I/O && IS_PRIMITIVE==1 && PRIMITIVE_LEVEL !=INTERNAL } -of_object [get_pins -filter {DIRECTION==IN} -of_objects [get_nets -hierarchical -filter {PARENT=="Apps_AdcToplevel_I_AdcToplevel/AdcToplevel_I_AdcClock/BitClk_RefClkOut"}]]]
resize_pblock [get_pblocks {CLKAG_Apps_AdcToplevel_I_AdcToplevel/AdcToplevel_I_AdcClock/BitClk_RefClkOut}] -add {CLOCKREGION_X0Y0:CLOCKREGION_X0Y0 CLOCKREGION_X0Y1:CLOCKREGION_X0Y1 CLOCKREGION_X0Y2:CLOCKREGION_X0Y2 CLOCKREGION_X0Y3:CLOCKREGION_X0Y3 CLOCKREGION_X0Y4:CLOCKREGION_X0Y4 CLOCKREGION_X0Y5:CLOCKREGION_X0Y5 CLOCKREGION_X0Y6:CLOCKREGION_X0Y6 CLOCKREGION_X1Y0:CLOCKREGION_X1Y0 CLOCKREGION_X1Y1:CLOCKREGION_X1Y1 CLOCKREGION_X1Y2:CLOCKREGION_X1Y2 CLOCKREGION_X1Y3:CLOCKREGION_X1Y3 CLOCKREGION_X1Y4:CLOCKREGION_X1Y4 CLOCKREGION_X1Y5:CLOCKREGION_X1Y5 CLOCKREGION_X1Y6:CLOCKREGION_X1Y6}
#endgroup
