

================================================================
== Vitis HLS Report for 'AXIvideo2MultiPixStream_1_Pipeline_loop_wait_for_start'
================================================================
* Date:           Thu Jul 18 12:04:19 2024

* Version:        2024.1 (Build 5069499 on May 21 2024)
* Project:        prj
* Solution:       sol (Vivado IP Flow Target)
* Product family: zynq
* Target device:  xc7z020-clg400-2


================================================================
== Performance Estimates
================================================================
+ Timing: 
    * Summary: 
    +--------+----------+----------+------------+
    |  Clock |  Target  | Estimated| Uncertainty|
    +--------+----------+----------+------------+
    |ap_clk  |  10.00 ns|  3.011 ns|     2.70 ns|
    +--------+----------+----------+------------+

+ Latency: 
    * Summary: 
    +---------+---------+-----------+-----------+-----+-----+-----------------------------------------------+
    |  Latency (cycles) |   Latency (absolute)  |  Interval |                    Pipeline                   |
    |   min   |   max   |    min    |    max    | min | max |                      Type                     |
    +---------+---------+-----------+-----------+-----+-----+-----------------------------------------------+
    |        2|        2|  20.000 ns|  20.000 ns|    1|    1|  loop auto-rewind stp(delay=0 clock cycles(s))|
    +---------+---------+-----------+-----------+-----+-----+-----------------------------------------------+

    + Detail: 
        * Instance: 
        N/A

        * Loop: 
        +-----------------------+---------+---------+----------+-----------+-----------+------+----------+
        |                       |  Latency (cycles) | Iteration|  Initiation Interval  | Trip |          |
        |       Loop Name       |   min   |   max   |  Latency |  achieved |   target  | Count| Pipelined|
        +-----------------------+---------+---------+----------+-----------+-----------+------+----------+
        |- loop_wait_for_start  |        0|        0|         1|          1|          1|     0|       yes|
        +-----------------------+---------+---------+----------+-----------+-----------+------+----------+



================================================================
== Utilization Estimates
================================================================
* Summary: 
+-----------------+---------+-----+--------+-------+-----+
|       Name      | BRAM_18K| DSP |   FF   |  LUT  | URAM|
+-----------------+---------+-----+--------+-------+-----+
|DSP              |        -|    -|       -|      -|    -|
|Expression       |        -|    -|       0|      1|    -|
|FIFO             |        -|    -|       -|      -|    -|
|Instance         |        -|    -|       -|      -|    -|
|Memory           |        -|    -|       -|      -|    -|
|Multiplexer      |        -|    -|       0|     36|    -|
|Register         |        -|    -|       4|      -|    -|
+-----------------+---------+-----+--------+-------+-----+
|Total            |        0|    0|       4|     37|    0|
+-----------------+---------+-----+--------+-------+-----+
|Available        |      280|  220|  106400|  53200|    0|
+-----------------+---------+-----+--------+-------+-----+
|Utilization (%)  |        0|    0|      ~0|     ~0|    0|
+-----------------+---------+-----+--------+-------+-----+

+ Detail: 
    * Instance: 
    N/A

    * DSP: 
    N/A

    * Memory: 
    N/A

    * FIFO: 
    N/A

    * Expression: 
    +----------------------------------+----------+----+---+----+------------+------------+
    |           Variable Name          | Operation| DSP| FF| LUT| Bitwidth P0| Bitwidth P1|
    +----------------------------------+----------+----+---+----+------------+------------+
    |ap_block_state1_pp0_stage0_iter0  |        or|   0|  0|   1|           1|           1|
    +----------------------------------+----------+----+---+----+------------+------------+
    |Total                             |          |   0|  0|   1|           1|           1|
    +----------------------------------+----------+----+---+----+------------+------------+

    * Multiplexer: 
    +-----------------------------+----+-----------+-----+-----------+
    |             Name            | LUT| Input Size| Bits| Total Bits|
    +-----------------------------+----+-----------+-----+-----------+
    |ap_done_int                  |   9|          2|    1|          2|
    |ap_phi_mux_sof_phi_fu_86_p4  |   9|          2|    1|          2|
    |axi_data_out                 |   9|          2|   24|         48|
    |s_axis_video_TDATA_blk_n     |   9|          2|    1|          2|
    +-----------------------------+----+-----------+-----+-----------+
    |Total                        |  36|          8|   27|         54|
    +-----------------------------+----+-----------+-----+-----------+

    * Register: 
    +----------------+---+----+-----+-----------+
    |      Name      | FF| LUT| Bits| Const Bits|
    +----------------+---+----+-----+-----------+
    |ap_CS_fsm       |  1|   0|    1|          0|
    |ap_done_reg     |  1|   0|    1|          0|
    |axi_last_fu_54  |  1|   0|    1|          0|
    |sof_reg_83      |  1|   0|    1|          0|
    +----------------+---+----+-----+-----------+
    |Total           |  4|   0|    4|          0|
    +----------------+---+----+-----+-----------+



================================================================
== Interface
================================================================
* Summary: 
+---------------------+-----+-----+------------+--------------------------------------------------------+--------------+
|      RTL Ports      | Dir | Bits|  Protocol  |                      Source Object                     |    C Type    |
+---------------------+-----+-----+------------+--------------------------------------------------------+--------------+
|ap_clk               |   in|    1|  ap_ctrl_hs|  AXIvideo2MultiPixStream.1_Pipeline_loop_wait_for_start|  return value|
|ap_rst               |   in|    1|  ap_ctrl_hs|  AXIvideo2MultiPixStream.1_Pipeline_loop_wait_for_start|  return value|
|ap_start             |   in|    1|  ap_ctrl_hs|  AXIvideo2MultiPixStream.1_Pipeline_loop_wait_for_start|  return value|
|ap_done              |  out|    1|  ap_ctrl_hs|  AXIvideo2MultiPixStream.1_Pipeline_loop_wait_for_start|  return value|
|ap_idle              |  out|    1|  ap_ctrl_hs|  AXIvideo2MultiPixStream.1_Pipeline_loop_wait_for_start|  return value|
|ap_ready             |  out|    1|  ap_ctrl_hs|  AXIvideo2MultiPixStream.1_Pipeline_loop_wait_for_start|  return value|
|s_axis_video_TVALID  |   in|    1|        axis|                                   s_axis_video_V_data_V|       pointer|
|s_axis_video_TDATA   |   in|   24|        axis|                                   s_axis_video_V_data_V|       pointer|
|s_axis_video_TREADY  |  out|    1|        axis|                                   s_axis_video_V_dest_V|       pointer|
|s_axis_video_TDEST   |   in|    1|        axis|                                   s_axis_video_V_dest_V|       pointer|
|s_axis_video_TKEEP   |   in|    3|        axis|                                   s_axis_video_V_keep_V|       pointer|
|s_axis_video_TSTRB   |   in|    3|        axis|                                   s_axis_video_V_strb_V|       pointer|
|s_axis_video_TUSER   |   in|    1|        axis|                                   s_axis_video_V_user_V|       pointer|
|s_axis_video_TLAST   |   in|    1|        axis|                                   s_axis_video_V_last_V|       pointer|
|s_axis_video_TID     |   in|    1|        axis|                                     s_axis_video_V_id_V|       pointer|
|axi_data_out         |  out|   24|      ap_vld|                                            axi_data_out|       pointer|
|axi_data_out_ap_vld  |  out|    1|      ap_vld|                                            axi_data_out|       pointer|
|axi_last_out         |  out|    1|      ap_vld|                                            axi_last_out|       pointer|
|axi_last_out_ap_vld  |  out|    1|      ap_vld|                                            axi_last_out|       pointer|
+---------------------+-----+-----+------------+--------------------------------------------------------+--------------+

============================================================
+ Verbose Summary: Synthesis Manager
============================================================
InlineROM: 1
ExposeGlobal: 0
============================================================
+ Verbose Summary: CDFG Model
============================================================
IsTopModel: 0
ResetActiveHigh: 1
IsCombinational: 2
IsDatapathOnly: 2
HasWiredReturn: 1
HasMFsm: 2
HasVarLatency: 1
IsPipeline: 0
IsRtlPipelined: 0
IsInstanceOverlapped: 0
IsDontTouch: 0
HasImplIP: 0
IsGatedGlobalClock: 0

+ Individual pipeline summary: 
  * Pipeline-0: initiation interval (II) = 1, depth = 1


============================================================
+ Verbose Summary: Schedule
============================================================
* Number of FSM states : 1
* Pipeline : 1
  Pipeline-0 : II = 1, D = 1, States = { 1 }
* Dataflow Pipeline: 0

* FSM state transitions: 
1 --> 

* FSM state operations: 

State 1 <SV = 0> <Delay = 3.01>
ST_1 : Operation 4 [1/1] (0.00ns)   --->   "%axi_last = alloca i32 1"   --->   Operation 4 'alloca' 'axi_last' <Predicate = true> <Delay = 0.00>
ST_1 : Operation 5 [1/1] (0.00ns)   --->   "%specaxissidechannel_ln0 = specaxissidechannel void @_ssdm_op_SpecAXISSideChannel, i24 %s_axis_video_V_data_V, i3 %s_axis_video_V_keep_V, i3 %s_axis_video_V_strb_V, i1 %s_axis_video_V_user_V, i1 %s_axis_video_V_last_V, i1 %s_axis_video_V_id_V, i1 %s_axis_video_V_dest_V, void @empty_19"   --->   Operation 5 'specaxissidechannel' 'specaxissidechannel_ln0' <Predicate = true> <Delay = 0.00>
ST_1 : Operation 6 [1/1] (0.00ns)   --->   "%specinterface_ln0 = specinterface void @_ssdm_op_SpecInterface, i1 %s_axis_video_V_dest_V, void @empty_37, i32 0, i32 0, void @empty_9, i32 0, i32 0, void @empty_48, void @empty_48, void @empty_48, i32 0, i32 0, i32 0, i32 0, void @empty_48, void @empty_48, i32 4294967295, i32 0, i32 0"   --->   Operation 6 'specinterface' 'specinterface_ln0' <Predicate = true> <Delay = 0.00>
ST_1 : Operation 7 [1/1] (0.00ns)   --->   "%specinterface_ln0 = specinterface void @_ssdm_op_SpecInterface, i1 %s_axis_video_V_id_V, void @empty_37, i32 0, i32 0, void @empty_9, i32 0, i32 0, void @empty_48, void @empty_48, void @empty_48, i32 0, i32 0, i32 0, i32 0, void @empty_48, void @empty_48, i32 4294967295, i32 0, i32 0"   --->   Operation 7 'specinterface' 'specinterface_ln0' <Predicate = true> <Delay = 0.00>
ST_1 : Operation 8 [1/1] (0.00ns)   --->   "%specinterface_ln0 = specinterface void @_ssdm_op_SpecInterface, i1 %s_axis_video_V_last_V, void @empty_37, i32 0, i32 0, void @empty_9, i32 0, i32 0, void @empty_48, void @empty_48, void @empty_48, i32 0, i32 0, i32 0, i32 0, void @empty_48, void @empty_48, i32 4294967295, i32 0, i32 0"   --->   Operation 8 'specinterface' 'specinterface_ln0' <Predicate = true> <Delay = 0.00>
ST_1 : Operation 9 [1/1] (0.00ns)   --->   "%specinterface_ln0 = specinterface void @_ssdm_op_SpecInterface, i1 %s_axis_video_V_user_V, void @empty_37, i32 0, i32 0, void @empty_9, i32 0, i32 0, void @empty_48, void @empty_48, void @empty_48, i32 0, i32 0, i32 0, i32 0, void @empty_48, void @empty_48, i32 4294967295, i32 0, i32 0"   --->   Operation 9 'specinterface' 'specinterface_ln0' <Predicate = true> <Delay = 0.00>
ST_1 : Operation 10 [1/1] (0.00ns)   --->   "%specinterface_ln0 = specinterface void @_ssdm_op_SpecInterface, i3 %s_axis_video_V_strb_V, void @empty_37, i32 0, i32 0, void @empty_9, i32 0, i32 0, void @empty_48, void @empty_48, void @empty_48, i32 0, i32 0, i32 0, i32 0, void @empty_48, void @empty_48, i32 4294967295, i32 0, i32 0"   --->   Operation 10 'specinterface' 'specinterface_ln0' <Predicate = true> <Delay = 0.00>
ST_1 : Operation 11 [1/1] (0.00ns)   --->   "%specinterface_ln0 = specinterface void @_ssdm_op_SpecInterface, i3 %s_axis_video_V_keep_V, void @empty_37, i32 0, i32 0, void @empty_9, i32 0, i32 0, void @empty_48, void @empty_48, void @empty_48, i32 0, i32 0, i32 0, i32 0, void @empty_48, void @empty_48, i32 4294967295, i32 0, i32 0"   --->   Operation 11 'specinterface' 'specinterface_ln0' <Predicate = true> <Delay = 0.00>
ST_1 : Operation 12 [1/1] (0.00ns)   --->   "%specinterface_ln0 = specinterface void @_ssdm_op_SpecInterface, i24 %s_axis_video_V_data_V, void @empty_37, i32 0, i32 0, void @empty_9, i32 0, i32 0, void @empty_48, void @empty_48, void @empty_48, i32 0, i32 0, i32 0, i32 0, void @empty_48, void @empty_48, i32 4294967295, i32 0, i32 0"   --->   Operation 12 'specinterface' 'specinterface_ln0' <Predicate = true> <Delay = 0.00>
ST_1 : Operation 13 [1/1] (1.29ns)   --->   "%store_ln3076 = store i24 0, i24 %axi_data_out" [/home/nothon/fpga2C/ZTurnV2/ZTurnV2.runs/main_design_v_mix_0_0_synth_1/prj/sol/.autopilot/db/v_mix.cpp:3076]   --->   Operation 13 'store' 'store_ln3076' <Predicate = true> <Delay = 1.29>
ST_1 : Operation 14 [1/1] (1.29ns)   --->   "%br_ln3093 = br void %while.cond" [/home/nothon/fpga2C/ZTurnV2/ZTurnV2.runs/main_design_v_mix_0_0_synth_1/prj/sol/.autopilot/db/v_mix.cpp:3093]   --->   Operation 14 'br' 'br_ln3093' <Predicate = true> <Delay = 1.29>
ST_1 : Operation 15 [1/1] (0.00ns)   --->   "%sof = phi i1 %axi_user, void %while.body, i1 0, void %newFuncRoot"   --->   Operation 15 'phi' 'sof' <Predicate = true> <Delay = 0.00>
ST_1 : Operation 16 [1/1] (0.00ns)   --->   "%br_ln3093 = br i1 %sof, void %while.body, void %loop_height.exitStub" [/home/nothon/fpga2C/ZTurnV2/ZTurnV2.runs/main_design_v_mix_0_0_synth_1/prj/sol/.autopilot/db/v_mix.cpp:3093]   --->   Operation 16 'br' 'br_ln3093' <Predicate = true> <Delay = 0.00>
ST_1 : Operation 17 [1/1] (0.00ns)   --->   "%specpipeline_ln3095 = specpipeline void @_ssdm_op_SpecPipeline, i32 1, i32 0, i32 0, i32 0, void @empty_48" [/home/nothon/fpga2C/ZTurnV2/ZTurnV2.runs/main_design_v_mix_0_0_synth_1/prj/sol/.autopilot/db/v_mix.cpp:3095]   --->   Operation 17 'specpipeline' 'specpipeline_ln3095' <Predicate = (!sof)> <Delay = 0.00>
ST_1 : Operation 18 [1/1] (0.00ns)   --->   "%speclooptripcount_ln3096 = speclooptripcount void @_ssdm_op_SpecLoopTripCount, i64 0, i64 0, i64 0" [/home/nothon/fpga2C/ZTurnV2/ZTurnV2.runs/main_design_v_mix_0_0_synth_1/prj/sol/.autopilot/db/v_mix.cpp:3096]   --->   Operation 18 'speclooptripcount' 'speclooptripcount_ln3096' <Predicate = (!sof)> <Delay = 0.00>
ST_1 : Operation 19 [1/1] (0.00ns)   --->   "%specloopname_ln3093 = specloopname void @_ssdm_op_SpecLoopName, void @empty_2" [/home/nothon/fpga2C/ZTurnV2/ZTurnV2.runs/main_design_v_mix_0_0_synth_1/prj/sol/.autopilot/db/v_mix.cpp:3093]   --->   Operation 19 'specloopname' 'specloopname_ln3093' <Predicate = (!sof)> <Delay = 0.00>
ST_1 : Operation 20 [1/1] (0.41ns)   --->   "%empty = read i34 @_ssdm_op_Read.axis.volatile.i24P0A.i3P0A.i3P0A.i1P0A.i1P0A.i1P0A.i1P0A, i24 %s_axis_video_V_data_V, i3 %s_axis_video_V_keep_V, i3 %s_axis_video_V_strb_V, i1 %s_axis_video_V_user_V, i1 %s_axis_video_V_last_V, i1 %s_axis_video_V_id_V, i1 %s_axis_video_V_dest_V" [/home/nothon/fpga2C/ZTurnV2/ZTurnV2.runs/main_design_v_mix_0_0_synth_1/prj/sol/.autopilot/db/v_mix.cpp:3097]   --->   Operation 20 'read' 'empty' <Predicate = (!sof)> <Delay = 0.41> <CoreInst = "regslice">   --->   Core 136 'regslice' <Latency = 0> <II = 1> <Delay = 1.52> <Adapter> <Opcode : 'read' 'write'>
ST_1 : Operation 21 [1/1] (0.00ns)   --->   "%axi_data = extractvalue i34 %empty" [/home/nothon/fpga2C/ZTurnV2/ZTurnV2.runs/main_design_v_mix_0_0_synth_1/prj/sol/.autopilot/db/v_mix.cpp:3097]   --->   Operation 21 'extractvalue' 'axi_data' <Predicate = (!sof)> <Delay = 0.00>
ST_1 : Operation 22 [1/1] (0.00ns)   --->   "%axi_user = extractvalue i34 %empty" [/home/nothon/fpga2C/ZTurnV2/ZTurnV2.runs/main_design_v_mix_0_0_synth_1/prj/sol/.autopilot/db/v_mix.cpp:3097]   --->   Operation 22 'extractvalue' 'axi_user' <Predicate = (!sof)> <Delay = 0.00>
ST_1 : Operation 23 [1/1] (0.00ns)   --->   "%axi_last_15 = extractvalue i34 %empty" [/home/nothon/fpga2C/ZTurnV2/ZTurnV2.runs/main_design_v_mix_0_0_synth_1/prj/sol/.autopilot/db/v_mix.cpp:3097]   --->   Operation 23 'extractvalue' 'axi_last_15' <Predicate = (!sof)> <Delay = 0.00>
ST_1 : Operation 24 [1/1] (1.29ns)   --->   "%store_ln3076 = store i24 %axi_data, i24 %axi_data_out" [/home/nothon/fpga2C/ZTurnV2/ZTurnV2.runs/main_design_v_mix_0_0_synth_1/prj/sol/.autopilot/db/v_mix.cpp:3076]   --->   Operation 24 'store' 'store_ln3076' <Predicate = (!sof)> <Delay = 1.29>
ST_1 : Operation 25 [1/1] (0.00ns)   --->   "%store_ln3093 = store i1 %axi_last_15, i1 %axi_last" [/home/nothon/fpga2C/ZTurnV2/ZTurnV2.runs/main_design_v_mix_0_0_synth_1/prj/sol/.autopilot/db/v_mix.cpp:3093]   --->   Operation 25 'store' 'store_ln3093' <Predicate = (!sof)> <Delay = 0.00>
ST_1 : Operation 26 [1/1] (0.00ns)   --->   "%br_ln3093 = br void %while.cond" [/home/nothon/fpga2C/ZTurnV2/ZTurnV2.runs/main_design_v_mix_0_0_synth_1/prj/sol/.autopilot/db/v_mix.cpp:3093]   --->   Operation 26 'br' 'br_ln3093' <Predicate = (!sof)> <Delay = 0.00>
ST_1 : Operation 27 [1/1] (0.00ns)   --->   "%axi_last_load = load i1 %axi_last"   --->   Operation 27 'load' 'axi_last_load' <Predicate = (sof)> <Delay = 0.00>
ST_1 : Operation 28 [1/1] (0.00ns)   --->   "%write_ln0 = write void @_ssdm_op_Write.ap_auto.i1P0A, i1 %axi_last_out, i1 %axi_last_load"   --->   Operation 28 'write' 'write_ln0' <Predicate = (sof)> <Delay = 0.00>
ST_1 : Operation 29 [1/1] (1.29ns)   --->   "%ret_ln0 = ret"   --->   Operation 29 'ret' 'ret_ln0' <Predicate = (sof)> <Delay = 1.29>


============================================================
+ Verbose Summary: Binding
============================================================
STG Binding: 
---------------- STG Properties BEGIN ----------------
- Is combinational: 0
- Is one-state seq: 0
- Is datapath-only: 0
- Is pipelined: 0
- Is top level: 0
Port [ Return ] is wired: 1; IO mode=ap_ctrl_hs:ce=0
Port [ s_axis_video_V_data_V]:  wired=1; compound=1; hidden=0; nouse=0; global=0; static=0; extern=0; dir=0; type=0; pingpong=0; private_global=0; IO mode=axis:ce=0
Port [ s_axis_video_V_keep_V]:  wired=1; compound=1; hidden=0; nouse=0; global=0; static=0; extern=0; dir=0; type=0; pingpong=0; private_global=0; IO mode=axis:ce=0
Port [ s_axis_video_V_strb_V]:  wired=1; compound=1; hidden=0; nouse=0; global=0; static=0; extern=0; dir=0; type=0; pingpong=0; private_global=0; IO mode=axis:ce=0
Port [ s_axis_video_V_user_V]:  wired=1; compound=1; hidden=0; nouse=0; global=0; static=0; extern=0; dir=0; type=0; pingpong=0; private_global=0; IO mode=axis:ce=0
Port [ s_axis_video_V_last_V]:  wired=1; compound=1; hidden=0; nouse=0; global=0; static=0; extern=0; dir=0; type=0; pingpong=0; private_global=0; IO mode=axis:ce=0
Port [ s_axis_video_V_id_V]:  wired=1; compound=1; hidden=0; nouse=0; global=0; static=0; extern=0; dir=0; type=0; pingpong=0; private_global=0; IO mode=axis:ce=0
Port [ s_axis_video_V_dest_V]:  wired=1; compound=1; hidden=0; nouse=0; global=0; static=0; extern=0; dir=0; type=0; pingpong=0; private_global=0; IO mode=axis:ce=0
Port [ axi_data_out]:  wired=1; compound=0; hidden=0; nouse=0; global=0; static=0; extern=0; dir=1; type=0; pingpong=0; private_global=0; IO mode=ap_vld:ce=0
Port [ axi_last_out]:  wired=1; compound=0; hidden=0; nouse=0; global=0; static=0; extern=0; dir=1; type=0; pingpong=0; private_global=0; IO mode=ap_vld:ce=0
---------------- STG Properties END ------------------

---------------- Datapath Model BEGIN ----------------

<LifeTime>
<method=bitvector/>
axi_last                 (alloca             ) [ 01]
specaxissidechannel_ln0  (specaxissidechannel) [ 00]
specinterface_ln0        (specinterface      ) [ 00]
specinterface_ln0        (specinterface      ) [ 00]
specinterface_ln0        (specinterface      ) [ 00]
specinterface_ln0        (specinterface      ) [ 00]
specinterface_ln0        (specinterface      ) [ 00]
specinterface_ln0        (specinterface      ) [ 00]
specinterface_ln0        (specinterface      ) [ 00]
store_ln3076             (store              ) [ 00]
br_ln3093                (br                 ) [ 00]
sof                      (phi                ) [ 01]
br_ln3093                (br                 ) [ 00]
specpipeline_ln3095      (specpipeline       ) [ 00]
speclooptripcount_ln3096 (speclooptripcount  ) [ 00]
specloopname_ln3093      (specloopname       ) [ 00]
empty                    (read               ) [ 00]
axi_data                 (extractvalue       ) [ 00]
axi_user                 (extractvalue       ) [ 01]
axi_last_15              (extractvalue       ) [ 00]
store_ln3076             (store              ) [ 00]
store_ln3093             (store              ) [ 00]
br_ln3093                (br                 ) [ 01]
axi_last_load            (load               ) [ 00]
write_ln0                (write              ) [ 00]
ret_ln0                  (ret                ) [ 00]
</LifeTime>

<model>

<comp_list>
<comp id="0" class="1000" name="s_axis_video_V_data_V">
<pin_list>
<pin id="1" dir="1" index="0" bw="1" slack="0"/>
</pin_list>
<bind>
<StgValue><ssdm name="s_axis_video_V_data_V"/></StgValue>
</bind>
</comp>

<comp id="2" class="1000" name="s_axis_video_V_keep_V">
<pin_list>
<pin id="3" dir="1" index="0" bw="1" slack="0"/>
</pin_list>
<bind>
<StgValue><ssdm name="s_axis_video_V_keep_V"/></StgValue>
</bind>
</comp>

<comp id="4" class="1000" name="s_axis_video_V_strb_V">
<pin_list>
<pin id="5" dir="1" index="0" bw="1" slack="0"/>
</pin_list>
<bind>
<StgValue><ssdm name="s_axis_video_V_strb_V"/></StgValue>
</bind>
</comp>

<comp id="6" class="1000" name="s_axis_video_V_user_V">
<pin_list>
<pin id="7" dir="1" index="0" bw="1" slack="0"/>
</pin_list>
<bind>
<StgValue><ssdm name="s_axis_video_V_user_V"/></StgValue>
</bind>
</comp>

<comp id="8" class="1000" name="s_axis_video_V_last_V">
<pin_list>
<pin id="9" dir="1" index="0" bw="1" slack="0"/>
</pin_list>
<bind>
<StgValue><ssdm name="s_axis_video_V_last_V"/></StgValue>
</bind>
</comp>

<comp id="10" class="1000" name="s_axis_video_V_id_V">
<pin_list>
<pin id="11" dir="1" index="0" bw="1" slack="0"/>
</pin_list>
<bind>
<StgValue><ssdm name="s_axis_video_V_id_V"/></StgValue>
</bind>
</comp>

<comp id="12" class="1000" name="s_axis_video_V_dest_V">
<pin_list>
<pin id="13" dir="1" index="0" bw="1" slack="0"/>
</pin_list>
<bind>
<StgValue><ssdm name="s_axis_video_V_dest_V"/></StgValue>
</bind>
</comp>

<comp id="14" class="1000" name="axi_data_out">
<pin_list>
<pin id="15" dir="1" index="0" bw="1" slack="0"/>
</pin_list>
<bind>
<StgValue><ssdm name="axi_data_out"/></StgValue>
</bind>
</comp>

<comp id="16" class="1000" name="axi_last_out">
<pin_list>
<pin id="17" dir="1" index="0" bw="1" slack="0"/>
</pin_list>
<bind>
<StgValue><ssdm name="axi_last_out"/></StgValue>
</bind>
</comp>

<comp id="18" class="1001" name="const_18">
<pin_list>
<pin id="19" dir="1" index="0" bw="1" slack="0"/>
</pin_list>
<bind>
<StgValue><ssdm name=""/></StgValue>
</bind>
</comp>

<comp id="20" class="1001" name="const_20">
<pin_list>
<pin id="21" dir="1" index="0" bw="1" slack="2147483647"/>
</pin_list>
<bind>
<StgValue><ssdm name="_ssdm_op_SpecAXISSideChannel"/></StgValue>
</bind>
</comp>

<comp id="22" class="1001" name="const_22">
<pin_list>
<pin id="23" dir="1" index="0" bw="1" slack="2147483647"/>
</pin_list>
<bind>
<StgValue><ssdm name="empty_19"/></StgValue>
</bind>
</comp>

<comp id="24" class="1001" name="const_24">
<pin_list>
<pin id="25" dir="1" index="0" bw="1" slack="2147483647"/>
</pin_list>
<bind>
<StgValue><ssdm name="_ssdm_op_SpecInterface"/></StgValue>
</bind>
</comp>

<comp id="26" class="1001" name="const_26">
<pin_list>
<pin id="27" dir="1" index="0" bw="1" slack="2147483647"/>
</pin_list>
<bind>
<StgValue><ssdm name="empty_37"/></StgValue>
</bind>
</comp>

<comp id="28" class="1001" name="const_28">
<pin_list>
<pin id="29" dir="1" index="0" bw="1" slack="2147483647"/>
</pin_list>
<bind>
<StgValue><ssdm name=""/></StgValue>
</bind>
</comp>

<comp id="30" class="1001" name="const_30">
<pin_list>
<pin id="31" dir="1" index="0" bw="1" slack="2147483647"/>
</pin_list>
<bind>
<StgValue><ssdm name="empty_9"/></StgValue>
</bind>
</comp>

<comp id="32" class="1001" name="const_32">
<pin_list>
<pin id="33" dir="1" index="0" bw="1" slack="2147483647"/>
</pin_list>
<bind>
<StgValue><ssdm name="empty_48"/></StgValue>
</bind>
</comp>

<comp id="34" class="1001" name="const_34">
<pin_list>
<pin id="35" dir="1" index="0" bw="1" slack="2147483647"/>
</pin_list>
<bind>
<StgValue><ssdm name=""/></StgValue>
</bind>
</comp>

<comp id="36" class="1001" name="const_36">
<pin_list>
<pin id="37" dir="1" index="0" bw="1" slack="0"/>
</pin_list>
<bind>
<StgValue><ssdm name=""/></StgValue>
</bind>
</comp>

<comp id="38" class="1001" name="const_38">
<pin_list>
<pin id="39" dir="1" index="0" bw="1" slack="0"/>
</pin_list>
<bind>
<StgValue><ssdm name=""/></StgValue>
</bind>
</comp>

<comp id="40" class="1001" name="const_40">
<pin_list>
<pin id="41" dir="1" index="0" bw="1" slack="2147483647"/>
</pin_list>
<bind>
<StgValue><ssdm name="_ssdm_op_SpecPipeline"/></StgValue>
</bind>
</comp>

<comp id="42" class="1001" name="const_42">
<pin_list>
<pin id="43" dir="1" index="0" bw="1" slack="2147483647"/>
</pin_list>
<bind>
<StgValue><ssdm name="_ssdm_op_SpecLoopTripCount"/></StgValue>
</bind>
</comp>

<comp id="44" class="1001" name="const_44">
<pin_list>
<pin id="45" dir="1" index="0" bw="1" slack="2147483647"/>
</pin_list>
<bind>
<StgValue><ssdm name=""/></StgValue>
</bind>
</comp>

<comp id="46" class="1001" name="const_46">
<pin_list>
<pin id="47" dir="1" index="0" bw="1" slack="2147483647"/>
</pin_list>
<bind>
<StgValue><ssdm name="_ssdm_op_SpecLoopName"/></StgValue>
</bind>
</comp>

<comp id="48" class="1001" name="const_48">
<pin_list>
<pin id="49" dir="1" index="0" bw="1" slack="2147483647"/>
</pin_list>
<bind>
<StgValue><ssdm name="empty_2"/></StgValue>
</bind>
</comp>

<comp id="50" class="1001" name="const_50">
<pin_list>
<pin id="51" dir="1" index="0" bw="1" slack="0"/>
</pin_list>
<bind>
<StgValue><ssdm name="_ssdm_op_Read.axis.volatile.i24P0A.i3P0A.i3P0A.i1P0A.i1P0A.i1P0A.i1P0A"/></StgValue>
</bind>
</comp>

<comp id="52" class="1001" name="const_52">
<pin_list>
<pin id="53" dir="1" index="0" bw="1" slack="0"/>
</pin_list>
<bind>
<StgValue><ssdm name="_ssdm_op_Write.ap_auto.i1P0A"/></StgValue>
</bind>
</comp>

<comp id="54" class="1004" name="axi_last_fu_54">
<pin_list>
<pin id="55" dir="0" index="0" bw="1" slack="0"/>
<pin id="56" dir="1" index="1" bw="1" slack="0"/>
</pin_list>
<bind>
<opcode="alloca(26) " fcode="alloca"/>
<opset="axi_last/1 "/>
</bind>
</comp>

<comp id="58" class="1004" name="empty_read_fu_58">
<pin_list>
<pin id="59" dir="0" index="0" bw="34" slack="0"/>
<pin id="60" dir="0" index="1" bw="24" slack="0"/>
<pin id="61" dir="0" index="2" bw="3" slack="0"/>
<pin id="62" dir="0" index="3" bw="3" slack="0"/>
<pin id="63" dir="0" index="4" bw="1" slack="0"/>
<pin id="64" dir="0" index="5" bw="1" slack="0"/>
<pin id="65" dir="0" index="6" bw="1" slack="0"/>
<pin id="66" dir="0" index="7" bw="1" slack="0"/>
<pin id="67" dir="1" index="8" bw="34" slack="0"/>
</pin_list>
<bind>
<opcode="read(1150) " fcode="read"/>
<opset="empty/1 "/>
</bind>
</comp>

<comp id="76" class="1004" name="write_ln0_write_fu_76">
<pin_list>
<pin id="77" dir="0" index="0" bw="0" slack="0"/>
<pin id="78" dir="0" index="1" bw="1" slack="0"/>
<pin id="79" dir="0" index="2" bw="1" slack="0"/>
<pin id="80" dir="1" index="3" bw="0" slack="2147483647"/>
</pin_list>
<bind>
<opcode="write(1151) " fcode="write"/>
<opset="write_ln0/1 "/>
</bind>
</comp>

<comp id="83" class="1005" name="sof_reg_83">
<pin_list>
<pin id="84" dir="0" index="0" bw="1" slack="2147483647"/>
<pin id="85" dir="1" index="1" bw="1" slack="2147483647"/>
</pin_list>
<bind>
<opset="sof (phireg) "/>
</bind>
</comp>

<comp id="86" class="1004" name="sof_phi_fu_86">
<pin_list>
<pin id="87" dir="0" index="0" bw="1" slack="0"/>
<pin id="88" dir="0" index="1" bw="0" slack="2147483647"/>
<pin id="89" dir="0" index="2" bw="1" slack="0"/>
<pin id="90" dir="0" index="3" bw="0" slack="2147483647"/>
<pin id="91" dir="1" index="4" bw="1" slack="2147483647"/>
</pin_list>
<bind>
<opcode="phi(47) " fcode="phi"/>
<opset="sof/1 "/>
</bind>
</comp>

<comp id="93" class="1004" name="store_ln3076_store_fu_93">
<pin_list>
<pin id="94" dir="0" index="0" bw="1" slack="0"/>
<pin id="95" dir="0" index="1" bw="24" slack="0"/>
<pin id="96" dir="1" index="2" bw="0" slack="2147483647"/>
</pin_list>
<bind>
<opcode="store(28) " fcode="store"/>
<opset="store_ln3076/1 "/>
</bind>
</comp>

<comp id="99" class="1004" name="axi_data_fu_99">
<pin_list>
<pin id="100" dir="0" index="0" bw="34" slack="0"/>
<pin id="101" dir="1" index="1" bw="24" slack="0"/>
</pin_list>
<bind>
<opcode="extractvalue(56) " fcode="extractvalue"/>
<opset="axi_data/1 "/>
</bind>
</comp>

<comp id="103" class="1004" name="axi_user_fu_103">
<pin_list>
<pin id="104" dir="0" index="0" bw="34" slack="0"/>
<pin id="105" dir="1" index="1" bw="1" slack="0"/>
</pin_list>
<bind>
<opcode="extractvalue(56) " fcode="extractvalue"/>
<opset="axi_user/1 "/>
</bind>
</comp>

<comp id="107" class="1004" name="axi_last_15_fu_107">
<pin_list>
<pin id="108" dir="0" index="0" bw="34" slack="0"/>
<pin id="109" dir="1" index="1" bw="1" slack="0"/>
</pin_list>
<bind>
<opcode="extractvalue(56) " fcode="extractvalue"/>
<opset="axi_last_15/1 "/>
</bind>
</comp>

<comp id="111" class="1004" name="store_ln3076_store_fu_111">
<pin_list>
<pin id="112" dir="0" index="0" bw="24" slack="0"/>
<pin id="113" dir="0" index="1" bw="24" slack="0"/>
<pin id="114" dir="1" index="2" bw="0" slack="2147483647"/>
</pin_list>
<bind>
<opcode="store(28) " fcode="store"/>
<opset="store_ln3076/1 "/>
</bind>
</comp>

<comp id="117" class="1004" name="store_ln3093_store_fu_117">
<pin_list>
<pin id="118" dir="0" index="0" bw="1" slack="0"/>
<pin id="119" dir="0" index="1" bw="1" slack="0"/>
<pin id="120" dir="1" index="2" bw="0" slack="2147483647"/>
</pin_list>
<bind>
<opcode="store(28) " fcode="store"/>
<opset="store_ln3093/1 "/>
</bind>
</comp>

<comp id="122" class="1004" name="axi_last_load_load_fu_122">
<pin_list>
<pin id="123" dir="0" index="0" bw="1" slack="0"/>
<pin id="124" dir="1" index="1" bw="1" slack="0"/>
</pin_list>
<bind>
<opcode="load(27) " fcode="load"/>
<opset="axi_last_load/1 "/>
</bind>
</comp>

<comp id="126" class="1005" name="axi_last_reg_126">
<pin_list>
<pin id="127" dir="0" index="0" bw="1" slack="0"/>
<pin id="128" dir="1" index="1" bw="1" slack="0"/>
</pin_list>
<bind>
<opset="axi_last "/>
</bind>
</comp>

<comp id="132" class="1005" name="axi_user_reg_132">
<pin_list>
<pin id="133" dir="0" index="0" bw="1" slack="0"/>
<pin id="134" dir="1" index="1" bw="1" slack="0"/>
</pin_list>
<bind>
<opset="axi_user "/>
</bind>
</comp>

</comp_list>

<net_list>
<net id="57"><net_src comp="18" pin="0"/><net_sink comp="54" pin=0"/></net>

<net id="68"><net_src comp="50" pin="0"/><net_sink comp="58" pin=0"/></net>

<net id="69"><net_src comp="0" pin="0"/><net_sink comp="58" pin=1"/></net>

<net id="70"><net_src comp="2" pin="0"/><net_sink comp="58" pin=2"/></net>

<net id="71"><net_src comp="4" pin="0"/><net_sink comp="58" pin=3"/></net>

<net id="72"><net_src comp="6" pin="0"/><net_sink comp="58" pin=4"/></net>

<net id="73"><net_src comp="8" pin="0"/><net_sink comp="58" pin=5"/></net>

<net id="74"><net_src comp="10" pin="0"/><net_sink comp="58" pin=6"/></net>

<net id="75"><net_src comp="12" pin="0"/><net_sink comp="58" pin=7"/></net>

<net id="81"><net_src comp="52" pin="0"/><net_sink comp="76" pin=0"/></net>

<net id="82"><net_src comp="16" pin="0"/><net_sink comp="76" pin=1"/></net>

<net id="92"><net_src comp="38" pin="0"/><net_sink comp="86" pin=2"/></net>

<net id="97"><net_src comp="36" pin="0"/><net_sink comp="93" pin=0"/></net>

<net id="98"><net_src comp="14" pin="0"/><net_sink comp="93" pin=1"/></net>

<net id="102"><net_src comp="58" pin="8"/><net_sink comp="99" pin=0"/></net>

<net id="106"><net_src comp="58" pin="8"/><net_sink comp="103" pin=0"/></net>

<net id="110"><net_src comp="58" pin="8"/><net_sink comp="107" pin=0"/></net>

<net id="115"><net_src comp="99" pin="1"/><net_sink comp="111" pin=0"/></net>

<net id="116"><net_src comp="14" pin="0"/><net_sink comp="111" pin=1"/></net>

<net id="121"><net_src comp="107" pin="1"/><net_sink comp="117" pin=0"/></net>

<net id="125"><net_src comp="122" pin="1"/><net_sink comp="76" pin=2"/></net>

<net id="129"><net_src comp="54" pin="1"/><net_sink comp="126" pin=0"/></net>

<net id="130"><net_src comp="126" pin="1"/><net_sink comp="117" pin=1"/></net>

<net id="131"><net_src comp="126" pin="1"/><net_sink comp="122" pin=0"/></net>

<net id="135"><net_src comp="103" pin="1"/><net_sink comp="132" pin=0"/></net>

<net id="136"><net_src comp="132" pin="1"/><net_sink comp="86" pin=0"/></net>

</net_list>

</model> 
---------------- Datapath Model END ------------------

* FSMD analyzer results:
  - Output states:
	Port: s_axis_video_V_data_V | {}
	Port: s_axis_video_V_keep_V | {}
	Port: s_axis_video_V_strb_V | {}
	Port: s_axis_video_V_user_V | {}
	Port: s_axis_video_V_last_V | {}
	Port: s_axis_video_V_id_V | {}
	Port: s_axis_video_V_dest_V | {}
	Port: axi_data_out | {1 }
	Port: axi_last_out | {1 }
 - Input state : 
	Port: AXIvideo2MultiPixStream.1_Pipeline_loop_wait_for_start : s_axis_video_V_data_V | {1 }
	Port: AXIvideo2MultiPixStream.1_Pipeline_loop_wait_for_start : s_axis_video_V_keep_V | {1 }
	Port: AXIvideo2MultiPixStream.1_Pipeline_loop_wait_for_start : s_axis_video_V_strb_V | {1 }
	Port: AXIvideo2MultiPixStream.1_Pipeline_loop_wait_for_start : s_axis_video_V_user_V | {1 }
	Port: AXIvideo2MultiPixStream.1_Pipeline_loop_wait_for_start : s_axis_video_V_last_V | {1 }
	Port: AXIvideo2MultiPixStream.1_Pipeline_loop_wait_for_start : s_axis_video_V_id_V | {1 }
	Port: AXIvideo2MultiPixStream.1_Pipeline_loop_wait_for_start : s_axis_video_V_dest_V | {1 }
  - Chain level:
	State 1
		sof : 1
		br_ln3093 : 2
		store_ln3076 : 1
		store_ln3093 : 1
		axi_last_load : 1
		write_ln0 : 2


============================================================
+ Verbose Summary: Datapath Resource usage 
============================================================

* Functional unit list:
|----------|-----------------------|
| Operation|    Functional Unit    |
|----------|-----------------------|
|   read   |    empty_read_fu_58   |
|----------|-----------------------|
|   write  | write_ln0_write_fu_76 |
|----------|-----------------------|
|          |     axi_data_fu_99    |
|extractvalue|    axi_user_fu_103    |
|          |   axi_last_15_fu_107  |
|----------|-----------------------|
|   Total  |                       |
|----------|-----------------------|

Memories:
N/A

* Register list:
+----------------+--------+
|                |   FF   |
+----------------+--------+
|axi_last_reg_126|    1   |
|axi_user_reg_132|    1   |
|   sof_reg_83   |    1   |
+----------------+--------+
|      Total     |    3   |
+----------------+--------+

* Multiplexer (MUX) list: 
|--------|------|------|------|--------|
|  Comp  |  Pin | Size |  BW  | S x BW |
|--------|------|------|------|--------|
|  Total |      |      |      |    0   |
|--------|------|------|------|--------|



* Summary:
+-----------+--------+
|           |   FF   |
+-----------+--------+
|  Function |    -   |
|   Memory  |    -   |
|Multiplexer|    -   |
|  Register |    3   |
+-----------+--------+
|   Total   |    3   |
+-----------+--------+
