

================================================================
== Vitis HLS Report for 'AXIvideo2MultiPixStream_1'
================================================================
* Date:           Thu Jul 18 12:04:15 2024

* Version:        2024.1 (Build 5069499 on May 21 2024)
* Project:        prj
* Solution:       sol (Vivado IP Flow Target)
* Product family: zynq
* Target device:  xc7z020-clg400-2


================================================================
== Performance Estimates
================================================================
+ Timing: 
    * Summary: 
    +--------+----------+----------+------------+
    |  Clock |  Target  | Estimated| Uncertainty|
    +--------+----------+----------+------------+
    |ap_clk  |  10.00 ns|  4.806 ns|     2.70 ns|
    +--------+----------+----------+------------+

+ Latency: 
    * Summary: 
    +---------+---------+-----------+-----------+-----+---------+---------+
    |  Latency (cycles) |   Latency (absolute)  |    Interval   | Pipeline|
    |   min   |   max   |    min    |    max    | min |   max   |   Type  |
    +---------+---------+-----------+-----------+-----+---------+---------+
    |        2|  8316006|  20.000 ns|  83.160 ms|    2|  8316006|       no|
    +---------+---------+-----------+-----------+-----+---------+---------+

    + Detail: 
        * Instance: 
        +-------------------------------------------------------------------+--------------------------------------------------------+---------+---------+-----------+-----------+-----+------+-----------------------------------------------+
        |                                                                   |                                                        |  Latency (cycles) |   Latency (absolute)  |  Interval  |                    Pipeline                   |
        |                              Instance                             |                         Module                         |   min   |   max   |    min    |    max    | min |  max |                      Type                     |
        +-------------------------------------------------------------------+--------------------------------------------------------+---------+---------+-----------+-----------+-----+------+-----------------------------------------------+
        |grp_AXIvideo2MultiPixStream_1_Pipeline_loop_wait_for_start_fu_162  |AXIvideo2MultiPixStream_1_Pipeline_loop_wait_for_start  |        2|        2|  20.000 ns|  20.000 ns|    1|     1|  loop auto-rewind stp(delay=0 clock cycles(s))|
        |grp_AXIvideo2MultiPixStream_1_Pipeline_loop_width_fu_182           |AXIvideo2MultiPixStream_1_Pipeline_loop_width           |        2|     3842|  20.000 ns|  38.420 us|    1|  3841|  loop auto-rewind stp(delay=0 clock cycles(s))|
        |grp_AXIvideo2MultiPixStream_1_Pipeline_loop_wait_for_eol_fu_210    |AXIvideo2MultiPixStream_1_Pipeline_loop_wait_for_eol    |        2|        2|  20.000 ns|  20.000 ns|    1|     1|  loop auto-rewind stp(delay=0 clock cycles(s))|
        |grp_reg_unsigned_short_1_fu_233                                    |reg_unsigned_short_1                                    |        1|        1|  10.000 ns|  10.000 ns|    1|     1|                                            yes|
        |grp_reg_unsigned_short_1_fu_239                                    |reg_unsigned_short_1                                    |        1|        1|  10.000 ns|  10.000 ns|    1|     1|                                            yes|
        +-------------------------------------------------------------------+--------------------------------------------------------+---------+---------+-----------+-----------+-----+------+-----------------------------------------------+

        * Loop: 
        +---------------+---------+---------+-----------+-----------+-----------+----------+----------+
        |               |  Latency (cycles) | Iteration |  Initiation Interval  |   Trip   |          |
        |   Loop Name   |   min   |   max   |  Latency  |  achieved |   target  |   Count  | Pipelined|
        +---------------+---------+---------+-----------+-----------+-----------+----------+----------+
        |- loop_height  |        0|  8316000|  10 ~ 3850|          -|          -|  0 ~ 2160|        no|
        +---------------+---------+---------+-----------+-----------+-----------+----------+----------+

============================================================
+ Verbose Summary: Synthesis Manager
============================================================
InlineROM: 1
ExposeGlobal: 0
============================================================
+ Verbose Summary: CDFG Model
============================================================
IsTopModel: 0
ResetActiveHigh: 1
IsCombinational: 2
IsDatapathOnly: 0
HasWiredReturn: 1
HasMFsm: 0
HasVarLatency: 1
IsPipeline: 0
IsRtlPipelined: 0
IsInstanceOverlapped: 0
IsDontTouch: 0
HasImplIP: 0
IsGatedGlobalClock: 0


============================================================
+ Verbose Summary: Schedule
============================================================
* Number of FSM states : 10
* Pipeline : 0
* Dataflow Pipeline: 0

* FSM state transitions: 
1 --> 2 
2 --> 3 5 
3 --> 4 
4 --> 5 
5 --> 6 
6 --> 7 
7 --> 8 
8 --> 9 
9 --> 10 
10 --> 5 

* FSM state operations: 

State 1 <SV = 0> <Delay = 3.40>
ST_1 : Operation 11 [1/1] (0.00ns)   --->   "%layerEnableFlag_read = read i1 @_ssdm_op_Read.ap_auto.i1, i1 %layerEnableFlag"   --->   Operation 11 'read' 'layerEnableFlag_read' <Predicate = true> <Delay = 0.00>
ST_1 : Operation 12 [1/1] (0.00ns)   --->   "%WidthIn_read = read i12 @_ssdm_op_Read.ap_auto.i12, i12 %WidthIn"   --->   Operation 12 'read' 'WidthIn_read' <Predicate = true> <Delay = 0.00>
ST_1 : Operation 13 [1/1] (0.00ns)   --->   "%Height_read = read i12 @_ssdm_op_Read.ap_auto.i12, i12 %Height"   --->   Operation 13 'read' 'Height_read' <Predicate = true> <Delay = 0.00>
ST_1 : Operation 14 [1/1] (0.00ns)   --->   "%axi_last_4_loc = alloca i32 1"   --->   Operation 14 'alloca' 'axi_last_4_loc' <Predicate = true> <Delay = 0.00>
ST_1 : Operation 15 [1/1] (0.00ns)   --->   "%axi_data_11_loc = alloca i32 1"   --->   Operation 15 'alloca' 'axi_data_11_loc' <Predicate = true> <Delay = 0.00>
ST_1 : Operation 16 [1/1] (0.00ns)   --->   "%eol_loc = alloca i32 1"   --->   Operation 16 'alloca' 'eol_loc' <Predicate = true> <Delay = 0.00>
ST_1 : Operation 17 [1/1] (0.00ns)   --->   "%axi_last_loc = alloca i32 1"   --->   Operation 17 'alloca' 'axi_last_loc' <Predicate = true> <Delay = 0.00>
ST_1 : Operation 18 [1/1] (3.40ns)   --->   "%write_ln0 = write void @_ssdm_op_Write.ap_fifo.i1P0A, i1 %HwReg_layerEnableFlag_0_val_c14, i1 %layerEnableFlag_read"   --->   Operation 18 'write' 'write_ln0' <Predicate = true> <Delay = 3.40> <CoreInst = "FIFO_SRL">   --->   Core 80 'FIFO_SRL' <Latency = 0> <II = 1> <Delay = 3.40> <Storage> <Opcode : 'read' 'write' 'nbread' 'nbwrite'> <Ports = 0> <Width = 1> <Depth = 2> <FIFO>
ST_1 : Operation 19 [2/2] (0.00ns)   --->   "%rows = call i12 @reg<unsigned short>1, i12 %Height_read" [/home/nothon/fpga2C/ZTurnV2/ZTurnV2.runs/main_design_v_mix_0_0_synth_1/prj/sol/.autopilot/db/v_mix.cpp:3080]   --->   Operation 19 'call' 'rows' <Predicate = true> <Delay = 0.00> <CoreType = "Generic">   --->   Core 0 '' <Latency = 0> <II = 1> <Delay = 1.00> <Generic> <Opcode : >
ST_1 : Operation 20 [2/2] (0.00ns)   --->   "%cols = call i12 @reg<unsigned short>1, i12 %WidthIn_read" [/home/nothon/fpga2C/ZTurnV2/ZTurnV2.runs/main_design_v_mix_0_0_synth_1/prj/sol/.autopilot/db/v_mix.cpp:3081]   --->   Operation 20 'call' 'cols' <Predicate = true> <Delay = 0.00> <CoreType = "Generic">   --->   Core 0 '' <Latency = 0> <II = 1> <Delay = 1.00> <Generic> <Opcode : >

State 2 <SV = 1> <Delay = 1.71>
ST_2 : Operation 21 [1/1] (0.00ns)   --->   "%specinterface_ln0 = specinterface void @_ssdm_op_SpecInterface, i1 %HwReg_layerEnableFlag_0_val_c14, void @ap_fifo_str, i32 0, i32 0, void @p_str, i32 0, i32 0, void @p_str, void @p_str, void @p_str, i32 2, i32 2, i32 16, i32 16, void @p_str, void @ScalarProp_str, i32 4294967295, i32 0, i32 0"   --->   Operation 21 'specinterface' 'specinterface_ln0' <Predicate = true> <Delay = 0.00>
ST_2 : Operation 22 [1/1] (0.00ns)   --->   "%specaxissidechannel_ln0 = specaxissidechannel void @_ssdm_op_SpecAXISSideChannel, i24 %s_axis_video_V_data_V, i3 %s_axis_video_V_keep_V, i3 %s_axis_video_V_strb_V, i1 %s_axis_video_V_user_V, i1 %s_axis_video_V_last_V, i1 %s_axis_video_V_id_V, i1 %s_axis_video_V_dest_V, void @empty_19"   --->   Operation 22 'specaxissidechannel' 'specaxissidechannel_ln0' <Predicate = true> <Delay = 0.00>
ST_2 : Operation 23 [1/1] (0.00ns)   --->   "%specstablecontent_ln0 = specstablecontent void @_ssdm_op_SpecStableContent, i12 %Height, void "   --->   Operation 23 'specstablecontent' 'specstablecontent_ln0' <Predicate = true> <Delay = 0.00>
ST_2 : Operation 24 [1/1] (0.00ns)   --->   "%specstablecontent_ln0 = specstablecontent void @_ssdm_op_SpecStableContent, i12 %WidthIn, void "   --->   Operation 24 'specstablecontent' 'specstablecontent_ln0' <Predicate = true> <Delay = 0.00>
ST_2 : Operation 25 [1/1] (0.00ns)   --->   "%specinterface_ln0 = specinterface void @_ssdm_op_SpecInterface, i24 %srcLayer0, void @empty_17, i32 0, i32 0, void @empty_48, i32 0, i32 0, void @empty_48, void @empty_48, void @empty_48, i32 0, i32 0, i32 0, i32 0, void @empty_48, void @empty_48, i32 4294967295, i32 0, i32 0"   --->   Operation 25 'specinterface' 'specinterface_ln0' <Predicate = true> <Delay = 0.00>
ST_2 : Operation 26 [1/1] (0.00ns)   --->   "%specinterface_ln0 = specinterface void @_ssdm_op_SpecInterface, i24 %s_axis_video_V_data_V, i3 %s_axis_video_V_keep_V, i3 %s_axis_video_V_strb_V, i1 %s_axis_video_V_user_V, i1 %s_axis_video_V_last_V, i1 %s_axis_video_V_id_V, i1 %s_axis_video_V_dest_V, void @empty_37, i32 0, i32 0, void @empty_9, i32 0, i32 0, void @empty_48, void @empty_48, void @empty_48, i32 0, i32 0, i32 0, i32 0, void @empty_48, void @empty_48, i32 4294967295, i32 0, i32 0"   --->   Operation 26 'specinterface' 'specinterface_ln0' <Predicate = true> <Delay = 0.00>
ST_2 : Operation 27 [1/2] (0.00ns)   --->   "%rows = call i12 @reg<unsigned short>1, i12 %Height_read" [/home/nothon/fpga2C/ZTurnV2/ZTurnV2.runs/main_design_v_mix_0_0_synth_1/prj/sol/.autopilot/db/v_mix.cpp:3080]   --->   Operation 27 'call' 'rows' <Predicate = true> <Delay = 0.00> <CoreType = "Generic">   --->   Core 0 '' <Latency = 0> <II = 1> <Delay = 1.00> <Generic> <Opcode : >
ST_2 : Operation 28 [1/2] (0.00ns)   --->   "%cols = call i12 @reg<unsigned short>1, i12 %WidthIn_read" [/home/nothon/fpga2C/ZTurnV2/ZTurnV2.runs/main_design_v_mix_0_0_synth_1/prj/sol/.autopilot/db/v_mix.cpp:3081]   --->   Operation 28 'call' 'cols' <Predicate = true> <Delay = 0.00> <CoreType = "Generic">   --->   Core 0 '' <Latency = 0> <II = 1> <Delay = 1.00> <Generic> <Opcode : >
ST_2 : Operation 29 [1/1] (0.00ns)   --->   "%br_ln3090 = br i1 %layerEnableFlag_read, void %if.end73, void %while.cond.preheader" [/home/nothon/fpga2C/ZTurnV2/ZTurnV2.runs/main_design_v_mix_0_0_synth_1/prj/sol/.autopilot/db/v_mix.cpp:3090]   --->   Operation 29 'br' 'br_ln3090' <Predicate = true> <Delay = 0.00>
ST_2 : Operation 30 [1/1] (0.00ns)   --->   "%axi_data = alloca i32 1" [/home/nothon/fpga2C/ZTurnV2/ZTurnV2.runs/main_design_v_mix_0_0_synth_1/prj/sol/.autopilot/db/v_mix.cpp:3076]   --->   Operation 30 'alloca' 'axi_data' <Predicate = (layerEnableFlag_read)> <Delay = 0.00>
ST_2 : Operation 31 [1/1] (0.00ns)   --->   "%i = alloca i32 1" [/home/nothon/fpga2C/ZTurnV2/ZTurnV2.runs/main_design_v_mix_0_0_synth_1/prj/sol/.autopilot/db/v_mix.cpp:3101]   --->   Operation 31 'alloca' 'i' <Predicate = (layerEnableFlag_read)> <Delay = 0.00>
ST_2 : Operation 32 [1/1] (0.00ns)   --->   "%empty = wait i32 @_ssdm_op_Wait"   --->   Operation 32 'wait' 'empty' <Predicate = (layerEnableFlag_read)> <Delay = 0.00>
ST_2 : Operation 33 [2/2] (1.71ns)   --->   "%call_ln0 = call void @AXIvideo2MultiPixStream.1_Pipeline_loop_wait_for_start, i24 %s_axis_video_V_data_V, i3 %s_axis_video_V_keep_V, i3 %s_axis_video_V_strb_V, i1 %s_axis_video_V_user_V, i1 %s_axis_video_V_last_V, i1 %s_axis_video_V_id_V, i1 %s_axis_video_V_dest_V, i24 %axi_data, i1 %axi_last_loc"   --->   Operation 33 'call' 'call_ln0' <Predicate = (layerEnableFlag_read)> <Delay = 1.71> <CoreType = "Generic">   --->   Core 0 '' <Latency = 0> <II = 1> <Delay = 1.00> <Generic> <Opcode : >
ST_2 : Operation 34 [1/1] (1.29ns)   --->   "%store_ln3101 = store i12 0, i12 %i" [/home/nothon/fpga2C/ZTurnV2/ZTurnV2.runs/main_design_v_mix_0_0_synth_1/prj/sol/.autopilot/db/v_mix.cpp:3101]   --->   Operation 34 'store' 'store_ln3101' <Predicate = (layerEnableFlag_read)> <Delay = 1.29>

State 3 <SV = 2> <Delay = 2.59>
ST_3 : Operation 35 [1/2] (2.59ns)   --->   "%call_ln0 = call void @AXIvideo2MultiPixStream.1_Pipeline_loop_wait_for_start, i24 %s_axis_video_V_data_V, i3 %s_axis_video_V_keep_V, i3 %s_axis_video_V_strb_V, i1 %s_axis_video_V_user_V, i1 %s_axis_video_V_last_V, i1 %s_axis_video_V_id_V, i1 %s_axis_video_V_dest_V, i24 %axi_data, i1 %axi_last_loc"   --->   Operation 35 'call' 'call_ln0' <Predicate = true> <Delay = 2.59> <CoreType = "Generic">   --->   Core 0 '' <Latency = 0> <II = 1> <Delay = 1.00> <Generic> <Opcode : >

State 4 <SV = 3> <Delay = 2.34>
ST_4 : Operation 36 [1/1] (0.00ns)   --->   "%axi_last_loc_load = load i1 %axi_last_loc"   --->   Operation 36 'load' 'axi_last_loc_load' <Predicate = true> <Delay = 0.00>
ST_4 : Operation 37 [1/1] (0.00ns)   --->   "%empty_182 = wait i32 @_ssdm_op_Wait"   --->   Operation 37 'wait' 'empty_182' <Predicate = true> <Delay = 0.00>
ST_4 : Operation 38 [1/1] (1.54ns)   --->   "%cmp10301 = icmp_ne  i12 %cols, i12 0" [/home/nothon/fpga2C/ZTurnV2/ZTurnV2.runs/main_design_v_mix_0_0_synth_1/prj/sol/.autopilot/db/v_mix.cpp:3081]   --->   Operation 38 'icmp' 'cmp10301' <Predicate = true> <Delay = 1.54> <CoreInst = "Cmp">   --->   Core 9 'Cmp' <Latency = 0> <II = 1> <Delay = 1.54> <FuncUnit> <Opcode : 'seteq' 'setne' 'setle' 'setge' 'setlt' 'setgt'> <InPorts = 2> <OutPorts = 1>
ST_4 : Operation 39 [1/1] (0.80ns)   --->   "%xor_ln3150 = xor i1 %cmp10301, i1 1" [/home/nothon/fpga2C/ZTurnV2/ZTurnV2.runs/main_design_v_mix_0_0_synth_1/prj/sol/.autopilot/db/v_mix.cpp:3150]   --->   Operation 39 'xor' 'xor_ln3150' <Predicate = true> <Delay = 0.80> <CoreInst = "LogicGate">   --->   Core 74 'LogicGate' <Latency = 0> <II = 1> <Delay = 0.80> <FuncUnit> <Opcode : 'and' 'or' 'xor'> <InPorts = 2> <OutPorts = 1>
ST_4 : Operation 40 [1/1] (1.29ns)   --->   "%br_ln3101 = br void %loop_width" [/home/nothon/fpga2C/ZTurnV2/ZTurnV2.runs/main_design_v_mix_0_0_synth_1/prj/sol/.autopilot/db/v_mix.cpp:3101]   --->   Operation 40 'br' 'br_ln3101' <Predicate = true> <Delay = 1.29>

State 5 <SV = 4> <Delay = 4.80>
ST_5 : Operation 41 [1/1] (0.00ns)   --->   "%sof = phi i1 1, void %while.cond.preheader, i1 %and_ln3150, void %loop_width.split" [/home/nothon/fpga2C/ZTurnV2/ZTurnV2.runs/main_design_v_mix_0_0_synth_1/prj/sol/.autopilot/db/v_mix.cpp:3150]   --->   Operation 41 'phi' 'sof' <Predicate = (layerEnableFlag_read)> <Delay = 0.00>
ST_5 : Operation 42 [1/1] (0.00ns)   --->   "%axi_last_12 = phi i1 %axi_last_loc_load, void %while.cond.preheader, i1 %axi_last_4_loc_load, void %loop_width.split"   --->   Operation 42 'phi' 'axi_last_12' <Predicate = (layerEnableFlag_read)> <Delay = 0.00>
ST_5 : Operation 43 [1/1] (0.00ns)   --->   "%i_5 = load i12 %i" [/home/nothon/fpga2C/ZTurnV2/ZTurnV2.runs/main_design_v_mix_0_0_synth_1/prj/sol/.autopilot/db/v_mix.cpp:3101]   --->   Operation 43 'load' 'i_5' <Predicate = (layerEnableFlag_read)> <Delay = 0.00>
ST_5 : Operation 44 [1/1] (1.54ns)   --->   "%icmp_ln3101 = icmp_eq  i12 %i_5, i12 %rows" [/home/nothon/fpga2C/ZTurnV2/ZTurnV2.runs/main_design_v_mix_0_0_synth_1/prj/sol/.autopilot/db/v_mix.cpp:3101]   --->   Operation 44 'icmp' 'icmp_ln3101' <Predicate = (layerEnableFlag_read)> <Delay = 1.54> <CoreInst = "Cmp">   --->   Core 9 'Cmp' <Latency = 0> <II = 1> <Delay = 1.54> <FuncUnit> <Opcode : 'seteq' 'setne' 'setle' 'setge' 'setlt' 'setgt'> <InPorts = 2> <OutPorts = 1>
ST_5 : Operation 45 [1/1] (0.00ns)   --->   "%speclooptripcount_ln0 = speclooptripcount void @_ssdm_op_SpecLoopTripCount, i64 0, i64 2160, i64 0"   --->   Operation 45 'speclooptripcount' 'speclooptripcount_ln0' <Predicate = (layerEnableFlag_read)> <Delay = 0.00>
ST_5 : Operation 46 [1/1] (1.54ns)   --->   "%i_6 = add i12 %i_5, i12 1" [/home/nothon/fpga2C/ZTurnV2/ZTurnV2.runs/main_design_v_mix_0_0_synth_1/prj/sol/.autopilot/db/v_mix.cpp:3101]   --->   Operation 46 'add' 'i_6' <Predicate = (layerEnableFlag_read)> <Delay = 1.54> <CoreInst = "Adder">   --->   Core 1 'Adder' <Latency = 0> <II = 1> <Delay = 1.54> <FuncUnit> <Opcode : 'add' 'sub'> <InPorts = 2> <OutPorts = 1>
ST_5 : Operation 47 [1/1] (0.00ns)   --->   "%br_ln3101 = br i1 %icmp_ln3101, void %loop_width.split, void %if.end73.loopexit" [/home/nothon/fpga2C/ZTurnV2/ZTurnV2.runs/main_design_v_mix_0_0_synth_1/prj/sol/.autopilot/db/v_mix.cpp:3101]   --->   Operation 47 'br' 'br_ln3101' <Predicate = (layerEnableFlag_read)> <Delay = 0.00>
ST_5 : Operation 48 [1/1] (0.00ns)   --->   "%axi_data_load = load i24 %axi_data"   --->   Operation 48 'load' 'axi_data_load' <Predicate = (layerEnableFlag_read & !icmp_ln3101)> <Delay = 0.00>
ST_5 : Operation 49 [1/1] (0.00ns)   --->   "%empty_183 = wait i32 @_ssdm_op_Wait"   --->   Operation 49 'wait' 'empty_183' <Predicate = (layerEnableFlag_read & !icmp_ln3101)> <Delay = 0.00>
ST_5 : Operation 50 [2/2] (3.25ns)   --->   "%call_ln3150 = call void @AXIvideo2MultiPixStream.1_Pipeline_loop_width, i1 %sof, i1 %axi_last_12, i24 %axi_data_load, i12 %cols, i24 %srcLayer0, i24 %s_axis_video_V_data_V, i3 %s_axis_video_V_keep_V, i3 %s_axis_video_V_strb_V, i1 %s_axis_video_V_user_V, i1 %s_axis_video_V_last_V, i1 %s_axis_video_V_id_V, i1 %s_axis_video_V_dest_V, i1 %eol_loc, i24 %axi_data_11_loc" [/home/nothon/fpga2C/ZTurnV2/ZTurnV2.runs/main_design_v_mix_0_0_synth_1/prj/sol/.autopilot/db/v_mix.cpp:3150]   --->   Operation 50 'call' 'call_ln3150' <Predicate = (layerEnableFlag_read & !icmp_ln3101)> <Delay = 3.25> <CoreType = "Generic">   --->   Core 0 '' <Latency = 0> <II = 1> <Delay = 1.00> <Generic> <Opcode : >
ST_5 : Operation 51 [1/1] (0.80ns)   --->   "%and_ln3150 = and i1 %sof, i1 %xor_ln3150" [/home/nothon/fpga2C/ZTurnV2/ZTurnV2.runs/main_design_v_mix_0_0_synth_1/prj/sol/.autopilot/db/v_mix.cpp:3150]   --->   Operation 51 'and' 'and_ln3150' <Predicate = (layerEnableFlag_read & !icmp_ln3101)> <Delay = 0.80> <CoreInst = "LogicGate">   --->   Core 74 'LogicGate' <Latency = 0> <II = 1> <Delay = 0.80> <FuncUnit> <Opcode : 'and' 'or' 'xor'> <InPorts = 2> <OutPorts = 1>
ST_5 : Operation 52 [1/1] (1.29ns)   --->   "%store_ln3101 = store i12 %i_6, i12 %i" [/home/nothon/fpga2C/ZTurnV2/ZTurnV2.runs/main_design_v_mix_0_0_synth_1/prj/sol/.autopilot/db/v_mix.cpp:3101]   --->   Operation 52 'store' 'store_ln3101' <Predicate = (layerEnableFlag_read & !icmp_ln3101)> <Delay = 1.29>
ST_5 : Operation 53 [1/1] (0.00ns)   --->   "%br_ln0 = br void %if.end73"   --->   Operation 53 'br' 'br_ln0' <Predicate = (layerEnableFlag_read & icmp_ln3101)> <Delay = 0.00>
ST_5 : Operation 54 [1/1] (0.00ns)   --->   "%ret_ln0 = ret"   --->   Operation 54 'ret' 'ret_ln0' <Predicate = (icmp_ln3101) | (!layerEnableFlag_read)> <Delay = 0.00>

State 6 <SV = 5> <Delay = 4.14>
ST_6 : Operation 55 [1/2] (4.14ns)   --->   "%call_ln3150 = call void @AXIvideo2MultiPixStream.1_Pipeline_loop_width, i1 %sof, i1 %axi_last_12, i24 %axi_data_load, i12 %cols, i24 %srcLayer0, i24 %s_axis_video_V_data_V, i3 %s_axis_video_V_keep_V, i3 %s_axis_video_V_strb_V, i1 %s_axis_video_V_user_V, i1 %s_axis_video_V_last_V, i1 %s_axis_video_V_id_V, i1 %s_axis_video_V_dest_V, i1 %eol_loc, i24 %axi_data_11_loc" [/home/nothon/fpga2C/ZTurnV2/ZTurnV2.runs/main_design_v_mix_0_0_synth_1/prj/sol/.autopilot/db/v_mix.cpp:3150]   --->   Operation 55 'call' 'call_ln3150' <Predicate = true> <Delay = 4.14> <CoreType = "Generic">   --->   Core 0 '' <Latency = 0> <II = 1> <Delay = 1.00> <Generic> <Opcode : >

State 7 <SV = 6> <Delay = 0.00>
ST_7 : Operation 56 [1/1] (0.00ns)   --->   "%empty_184 = wait i32 @_ssdm_op_Wait"   --->   Operation 56 'wait' 'empty_184' <Predicate = true> <Delay = 0.00>

State 8 <SV = 7> <Delay = 2.52>
ST_8 : Operation 57 [1/1] (0.00ns)   --->   "%eol_loc_load = load i1 %eol_loc"   --->   Operation 57 'load' 'eol_loc_load' <Predicate = true> <Delay = 0.00>
ST_8 : Operation 58 [1/1] (0.00ns)   --->   "%axi_data_11_loc_load = load i24 %axi_data_11_loc"   --->   Operation 58 'load' 'axi_data_11_loc_load' <Predicate = true> <Delay = 0.00>
ST_8 : Operation 59 [1/1] (0.81ns)   --->   "%select_ln3150 = select i1 %cmp10301, i1 %eol_loc_load, i1 %axi_last_12" [/home/nothon/fpga2C/ZTurnV2/ZTurnV2.runs/main_design_v_mix_0_0_synth_1/prj/sol/.autopilot/db/v_mix.cpp:3150]   --->   Operation 59 'select' 'select_ln3150' <Predicate = true> <Delay = 0.81> <CoreInst = "Sel">   --->   Core 73 'Sel' <Latency = 0> <II = 1> <Delay = 0.81> <FuncUnit> <Opcode : 'select'> <InPorts = 3> <OutPorts = 1>
ST_8 : Operation 60 [1/1] (0.00ns)   --->   "%empty_185 = wait i32 @_ssdm_op_Wait"   --->   Operation 60 'wait' 'empty_185' <Predicate = true> <Delay = 0.00>
ST_8 : Operation 61 [2/2] (1.71ns)   --->   "%call_ln3150 = call void @AXIvideo2MultiPixStream.1_Pipeline_loop_wait_for_eol, i24 %axi_data_11_loc_load, i1 %select_ln3150, i1 %eol_loc_load, i24 %s_axis_video_V_data_V, i3 %s_axis_video_V_keep_V, i3 %s_axis_video_V_strb_V, i1 %s_axis_video_V_user_V, i1 %s_axis_video_V_last_V, i1 %s_axis_video_V_id_V, i1 %s_axis_video_V_dest_V, i24 %axi_data, i1 %axi_last_4_loc" [/home/nothon/fpga2C/ZTurnV2/ZTurnV2.runs/main_design_v_mix_0_0_synth_1/prj/sol/.autopilot/db/v_mix.cpp:3150]   --->   Operation 61 'call' 'call_ln3150' <Predicate = true> <Delay = 1.71> <CoreType = "Generic">   --->   Core 0 '' <Latency = 0> <II = 1> <Delay = 1.00> <Generic> <Opcode : >

State 9 <SV = 8> <Delay = 2.59>
ST_9 : Operation 62 [1/2] (2.59ns)   --->   "%call_ln3150 = call void @AXIvideo2MultiPixStream.1_Pipeline_loop_wait_for_eol, i24 %axi_data_11_loc_load, i1 %select_ln3150, i1 %eol_loc_load, i24 %s_axis_video_V_data_V, i3 %s_axis_video_V_keep_V, i3 %s_axis_video_V_strb_V, i1 %s_axis_video_V_user_V, i1 %s_axis_video_V_last_V, i1 %s_axis_video_V_id_V, i1 %s_axis_video_V_dest_V, i24 %axi_data, i1 %axi_last_4_loc" [/home/nothon/fpga2C/ZTurnV2/ZTurnV2.runs/main_design_v_mix_0_0_synth_1/prj/sol/.autopilot/db/v_mix.cpp:3150]   --->   Operation 62 'call' 'call_ln3150' <Predicate = true> <Delay = 2.59> <CoreType = "Generic">   --->   Core 0 '' <Latency = 0> <II = 1> <Delay = 1.00> <Generic> <Opcode : >

State 10 <SV = 9> <Delay = 0.00>
ST_10 : Operation 63 [1/1] (0.00ns)   --->   "%specloopname_ln3101 = specloopname void @_ssdm_op_SpecLoopName, void @empty_3" [/home/nothon/fpga2C/ZTurnV2/ZTurnV2.runs/main_design_v_mix_0_0_synth_1/prj/sol/.autopilot/db/v_mix.cpp:3101]   --->   Operation 63 'specloopname' 'specloopname_ln3101' <Predicate = true> <Delay = 0.00>
ST_10 : Operation 64 [1/1] (0.00ns)   --->   "%axi_last_4_loc_load = load i1 %axi_last_4_loc"   --->   Operation 64 'load' 'axi_last_4_loc_load' <Predicate = true> <Delay = 0.00>
ST_10 : Operation 65 [1/1] (0.00ns)   --->   "%br_ln3101 = br void %loop_width" [/home/nothon/fpga2C/ZTurnV2/ZTurnV2.runs/main_design_v_mix_0_0_synth_1/prj/sol/.autopilot/db/v_mix.cpp:3101]   --->   Operation 65 'br' 'br_ln3101' <Predicate = true> <Delay = 0.00>


============================================================
+ Verbose Summary: Binding
============================================================
STG Binding: 
---------------- STG Properties BEGIN ----------------
- Is combinational: 0
- Is one-state seq: 0
- Is datapath-only: 0
- Is pipelined: 0
- Is top level: 0
Port [ Return ] is wired: 1; IO mode=ap_ctrl_hs:ce=0
Port [ s_axis_video_V_data_V]:  wired=1; compound=1; hidden=0; nouse=0; global=0; static=0; extern=0; dir=0; type=0; pingpong=0; private_global=0; IO mode=axis:ce=0
Port [ s_axis_video_V_keep_V]:  wired=1; compound=1; hidden=0; nouse=0; global=0; static=0; extern=0; dir=0; type=0; pingpong=0; private_global=0; IO mode=axis:ce=0
Port [ s_axis_video_V_strb_V]:  wired=1; compound=1; hidden=0; nouse=0; global=0; static=0; extern=0; dir=0; type=0; pingpong=0; private_global=0; IO mode=axis:ce=0
Port [ s_axis_video_V_user_V]:  wired=1; compound=1; hidden=0; nouse=0; global=0; static=0; extern=0; dir=0; type=0; pingpong=0; private_global=0; IO mode=axis:ce=0
Port [ s_axis_video_V_last_V]:  wired=1; compound=1; hidden=0; nouse=0; global=0; static=0; extern=0; dir=0; type=0; pingpong=0; private_global=0; IO mode=axis:ce=0
Port [ s_axis_video_V_id_V]:  wired=1; compound=1; hidden=0; nouse=0; global=0; static=0; extern=0; dir=0; type=0; pingpong=0; private_global=0; IO mode=axis:ce=0
Port [ s_axis_video_V_dest_V]:  wired=1; compound=1; hidden=0; nouse=0; global=0; static=0; extern=0; dir=0; type=0; pingpong=0; private_global=0; IO mode=axis:ce=0
Port [ srcLayer0]:  wired=1; compound=1; hidden=0; nouse=0; global=0; static=0; extern=0; dir=1; type=3; pingpong=0; private_global=0; IO mode=ap_fifo:ce=0
Port [ Height]:  wired=1; compound=0; hidden=0; nouse=0; global=0; static=0; extern=0; dir=0; type=0; pingpong=0; private_global=0; IO mode=ap_stable:ce=0
Port [ WidthIn]:  wired=1; compound=0; hidden=0; nouse=0; global=0; static=0; extern=0; dir=0; type=0; pingpong=0; private_global=0; IO mode=ap_stable:ce=0
Port [ layerEnableFlag]:  wired=1; compound=0; hidden=0; nouse=0; global=0; static=0; extern=0; dir=0; type=0; pingpong=0; private_global=0; IO mode=ap_none:ce=0
Port [ HwReg_layerEnableFlag_0_val_c14]:  wired=1; compound=1; hidden=0; nouse=0; global=0; static=0; extern=0; dir=1; type=3; pingpong=0; private_global=0; IO mode=ap_fifo:ce=0
---------------- STG Properties END ------------------

---------------- Datapath Model BEGIN ----------------

<LifeTime>
<method=bitvector/>
layerEnableFlag_read    (read               ) [ 00111111111]
WidthIn_read            (read               ) [ 00000000000]
Height_read             (read               ) [ 00000000000]
axi_last_4_loc          (alloca             ) [ 00111111111]
axi_data_11_loc         (alloca             ) [ 00111111111]
eol_loc                 (alloca             ) [ 00111111111]
axi_last_loc            (alloca             ) [ 00111000000]
write_ln0               (write              ) [ 00000000000]
specinterface_ln0       (specinterface      ) [ 00000000000]
specaxissidechannel_ln0 (specaxissidechannel) [ 00000000000]
specstablecontent_ln0   (specstablecontent  ) [ 00000000000]
specstablecontent_ln0   (specstablecontent  ) [ 00000000000]
specinterface_ln0       (specinterface      ) [ 00000000000]
specinterface_ln0       (specinterface      ) [ 00000000000]
rows                    (call               ) [ 00011111111]
cols                    (call               ) [ 00011111111]
br_ln3090               (br                 ) [ 00000000000]
axi_data                (alloca             ) [ 00111111111]
i                       (alloca             ) [ 00111111111]
empty                   (wait               ) [ 00000000000]
store_ln3101            (store              ) [ 00000000000]
call_ln0                (call               ) [ 00000000000]
axi_last_loc_load       (load               ) [ 00001111111]
empty_182               (wait               ) [ 00000000000]
cmp10301                (icmp               ) [ 00000111111]
xor_ln3150              (xor                ) [ 00000111111]
br_ln3101               (br                 ) [ 00001111111]
sof                     (phi                ) [ 00000110000]
axi_last_12             (phi                ) [ 00000111100]
i_5                     (load               ) [ 00000000000]
icmp_ln3101             (icmp               ) [ 00000111111]
speclooptripcount_ln0   (speclooptripcount  ) [ 00000000000]
i_6                     (add                ) [ 00000000000]
br_ln3101               (br                 ) [ 00000000000]
axi_data_load           (load               ) [ 00000010000]
empty_183               (wait               ) [ 00000000000]
and_ln3150              (and                ) [ 00001111111]
store_ln3101            (store              ) [ 00000000000]
br_ln0                  (br                 ) [ 00000000000]
ret_ln0                 (ret                ) [ 00000000000]
call_ln3150             (call               ) [ 00000000000]
empty_184               (wait               ) [ 00000000000]
eol_loc_load            (load               ) [ 00000000010]
axi_data_11_loc_load    (load               ) [ 00000000010]
select_ln3150           (select             ) [ 00000000010]
empty_185               (wait               ) [ 00000000000]
call_ln3150             (call               ) [ 00000000000]
specloopname_ln3101     (specloopname       ) [ 00000000000]
axi_last_4_loc_load     (load               ) [ 00001111111]
br_ln3101               (br                 ) [ 00001111111]
</LifeTime>

<model>

<comp_list>
<comp id="0" class="1000" name="s_axis_video_V_data_V">
<pin_list>
<pin id="1" dir="1" index="0" bw="1" slack="0"/>
</pin_list>
<bind>
<StgValue><ssdm name="s_axis_video_V_data_V"/></StgValue>
</bind>
</comp>

<comp id="2" class="1000" name="s_axis_video_V_keep_V">
<pin_list>
<pin id="3" dir="1" index="0" bw="1" slack="0"/>
</pin_list>
<bind>
<StgValue><ssdm name="s_axis_video_V_keep_V"/></StgValue>
</bind>
</comp>

<comp id="4" class="1000" name="s_axis_video_V_strb_V">
<pin_list>
<pin id="5" dir="1" index="0" bw="1" slack="0"/>
</pin_list>
<bind>
<StgValue><ssdm name="s_axis_video_V_strb_V"/></StgValue>
</bind>
</comp>

<comp id="6" class="1000" name="s_axis_video_V_user_V">
<pin_list>
<pin id="7" dir="1" index="0" bw="1" slack="0"/>
</pin_list>
<bind>
<StgValue><ssdm name="s_axis_video_V_user_V"/></StgValue>
</bind>
</comp>

<comp id="8" class="1000" name="s_axis_video_V_last_V">
<pin_list>
<pin id="9" dir="1" index="0" bw="1" slack="0"/>
</pin_list>
<bind>
<StgValue><ssdm name="s_axis_video_V_last_V"/></StgValue>
</bind>
</comp>

<comp id="10" class="1000" name="s_axis_video_V_id_V">
<pin_list>
<pin id="11" dir="1" index="0" bw="1" slack="0"/>
</pin_list>
<bind>
<StgValue><ssdm name="s_axis_video_V_id_V"/></StgValue>
</bind>
</comp>

<comp id="12" class="1000" name="s_axis_video_V_dest_V">
<pin_list>
<pin id="13" dir="1" index="0" bw="1" slack="0"/>
</pin_list>
<bind>
<StgValue><ssdm name="s_axis_video_V_dest_V"/></StgValue>
</bind>
</comp>

<comp id="14" class="1000" name="srcLayer0">
<pin_list>
<pin id="15" dir="1" index="0" bw="1" slack="0"/>
</pin_list>
<bind>
<StgValue><ssdm name="srcLayer0"/></StgValue>
</bind>
</comp>

<comp id="16" class="1000" name="Height">
<pin_list>
<pin id="17" dir="1" index="0" bw="1" slack="0"/>
</pin_list>
<bind>
<StgValue><ssdm name="Height"/></StgValue>
</bind>
</comp>

<comp id="18" class="1000" name="WidthIn">
<pin_list>
<pin id="19" dir="1" index="0" bw="1" slack="0"/>
</pin_list>
<bind>
<StgValue><ssdm name="WidthIn"/></StgValue>
</bind>
</comp>

<comp id="20" class="1000" name="layerEnableFlag">
<pin_list>
<pin id="21" dir="1" index="0" bw="1" slack="0"/>
</pin_list>
<bind>
<StgValue><ssdm name="layerEnableFlag"/></StgValue>
</bind>
</comp>

<comp id="22" class="1000" name="HwReg_layerEnableFlag_0_val_c14">
<pin_list>
<pin id="23" dir="1" index="0" bw="1" slack="0"/>
</pin_list>
<bind>
<StgValue><ssdm name="HwReg_layerEnableFlag_0_val_c14"/></StgValue>
</bind>
</comp>

<comp id="24" class="1001" name="const_24">
<pin_list>
<pin id="25" dir="1" index="0" bw="1" slack="0"/>
</pin_list>
<bind>
<StgValue><ssdm name="_ssdm_op_Read.ap_auto.i1"/></StgValue>
</bind>
</comp>

<comp id="26" class="1001" name="const_26">
<pin_list>
<pin id="27" dir="1" index="0" bw="1" slack="0"/>
</pin_list>
<bind>
<StgValue><ssdm name="_ssdm_op_Read.ap_auto.i12"/></StgValue>
</bind>
</comp>

<comp id="28" class="1001" name="const_28">
<pin_list>
<pin id="29" dir="1" index="0" bw="1" slack="0"/>
</pin_list>
<bind>
<StgValue><ssdm name=""/></StgValue>
</bind>
</comp>

<comp id="30" class="1001" name="const_30">
<pin_list>
<pin id="31" dir="1" index="0" bw="1" slack="0"/>
</pin_list>
<bind>
<StgValue><ssdm name="_ssdm_op_Write.ap_fifo.i1P0A"/></StgValue>
</bind>
</comp>

<comp id="32" class="1001" name="const_32">
<pin_list>
<pin id="33" dir="1" index="0" bw="1" slack="0"/>
</pin_list>
<bind>
<StgValue><ssdm name="reg<unsigned short>1"/></StgValue>
</bind>
</comp>

<comp id="34" class="1001" name="const_34">
<pin_list>
<pin id="35" dir="1" index="0" bw="1" slack="2147483647"/>
</pin_list>
<bind>
<StgValue><ssdm name="_ssdm_op_SpecInterface"/></StgValue>
</bind>
</comp>

<comp id="36" class="1001" name="const_36">
<pin_list>
<pin id="37" dir="1" index="0" bw="1" slack="2147483647"/>
</pin_list>
<bind>
<StgValue><ssdm name="ap_fifo_str"/></StgValue>
</bind>
</comp>

<comp id="38" class="1001" name="const_38">
<pin_list>
<pin id="39" dir="1" index="0" bw="1" slack="2147483647"/>
</pin_list>
<bind>
<StgValue><ssdm name=""/></StgValue>
</bind>
</comp>

<comp id="40" class="1001" name="const_40">
<pin_list>
<pin id="41" dir="1" index="0" bw="1" slack="2147483647"/>
</pin_list>
<bind>
<StgValue><ssdm name="p_str"/></StgValue>
</bind>
</comp>

<comp id="42" class="1001" name="const_42">
<pin_list>
<pin id="43" dir="1" index="0" bw="1" slack="2147483647"/>
</pin_list>
<bind>
<StgValue><ssdm name=""/></StgValue>
</bind>
</comp>

<comp id="44" class="1001" name="const_44">
<pin_list>
<pin id="45" dir="1" index="0" bw="1" slack="2147483647"/>
</pin_list>
<bind>
<StgValue><ssdm name=""/></StgValue>
</bind>
</comp>

<comp id="46" class="1001" name="const_46">
<pin_list>
<pin id="47" dir="1" index="0" bw="1" slack="2147483647"/>
</pin_list>
<bind>
<StgValue><ssdm name="ScalarProp_str"/></StgValue>
</bind>
</comp>

<comp id="48" class="1001" name="const_48">
<pin_list>
<pin id="49" dir="1" index="0" bw="1" slack="2147483647"/>
</pin_list>
<bind>
<StgValue><ssdm name=""/></StgValue>
</bind>
</comp>

<comp id="50" class="1001" name="const_50">
<pin_list>
<pin id="51" dir="1" index="0" bw="1" slack="2147483647"/>
</pin_list>
<bind>
<StgValue><ssdm name="_ssdm_op_SpecAXISSideChannel"/></StgValue>
</bind>
</comp>

<comp id="52" class="1001" name="const_52">
<pin_list>
<pin id="53" dir="1" index="0" bw="1" slack="2147483647"/>
</pin_list>
<bind>
<StgValue><ssdm name="empty_19"/></StgValue>
</bind>
</comp>

<comp id="54" class="1001" name="const_54">
<pin_list>
<pin id="55" dir="1" index="0" bw="1" slack="2147483647"/>
</pin_list>
<bind>
<StgValue><ssdm name="_ssdm_op_SpecStableContent"/></StgValue>
</bind>
</comp>

<comp id="56" class="1001" name="const_56">
<pin_list>
<pin id="57" dir="1" index="0" bw="1" slack="2147483647"/>
</pin_list>
<bind>
<StgValue><ssdm name=""/></StgValue>
</bind>
</comp>

<comp id="58" class="1001" name="const_58">
<pin_list>
<pin id="59" dir="1" index="0" bw="1" slack="2147483647"/>
</pin_list>
<bind>
<StgValue><ssdm name="empty_17"/></StgValue>
</bind>
</comp>

<comp id="60" class="1001" name="const_60">
<pin_list>
<pin id="61" dir="1" index="0" bw="1" slack="2147483647"/>
</pin_list>
<bind>
<StgValue><ssdm name="empty_48"/></StgValue>
</bind>
</comp>

<comp id="62" class="1001" name="const_62">
<pin_list>
<pin id="63" dir="1" index="0" bw="1" slack="2147483647"/>
</pin_list>
<bind>
<StgValue><ssdm name="empty_37"/></StgValue>
</bind>
</comp>

<comp id="64" class="1001" name="const_64">
<pin_list>
<pin id="65" dir="1" index="0" bw="1" slack="2147483647"/>
</pin_list>
<bind>
<StgValue><ssdm name="empty_9"/></StgValue>
</bind>
</comp>

<comp id="66" class="1001" name="const_66">
<pin_list>
<pin id="67" dir="1" index="0" bw="1" slack="2147483647"/>
</pin_list>
<bind>
<StgValue><ssdm name="_ssdm_op_Wait"/></StgValue>
</bind>
</comp>

<comp id="68" class="1001" name="const_68">
<pin_list>
<pin id="69" dir="1" index="0" bw="1" slack="0"/>
</pin_list>
<bind>
<StgValue><ssdm name="AXIvideo2MultiPixStream.1_Pipeline_loop_wait_for_start"/></StgValue>
</bind>
</comp>

<comp id="70" class="1001" name="const_70">
<pin_list>
<pin id="71" dir="1" index="0" bw="1" slack="0"/>
</pin_list>
<bind>
<StgValue><ssdm name=""/></StgValue>
</bind>
</comp>

<comp id="72" class="1001" name="const_72">
<pin_list>
<pin id="73" dir="1" index="0" bw="1" slack="0"/>
</pin_list>
<bind>
<StgValue><ssdm name=""/></StgValue>
</bind>
</comp>

<comp id="74" class="1001" name="const_74">
<pin_list>
<pin id="75" dir="1" index="0" bw="1" slack="2147483647"/>
</pin_list>
<bind>
<StgValue><ssdm name="_ssdm_op_SpecLoopTripCount"/></StgValue>
</bind>
</comp>

<comp id="76" class="1001" name="const_76">
<pin_list>
<pin id="77" dir="1" index="0" bw="1" slack="2147483647"/>
</pin_list>
<bind>
<StgValue><ssdm name=""/></StgValue>
</bind>
</comp>

<comp id="78" class="1001" name="const_78">
<pin_list>
<pin id="79" dir="1" index="0" bw="1" slack="2147483647"/>
</pin_list>
<bind>
<StgValue><ssdm name=""/></StgValue>
</bind>
</comp>

<comp id="80" class="1001" name="const_80">
<pin_list>
<pin id="81" dir="1" index="0" bw="1" slack="0"/>
</pin_list>
<bind>
<StgValue><ssdm name=""/></StgValue>
</bind>
</comp>

<comp id="82" class="1001" name="const_82">
<pin_list>
<pin id="83" dir="1" index="0" bw="1" slack="0"/>
</pin_list>
<bind>
<StgValue><ssdm name="AXIvideo2MultiPixStream.1_Pipeline_loop_width"/></StgValue>
</bind>
</comp>

<comp id="84" class="1001" name="const_84">
<pin_list>
<pin id="85" dir="1" index="0" bw="1" slack="0"/>
</pin_list>
<bind>
<StgValue><ssdm name="AXIvideo2MultiPixStream.1_Pipeline_loop_wait_for_eol"/></StgValue>
</bind>
</comp>

<comp id="86" class="1001" name="const_86">
<pin_list>
<pin id="87" dir="1" index="0" bw="1" slack="2147483647"/>
</pin_list>
<bind>
<StgValue><ssdm name="_ssdm_op_SpecLoopName"/></StgValue>
</bind>
</comp>

<comp id="88" class="1001" name="const_88">
<pin_list>
<pin id="89" dir="1" index="0" bw="1" slack="2147483647"/>
</pin_list>
<bind>
<StgValue><ssdm name="empty_3"/></StgValue>
</bind>
</comp>

<comp id="90" class="1004" name="axi_last_4_loc_fu_90">
<pin_list>
<pin id="91" dir="0" index="0" bw="1" slack="0"/>
<pin id="92" dir="1" index="1" bw="1" slack="7"/>
</pin_list>
<bind>
<opcode="alloca(26) " fcode="alloca"/>
<opset="axi_last_4_loc/1 "/>
</bind>
</comp>

<comp id="94" class="1004" name="axi_data_11_loc_fu_94">
<pin_list>
<pin id="95" dir="0" index="0" bw="1" slack="0"/>
<pin id="96" dir="1" index="1" bw="24" slack="4"/>
</pin_list>
<bind>
<opcode="alloca(26) " fcode="alloca"/>
<opset="axi_data_11_loc/1 "/>
</bind>
</comp>

<comp id="98" class="1004" name="eol_loc_fu_98">
<pin_list>
<pin id="99" dir="0" index="0" bw="1" slack="0"/>
<pin id="100" dir="1" index="1" bw="1" slack="4"/>
</pin_list>
<bind>
<opcode="alloca(26) " fcode="alloca"/>
<opset="eol_loc/1 "/>
</bind>
</comp>

<comp id="102" class="1004" name="axi_last_loc_fu_102">
<pin_list>
<pin id="103" dir="0" index="0" bw="1" slack="0"/>
<pin id="104" dir="1" index="1" bw="1" slack="1"/>
</pin_list>
<bind>
<opcode="alloca(26) " fcode="alloca"/>
<opset="axi_last_loc/1 "/>
</bind>
</comp>

<comp id="106" class="1004" name="axi_data_fu_106">
<pin_list>
<pin id="107" dir="0" index="0" bw="1" slack="0"/>
<pin id="108" dir="1" index="1" bw="24" slack="0"/>
</pin_list>
<bind>
<opcode="alloca(26) " fcode="alloca"/>
<opset="axi_data/2 "/>
</bind>
</comp>

<comp id="110" class="1004" name="i_fu_110">
<pin_list>
<pin id="111" dir="0" index="0" bw="1" slack="0"/>
<pin id="112" dir="1" index="1" bw="12" slack="0"/>
</pin_list>
<bind>
<opcode="alloca(26) " fcode="alloca"/>
<opset="i/2 "/>
</bind>
</comp>

<comp id="114" class="1004" name="layerEnableFlag_read_read_fu_114">
<pin_list>
<pin id="115" dir="0" index="0" bw="1" slack="0"/>
<pin id="116" dir="0" index="1" bw="1" slack="0"/>
<pin id="117" dir="1" index="2" bw="1" slack="0"/>
</pin_list>
<bind>
<opcode="read(1150) " fcode="read"/>
<opset="layerEnableFlag_read/1 "/>
</bind>
</comp>

<comp id="120" class="1004" name="WidthIn_read_read_fu_120">
<pin_list>
<pin id="121" dir="0" index="0" bw="12" slack="0"/>
<pin id="122" dir="0" index="1" bw="12" slack="0"/>
<pin id="123" dir="1" index="2" bw="12" slack="0"/>
</pin_list>
<bind>
<opcode="read(1150) " fcode="read"/>
<opset="WidthIn_read/1 "/>
</bind>
</comp>

<comp id="126" class="1004" name="Height_read_read_fu_126">
<pin_list>
<pin id="127" dir="0" index="0" bw="12" slack="0"/>
<pin id="128" dir="0" index="1" bw="12" slack="0"/>
<pin id="129" dir="1" index="2" bw="12" slack="0"/>
</pin_list>
<bind>
<opcode="read(1150) " fcode="read"/>
<opset="Height_read/1 "/>
</bind>
</comp>

<comp id="132" class="1004" name="write_ln0_write_fu_132">
<pin_list>
<pin id="133" dir="0" index="0" bw="0" slack="0"/>
<pin id="134" dir="0" index="1" bw="1" slack="0"/>
<pin id="135" dir="0" index="2" bw="1" slack="0"/>
<pin id="136" dir="1" index="3" bw="0" slack="2147483647"/>
</pin_list>
<bind>
<opcode="write(1151) " fcode="write"/>
<opset="write_ln0/1 "/>
</bind>
</comp>

<comp id="140" class="1005" name="sof_reg_140">
<pin_list>
<pin id="141" dir="0" index="0" bw="1" slack="1"/>
<pin id="142" dir="1" index="1" bw="1" slack="1"/>
</pin_list>
<bind>
<opset="sof (phireg) "/>
</bind>
</comp>

<comp id="144" class="1004" name="sof_phi_fu_144">
<pin_list>
<pin id="145" dir="0" index="0" bw="1" slack="1"/>
<pin id="146" dir="0" index="1" bw="0" slack="2147483647"/>
<pin id="147" dir="0" index="2" bw="1" slack="0"/>
<pin id="148" dir="0" index="3" bw="0" slack="2147483647"/>
<pin id="149" dir="1" index="4" bw="1" slack="0"/>
</pin_list>
<bind>
<opcode="phi(47) " fcode="phi"/>
<opset="sof/5 "/>
</bind>
</comp>

<comp id="152" class="1005" name="axi_last_12_reg_152">
<pin_list>
<pin id="153" dir="0" index="0" bw="1" slack="1"/>
<pin id="154" dir="1" index="1" bw="1" slack="3"/>
</pin_list>
<bind>
<opset="axi_last_12 (phireg) "/>
</bind>
</comp>

<comp id="155" class="1004" name="axi_last_12_phi_fu_155">
<pin_list>
<pin id="156" dir="0" index="0" bw="1" slack="2147483647"/>
<pin id="157" dir="0" index="1" bw="0" slack="2147483647"/>
<pin id="158" dir="0" index="2" bw="1" slack="2147483647"/>
<pin id="159" dir="0" index="3" bw="0" slack="2147483647"/>
<pin id="160" dir="1" index="4" bw="1" slack="0"/>
</pin_list>
<bind>
<opcode="phi(47) " fcode="phi"/>
<opset="axi_last_12/5 "/>
</bind>
</comp>

<comp id="162" class="1004" name="grp_AXIvideo2MultiPixStream_1_Pipeline_loop_wait_for_start_fu_162">
<pin_list>
<pin id="163" dir="0" index="0" bw="0" slack="0"/>
<pin id="164" dir="0" index="1" bw="24" slack="0"/>
<pin id="165" dir="0" index="2" bw="3" slack="0"/>
<pin id="166" dir="0" index="3" bw="3" slack="0"/>
<pin id="167" dir="0" index="4" bw="1" slack="0"/>
<pin id="168" dir="0" index="5" bw="1" slack="0"/>
<pin id="169" dir="0" index="6" bw="1" slack="0"/>
<pin id="170" dir="0" index="7" bw="1" slack="0"/>
<pin id="171" dir="0" index="8" bw="24" slack="0"/>
<pin id="172" dir="0" index="9" bw="1" slack="1"/>
<pin id="173" dir="1" index="10" bw="0" slack="2147483647"/>
</pin_list>
<bind>
<opcode="call(48) " fcode="call"/>
<opset="call_ln0/2 "/>
</bind>
</comp>

<comp id="182" class="1004" name="grp_AXIvideo2MultiPixStream_1_Pipeline_loop_width_fu_182">
<pin_list>
<pin id="183" dir="0" index="0" bw="0" slack="0"/>
<pin id="184" dir="0" index="1" bw="1" slack="0"/>
<pin id="185" dir="0" index="2" bw="1" slack="0"/>
<pin id="186" dir="0" index="3" bw="24" slack="0"/>
<pin id="187" dir="0" index="4" bw="12" slack="3"/>
<pin id="188" dir="0" index="5" bw="24" slack="0"/>
<pin id="189" dir="0" index="6" bw="24" slack="0"/>
<pin id="190" dir="0" index="7" bw="3" slack="0"/>
<pin id="191" dir="0" index="8" bw="3" slack="0"/>
<pin id="192" dir="0" index="9" bw="1" slack="0"/>
<pin id="193" dir="0" index="10" bw="1" slack="0"/>
<pin id="194" dir="0" index="11" bw="1" slack="0"/>
<pin id="195" dir="0" index="12" bw="1" slack="0"/>
<pin id="196" dir="0" index="13" bw="1" slack="4"/>
<pin id="197" dir="0" index="14" bw="24" slack="4"/>
<pin id="198" dir="1" index="15" bw="0" slack="2147483647"/>
</pin_list>
<bind>
<opcode="call(48) " fcode="call"/>
<opset="call_ln3150/5 "/>
</bind>
</comp>

<comp id="210" class="1004" name="grp_AXIvideo2MultiPixStream_1_Pipeline_loop_wait_for_eol_fu_210">
<pin_list>
<pin id="211" dir="0" index="0" bw="0" slack="0"/>
<pin id="212" dir="0" index="1" bw="24" slack="0"/>
<pin id="213" dir="0" index="2" bw="1" slack="0"/>
<pin id="214" dir="0" index="3" bw="1" slack="0"/>
<pin id="215" dir="0" index="4" bw="24" slack="0"/>
<pin id="216" dir="0" index="5" bw="3" slack="0"/>
<pin id="217" dir="0" index="6" bw="3" slack="0"/>
<pin id="218" dir="0" index="7" bw="1" slack="0"/>
<pin id="219" dir="0" index="8" bw="1" slack="0"/>
<pin id="220" dir="0" index="9" bw="1" slack="0"/>
<pin id="221" dir="0" index="10" bw="1" slack="0"/>
<pin id="222" dir="0" index="11" bw="24" slack="6"/>
<pin id="223" dir="0" index="12" bw="1" slack="7"/>
<pin id="224" dir="1" index="13" bw="0" slack="2147483647"/>
</pin_list>
<bind>
<opcode="call(48) " fcode="call"/>
<opset="call_ln3150/8 "/>
</bind>
</comp>

<comp id="233" class="1004" name="grp_reg_unsigned_short_1_fu_233">
<pin_list>
<pin id="234" dir="0" index="0" bw="12" slack="0"/>
<pin id="235" dir="0" index="1" bw="12" slack="0"/>
<pin id="236" dir="1" index="2" bw="12" slack="3"/>
</pin_list>
<bind>
<opcode="call(48) " fcode="call"/>
<opset="rows/1 "/>
</bind>
</comp>

<comp id="239" class="1004" name="grp_reg_unsigned_short_1_fu_239">
<pin_list>
<pin id="240" dir="0" index="0" bw="12" slack="0"/>
<pin id="241" dir="0" index="1" bw="12" slack="0"/>
<pin id="242" dir="1" index="2" bw="12" slack="2"/>
</pin_list>
<bind>
<opcode="call(48) " fcode="call"/>
<opset="cols/1 "/>
</bind>
</comp>

<comp id="245" class="1004" name="store_ln3101_store_fu_245">
<pin_list>
<pin id="246" dir="0" index="0" bw="1" slack="0"/>
<pin id="247" dir="0" index="1" bw="12" slack="0"/>
<pin id="248" dir="1" index="2" bw="0" slack="2147483647"/>
</pin_list>
<bind>
<opcode="store(28) " fcode="store"/>
<opset="store_ln3101/2 "/>
</bind>
</comp>

<comp id="250" class="1004" name="axi_last_loc_load_load_fu_250">
<pin_list>
<pin id="251" dir="0" index="0" bw="1" slack="3"/>
<pin id="252" dir="1" index="1" bw="1" slack="2147483647"/>
</pin_list>
<bind>
<opcode="load(27) " fcode="load"/>
<opset="axi_last_loc_load/4 "/>
</bind>
</comp>

<comp id="253" class="1004" name="cmp10301_fu_253">
<pin_list>
<pin id="254" dir="0" index="0" bw="12" slack="2"/>
<pin id="255" dir="0" index="1" bw="1" slack="0"/>
<pin id="256" dir="1" index="2" bw="1" slack="0"/>
</pin_list>
<bind>
<opcode="icmp(45) " fcode="icmp"/>
<opset="cmp10301/4 "/>
</bind>
</comp>

<comp id="258" class="1004" name="xor_ln3150_fu_258">
<pin_list>
<pin id="259" dir="0" index="0" bw="1" slack="0"/>
<pin id="260" dir="0" index="1" bw="1" slack="0"/>
<pin id="261" dir="1" index="2" bw="1" slack="1"/>
</pin_list>
<bind>
<opcode="xor(25) " fcode="xor"/>
<opset="xor_ln3150/4 "/>
</bind>
</comp>

<comp id="264" class="1004" name="i_5_load_fu_264">
<pin_list>
<pin id="265" dir="0" index="0" bw="12" slack="3"/>
<pin id="266" dir="1" index="1" bw="12" slack="0"/>
</pin_list>
<bind>
<opcode="load(27) " fcode="load"/>
<opset="i_5/5 "/>
</bind>
</comp>

<comp id="267" class="1004" name="icmp_ln3101_fu_267">
<pin_list>
<pin id="268" dir="0" index="0" bw="12" slack="0"/>
<pin id="269" dir="0" index="1" bw="12" slack="3"/>
<pin id="270" dir="1" index="2" bw="1" slack="2147483647"/>
</pin_list>
<bind>
<opcode="icmp(45) " fcode="icmp"/>
<opset="icmp_ln3101/5 "/>
</bind>
</comp>

<comp id="272" class="1004" name="i_6_fu_272">
<pin_list>
<pin id="273" dir="0" index="0" bw="12" slack="0"/>
<pin id="274" dir="0" index="1" bw="1" slack="0"/>
<pin id="275" dir="1" index="2" bw="12" slack="0"/>
</pin_list>
<bind>
<opcode="add(8) " fcode="add"/>
<opset="i_6/5 "/>
</bind>
</comp>

<comp id="278" class="1004" name="axi_data_load_load_fu_278">
<pin_list>
<pin id="279" dir="0" index="0" bw="24" slack="3"/>
<pin id="280" dir="1" index="1" bw="24" slack="0"/>
</pin_list>
<bind>
<opcode="load(27) " fcode="load"/>
<opset="axi_data_load/5 "/>
</bind>
</comp>

<comp id="282" class="1004" name="and_ln3150_fu_282">
<pin_list>
<pin id="283" dir="0" index="0" bw="1" slack="0"/>
<pin id="284" dir="0" index="1" bw="1" slack="1"/>
<pin id="285" dir="1" index="2" bw="1" slack="0"/>
</pin_list>
<bind>
<opcode="and(23) " fcode="and"/>
<opset="and_ln3150/5 "/>
</bind>
</comp>

<comp id="287" class="1004" name="store_ln3101_store_fu_287">
<pin_list>
<pin id="288" dir="0" index="0" bw="12" slack="0"/>
<pin id="289" dir="0" index="1" bw="12" slack="3"/>
<pin id="290" dir="1" index="2" bw="0" slack="2147483647"/>
</pin_list>
<bind>
<opcode="store(28) " fcode="store"/>
<opset="store_ln3101/5 "/>
</bind>
</comp>

<comp id="292" class="1004" name="eol_loc_load_load_fu_292">
<pin_list>
<pin id="293" dir="0" index="0" bw="1" slack="7"/>
<pin id="294" dir="1" index="1" bw="1" slack="0"/>
</pin_list>
<bind>
<opcode="load(27) " fcode="load"/>
<opset="eol_loc_load/8 "/>
</bind>
</comp>

<comp id="296" class="1004" name="axi_data_11_loc_load_load_fu_296">
<pin_list>
<pin id="297" dir="0" index="0" bw="24" slack="7"/>
<pin id="298" dir="1" index="1" bw="24" slack="0"/>
</pin_list>
<bind>
<opcode="load(27) " fcode="load"/>
<opset="axi_data_11_loc_load/8 "/>
</bind>
</comp>

<comp id="300" class="1004" name="select_ln3150_fu_300">
<pin_list>
<pin id="301" dir="0" index="0" bw="1" slack="4"/>
<pin id="302" dir="0" index="1" bw="1" slack="0"/>
<pin id="303" dir="0" index="2" bw="1" slack="3"/>
<pin id="304" dir="1" index="3" bw="1" slack="0"/>
</pin_list>
<bind>
<opcode="select(49) " fcode="select"/>
<opset="select_ln3150/8 "/>
</bind>
</comp>

<comp id="308" class="1004" name="axi_last_4_loc_load_load_fu_308">
<pin_list>
<pin id="309" dir="0" index="0" bw="1" slack="9"/>
<pin id="310" dir="1" index="1" bw="1" slack="2147483647"/>
</pin_list>
<bind>
<opcode="load(27) " fcode="load"/>
<opset="axi_last_4_loc_load/10 "/>
</bind>
</comp>

<comp id="311" class="1005" name="layerEnableFlag_read_reg_311">
<pin_list>
<pin id="312" dir="0" index="0" bw="1" slack="1"/>
<pin id="313" dir="1" index="1" bw="1" slack="2147483647"/>
</pin_list>
<bind>
<opset="layerEnableFlag_read "/>
</bind>
</comp>

<comp id="315" class="1005" name="axi_last_4_loc_reg_315">
<pin_list>
<pin id="316" dir="0" index="0" bw="1" slack="7"/>
<pin id="317" dir="1" index="1" bw="1" slack="7"/>
</pin_list>
<bind>
<opset="axi_last_4_loc "/>
</bind>
</comp>

<comp id="321" class="1005" name="axi_data_11_loc_reg_321">
<pin_list>
<pin id="322" dir="0" index="0" bw="24" slack="4"/>
<pin id="323" dir="1" index="1" bw="24" slack="4"/>
</pin_list>
<bind>
<opset="axi_data_11_loc "/>
</bind>
</comp>

<comp id="327" class="1005" name="eol_loc_reg_327">
<pin_list>
<pin id="328" dir="0" index="0" bw="1" slack="4"/>
<pin id="329" dir="1" index="1" bw="1" slack="4"/>
</pin_list>
<bind>
<opset="eol_loc "/>
</bind>
</comp>

<comp id="333" class="1005" name="axi_last_loc_reg_333">
<pin_list>
<pin id="334" dir="0" index="0" bw="1" slack="1"/>
<pin id="335" dir="1" index="1" bw="1" slack="1"/>
</pin_list>
<bind>
<opset="axi_last_loc "/>
</bind>
</comp>

<comp id="339" class="1005" name="rows_reg_339">
<pin_list>
<pin id="340" dir="0" index="0" bw="12" slack="3"/>
<pin id="341" dir="1" index="1" bw="12" slack="3"/>
</pin_list>
<bind>
<opset="rows "/>
</bind>
</comp>

<comp id="344" class="1005" name="cols_reg_344">
<pin_list>
<pin id="345" dir="0" index="0" bw="12" slack="2"/>
<pin id="346" dir="1" index="1" bw="12" slack="2"/>
</pin_list>
<bind>
<opset="cols "/>
</bind>
</comp>

<comp id="350" class="1005" name="axi_data_reg_350">
<pin_list>
<pin id="351" dir="0" index="0" bw="24" slack="0"/>
<pin id="352" dir="1" index="1" bw="24" slack="0"/>
</pin_list>
<bind>
<opset="axi_data "/>
</bind>
</comp>

<comp id="357" class="1005" name="i_reg_357">
<pin_list>
<pin id="358" dir="0" index="0" bw="12" slack="0"/>
<pin id="359" dir="1" index="1" bw="12" slack="0"/>
</pin_list>
<bind>
<opset="i "/>
</bind>
</comp>

<comp id="367" class="1005" name="cmp10301_reg_367">
<pin_list>
<pin id="368" dir="0" index="0" bw="1" slack="4"/>
<pin id="369" dir="1" index="1" bw="1" slack="4"/>
</pin_list>
<bind>
<opset="cmp10301 "/>
</bind>
</comp>

<comp id="372" class="1005" name="xor_ln3150_reg_372">
<pin_list>
<pin id="373" dir="0" index="0" bw="1" slack="1"/>
<pin id="374" dir="1" index="1" bw="1" slack="1"/>
</pin_list>
<bind>
<opset="xor_ln3150 "/>
</bind>
</comp>

<comp id="383" class="1005" name="and_ln3150_reg_383">
<pin_list>
<pin id="384" dir="0" index="0" bw="1" slack="0"/>
<pin id="385" dir="1" index="1" bw="1" slack="0"/>
</pin_list>
<bind>
<opset="and_ln3150 "/>
</bind>
</comp>

<comp id="394" class="1005" name="select_ln3150_reg_394">
<pin_list>
<pin id="395" dir="0" index="0" bw="1" slack="1"/>
<pin id="396" dir="1" index="1" bw="1" slack="1"/>
</pin_list>
<bind>
<opset="select_ln3150 "/>
</bind>
</comp>

</comp_list>

<net_list>
<net id="93"><net_src comp="28" pin="0"/><net_sink comp="90" pin=0"/></net>

<net id="97"><net_src comp="28" pin="0"/><net_sink comp="94" pin=0"/></net>

<net id="101"><net_src comp="28" pin="0"/><net_sink comp="98" pin=0"/></net>

<net id="105"><net_src comp="28" pin="0"/><net_sink comp="102" pin=0"/></net>

<net id="109"><net_src comp="28" pin="0"/><net_sink comp="106" pin=0"/></net>

<net id="113"><net_src comp="28" pin="0"/><net_sink comp="110" pin=0"/></net>

<net id="118"><net_src comp="24" pin="0"/><net_sink comp="114" pin=0"/></net>

<net id="119"><net_src comp="20" pin="0"/><net_sink comp="114" pin=1"/></net>

<net id="124"><net_src comp="26" pin="0"/><net_sink comp="120" pin=0"/></net>

<net id="125"><net_src comp="18" pin="0"/><net_sink comp="120" pin=1"/></net>

<net id="130"><net_src comp="26" pin="0"/><net_sink comp="126" pin=0"/></net>

<net id="131"><net_src comp="16" pin="0"/><net_sink comp="126" pin=1"/></net>

<net id="137"><net_src comp="30" pin="0"/><net_sink comp="132" pin=0"/></net>

<net id="138"><net_src comp="22" pin="0"/><net_sink comp="132" pin=1"/></net>

<net id="139"><net_src comp="114" pin="2"/><net_sink comp="132" pin=2"/></net>

<net id="143"><net_src comp="72" pin="0"/><net_sink comp="140" pin=0"/></net>

<net id="150"><net_src comp="140" pin="1"/><net_sink comp="144" pin=0"/></net>

<net id="151"><net_src comp="144" pin="4"/><net_sink comp="140" pin=0"/></net>

<net id="161"><net_src comp="155" pin="4"/><net_sink comp="152" pin=0"/></net>

<net id="174"><net_src comp="68" pin="0"/><net_sink comp="162" pin=0"/></net>

<net id="175"><net_src comp="0" pin="0"/><net_sink comp="162" pin=1"/></net>

<net id="176"><net_src comp="2" pin="0"/><net_sink comp="162" pin=2"/></net>

<net id="177"><net_src comp="4" pin="0"/><net_sink comp="162" pin=3"/></net>

<net id="178"><net_src comp="6" pin="0"/><net_sink comp="162" pin=4"/></net>

<net id="179"><net_src comp="8" pin="0"/><net_sink comp="162" pin=5"/></net>

<net id="180"><net_src comp="10" pin="0"/><net_sink comp="162" pin=6"/></net>

<net id="181"><net_src comp="12" pin="0"/><net_sink comp="162" pin=7"/></net>

<net id="199"><net_src comp="82" pin="0"/><net_sink comp="182" pin=0"/></net>

<net id="200"><net_src comp="144" pin="4"/><net_sink comp="182" pin=1"/></net>

<net id="201"><net_src comp="155" pin="4"/><net_sink comp="182" pin=2"/></net>

<net id="202"><net_src comp="14" pin="0"/><net_sink comp="182" pin=5"/></net>

<net id="203"><net_src comp="0" pin="0"/><net_sink comp="182" pin=6"/></net>

<net id="204"><net_src comp="2" pin="0"/><net_sink comp="182" pin=7"/></net>

<net id="205"><net_src comp="4" pin="0"/><net_sink comp="182" pin=8"/></net>

<net id="206"><net_src comp="6" pin="0"/><net_sink comp="182" pin=9"/></net>

<net id="207"><net_src comp="8" pin="0"/><net_sink comp="182" pin=10"/></net>

<net id="208"><net_src comp="10" pin="0"/><net_sink comp="182" pin=11"/></net>

<net id="209"><net_src comp="12" pin="0"/><net_sink comp="182" pin=12"/></net>

<net id="225"><net_src comp="84" pin="0"/><net_sink comp="210" pin=0"/></net>

<net id="226"><net_src comp="0" pin="0"/><net_sink comp="210" pin=4"/></net>

<net id="227"><net_src comp="2" pin="0"/><net_sink comp="210" pin=5"/></net>

<net id="228"><net_src comp="4" pin="0"/><net_sink comp="210" pin=6"/></net>

<net id="229"><net_src comp="6" pin="0"/><net_sink comp="210" pin=7"/></net>

<net id="230"><net_src comp="8" pin="0"/><net_sink comp="210" pin=8"/></net>

<net id="231"><net_src comp="10" pin="0"/><net_sink comp="210" pin=9"/></net>

<net id="232"><net_src comp="12" pin="0"/><net_sink comp="210" pin=10"/></net>

<net id="237"><net_src comp="32" pin="0"/><net_sink comp="233" pin=0"/></net>

<net id="238"><net_src comp="126" pin="2"/><net_sink comp="233" pin=1"/></net>

<net id="243"><net_src comp="32" pin="0"/><net_sink comp="239" pin=0"/></net>

<net id="244"><net_src comp="120" pin="2"/><net_sink comp="239" pin=1"/></net>

<net id="249"><net_src comp="70" pin="0"/><net_sink comp="245" pin=0"/></net>

<net id="257"><net_src comp="70" pin="0"/><net_sink comp="253" pin=1"/></net>

<net id="262"><net_src comp="253" pin="2"/><net_sink comp="258" pin=0"/></net>

<net id="263"><net_src comp="72" pin="0"/><net_sink comp="258" pin=1"/></net>

<net id="271"><net_src comp="264" pin="1"/><net_sink comp="267" pin=0"/></net>

<net id="276"><net_src comp="264" pin="1"/><net_sink comp="272" pin=0"/></net>

<net id="277"><net_src comp="80" pin="0"/><net_sink comp="272" pin=1"/></net>

<net id="281"><net_src comp="278" pin="1"/><net_sink comp="182" pin=3"/></net>

<net id="286"><net_src comp="144" pin="4"/><net_sink comp="282" pin=0"/></net>

<net id="291"><net_src comp="272" pin="2"/><net_sink comp="287" pin=0"/></net>

<net id="295"><net_src comp="292" pin="1"/><net_sink comp="210" pin=3"/></net>

<net id="299"><net_src comp="296" pin="1"/><net_sink comp="210" pin=1"/></net>

<net id="305"><net_src comp="292" pin="1"/><net_sink comp="300" pin=1"/></net>

<net id="306"><net_src comp="152" pin="1"/><net_sink comp="300" pin=2"/></net>

<net id="307"><net_src comp="300" pin="3"/><net_sink comp="210" pin=2"/></net>

<net id="314"><net_src comp="114" pin="2"/><net_sink comp="311" pin=0"/></net>

<net id="318"><net_src comp="90" pin="1"/><net_sink comp="315" pin=0"/></net>

<net id="319"><net_src comp="315" pin="1"/><net_sink comp="210" pin=12"/></net>

<net id="320"><net_src comp="315" pin="1"/><net_sink comp="308" pin=0"/></net>

<net id="324"><net_src comp="94" pin="1"/><net_sink comp="321" pin=0"/></net>

<net id="325"><net_src comp="321" pin="1"/><net_sink comp="182" pin=14"/></net>

<net id="326"><net_src comp="321" pin="1"/><net_sink comp="296" pin=0"/></net>

<net id="330"><net_src comp="98" pin="1"/><net_sink comp="327" pin=0"/></net>

<net id="331"><net_src comp="327" pin="1"/><net_sink comp="182" pin=13"/></net>

<net id="332"><net_src comp="327" pin="1"/><net_sink comp="292" pin=0"/></net>

<net id="336"><net_src comp="102" pin="1"/><net_sink comp="333" pin=0"/></net>

<net id="337"><net_src comp="333" pin="1"/><net_sink comp="162" pin=9"/></net>

<net id="338"><net_src comp="333" pin="1"/><net_sink comp="250" pin=0"/></net>

<net id="342"><net_src comp="233" pin="2"/><net_sink comp="339" pin=0"/></net>

<net id="343"><net_src comp="339" pin="1"/><net_sink comp="267" pin=1"/></net>

<net id="347"><net_src comp="239" pin="2"/><net_sink comp="344" pin=0"/></net>

<net id="348"><net_src comp="344" pin="1"/><net_sink comp="253" pin=0"/></net>

<net id="349"><net_src comp="344" pin="1"/><net_sink comp="182" pin=4"/></net>

<net id="353"><net_src comp="106" pin="1"/><net_sink comp="350" pin=0"/></net>

<net id="354"><net_src comp="350" pin="1"/><net_sink comp="162" pin=8"/></net>

<net id="355"><net_src comp="350" pin="1"/><net_sink comp="278" pin=0"/></net>

<net id="356"><net_src comp="350" pin="1"/><net_sink comp="210" pin=11"/></net>

<net id="360"><net_src comp="110" pin="1"/><net_sink comp="357" pin=0"/></net>

<net id="361"><net_src comp="357" pin="1"/><net_sink comp="245" pin=1"/></net>

<net id="362"><net_src comp="357" pin="1"/><net_sink comp="264" pin=0"/></net>

<net id="363"><net_src comp="357" pin="1"/><net_sink comp="287" pin=1"/></net>

<net id="370"><net_src comp="253" pin="2"/><net_sink comp="367" pin=0"/></net>

<net id="371"><net_src comp="367" pin="1"/><net_sink comp="300" pin=0"/></net>

<net id="375"><net_src comp="258" pin="2"/><net_sink comp="372" pin=0"/></net>

<net id="376"><net_src comp="372" pin="1"/><net_sink comp="282" pin=1"/></net>

<net id="386"><net_src comp="282" pin="2"/><net_sink comp="383" pin=0"/></net>

<net id="387"><net_src comp="383" pin="1"/><net_sink comp="144" pin=2"/></net>

<net id="397"><net_src comp="300" pin="3"/><net_sink comp="394" pin=0"/></net>

<net id="398"><net_src comp="394" pin="1"/><net_sink comp="210" pin=2"/></net>

</net_list>

</model> 
---------------- Datapath Model END ------------------

* FSMD analyzer results:
  - Output states:
	Port: srcLayer0 | {5 6 }
	Port: HwReg_layerEnableFlag_0_val_c14 | {1 }
 - Input state : 
	Port: AXIvideo2MultiPixStream.1 : s_axis_video_V_data_V | {2 3 5 6 8 9 }
	Port: AXIvideo2MultiPixStream.1 : s_axis_video_V_keep_V | {2 3 5 6 8 9 }
	Port: AXIvideo2MultiPixStream.1 : s_axis_video_V_strb_V | {2 3 5 6 8 9 }
	Port: AXIvideo2MultiPixStream.1 : s_axis_video_V_user_V | {2 3 5 6 8 9 }
	Port: AXIvideo2MultiPixStream.1 : s_axis_video_V_last_V | {2 3 5 6 8 9 }
	Port: AXIvideo2MultiPixStream.1 : s_axis_video_V_id_V | {2 3 5 6 8 9 }
	Port: AXIvideo2MultiPixStream.1 : s_axis_video_V_dest_V | {2 3 5 6 8 9 }
	Port: AXIvideo2MultiPixStream.1 : Height | {1 }
	Port: AXIvideo2MultiPixStream.1 : WidthIn | {1 }
	Port: AXIvideo2MultiPixStream.1 : layerEnableFlag | {1 }
  - Chain level:
	State 1
	State 2
		call_ln0 : 1
		store_ln3101 : 1
	State 3
	State 4
		xor_ln3150 : 1
	State 5
		icmp_ln3101 : 1
		i_6 : 1
		br_ln3101 : 2
		call_ln3150 : 1
		and_ln3150 : 1
		store_ln3101 : 2
	State 6
	State 7
	State 8
		select_ln3150 : 1
		call_ln3150 : 2
	State 9
	State 10


============================================================
+ Verbose Summary: Datapath Resource usage 
============================================================

* Functional unit list:
|----------|-------------------------------------------------------------------|---------|---------|
| Operation|                          Functional Unit                          |    FF   |   LUT   |
|----------|-------------------------------------------------------------------|---------|---------|
|          | grp_AXIvideo2MultiPixStream_1_Pipeline_loop_wait_for_start_fu_162 |    3    |    0    |
|          |      grp_AXIvideo2MultiPixStream_1_Pipeline_loop_width_fu_182     |    41   |    25   |
|   call   |  grp_AXIvideo2MultiPixStream_1_Pipeline_loop_wait_for_eol_fu_210  |    3    |    0    |
|          |                  grp_reg_unsigned_short_1_fu_233                  |    12   |    0    |
|          |                  grp_reg_unsigned_short_1_fu_239                  |    12   |    0    |
|----------|-------------------------------------------------------------------|---------|---------|
|   icmp   |                          cmp10301_fu_253                          |    0    |    12   |
|          |                         icmp_ln3101_fu_267                        |    0    |    12   |
|----------|-------------------------------------------------------------------|---------|---------|
|    add   |                             i_6_fu_272                            |    0    |    12   |
|----------|-------------------------------------------------------------------|---------|---------|
|  select  |                        select_ln3150_fu_300                       |    0    |    2    |
|----------|-------------------------------------------------------------------|---------|---------|
|    xor   |                         xor_ln3150_fu_258                         |    0    |    1    |
|----------|-------------------------------------------------------------------|---------|---------|
|    and   |                         and_ln3150_fu_282                         |    0    |    1    |
|----------|-------------------------------------------------------------------|---------|---------|
|          |                  layerEnableFlag_read_read_fu_114                 |    0    |    0    |
|   read   |                      WidthIn_read_read_fu_120                     |    0    |    0    |
|          |                      Height_read_read_fu_126                      |    0    |    0    |
|----------|-------------------------------------------------------------------|---------|---------|
|   write  |                       write_ln0_write_fu_132                      |    0    |    0    |
|----------|-------------------------------------------------------------------|---------|---------|
|   Total  |                                                                   |    71   |    65   |
|----------|-------------------------------------------------------------------|---------|---------|

Memories:
N/A

* Register list:
+----------------------------+--------+
|                            |   FF   |
+----------------------------+--------+
|     and_ln3150_reg_383     |    1   |
|   axi_data_11_loc_reg_321  |   24   |
|      axi_data_reg_350      |   24   |
|     axi_last_12_reg_152    |    1   |
|   axi_last_4_loc_reg_315   |    1   |
|    axi_last_loc_reg_333    |    1   |
|      cmp10301_reg_367      |    1   |
|        cols_reg_344        |   12   |
|       eol_loc_reg_327      |    1   |
|          i_reg_357         |   12   |
|layerEnableFlag_read_reg_311|    1   |
|        rows_reg_339        |   12   |
|    select_ln3150_reg_394   |    1   |
|         sof_reg_140        |    1   |
|     xor_ln3150_reg_372     |    1   |
+----------------------------+--------+
|            Total           |   94   |
+----------------------------+--------+

* Multiplexer (MUX) list: 
|-----------------------------------------------------------------|------|------|------|--------||---------||---------||---------|
|                               Comp                              |  Pin | Size |  BW  | S x BW ||  Delay  ||    FF   ||   LUT   |
|-----------------------------------------------------------------|------|------|------|--------||---------||---------||---------|
|                           sof_reg_140                           |  p0  |   2  |   1  |    2   ||    0    ||    9    |
| grp_AXIvideo2MultiPixStream_1_Pipeline_loop_wait_for_eol_fu_210 |  p2  |   2  |   1  |    2   ||    0    ||    9    |
|-----------------------------------------------------------------|------|------|------|--------||---------||---------||---------|
|                              Total                              |      |      |      |    4   ||  2.596  ||    0    ||    18   |
|-----------------------------------------------------------------|------|------|------|--------||---------||---------||---------|



* Summary:
+-----------+--------+--------+--------+
|           |  Delay |   FF   |   LUT  |
+-----------+--------+--------+--------+
|  Function |    -   |   71   |   65   |
|   Memory  |    -   |    -   |    -   |
|Multiplexer|    2   |    0   |   18   |
|  Register |    -   |   94   |    -   |
+-----------+--------+--------+--------+
|   Total   |    2   |   165  |   83   |
+-----------+--------+--------+--------+
