

================================================================
== Vitis HLS Report for 'MultiPixStream2AXIvideo_Pipeline_VITIS_LOOP_3233_3'
================================================================
* Date:           Thu Jul 18 12:04:19 2024

* Version:        2024.1 (Build 5069499 on May 21 2024)
* Project:        prj
* Solution:       sol (Vivado IP Flow Target)
* Product family: zynq
* Target device:  xc7z020-clg400-2


================================================================
== Performance Estimates
================================================================
+ Timing: 
    * Summary: 
    +--------+----------+----------+------------+
    |  Clock |  Target  | Estimated| Uncertainty|
    +--------+----------+----------+------------+
    |ap_clk  |  10.00 ns|  4.646 ns|     2.70 ns|
    +--------+----------+----------+------------+

+ Latency: 
    * Summary: 
    +---------+---------+-----------+-----------+-----+------+-----------------------------------------------+
    |  Latency (cycles) |   Latency (absolute)  |  Interval  |                    Pipeline                   |
    |   min   |   max   |    min    |    max    | min |  max |                      Type                     |
    +---------+---------+-----------+-----------+-----+------+-----------------------------------------------+
    |        3|     3843|  30.000 ns|  38.430 us|    1|  3841|  loop auto-rewind stp(delay=0 clock cycles(s))|
    +---------+---------+-----------+-----------+-----+------+-----------------------------------------------+

    + Detail: 
        * Instance: 
        N/A

        * Loop: 
        +---------------------+---------+---------+----------+-----------+-----------+----------+----------+
        |                     |  Latency (cycles) | Iteration|  Initiation Interval  |   Trip   |          |
        |      Loop Name      |   min   |   max   |  Latency |  achieved |   target  |   Count  | Pipelined|
        +---------------------+---------+---------+----------+-----------+-----------+----------+----------+
        |- VITIS_LOOP_3233_3  |        1|     3841|         2|          1|          1|  0 ~ 3840|       yes|
        +---------------------+---------+---------+----------+-----------+-----------+----------+----------+

============================================================
+ Verbose Summary: Synthesis Manager
============================================================
InlineROM: 1
ExposeGlobal: 0
============================================================
+ Verbose Summary: CDFG Model
============================================================
IsTopModel: 0
ResetActiveHigh: 1
IsCombinational: 0
IsDatapathOnly: 0
HasWiredReturn: 1
HasMFsm: 2
HasVarLatency: 1
IsPipeline: 0
IsRtlPipelined: 0
IsInstanceOverlapped: 0
IsDontTouch: 0
HasImplIP: 0
IsGatedGlobalClock: 0

+ Individual pipeline summary: 
  * Pipeline-0: initiation interval (II) = 1, depth = 2


============================================================
+ Verbose Summary: Schedule
============================================================
* Number of FSM states : 2
* Pipeline : 1
  Pipeline-0 : II = 1, D = 2, States = { 1 2 }
* Dataflow Pipeline: 0

* FSM state transitions: 
1 --> 2 
2 --> 

* FSM state operations: 

State 1 <SV = 0> <Delay = 4.14>
ST_1 : Operation 5 [1/1] (0.00ns)   --->   "%j = alloca i32 1" [/home/nothon/fpga2C/ZTurnV2/ZTurnV2.runs/main_design_v_mix_0_0_synth_1/prj/sol/.autopilot/db/v_mix.cpp:3233]   --->   Operation 5 'alloca' 'j' <Predicate = true> <Delay = 0.00>
ST_1 : Operation 6 [1/1] (0.00ns)   --->   "%specaxissidechannel_ln0 = specaxissidechannel void @_ssdm_op_SpecAXISSideChannel, i24 %m_axis_video_V_data_V, i3 %m_axis_video_V_keep_V, i3 %m_axis_video_V_strb_V, i1 %m_axis_video_V_user_V, i1 %m_axis_video_V_last_V, i1 %m_axis_video_V_id_V, i1 %m_axis_video_V_dest_V, void @empty_49"   --->   Operation 6 'specaxissidechannel' 'specaxissidechannel_ln0' <Predicate = true> <Delay = 0.00>
ST_1 : Operation 7 [1/1] (0.00ns)   --->   "%specinterface_ln0 = specinterface void @_ssdm_op_SpecInterface, i1 %m_axis_video_V_dest_V, i1 %m_axis_video_V_id_V, i1 %m_axis_video_V_last_V, i1 %m_axis_video_V_user_V, i3 %m_axis_video_V_strb_V, i3 %m_axis_video_V_keep_V, i24 %m_axis_video_V_data_V, void @empty_37, i32 0, i32 0, void @empty_9, i32 0, i32 0, void @empty_48, void @empty_48, void @empty_48, i32 0, i32 0, i32 0, i32 0, void @empty_48, void @empty_48, i32 4294967295, i32 0, i32 0"   --->   Operation 7 'specinterface' 'specinterface_ln0' <Predicate = true> <Delay = 0.00>
ST_1 : Operation 8 [1/1] (0.00ns)   --->   "%specinterface_ln0 = specinterface void @_ssdm_op_SpecInterface, i24 %out420, void @empty_17, i32 0, i32 0, void @empty_48, i32 0, i32 0, void @empty_48, void @empty_48, void @empty_48, i32 0, i32 0, i32 0, i32 0, void @empty_48, void @empty_48, i32 4294967295, i32 0, i32 0"   --->   Operation 8 'specinterface' 'specinterface_ln0' <Predicate = true> <Delay = 0.00>
ST_1 : Operation 9 [1/1] (0.00ns)   --->   "%sub_read = read i13 @_ssdm_op_Read.ap_auto.i13, i13 %sub"   --->   Operation 9 'read' 'sub_read' <Predicate = true> <Delay = 0.00>
ST_1 : Operation 10 [1/1] (0.00ns)   --->   "%cols_read = read i12 @_ssdm_op_Read.ap_auto.i12, i12 %cols"   --->   Operation 10 'read' 'cols_read' <Predicate = true> <Delay = 0.00>
ST_1 : Operation 11 [1/1] (0.00ns)   --->   "%sof_read = read i1 @_ssdm_op_Read.ap_auto.i1, i1 %sof"   --->   Operation 11 'read' 'sof_read' <Predicate = true> <Delay = 0.00>
ST_1 : Operation 12 [1/1] (1.29ns)   --->   "%store_ln3233 = store i12 0, i12 %j" [/home/nothon/fpga2C/ZTurnV2/ZTurnV2.runs/main_design_v_mix_0_0_synth_1/prj/sol/.autopilot/db/v_mix.cpp:3233]   --->   Operation 12 'store' 'store_ln3233' <Predicate = true> <Delay = 1.29>
ST_1 : Operation 13 [1/1] (1.29ns)   --->   "%br_ln3233 = br void %for.body34" [/home/nothon/fpga2C/ZTurnV2/ZTurnV2.runs/main_design_v_mix_0_0_synth_1/prj/sol/.autopilot/db/v_mix.cpp:3233]   --->   Operation 13 'br' 'br_ln3233' <Predicate = true> <Delay = 1.29>
ST_1 : Operation 14 [1/1] (0.00ns)   --->   "%j_1 = load i12 %j" [/home/nothon/fpga2C/ZTurnV2/ZTurnV2.runs/main_design_v_mix_0_0_synth_1/prj/sol/.autopilot/db/v_mix.cpp:3233]   --->   Operation 14 'load' 'j_1' <Predicate = true> <Delay = 0.00>
ST_1 : Operation 15 [1/1] (1.54ns)   --->   "%icmp_ln3233 = icmp_eq  i12 %j_1, i12 %cols_read" [/home/nothon/fpga2C/ZTurnV2/ZTurnV2.runs/main_design_v_mix_0_0_synth_1/prj/sol/.autopilot/db/v_mix.cpp:3233]   --->   Operation 15 'icmp' 'icmp_ln3233' <Predicate = true> <Delay = 1.54> <CoreInst = "Cmp">   --->   Core 9 'Cmp' <Latency = 0> <II = 1> <Delay = 1.54> <FuncUnit> <Opcode : 'seteq' 'setne' 'setle' 'setge' 'setlt' 'setgt'> <InPorts = 2> <OutPorts = 1>
ST_1 : Operation 16 [1/1] (1.54ns)   --->   "%j_2 = add i12 %j_1, i12 1" [/home/nothon/fpga2C/ZTurnV2/ZTurnV2.runs/main_design_v_mix_0_0_synth_1/prj/sol/.autopilot/db/v_mix.cpp:3233]   --->   Operation 16 'add' 'j_2' <Predicate = true> <Delay = 1.54> <CoreInst = "Adder">   --->   Core 1 'Adder' <Latency = 0> <II = 1> <Delay = 1.54> <FuncUnit> <Opcode : 'add' 'sub'> <InPorts = 2> <OutPorts = 1>
ST_1 : Operation 17 [1/1] (0.00ns)   --->   "%br_ln3233 = br i1 %icmp_ln3233, void %for.body34.split, void %for.inc78.loopexit.exitStub" [/home/nothon/fpga2C/ZTurnV2/ZTurnV2.runs/main_design_v_mix_0_0_synth_1/prj/sol/.autopilot/db/v_mix.cpp:3233]   --->   Operation 17 'br' 'br_ln3233' <Predicate = true> <Delay = 0.00>
ST_1 : Operation 18 [1/1] (0.00ns)   --->   "%zext_ln3233 = zext i12 %j_1" [/home/nothon/fpga2C/ZTurnV2/ZTurnV2.runs/main_design_v_mix_0_0_synth_1/prj/sol/.autopilot/db/v_mix.cpp:3233]   --->   Operation 18 'zext' 'zext_ln3233' <Predicate = (!icmp_ln3233)> <Delay = 0.00>
ST_1 : Operation 19 [1/1] (1.53ns)   --->   "%axi_last = icmp_eq  i13 %zext_ln3233, i13 %sub_read" [/home/nothon/fpga2C/ZTurnV2/ZTurnV2.runs/main_design_v_mix_0_0_synth_1/prj/sol/.autopilot/db/v_mix.cpp:3246]   --->   Operation 19 'icmp' 'axi_last' <Predicate = (!icmp_ln3233)> <Delay = 1.53> <CoreInst = "Cmp">   --->   Core 9 'Cmp' <Latency = 0> <II = 1> <Delay = 1.53> <FuncUnit> <Opcode : 'seteq' 'setne' 'setle' 'setge' 'setlt' 'setgt'> <InPorts = 2> <OutPorts = 1>
ST_1 : Operation 20 [1/1] (1.29ns)   --->   "%store_ln3233 = store i12 %j_2, i12 %j" [/home/nothon/fpga2C/ZTurnV2/ZTurnV2.runs/main_design_v_mix_0_0_synth_1/prj/sol/.autopilot/db/v_mix.cpp:3233]   --->   Operation 20 'store' 'store_ln3233' <Predicate = (!icmp_ln3233)> <Delay = 1.29>
ST_1 : Operation 21 [1/1] (0.00ns)   --->   "%br_ln3233 = br void %for.body34" [/home/nothon/fpga2C/ZTurnV2/ZTurnV2.runs/main_design_v_mix_0_0_synth_1/prj/sol/.autopilot/db/v_mix.cpp:3233]   --->   Operation 21 'br' 'br_ln3233' <Predicate = (!icmp_ln3233)> <Delay = 0.00>

State 2 <SV = 1> <Delay = 4.64>
ST_2 : Operation 22 [1/1] (0.00ns)   --->   "%sof_2 = phi i1 %sof_read, void %newFuncRoot, i1 0, void %for.body34.split"   --->   Operation 22 'phi' 'sof_2' <Predicate = true> <Delay = 0.00>
ST_2 : Operation 23 [1/1] (0.00ns)   --->   "%speclooptripcount_ln0 = speclooptripcount void @_ssdm_op_SpecLoopTripCount, i64 0, i64 3840, i64 0"   --->   Operation 23 'speclooptripcount' 'speclooptripcount_ln0' <Predicate = true> <Delay = 0.00>
ST_2 : Operation 24 [1/1] (0.00ns)   --->   "%specpipeline_ln3236 = specpipeline void @_ssdm_op_SpecPipeline, i32 1, i32 0, i32 0, i32 0, void @empty_48" [/home/nothon/fpga2C/ZTurnV2/ZTurnV2.runs/main_design_v_mix_0_0_synth_1/prj/sol/.autopilot/db/v_mix.cpp:3236]   --->   Operation 24 'specpipeline' 'specpipeline_ln3236' <Predicate = (!icmp_ln3233)> <Delay = 0.00>
ST_2 : Operation 25 [1/1] (0.00ns)   --->   "%specloopname_ln3233 = specloopname void @_ssdm_op_SpecLoopName, void @empty_1" [/home/nothon/fpga2C/ZTurnV2/ZTurnV2.runs/main_design_v_mix_0_0_synth_1/prj/sol/.autopilot/db/v_mix.cpp:3233]   --->   Operation 25 'specloopname' 'specloopname_ln3233' <Predicate = (!icmp_ln3233)> <Delay = 0.00>
ST_2 : Operation 26 [1/1] (3.40ns)   --->   "%out420_read = read i24 @_ssdm_op_Read.ap_fifo.volatile.i24P0A, i24 %out420" [/home/nothon/fpga2C/ZTurnV2/ZTurnV2.runs/main_design_v_mix_0_0_synth_1/prj/sol/.autopilot/db/v_mix.cpp:3254]   --->   Operation 26 'read' 'out420_read' <Predicate = (!icmp_ln3233)> <Delay = 3.40> <CoreInst = "FIFO_SRL">   --->   Core 80 'FIFO_SRL' <Latency = 0> <II = 1> <Delay = 3.40> <Storage> <Opcode : 'read' 'write' 'nbread' 'nbwrite'> <Ports = 0> <Width = 24> <Depth = 2> <FIFO>
ST_2 : Operation 27 [1/1] (0.00ns)   --->   "%trunc_ln3254 = trunc i24 %out420_read" [/home/nothon/fpga2C/ZTurnV2/ZTurnV2.runs/main_design_v_mix_0_0_synth_1/prj/sol/.autopilot/db/v_mix.cpp:3254]   --->   Operation 27 'trunc' 'trunc_ln3254' <Predicate = (!icmp_ln3233)> <Delay = 0.00>
ST_2 : Operation 28 [1/1] (0.00ns)   --->   "%tmp = partselect i16 @_ssdm_op_PartSelect.i16.i24.i32.i32, i24 %out420_read, i32 8, i32 23" [/home/nothon/fpga2C/ZTurnV2/ZTurnV2.runs/main_design_v_mix_0_0_synth_1/prj/sol/.autopilot/db/v_mix.cpp:3263]   --->   Operation 28 'partselect' 'tmp' <Predicate = (!icmp_ln3233)> <Delay = 0.00>
ST_2 : Operation 29 [1/1] (0.00ns)   --->   "%axi_data = bitconcatenate i24 @_ssdm_op_BitConcatenate.i24.i8.i16, i8 %trunc_ln3254, i16 %tmp" [/home/nothon/fpga2C/ZTurnV2/ZTurnV2.runs/main_design_v_mix_0_0_synth_1/prj/sol/.autopilot/db/v_mix.cpp:3263]   --->   Operation 29 'bitconcatenate' 'axi_data' <Predicate = (!icmp_ln3233)> <Delay = 0.00>
ST_2 : Operation 30 [1/1] (1.24ns)   --->   "%write_ln3268 = write void @_ssdm_op_Write.axis.volatile.i24P0A.i3P0A.i3P0A.i1P0A.i1P0A.i1P0A.i1P0A, i24 %m_axis_video_V_data_V, i3 %m_axis_video_V_keep_V, i3 %m_axis_video_V_strb_V, i1 %m_axis_video_V_user_V, i1 %m_axis_video_V_last_V, i1 %m_axis_video_V_id_V, i1 %m_axis_video_V_dest_V, i24 %axi_data, i3 7, i3 0, i1 %sof_2, i1 %axi_last, i1 0, i1 0" [/home/nothon/fpga2C/ZTurnV2/ZTurnV2.runs/main_design_v_mix_0_0_synth_1/prj/sol/.autopilot/db/v_mix.cpp:3268]   --->   Operation 30 'write' 'write_ln3268' <Predicate = (!icmp_ln3233)> <Delay = 1.24> <CoreInst = "regslice">   --->   Core 136 'regslice' <Latency = 0> <II = 1> <Delay = 1.52> <Adapter> <Opcode : 'read' 'write'>
ST_2 : Operation 31 [1/1] (1.29ns)   --->   "%ret_ln0 = ret"   --->   Operation 31 'ret' 'ret_ln0' <Predicate = (icmp_ln3233)> <Delay = 1.29>


============================================================
+ Verbose Summary: Timing violations
============================================================
Target clock period: 10.000ns, clock uncertainty: 2.700ns.

 <State 1>: 4.142ns
The critical path consists of the following:
	'store' operation 0 bit ('store_ln3233', /home/nothon/fpga2C/ZTurnV2/ZTurnV2.runs/main_design_v_mix_0_0_synth_1/prj/sol/.autopilot/db/v_mix.cpp:3233) of constant 0 on local variable 'j', /home/nothon/fpga2C/ZTurnV2/ZTurnV2.runs/main_design_v_mix_0_0_synth_1/prj/sol/.autopilot/db/v_mix.cpp:3233 [19]  (1.298 ns)
	'load' operation 12 bit ('j', /home/nothon/fpga2C/ZTurnV2/ZTurnV2.runs/main_design_v_mix_0_0_synth_1/prj/sol/.autopilot/db/v_mix.cpp:3233) on local variable 'j', /home/nothon/fpga2C/ZTurnV2/ZTurnV2.runs/main_design_v_mix_0_0_synth_1/prj/sol/.autopilot/db/v_mix.cpp:3233 [23]  (0.000 ns)
	'add' operation 12 bit ('j', /home/nothon/fpga2C/ZTurnV2/ZTurnV2.runs/main_design_v_mix_0_0_synth_1/prj/sol/.autopilot/db/v_mix.cpp:3233) [26]  (1.546 ns)
	'store' operation 0 bit ('store_ln3233', /home/nothon/fpga2C/ZTurnV2/ZTurnV2.runs/main_design_v_mix_0_0_synth_1/prj/sol/.autopilot/db/v_mix.cpp:3233) of variable 'j', /home/nothon/fpga2C/ZTurnV2/ZTurnV2.runs/main_design_v_mix_0_0_synth_1/prj/sol/.autopilot/db/v_mix.cpp:3233 on local variable 'j', /home/nothon/fpga2C/ZTurnV2/ZTurnV2.runs/main_design_v_mix_0_0_synth_1/prj/sol/.autopilot/db/v_mix.cpp:3233 [38]  (1.298 ns)

 <State 2>: 4.646ns
The critical path consists of the following:
	fifo read operation ('out420_read', /home/nothon/fpga2C/ZTurnV2/ZTurnV2.runs/main_design_v_mix_0_0_synth_1/prj/sol/.autopilot/db/v_mix.cpp:3254) on port 'out420' (/home/nothon/fpga2C/ZTurnV2/ZTurnV2.runs/main_design_v_mix_0_0_synth_1/prj/sol/.autopilot/db/v_mix.cpp:3254) [33]  (3.401 ns)
	axis write operation ('write_ln3268', /home/nothon/fpga2C/ZTurnV2/ZTurnV2.runs/main_design_v_mix_0_0_synth_1/prj/sol/.autopilot/db/v_mix.cpp:3268) on port 'm_axis_video_V_data_V' (/home/nothon/fpga2C/ZTurnV2/ZTurnV2.runs/main_design_v_mix_0_0_synth_1/prj/sol/.autopilot/db/v_mix.cpp:3268) [37]  (1.244 ns)


============================================================
+ Verbose Summary: Binding
============================================================
N/A
* FSMD analyzer results:
  - Output states:
 - Input state : 
  - Chain level:
	State 1
	State 2


============================================================
+ Verbose Summary: Datapath Resource usage 
============================================================
N/A
