

================================================================
== Vitis HLS Report for 'v_mix_420_to_422_false_2'
================================================================
* Date:           Thu Jul 18 12:04:15 2024

* Version:        2024.1 (Build 5069499 on May 21 2024)
* Project:        prj
* Solution:       sol (Vivado IP Flow Target)
* Product family: zynq
* Target device:  xc7z020-clg400-2


================================================================
== Performance Estimates
================================================================
+ Timing: 
    * Summary: 
    +--------+----------+----------+------------+
    |  Clock |  Target  | Estimated| Uncertainty|
    +--------+----------+----------+------------+
    |ap_clk  |  10.00 ns|  6.802 ns|     2.70 ns|
    +--------+----------+----------+------------+

+ Latency: 
    * Summary: 
    +---------+---------+-----------+-----------+-----+---------+---------+
    |  Latency (cycles) |   Latency (absolute)  |    Interval   | Pipeline|
    |   min   |   max   |    min    |    max    | min |   max   |   Type  |
    +---------+---------+-----------+-----------+-----+---------+---------+
    |        1|  8303041|  10.000 ns|  83.030 ms|    1|  8303041|       no|
    +---------+---------+-----------+-----------+-----+---------+---------+

    + Detail: 
        * Instance: 
        N/A

        * Loop: 
        +-------------------+---------+---------+-----------+-----------+-----------+-----------+----------+
        |                   |  Latency (cycles) | Iteration |  Initiation Interval  |    Trip   |          |
        |     Loop Name     |   min   |   max   |  Latency  |  achieved |   target  |   Count   | Pipelined|
        +-------------------+---------+---------+-----------+-----------+-----------+-----------+----------+
        |- VITIS_LOOP_74_1  |     4352|  8303040|  68 ~ 3844|          -|          -|  64 ~ 2160|        no|
        +-------------------+---------+---------+-----------+-----------+-----------+-----------+----------+

============================================================
+ Verbose Summary: Synthesis Manager
============================================================
InlineROM: 1
ExposeGlobal: 0
============================================================
+ Verbose Summary: CDFG Model
============================================================
IsTopModel: 0
ResetActiveHigh: 1
IsCombinational: 2
IsDatapathOnly: 0
HasWiredReturn: 1
HasMFsm: 0
HasVarLatency: 1
IsPipeline: 0
IsRtlPipelined: 0
IsInstanceOverlapped: 0
IsDontTouch: 0
HasImplIP: 0
IsGatedGlobalClock: 0


============================================================
+ Verbose Summary: Schedule
============================================================
* Number of FSM states : 3
* Pipeline : 0
* Dataflow Pipeline: 0

* FSM state transitions: 
1 --> 2 
2 --> 3 
3 --> 2 

* FSM state operations: 

State 1 <SV = 0> <Delay = 6.80>
ST_1 : Operation 4 [1/1] (0.00ns)   --->   "%specinterface_ln0 = specinterface void @_ssdm_op_SpecInterface, i1 %layerEnableFlag, void @ap_fifo_str, i32 0, i32 0, void @p_str, i32 0, i32 0, void @p_str, void @p_str, void @p_str, i32 2, i32 2, i32 16, i32 16, void @p_str, void @ScalarProp_str, i32 4294967295, i32 0, i32 0"   --->   Operation 4 'specinterface' 'specinterface_ln0' <Predicate = true> <Delay = 0.00>
ST_1 : Operation 5 [1/1] (0.00ns)   --->   "%width_read = read i12 @_ssdm_op_Read.ap_auto.i12, i12 %width"   --->   Operation 5 'read' 'width_read' <Predicate = true> <Delay = 0.00>
ST_1 : Operation 6 [1/1] (0.00ns)   --->   "%height_read = read i12 @_ssdm_op_Read.ap_auto.i12, i12 %height"   --->   Operation 6 'read' 'height_read' <Predicate = true> <Delay = 0.00>
ST_1 : Operation 7 [1/1] (3.40ns)   --->   "%layerEnableFlag_3 = read i1 @_ssdm_op_Read.ap_fifo.i1P0A, i1 %layerEnableFlag"   --->   Operation 7 'read' 'layerEnableFlag_3' <Predicate = true> <Delay = 3.40> <CoreInst = "FIFO_SRL">   --->   Core 80 'FIFO_SRL' <Latency = 0> <II = 1> <Delay = 3.40> <Storage> <Opcode : 'read' 'write' 'nbread' 'nbwrite'> <Ports = 0> <Width = 1> <Depth = 2> <FIFO>
ST_1 : Operation 8 [1/1] (0.00ns)   --->   "%specinterface_ln0 = specinterface void @_ssdm_op_SpecInterface, i1 %HwReg_layerEnableFlag_0_val_c13, void @ap_fifo_str, i32 0, i32 0, void @p_str, i32 0, i32 0, void @p_str, void @p_str, void @p_str, i32 2, i32 2, i32 16, i32 16, void @p_str, void @ScalarProp_str, i32 4294967295, i32 0, i32 0"   --->   Operation 8 'specinterface' 'specinterface_ln0' <Predicate = true> <Delay = 0.00>
ST_1 : Operation 9 [1/1] (3.40ns)   --->   "%write_ln0 = write void @_ssdm_op_Write.ap_fifo.i1P0A, i1 %HwReg_layerEnableFlag_0_val_c13, i1 %layerEnableFlag_3"   --->   Operation 9 'write' 'write_ln0' <Predicate = true> <Delay = 3.40> <CoreInst = "FIFO_SRL">   --->   Core 80 'FIFO_SRL' <Latency = 0> <II = 1> <Delay = 3.40> <Storage> <Opcode : 'read' 'write' 'nbread' 'nbwrite'> <Ports = 0> <Width = 1> <Depth = 2> <FIFO>
ST_1 : Operation 10 [1/1] (0.00ns)   --->   "%specstablecontent_ln0 = specstablecontent void @_ssdm_op_SpecStableContent, i12 %height, void "   --->   Operation 10 'specstablecontent' 'specstablecontent_ln0' <Predicate = true> <Delay = 0.00>
ST_1 : Operation 11 [1/1] (0.00ns)   --->   "%specstablecontent_ln0 = specstablecontent void @_ssdm_op_SpecStableContent, i12 %width, void "   --->   Operation 11 'specstablecontent' 'specstablecontent_ln0' <Predicate = true> <Delay = 0.00>
ST_1 : Operation 12 [1/1] (0.00ns)   --->   "%specinterface_ln0 = specinterface void @_ssdm_op_SpecInterface, i24 %srcLayer0Yuv422, void @empty_17, i32 0, i32 0, void @empty_48, i32 0, i32 0, void @empty_48, void @empty_48, void @empty_48, i32 0, i32 0, i32 0, i32 0, void @empty_48, void @empty_48, i32 4294967295, i32 0, i32 0"   --->   Operation 12 'specinterface' 'specinterface_ln0' <Predicate = true> <Delay = 0.00>
ST_1 : Operation 13 [1/1] (0.00ns)   --->   "%specinterface_ln0 = specinterface void @_ssdm_op_SpecInterface, i24 %srcLayer0, void @empty_17, i32 0, i32 0, void @empty_48, i32 0, i32 0, void @empty_48, void @empty_48, void @empty_48, i32 0, i32 0, i32 0, i32 0, void @empty_48, void @empty_48, i32 4294967295, i32 0, i32 0"   --->   Operation 13 'specinterface' 'specinterface_ln0' <Predicate = true> <Delay = 0.00>
ST_1 : Operation 14 [1/1] (0.00ns)   --->   "%br_ln72 = br i1 %layerEnableFlag_3, void %if.end, void %VITIS_LOOP_76_2.preheader" [/home/nothon/fpga2C/ZTurnV2/ZTurnV2.runs/main_design_v_mix_0_0_synth_1/prj/sol/.autopilot/db/v_csc.cpp:72]   --->   Operation 14 'br' 'br_ln72' <Predicate = true> <Delay = 0.00>
ST_1 : Operation 15 [1/1] (0.00ns)   --->   "%y_07 = alloca i32 1" [/home/nothon/fpga2C/ZTurnV2/ZTurnV2.runs/main_design_v_mix_0_0_synth_1/prj/sol/.autopilot/db/v_csc.cpp:66]   --->   Operation 15 'alloca' 'y_07' <Predicate = (layerEnableFlag_3)> <Delay = 0.00>
ST_1 : Operation 16 [1/1] (1.29ns)   --->   "%store_ln66 = store i12 0, i12 %y_07" [/home/nothon/fpga2C/ZTurnV2/ZTurnV2.runs/main_design_v_mix_0_0_synth_1/prj/sol/.autopilot/db/v_csc.cpp:66]   --->   Operation 16 'store' 'store_ln66' <Predicate = (layerEnableFlag_3)> <Delay = 1.29>
ST_1 : Operation 17 [1/1] (0.00ns)   --->   "%br_ln74 = br void %VITIS_LOOP_76_2" [/home/nothon/fpga2C/ZTurnV2/ZTurnV2.runs/main_design_v_mix_0_0_synth_1/prj/sol/.autopilot/db/v_csc.cpp:74]   --->   Operation 17 'br' 'br_ln74' <Predicate = (layerEnableFlag_3)> <Delay = 0.00>

State 2 <SV = 1> <Delay = 4.39>
ST_2 : Operation 18 [1/1] (0.00ns)   --->   "%y = load i12 %y_07" [/home/nothon/fpga2C/ZTurnV2/ZTurnV2.runs/main_design_v_mix_0_0_synth_1/prj/sol/.autopilot/db/v_csc.cpp:74]   --->   Operation 18 'load' 'y' <Predicate = (layerEnableFlag_3)> <Delay = 0.00>
ST_2 : Operation 19 [1/1] (1.54ns)   --->   "%icmp_ln74 = icmp_eq  i12 %y, i12 %height_read" [/home/nothon/fpga2C/ZTurnV2/ZTurnV2.runs/main_design_v_mix_0_0_synth_1/prj/sol/.autopilot/db/v_csc.cpp:74]   --->   Operation 19 'icmp' 'icmp_ln74' <Predicate = (layerEnableFlag_3)> <Delay = 1.54> <CoreInst = "Cmp">   --->   Core 9 'Cmp' <Latency = 0> <II = 1> <Delay = 1.54> <FuncUnit> <Opcode : 'seteq' 'setne' 'setle' 'setge' 'setlt' 'setgt'> <InPorts = 2> <OutPorts = 1>
ST_2 : Operation 20 [1/1] (0.00ns)   --->   "%speclooptripcount_ln0 = speclooptripcount void @_ssdm_op_SpecLoopTripCount, i64 64, i64 2160, i64 0"   --->   Operation 20 'speclooptripcount' 'speclooptripcount_ln0' <Predicate = (layerEnableFlag_3)> <Delay = 0.00>
ST_2 : Operation 21 [1/1] (1.54ns)   --->   "%y_25 = add i12 %y, i12 1" [/home/nothon/fpga2C/ZTurnV2/ZTurnV2.runs/main_design_v_mix_0_0_synth_1/prj/sol/.autopilot/db/v_csc.cpp:74]   --->   Operation 21 'add' 'y_25' <Predicate = (layerEnableFlag_3)> <Delay = 1.54> <CoreInst = "Adder">   --->   Core 1 'Adder' <Latency = 0> <II = 1> <Delay = 1.54> <FuncUnit> <Opcode : 'add' 'sub'> <InPorts = 2> <OutPorts = 1>
ST_2 : Operation 22 [1/1] (0.00ns)   --->   "%br_ln74 = br i1 %icmp_ln74, void %VITIS_LOOP_76_2.split, void %if.end.loopexit" [/home/nothon/fpga2C/ZTurnV2/ZTurnV2.runs/main_design_v_mix_0_0_synth_1/prj/sol/.autopilot/db/v_csc.cpp:74]   --->   Operation 22 'br' 'br_ln74' <Predicate = (layerEnableFlag_3)> <Delay = 0.00>
ST_2 : Operation 23 [1/1] (0.00ns)   --->   "%empty = wait i32 @_ssdm_op_Wait"   --->   Operation 23 'wait' 'empty' <Predicate = (layerEnableFlag_3 & !icmp_ln74)> <Delay = 0.00>
ST_2 : Operation 24 [2/2] (2.84ns)   --->   "%call_ln0 = call void @v_mix_420_to_422<false>.2_Pipeline_VITIS_LOOP_76_2, i12 %width_read, i24 %srcLayer0, i24 %srcLayer0Yuv422"   --->   Operation 24 'call' 'call_ln0' <Predicate = (layerEnableFlag_3 & !icmp_ln74)> <Delay = 2.84> <CoreType = "Generic">   --->   Core 0 '' <Latency = 0> <II = 1> <Delay = 1.00> <Generic> <Opcode : >
ST_2 : Operation 25 [1/1] (1.29ns)   --->   "%store_ln66 = store i12 %y_25, i12 %y_07" [/home/nothon/fpga2C/ZTurnV2/ZTurnV2.runs/main_design_v_mix_0_0_synth_1/prj/sol/.autopilot/db/v_csc.cpp:66]   --->   Operation 25 'store' 'store_ln66' <Predicate = (layerEnableFlag_3 & !icmp_ln74)> <Delay = 1.29>
ST_2 : Operation 26 [1/1] (0.00ns)   --->   "%br_ln0 = br void %if.end"   --->   Operation 26 'br' 'br_ln0' <Predicate = (layerEnableFlag_3 & icmp_ln74)> <Delay = 0.00>
ST_2 : Operation 27 [1/1] (0.00ns)   --->   "%ret_ln85 = ret" [/home/nothon/fpga2C/ZTurnV2/ZTurnV2.runs/main_design_v_mix_0_0_synth_1/prj/sol/.autopilot/db/v_csc.cpp:85]   --->   Operation 27 'ret' 'ret_ln85' <Predicate = (icmp_ln74) | (!layerEnableFlag_3)> <Delay = 0.00>

State 3 <SV = 2> <Delay = 4.14>
ST_3 : Operation 28 [1/1] (0.00ns)   --->   "%specloopname_ln74 = specloopname void @_ssdm_op_SpecLoopName, void @empty_15" [/home/nothon/fpga2C/ZTurnV2/ZTurnV2.runs/main_design_v_mix_0_0_synth_1/prj/sol/.autopilot/db/v_csc.cpp:74]   --->   Operation 28 'specloopname' 'specloopname_ln74' <Predicate = true> <Delay = 0.00>
ST_3 : Operation 29 [1/2] (4.14ns)   --->   "%call_ln0 = call void @v_mix_420_to_422<false>.2_Pipeline_VITIS_LOOP_76_2, i12 %width_read, i24 %srcLayer0, i24 %srcLayer0Yuv422"   --->   Operation 29 'call' 'call_ln0' <Predicate = true> <Delay = 4.14> <CoreType = "Generic">   --->   Core 0 '' <Latency = 0> <II = 1> <Delay = 1.00> <Generic> <Opcode : >
ST_3 : Operation 30 [1/1] (0.00ns)   --->   "%br_ln74 = br void %VITIS_LOOP_76_2" [/home/nothon/fpga2C/ZTurnV2/ZTurnV2.runs/main_design_v_mix_0_0_synth_1/prj/sol/.autopilot/db/v_csc.cpp:74]   --->   Operation 30 'br' 'br_ln74' <Predicate = true> <Delay = 0.00>


============================================================
+ Verbose Summary: Timing violations
============================================================
Target clock period: 10.000ns, clock uncertainty: 2.700ns.

 <State 1>: 6.802ns
The critical path consists of the following:
	fifo read operation ('layerEnableFlag') on port 'layerEnableFlag' [10]  (3.401 ns)
	fifo write operation ('write_ln0') on port 'HwReg_layerEnableFlag_0_val_c13' [12]  (3.401 ns)

 <State 2>: 4.390ns
The critical path consists of the following:
	'load' operation 12 bit ('y', /home/nothon/fpga2C/ZTurnV2/ZTurnV2.runs/main_design_v_mix_0_0_synth_1/prj/sol/.autopilot/db/v_csc.cpp:74) on local variable 'y', /home/nothon/fpga2C/ZTurnV2/ZTurnV2.runs/main_design_v_mix_0_0_synth_1/prj/sol/.autopilot/db/v_csc.cpp:66 [23]  (0.000 ns)
	'icmp' operation 1 bit ('icmp_ln74', /home/nothon/fpga2C/ZTurnV2/ZTurnV2.runs/main_design_v_mix_0_0_synth_1/prj/sol/.autopilot/db/v_csc.cpp:74) [24]  (1.546 ns)
	'call' operation 0 bit ('call_ln0') to 'v_mix_420_to_422<false>.2_Pipeline_VITIS_LOOP_76_2' [31]  (2.844 ns)

 <State 3>: 4.142ns
The critical path consists of the following:
	'call' operation 0 bit ('call_ln0') to 'v_mix_420_to_422<false>.2_Pipeline_VITIS_LOOP_76_2' [31]  (4.142 ns)


============================================================
+ Verbose Summary: Binding
============================================================
N/A
* FSMD analyzer results:
  - Output states:
 - Input state : 
  - Chain level:
	State 1
	State 2
	State 3


============================================================
+ Verbose Summary: Datapath Resource usage 
============================================================
N/A
