

================================================================
== Vitis HLS Report for 'v_mix_yuv2rgb_false_Pipeline_VITIS_LOOP_897_2'
================================================================
* Date:           Thu Jul 18 12:04:22 2024

* Version:        2024.1 (Build 5069499 on May 21 2024)
* Project:        prj
* Solution:       sol (Vivado IP Flow Target)
* Product family: zynq
* Target device:  xc7z020-clg400-2


================================================================
== Performance Estimates
================================================================
+ Timing: 
    * Summary: 
    +--------+----------+----------+------------+
    |  Clock |  Target  | Estimated| Uncertainty|
    +--------+----------+----------+------------+
    |ap_clk  |  10.00 ns|  6.802 ns|     2.70 ns|
    +--------+----------+----------+------------+

+ Latency: 
    * Summary: 
    +---------+---------+-----------+-----------+-----+------+-----------------------------------------------+
    |  Latency (cycles) |   Latency (absolute)  |  Interval  |                    Pipeline                   |
    |   min   |   max   |    min    |    max    | min |  max |                      Type                     |
    +---------+---------+-----------+-----------+-----+------+-----------------------------------------------+
    |        2|     3842|  20.000 ns|  38.420 us|    1|  3841|  loop auto-rewind stp(delay=0 clock cycles(s))|
    +---------+---------+-----------+-----------+-----+------+-----------------------------------------------+

    + Detail: 
        * Instance: 
        N/A

        * Loop: 
        +--------------------+---------+---------+----------+-----------+-----------+----------+----------+
        |                    |  Latency (cycles) | Iteration|  Initiation Interval  |   Trip   |          |
        |      Loop Name     |   min   |   max   |  Latency |  achieved |   target  |   Count  | Pipelined|
        +--------------------+---------+---------+----------+-----------+-----------+----------+----------+
        |- VITIS_LOOP_897_2  |        0|     3840|         2|          1|          1|  0 ~ 3840|       yes|
        +--------------------+---------+---------+----------+-----------+-----------+----------+----------+



================================================================
== Utilization Estimates
================================================================
* Summary: 
+-----------------+---------+-----+--------+-------+-----+
|       Name      | BRAM_18K| DSP |   FF   |  LUT  | URAM|
+-----------------+---------+-----+--------+-------+-----+
|DSP              |        -|    -|       -|      -|    -|
|Expression       |        -|    -|       0|     28|    -|
|FIFO             |        -|    -|       -|      -|    -|
|Instance         |        -|    -|       -|      -|    -|
|Memory           |        -|    -|       -|      -|    -|
|Multiplexer      |        -|    -|       0|     54|    -|
|Register         |        -|    -|      15|      -|    -|
+-----------------+---------+-----+--------+-------+-----+
|Total            |        0|    0|      15|     82|    0|
+-----------------+---------+-----+--------+-------+-----+
|Available        |      280|  220|  106400|  53200|    0|
+-----------------+---------+-----+--------+-------+-----+
|Utilization (%)  |        0|    0|      ~0|     ~0|    0|
+-----------------+---------+-----+--------+-------+-----+

+ Detail: 
    * Instance: 
    N/A

    * DSP: 
    N/A

    * Memory: 
    N/A

    * FIFO: 
    N/A

    * Expression: 
    +----------------------------------+----------+----+---+----+------------+------------+
    |           Variable Name          | Operation| DSP| FF| LUT| Bitwidth P0| Bitwidth P1|
    +----------------------------------+----------+----+---+----+------------+------------+
    |x_2_fu_78_p2                      |         +|   0|  0|  12|          12|           1|
    |ap_block_pp0_stage0_01001         |       and|   0|  0|   1|           1|           1|
    |icmp_ln897_fu_72_p2               |      icmp|   0|  0|  12|          12|          12|
    |ap_block_state2_pp0_stage0_iter1  |        or|   0|  0|   1|           1|           1|
    |ap_enable_pp0                     |       xor|   0|  0|   2|           1|           2|
    +----------------------------------+----------+----+---+----+------------+------------+
    |Total                             |          |   0|  0|  28|          27|          17|
    +----------------------------------+----------+----+---+----+------------+------------+

    * Multiplexer: 
    +-------------------------+----+-----------+-----+-----------+
    |           Name          | LUT| Input Size| Bits| Total Bits|
    +-------------------------+----+-----------+-----+-----------+
    |ap_done_int              |   9|          2|    1|          2|
    |ap_enable_reg_pp0_iter1  |   9|          2|    1|          2|
    |ap_sig_allocacmp_x_1     |   9|          2|   12|         24|
    |srcLayer2Rgb_blk_n       |   9|          2|    1|          2|
    |srcLayer2Yuv_blk_n       |   9|          2|    1|          2|
    |x_fu_40                  |   9|          2|   12|         24|
    +-------------------------+----+-----------+-----+-----------+
    |Total                    |  54|         12|   28|         56|
    +-------------------------+----+-----------+-----+-----------+

    * Register: 
    +-------------------------+----+----+-----+-----------+
    |           Name          | FF | LUT| Bits| Const Bits|
    +-------------------------+----+----+-----+-----------+
    |ap_CS_fsm                |   1|   0|    1|          0|
    |ap_done_reg              |   1|   0|    1|          0|
    |ap_enable_reg_pp0_iter1  |   1|   0|    1|          0|
    |x_fu_40                  |  12|   0|   12|          0|
    +-------------------------+----+----+-----+-----------+
    |Total                    |  15|   0|   15|          0|
    +-------------------------+----+----+-----+-----------+



================================================================
== Interface
================================================================
* Summary: 
+-----------------------------+-----+-----+------------+------------------------------------------------+--------------+
|          RTL Ports          | Dir | Bits|  Protocol  |                  Source Object                 |    C Type    |
+-----------------------------+-----+-----+------------+------------------------------------------------+--------------+
|ap_clk                       |   in|    1|  ap_ctrl_hs|  v_mix_yuv2rgb<false>_Pipeline_VITIS_LOOP_897_2|  return value|
|ap_rst                       |   in|    1|  ap_ctrl_hs|  v_mix_yuv2rgb<false>_Pipeline_VITIS_LOOP_897_2|  return value|
|ap_start                     |   in|    1|  ap_ctrl_hs|  v_mix_yuv2rgb<false>_Pipeline_VITIS_LOOP_897_2|  return value|
|ap_done                      |  out|    1|  ap_ctrl_hs|  v_mix_yuv2rgb<false>_Pipeline_VITIS_LOOP_897_2|  return value|
|ap_idle                      |  out|    1|  ap_ctrl_hs|  v_mix_yuv2rgb<false>_Pipeline_VITIS_LOOP_897_2|  return value|
|ap_ready                     |  out|    1|  ap_ctrl_hs|  v_mix_yuv2rgb<false>_Pipeline_VITIS_LOOP_897_2|  return value|
|srcLayer2Yuv_dout            |   in|   24|     ap_fifo|                                    srcLayer2Yuv|       pointer|
|srcLayer2Yuv_num_data_valid  |   in|    3|     ap_fifo|                                    srcLayer2Yuv|       pointer|
|srcLayer2Yuv_fifo_cap        |   in|    3|     ap_fifo|                                    srcLayer2Yuv|       pointer|
|srcLayer2Yuv_empty_n         |   in|    1|     ap_fifo|                                    srcLayer2Yuv|       pointer|
|srcLayer2Yuv_read            |  out|    1|     ap_fifo|                                    srcLayer2Yuv|       pointer|
|srcLayer2Rgb_din             |  out|   24|     ap_fifo|                                    srcLayer2Rgb|       pointer|
|srcLayer2Rgb_num_data_valid  |   in|    3|     ap_fifo|                                    srcLayer2Rgb|       pointer|
|srcLayer2Rgb_fifo_cap        |   in|    3|     ap_fifo|                                    srcLayer2Rgb|       pointer|
|srcLayer2Rgb_full_n          |   in|    1|     ap_fifo|                                    srcLayer2Rgb|       pointer|
|srcLayer2Rgb_write           |  out|    1|     ap_fifo|                                    srcLayer2Rgb|       pointer|
|empty                        |   in|   12|     ap_none|                                           empty|        scalar|
+-----------------------------+-----+-----+------------+------------------------------------------------+--------------+

============================================================
+ Verbose Summary: Synthesis Manager
============================================================
InlineROM: 1
ExposeGlobal: 0
============================================================
+ Verbose Summary: CDFG Model
============================================================
IsTopModel: 0
ResetActiveHigh: 1
IsCombinational: 2
IsDatapathOnly: 2
HasWiredReturn: 1
HasMFsm: 2
HasVarLatency: 1
IsPipeline: 0
IsRtlPipelined: 0
IsInstanceOverlapped: 0
IsDontTouch: 0
HasImplIP: 0
IsGatedGlobalClock: 0

+ Individual pipeline summary: 
  * Pipeline-0: initiation interval (II) = 1, depth = 2


============================================================
+ Verbose Summary: Schedule
============================================================
* Number of FSM states : 2
* Pipeline : 1
  Pipeline-0 : II = 1, D = 2, States = { 1 2 }
* Dataflow Pipeline: 0

* FSM state transitions: 
1 --> 2 
2 --> 

* FSM state operations: 

State 1 <SV = 0> <Delay = 4.14>
ST_1 : Operation 5 [1/1] (0.00ns)   --->   "%x = alloca i32 1" [/home/nothon/fpga2C/ZTurnV2/ZTurnV2.runs/main_design_v_mix_0_0_synth_1/prj/sol/.autopilot/db/v_csc.cpp:887->/home/nothon/fpga2C/ZTurnV2/ZTurnV2.runs/main_design_v_mix_0_0_synth_1/prj/sol/.autopilot/db/v_mix.cpp:772]   --->   Operation 5 'alloca' 'x' <Predicate = true> <Delay = 0.00>
ST_1 : Operation 6 [1/1] (0.00ns)   --->   "%specinterface_ln0 = specinterface void @_ssdm_op_SpecInterface, i24 %srcLayer2Yuv, void @empty_17, i32 0, i32 0, void @empty_48, i32 0, i32 0, void @empty_48, void @empty_48, void @empty_48, i32 0, i32 0, i32 0, i32 0, void @empty_48, void @empty_48, i32 4294967295, i32 0, i32 0"   --->   Operation 6 'specinterface' 'specinterface_ln0' <Predicate = true> <Delay = 0.00>
ST_1 : Operation 7 [1/1] (0.00ns)   --->   "%specinterface_ln0 = specinterface void @_ssdm_op_SpecInterface, i24 %srcLayer2Rgb, void @empty_17, i32 0, i32 0, void @empty_48, i32 0, i32 0, void @empty_48, void @empty_48, void @empty_48, i32 0, i32 0, i32 0, i32 0, void @empty_48, void @empty_48, i32 4294967295, i32 0, i32 0"   --->   Operation 7 'specinterface' 'specinterface_ln0' <Predicate = true> <Delay = 0.00>
ST_1 : Operation 8 [1/1] (0.00ns)   --->   "%tmp = read i12 @_ssdm_op_Read.ap_auto.i12, i12 %empty" [/home/nothon/fpga2C/ZTurnV2/ZTurnV2.runs/main_design_v_mix_0_0_synth_1/prj/sol/.autopilot/db/v_csc.cpp:867->/home/nothon/fpga2C/ZTurnV2/ZTurnV2.runs/main_design_v_mix_0_0_synth_1/prj/sol/.autopilot/db/v_mix.cpp:772]   --->   Operation 8 'read' 'tmp' <Predicate = true> <Delay = 0.00>
ST_1 : Operation 9 [1/1] (1.29ns)   --->   "%store_ln887 = store i12 0, i12 %x" [/home/nothon/fpga2C/ZTurnV2/ZTurnV2.runs/main_design_v_mix_0_0_synth_1/prj/sol/.autopilot/db/v_csc.cpp:887->/home/nothon/fpga2C/ZTurnV2/ZTurnV2.runs/main_design_v_mix_0_0_synth_1/prj/sol/.autopilot/db/v_mix.cpp:772]   --->   Operation 9 'store' 'store_ln887' <Predicate = true> <Delay = 1.29>
ST_1 : Operation 10 [1/1] (0.00ns)   --->   "%br_ln897 = br void %for.inc.i" [/home/nothon/fpga2C/ZTurnV2/ZTurnV2.runs/main_design_v_mix_0_0_synth_1/prj/sol/.autopilot/db/v_csc.cpp:897->/home/nothon/fpga2C/ZTurnV2/ZTurnV2.runs/main_design_v_mix_0_0_synth_1/prj/sol/.autopilot/db/v_mix.cpp:772]   --->   Operation 10 'br' 'br_ln897' <Predicate = true> <Delay = 0.00>
ST_1 : Operation 11 [1/1] (0.00ns)   --->   "%x_1 = load i12 %x" [/home/nothon/fpga2C/ZTurnV2/ZTurnV2.runs/main_design_v_mix_0_0_synth_1/prj/sol/.autopilot/db/v_csc.cpp:897->/home/nothon/fpga2C/ZTurnV2/ZTurnV2.runs/main_design_v_mix_0_0_synth_1/prj/sol/.autopilot/db/v_mix.cpp:772]   --->   Operation 11 'load' 'x_1' <Predicate = true> <Delay = 0.00>
ST_1 : Operation 12 [1/1] (1.54ns)   --->   "%icmp_ln897 = icmp_eq  i12 %x_1, i12 %tmp" [/home/nothon/fpga2C/ZTurnV2/ZTurnV2.runs/main_design_v_mix_0_0_synth_1/prj/sol/.autopilot/db/v_csc.cpp:897->/home/nothon/fpga2C/ZTurnV2/ZTurnV2.runs/main_design_v_mix_0_0_synth_1/prj/sol/.autopilot/db/v_mix.cpp:772]   --->   Operation 12 'icmp' 'icmp_ln897' <Predicate = true> <Delay = 1.54> <CoreInst = "Cmp">   --->   Core 9 'Cmp' <Latency = 0> <II = 1> <Delay = 1.54> <FuncUnit> <Opcode : 'seteq' 'setne' 'setle' 'setge' 'setlt' 'setgt'> <InPorts = 2> <OutPorts = 1>
ST_1 : Operation 13 [1/1] (0.00ns)   --->   "%speclooptripcount_ln0 = speclooptripcount void @_ssdm_op_SpecLoopTripCount, i64 0, i64 3840, i64 0"   --->   Operation 13 'speclooptripcount' 'speclooptripcount_ln0' <Predicate = true> <Delay = 0.00>
ST_1 : Operation 14 [1/1] (1.54ns)   --->   "%x_2 = add i12 %x_1, i12 1" [/home/nothon/fpga2C/ZTurnV2/ZTurnV2.runs/main_design_v_mix_0_0_synth_1/prj/sol/.autopilot/db/v_csc.cpp:897->/home/nothon/fpga2C/ZTurnV2/ZTurnV2.runs/main_design_v_mix_0_0_synth_1/prj/sol/.autopilot/db/v_mix.cpp:772]   --->   Operation 14 'add' 'x_2' <Predicate = true> <Delay = 1.54> <CoreInst = "Adder">   --->   Core 1 'Adder' <Latency = 0> <II = 1> <Delay = 1.54> <FuncUnit> <Opcode : 'add' 'sub'> <InPorts = 2> <OutPorts = 1>
ST_1 : Operation 15 [1/1] (0.00ns)   --->   "%br_ln897 = br i1 %icmp_ln897, void %for.inc.split.i, void %for.inc12.loopexit.i.exitStub" [/home/nothon/fpga2C/ZTurnV2/ZTurnV2.runs/main_design_v_mix_0_0_synth_1/prj/sol/.autopilot/db/v_csc.cpp:897->/home/nothon/fpga2C/ZTurnV2/ZTurnV2.runs/main_design_v_mix_0_0_synth_1/prj/sol/.autopilot/db/v_mix.cpp:772]   --->   Operation 15 'br' 'br_ln897' <Predicate = true> <Delay = 0.00>
ST_1 : Operation 16 [1/1] (1.29ns)   --->   "%store_ln887 = store i12 %x_2, i12 %x" [/home/nothon/fpga2C/ZTurnV2/ZTurnV2.runs/main_design_v_mix_0_0_synth_1/prj/sol/.autopilot/db/v_csc.cpp:887->/home/nothon/fpga2C/ZTurnV2/ZTurnV2.runs/main_design_v_mix_0_0_synth_1/prj/sol/.autopilot/db/v_mix.cpp:772]   --->   Operation 16 'store' 'store_ln887' <Predicate = (!icmp_ln897)> <Delay = 1.29>
ST_1 : Operation 22 [1/1] (1.29ns)   --->   "%ret_ln0 = ret"   --->   Operation 22 'ret' 'ret_ln0' <Predicate = (icmp_ln897)> <Delay = 1.29>

State 2 <SV = 1> <Delay = 6.80>
ST_2 : Operation 17 [1/1] (0.00ns)   --->   "%specpipeline_ln900 = specpipeline void @_ssdm_op_SpecPipeline, i32 4294967295, i32 0, i32 0, i32 0, void @empty_48" [/home/nothon/fpga2C/ZTurnV2/ZTurnV2.runs/main_design_v_mix_0_0_synth_1/prj/sol/.autopilot/db/v_csc.cpp:900->/home/nothon/fpga2C/ZTurnV2/ZTurnV2.runs/main_design_v_mix_0_0_synth_1/prj/sol/.autopilot/db/v_mix.cpp:772]   --->   Operation 17 'specpipeline' 'specpipeline_ln900' <Predicate = true> <Delay = 0.00>
ST_2 : Operation 18 [1/1] (0.00ns)   --->   "%specloopname_ln897 = specloopname void @_ssdm_op_SpecLoopName, void @empty_21" [/home/nothon/fpga2C/ZTurnV2/ZTurnV2.runs/main_design_v_mix_0_0_synth_1/prj/sol/.autopilot/db/v_csc.cpp:897->/home/nothon/fpga2C/ZTurnV2/ZTurnV2.runs/main_design_v_mix_0_0_synth_1/prj/sol/.autopilot/db/v_mix.cpp:772]   --->   Operation 18 'specloopname' 'specloopname_ln897' <Predicate = true> <Delay = 0.00>
ST_2 : Operation 19 [1/1] (3.40ns)   --->   "%srcLayer2Yuv_read = read i24 @_ssdm_op_Read.ap_fifo.volatile.i24P0A, i24 %srcLayer2Yuv" [/home/nothon/fpga2C/ZTurnV2/ZTurnV2.runs/main_design_v_mix_0_0_synth_1/prj/sol/.autopilot/db/v_csc.cpp:901->/home/nothon/fpga2C/ZTurnV2/ZTurnV2.runs/main_design_v_mix_0_0_synth_1/prj/sol/.autopilot/db/v_mix.cpp:772]   --->   Operation 19 'read' 'srcLayer2Yuv_read' <Predicate = true> <Delay = 3.40> <CoreInst = "FIFO_SRL">   --->   Core 80 'FIFO_SRL' <Latency = 0> <II = 1> <Delay = 3.40> <Storage> <Opcode : 'read' 'write' 'nbread' 'nbwrite'> <Ports = 0> <Width = 24> <Depth = 2> <FIFO>
ST_2 : Operation 20 [1/1] (3.40ns)   --->   "%write_ln902 = write void @_ssdm_op_Write.ap_fifo.volatile.i24P0A, i24 %srcLayer2Rgb, i24 %srcLayer2Yuv_read" [/home/nothon/fpga2C/ZTurnV2/ZTurnV2.runs/main_design_v_mix_0_0_synth_1/prj/sol/.autopilot/db/v_csc.cpp:902->/home/nothon/fpga2C/ZTurnV2/ZTurnV2.runs/main_design_v_mix_0_0_synth_1/prj/sol/.autopilot/db/v_mix.cpp:772]   --->   Operation 20 'write' 'write_ln902' <Predicate = true> <Delay = 3.40> <CoreInst = "FIFO_SRL">   --->   Core 80 'FIFO_SRL' <Latency = 0> <II = 1> <Delay = 3.40> <Storage> <Opcode : 'read' 'write' 'nbread' 'nbwrite'> <Ports = 0> <Width = 24> <Depth = 2> <FIFO>
ST_2 : Operation 21 [1/1] (0.00ns)   --->   "%br_ln897 = br void %for.inc.i" [/home/nothon/fpga2C/ZTurnV2/ZTurnV2.runs/main_design_v_mix_0_0_synth_1/prj/sol/.autopilot/db/v_csc.cpp:897->/home/nothon/fpga2C/ZTurnV2/ZTurnV2.runs/main_design_v_mix_0_0_synth_1/prj/sol/.autopilot/db/v_mix.cpp:772]   --->   Operation 21 'br' 'br_ln897' <Predicate = true> <Delay = 0.00>


============================================================
+ Verbose Summary: Binding
============================================================
STG Binding: 
---------------- STG Properties BEGIN ----------------
- Is combinational: 0
- Is one-state seq: 0
- Is datapath-only: 0
- Is pipelined: 0
- Is top level: 0
Port [ Return ] is wired: 1; IO mode=ap_ctrl_hs:ce=0
Port [ empty]:  wired=1; compound=0; hidden=0; nouse=0; global=0; static=0; extern=0; dir=0; type=0; pingpong=0; private_global=0; IO mode=ap_none:ce=0
Port [ srcLayer2Yuv]:  wired=1; compound=1; hidden=0; nouse=0; global=0; static=0; extern=0; dir=0; type=3; pingpong=0; private_global=0; IO mode=ap_fifo:ce=0
Port [ srcLayer2Rgb]:  wired=1; compound=1; hidden=0; nouse=0; global=0; static=0; extern=0; dir=1; type=3; pingpong=0; private_global=0; IO mode=ap_fifo:ce=0
---------------- STG Properties END ------------------

---------------- Datapath Model BEGIN ----------------

<LifeTime>
<method=bitvector/>
x                     (alloca           ) [ 010]
specinterface_ln0     (specinterface    ) [ 000]
specinterface_ln0     (specinterface    ) [ 000]
tmp                   (read             ) [ 000]
store_ln887           (store            ) [ 000]
br_ln897              (br               ) [ 000]
x_1                   (load             ) [ 000]
icmp_ln897            (icmp             ) [ 010]
speclooptripcount_ln0 (speclooptripcount) [ 000]
x_2                   (add              ) [ 000]
br_ln897              (br               ) [ 000]
store_ln887           (store            ) [ 000]
specpipeline_ln900    (specpipeline     ) [ 000]
specloopname_ln897    (specloopname     ) [ 000]
srcLayer2Yuv_read     (read             ) [ 000]
write_ln902           (write            ) [ 000]
br_ln897              (br               ) [ 000]
ret_ln0               (ret              ) [ 000]
</LifeTime>

<model>

<comp_list>
<comp id="0" class="1000" name="empty">
<pin_list>
<pin id="1" dir="1" index="0" bw="1" slack="0"/>
</pin_list>
<bind>
<StgValue><ssdm name="empty"/></StgValue>
</bind>
</comp>

<comp id="2" class="1000" name="srcLayer2Yuv">
<pin_list>
<pin id="3" dir="1" index="0" bw="1" slack="0"/>
</pin_list>
<bind>
<StgValue><ssdm name="srcLayer2Yuv"/></StgValue>
</bind>
</comp>

<comp id="4" class="1000" name="srcLayer2Rgb">
<pin_list>
<pin id="5" dir="1" index="0" bw="1" slack="0"/>
</pin_list>
<bind>
<StgValue><ssdm name="srcLayer2Rgb"/></StgValue>
</bind>
</comp>

<comp id="6" class="1001" name="const_6">
<pin_list>
<pin id="7" dir="1" index="0" bw="1" slack="0"/>
</pin_list>
<bind>
<StgValue><ssdm name=""/></StgValue>
</bind>
</comp>

<comp id="8" class="1001" name="const_8">
<pin_list>
<pin id="9" dir="1" index="0" bw="1" slack="2147483647"/>
</pin_list>
<bind>
<StgValue><ssdm name="_ssdm_op_SpecInterface"/></StgValue>
</bind>
</comp>

<comp id="10" class="1001" name="const_10">
<pin_list>
<pin id="11" dir="1" index="0" bw="1" slack="2147483647"/>
</pin_list>
<bind>
<StgValue><ssdm name="empty_17"/></StgValue>
</bind>
</comp>

<comp id="12" class="1001" name="const_12">
<pin_list>
<pin id="13" dir="1" index="0" bw="1" slack="2147483647"/>
</pin_list>
<bind>
<StgValue><ssdm name=""/></StgValue>
</bind>
</comp>

<comp id="14" class="1001" name="const_14">
<pin_list>
<pin id="15" dir="1" index="0" bw="1" slack="2147483647"/>
</pin_list>
<bind>
<StgValue><ssdm name="empty_48"/></StgValue>
</bind>
</comp>

<comp id="16" class="1001" name="const_16">
<pin_list>
<pin id="17" dir="1" index="0" bw="1" slack="2147483647"/>
</pin_list>
<bind>
<StgValue><ssdm name=""/></StgValue>
</bind>
</comp>

<comp id="18" class="1001" name="const_18">
<pin_list>
<pin id="19" dir="1" index="0" bw="1" slack="0"/>
</pin_list>
<bind>
<StgValue><ssdm name="_ssdm_op_Read.ap_auto.i12"/></StgValue>
</bind>
</comp>

<comp id="20" class="1001" name="const_20">
<pin_list>
<pin id="21" dir="1" index="0" bw="1" slack="0"/>
</pin_list>
<bind>
<StgValue><ssdm name=""/></StgValue>
</bind>
</comp>

<comp id="22" class="1001" name="const_22">
<pin_list>
<pin id="23" dir="1" index="0" bw="1" slack="2147483647"/>
</pin_list>
<bind>
<StgValue><ssdm name="_ssdm_op_SpecLoopTripCount"/></StgValue>
</bind>
</comp>

<comp id="24" class="1001" name="const_24">
<pin_list>
<pin id="25" dir="1" index="0" bw="1" slack="2147483647"/>
</pin_list>
<bind>
<StgValue><ssdm name=""/></StgValue>
</bind>
</comp>

<comp id="26" class="1001" name="const_26">
<pin_list>
<pin id="27" dir="1" index="0" bw="1" slack="2147483647"/>
</pin_list>
<bind>
<StgValue><ssdm name=""/></StgValue>
</bind>
</comp>

<comp id="28" class="1001" name="const_28">
<pin_list>
<pin id="29" dir="1" index="0" bw="1" slack="0"/>
</pin_list>
<bind>
<StgValue><ssdm name=""/></StgValue>
</bind>
</comp>

<comp id="30" class="1001" name="const_30">
<pin_list>
<pin id="31" dir="1" index="0" bw="1" slack="2147483647"/>
</pin_list>
<bind>
<StgValue><ssdm name="_ssdm_op_SpecPipeline"/></StgValue>
</bind>
</comp>

<comp id="32" class="1001" name="const_32">
<pin_list>
<pin id="33" dir="1" index="0" bw="1" slack="2147483647"/>
</pin_list>
<bind>
<StgValue><ssdm name="_ssdm_op_SpecLoopName"/></StgValue>
</bind>
</comp>

<comp id="34" class="1001" name="const_34">
<pin_list>
<pin id="35" dir="1" index="0" bw="1" slack="2147483647"/>
</pin_list>
<bind>
<StgValue><ssdm name="empty_21"/></StgValue>
</bind>
</comp>

<comp id="36" class="1001" name="const_36">
<pin_list>
<pin id="37" dir="1" index="0" bw="1" slack="0"/>
</pin_list>
<bind>
<StgValue><ssdm name="_ssdm_op_Read.ap_fifo.volatile.i24P0A"/></StgValue>
</bind>
</comp>

<comp id="38" class="1001" name="const_38">
<pin_list>
<pin id="39" dir="1" index="0" bw="1" slack="0"/>
</pin_list>
<bind>
<StgValue><ssdm name="_ssdm_op_Write.ap_fifo.volatile.i24P0A"/></StgValue>
</bind>
</comp>

<comp id="40" class="1004" name="x_fu_40">
<pin_list>
<pin id="41" dir="0" index="0" bw="1" slack="0"/>
<pin id="42" dir="1" index="1" bw="12" slack="0"/>
</pin_list>
<bind>
<opcode="alloca(26) " fcode="alloca"/>
<opset="x/1 "/>
</bind>
</comp>

<comp id="44" class="1004" name="tmp_read_fu_44">
<pin_list>
<pin id="45" dir="0" index="0" bw="12" slack="0"/>
<pin id="46" dir="0" index="1" bw="12" slack="0"/>
<pin id="47" dir="1" index="2" bw="12" slack="0"/>
</pin_list>
<bind>
<opcode="read(1150) " fcode="read"/>
<opset="tmp/1 "/>
</bind>
</comp>

<comp id="50" class="1004" name="srcLayer2Yuv_read_read_fu_50">
<pin_list>
<pin id="51" dir="0" index="0" bw="24" slack="0"/>
<pin id="52" dir="0" index="1" bw="24" slack="0"/>
<pin id="53" dir="1" index="2" bw="24" slack="0"/>
</pin_list>
<bind>
<opcode="read(1150) " fcode="read"/>
<opset="srcLayer2Yuv_read/2 "/>
</bind>
</comp>

<comp id="56" class="1004" name="write_ln902_write_fu_56">
<pin_list>
<pin id="57" dir="0" index="0" bw="0" slack="0"/>
<pin id="58" dir="0" index="1" bw="24" slack="0"/>
<pin id="59" dir="0" index="2" bw="24" slack="0"/>
<pin id="60" dir="1" index="3" bw="0" slack="2147483647"/>
</pin_list>
<bind>
<opcode="write(1151) " fcode="write"/>
<opset="write_ln902/2 "/>
</bind>
</comp>

<comp id="64" class="1004" name="store_ln887_store_fu_64">
<pin_list>
<pin id="65" dir="0" index="0" bw="1" slack="0"/>
<pin id="66" dir="0" index="1" bw="12" slack="0"/>
<pin id="67" dir="1" index="2" bw="0" slack="2147483647"/>
</pin_list>
<bind>
<opcode="store(28) " fcode="store"/>
<opset="store_ln887/1 "/>
</bind>
</comp>

<comp id="69" class="1004" name="x_1_load_fu_69">
<pin_list>
<pin id="70" dir="0" index="0" bw="12" slack="0"/>
<pin id="71" dir="1" index="1" bw="12" slack="0"/>
</pin_list>
<bind>
<opcode="load(27) " fcode="load"/>
<opset="x_1/1 "/>
</bind>
</comp>

<comp id="72" class="1004" name="icmp_ln897_fu_72">
<pin_list>
<pin id="73" dir="0" index="0" bw="12" slack="0"/>
<pin id="74" dir="0" index="1" bw="12" slack="0"/>
<pin id="75" dir="1" index="2" bw="1" slack="2147483647"/>
</pin_list>
<bind>
<opcode="icmp(45) " fcode="icmp"/>
<opset="icmp_ln897/1 "/>
</bind>
</comp>

<comp id="78" class="1004" name="x_2_fu_78">
<pin_list>
<pin id="79" dir="0" index="0" bw="12" slack="0"/>
<pin id="80" dir="0" index="1" bw="1" slack="0"/>
<pin id="81" dir="1" index="2" bw="12" slack="0"/>
</pin_list>
<bind>
<opcode="add(8) " fcode="add"/>
<opset="x_2/1 "/>
</bind>
</comp>

<comp id="84" class="1004" name="store_ln887_store_fu_84">
<pin_list>
<pin id="85" dir="0" index="0" bw="12" slack="0"/>
<pin id="86" dir="0" index="1" bw="12" slack="0"/>
<pin id="87" dir="1" index="2" bw="0" slack="2147483647"/>
</pin_list>
<bind>
<opcode="store(28) " fcode="store"/>
<opset="store_ln887/1 "/>
</bind>
</comp>

<comp id="89" class="1005" name="x_reg_89">
<pin_list>
<pin id="90" dir="0" index="0" bw="12" slack="0"/>
<pin id="91" dir="1" index="1" bw="12" slack="0"/>
</pin_list>
<bind>
<opset="x "/>
</bind>
</comp>

</comp_list>

<net_list>
<net id="43"><net_src comp="6" pin="0"/><net_sink comp="40" pin=0"/></net>

<net id="48"><net_src comp="18" pin="0"/><net_sink comp="44" pin=0"/></net>

<net id="49"><net_src comp="0" pin="0"/><net_sink comp="44" pin=1"/></net>

<net id="54"><net_src comp="36" pin="0"/><net_sink comp="50" pin=0"/></net>

<net id="55"><net_src comp="2" pin="0"/><net_sink comp="50" pin=1"/></net>

<net id="61"><net_src comp="38" pin="0"/><net_sink comp="56" pin=0"/></net>

<net id="62"><net_src comp="4" pin="0"/><net_sink comp="56" pin=1"/></net>

<net id="63"><net_src comp="50" pin="2"/><net_sink comp="56" pin=2"/></net>

<net id="68"><net_src comp="20" pin="0"/><net_sink comp="64" pin=0"/></net>

<net id="76"><net_src comp="69" pin="1"/><net_sink comp="72" pin=0"/></net>

<net id="77"><net_src comp="44" pin="2"/><net_sink comp="72" pin=1"/></net>

<net id="82"><net_src comp="69" pin="1"/><net_sink comp="78" pin=0"/></net>

<net id="83"><net_src comp="28" pin="0"/><net_sink comp="78" pin=1"/></net>

<net id="88"><net_src comp="78" pin="2"/><net_sink comp="84" pin=0"/></net>

<net id="92"><net_src comp="40" pin="1"/><net_sink comp="89" pin=0"/></net>

<net id="93"><net_src comp="89" pin="1"/><net_sink comp="64" pin=1"/></net>

<net id="94"><net_src comp="89" pin="1"/><net_sink comp="69" pin=0"/></net>

<net id="95"><net_src comp="89" pin="1"/><net_sink comp="84" pin=1"/></net>

</net_list>

</model> 
---------------- Datapath Model END ------------------

* FSMD analyzer results:
  - Output states:
	Port: srcLayer2Yuv | {}
	Port: srcLayer2Rgb | {2 }
 - Input state : 
	Port: v_mix_yuv2rgb<false>_Pipeline_VITIS_LOOP_897_2 : empty | {1 }
	Port: v_mix_yuv2rgb<false>_Pipeline_VITIS_LOOP_897_2 : srcLayer2Yuv | {2 }
	Port: v_mix_yuv2rgb<false>_Pipeline_VITIS_LOOP_897_2 : srcLayer2Rgb | {}
  - Chain level:
	State 1
		store_ln887 : 1
		x_1 : 1
		icmp_ln897 : 2
		x_2 : 2
		br_ln897 : 3
		store_ln887 : 3
	State 2


============================================================
+ Verbose Summary: Datapath Resource usage 
============================================================

* Functional unit list:
|----------|------------------------------|---------|---------|
| Operation|        Functional Unit       |    FF   |   LUT   |
|----------|------------------------------|---------|---------|
|   icmp   |       icmp_ln897_fu_72       |    0    |    12   |
|----------|------------------------------|---------|---------|
|    add   |           x_2_fu_78          |    0    |    12   |
|----------|------------------------------|---------|---------|
|   read   |        tmp_read_fu_44        |    0    |    0    |
|          | srcLayer2Yuv_read_read_fu_50 |    0    |    0    |
|----------|------------------------------|---------|---------|
|   write  |    write_ln902_write_fu_56   |    0    |    0    |
|----------|------------------------------|---------|---------|
|   Total  |                              |    0    |    24   |
|----------|------------------------------|---------|---------|

Memories:
N/A

* Register list:
+--------+--------+
|        |   FF   |
+--------+--------+
|x_reg_89|   12   |
+--------+--------+
|  Total |   12   |
+--------+--------+

* Multiplexer (MUX) list: 
|--------|------|------|------|--------|
|  Comp  |  Pin | Size |  BW  | S x BW |
|--------|------|------|------|--------|
|  Total |      |      |      |    0   |
|--------|------|------|------|--------|



* Summary:
+-----------+--------+--------+
|           |   FF   |   LUT  |
+-----------+--------+--------+
|  Function |    0   |   24   |
|   Memory  |    -   |    -   |
|Multiplexer|    -   |    -   |
|  Register |   12   |    -   |
+-----------+--------+--------+
|   Total   |   12   |   24   |
+-----------+--------+--------+
