

================================================================
== Vitis HLS Report for 'v_mix_422_to_420_false_s'
================================================================
* Date:           Thu Jul 18 12:04:19 2024

* Version:        2024.1 (Build 5069499 on May 21 2024)
* Project:        prj
* Solution:       sol (Vivado IP Flow Target)
* Product family: zynq
* Target device:  xc7z020-clg400-2


================================================================
== Performance Estimates
================================================================
+ Timing: 
    * Summary: 
    +--------+----------+----------+------------+
    |  Clock |  Target  | Estimated| Uncertainty|
    +--------+----------+----------+------------+
    |ap_clk  |  10.00 ns|  6.802 ns|     2.70 ns|
    +--------+----------+----------+------------+

+ Latency: 
    * Summary: 
    +---------+---------+-----------+-----------+------+---------+---------+
    |  Latency (cycles) |   Latency (absolute)  |    Interval    | Pipeline|
    |   min   |   max   |    min    |    max    |  min |   max   |   Type  |
    +---------+---------+-----------+-----------+------+---------+---------+
    |     4353|  8303041|  43.530 us|  83.030 ms|  4353|  8303041|       no|
    +---------+---------+-----------+-----------+------+---------+---------+

    + Detail: 
        * Instance: 
        N/A

        * Loop: 
        +--------------------+---------+---------+-----------+-----------+-----------+-----------+----------+
        |                    |  Latency (cycles) | Iteration |  Initiation Interval  |    Trip   |          |
        |      Loop Name     |   min   |   max   |  Latency  |  achieved |   target  |   Count   | Pipelined|
        +--------------------+---------+---------+-----------+-----------+-----------+-----------+----------+
        |- VITIS_LOOP_506_1  |     4352|  8303040|  68 ~ 3844|          -|          -|  64 ~ 2160|        no|
        +--------------------+---------+---------+-----------+-----------+-----------+-----------+----------+

============================================================
+ Verbose Summary: Synthesis Manager
============================================================
InlineROM: 1
ExposeGlobal: 0
============================================================
+ Verbose Summary: CDFG Model
============================================================
IsTopModel: 0
ResetActiveHigh: 1
IsCombinational: 2
IsDatapathOnly: 0
HasWiredReturn: 1
HasMFsm: 0
HasVarLatency: 1
IsPipeline: 0
IsRtlPipelined: 0
IsInstanceOverlapped: 0
IsDontTouch: 0
HasImplIP: 0
IsGatedGlobalClock: 0


============================================================
+ Verbose Summary: Schedule
============================================================
* Number of FSM states : 3
* Pipeline : 0
* Dataflow Pipeline: 0

* FSM state transitions: 
1 --> 2 
2 --> 3 
3 --> 2 

* FSM state operations: 

State 1 <SV = 0> <Delay = 1.29>
ST_1 : Operation 4 [1/1] (0.00ns)   --->   "%y_07 = alloca i32 1" [/home/nothon/fpga2C/ZTurnV2/ZTurnV2.runs/main_design_v_mix_0_0_synth_1/prj/sol/.autopilot/db/v_csc.cpp:500]   --->   Operation 4 'alloca' 'y_07' <Predicate = true> <Delay = 0.00>
ST_1 : Operation 5 [1/1] (0.00ns)   --->   "%width_val_read = read i12 @_ssdm_op_Read.ap_auto.i12, i12 %width_val"   --->   Operation 5 'read' 'width_val_read' <Predicate = true> <Delay = 0.00>
ST_1 : Operation 6 [1/1] (0.00ns)   --->   "%height_val_read = read i12 @_ssdm_op_Read.ap_auto.i12, i12 %height_val"   --->   Operation 6 'read' 'height_val_read' <Predicate = true> <Delay = 0.00>
ST_1 : Operation 7 [1/1] (0.00ns)   --->   "%specstablecontent_ln0 = specstablecontent void @_ssdm_op_SpecStableContent, i12 %height_val, void "   --->   Operation 7 'specstablecontent' 'specstablecontent_ln0' <Predicate = true> <Delay = 0.00>
ST_1 : Operation 8 [1/1] (0.00ns)   --->   "%specstablecontent_ln0 = specstablecontent void @_ssdm_op_SpecStableContent, i12 %width_val, void "   --->   Operation 8 'specstablecontent' 'specstablecontent_ln0' <Predicate = true> <Delay = 0.00>
ST_1 : Operation 9 [1/1] (0.00ns)   --->   "%specinterface_ln0 = specinterface void @_ssdm_op_SpecInterface, i24 %out420, void @empty_17, i32 0, i32 0, void @empty_48, i32 0, i32 0, void @empty_48, void @empty_48, void @empty_48, i32 0, i32 0, i32 0, i32 0, void @empty_48, void @empty_48, i32 4294967295, i32 0, i32 0"   --->   Operation 9 'specinterface' 'specinterface_ln0' <Predicate = true> <Delay = 0.00>
ST_1 : Operation 10 [1/1] (0.00ns)   --->   "%specinterface_ln0 = specinterface void @_ssdm_op_SpecInterface, i24 %out422, void @empty_17, i32 0, i32 0, void @empty_48, i32 0, i32 0, void @empty_48, void @empty_48, void @empty_48, i32 0, i32 0, i32 0, i32 0, void @empty_48, void @empty_48, i32 4294967295, i32 0, i32 0"   --->   Operation 10 'specinterface' 'specinterface_ln0' <Predicate = true> <Delay = 0.00>
ST_1 : Operation 11 [1/1] (1.29ns)   --->   "%store_ln500 = store i12 0, i12 %y_07" [/home/nothon/fpga2C/ZTurnV2/ZTurnV2.runs/main_design_v_mix_0_0_synth_1/prj/sol/.autopilot/db/v_csc.cpp:500]   --->   Operation 11 'store' 'store_ln500' <Predicate = true> <Delay = 1.29>
ST_1 : Operation 12 [1/1] (0.00ns)   --->   "%br_ln506 = br void %VITIS_LOOP_508_2" [/home/nothon/fpga2C/ZTurnV2/ZTurnV2.runs/main_design_v_mix_0_0_synth_1/prj/sol/.autopilot/db/v_csc.cpp:506]   --->   Operation 12 'br' 'br_ln506' <Predicate = true> <Delay = 0.00>

State 2 <SV = 1> <Delay = 4.39>
ST_2 : Operation 13 [1/1] (0.00ns)   --->   "%y = load i12 %y_07" [/home/nothon/fpga2C/ZTurnV2/ZTurnV2.runs/main_design_v_mix_0_0_synth_1/prj/sol/.autopilot/db/v_csc.cpp:506]   --->   Operation 13 'load' 'y' <Predicate = true> <Delay = 0.00>
ST_2 : Operation 14 [1/1] (1.54ns)   --->   "%icmp_ln506 = icmp_eq  i12 %y, i12 %height_val_read" [/home/nothon/fpga2C/ZTurnV2/ZTurnV2.runs/main_design_v_mix_0_0_synth_1/prj/sol/.autopilot/db/v_csc.cpp:506]   --->   Operation 14 'icmp' 'icmp_ln506' <Predicate = true> <Delay = 1.54> <CoreInst = "Cmp">   --->   Core 9 'Cmp' <Latency = 0> <II = 1> <Delay = 1.54> <FuncUnit> <Opcode : 'seteq' 'setne' 'setle' 'setge' 'setlt' 'setgt'> <InPorts = 2> <OutPorts = 1>
ST_2 : Operation 15 [1/1] (0.00ns)   --->   "%speclooptripcount_ln0 = speclooptripcount void @_ssdm_op_SpecLoopTripCount, i64 64, i64 2160, i64 0"   --->   Operation 15 'speclooptripcount' 'speclooptripcount_ln0' <Predicate = true> <Delay = 0.00>
ST_2 : Operation 16 [1/1] (1.54ns)   --->   "%y_22 = add i12 %y, i12 1" [/home/nothon/fpga2C/ZTurnV2/ZTurnV2.runs/main_design_v_mix_0_0_synth_1/prj/sol/.autopilot/db/v_csc.cpp:506]   --->   Operation 16 'add' 'y_22' <Predicate = true> <Delay = 1.54> <CoreInst = "Adder">   --->   Core 1 'Adder' <Latency = 0> <II = 1> <Delay = 1.54> <FuncUnit> <Opcode : 'add' 'sub'> <InPorts = 2> <OutPorts = 1>
ST_2 : Operation 17 [1/1] (0.00ns)   --->   "%br_ln506 = br i1 %icmp_ln506, void %VITIS_LOOP_508_2.split, void %for.end14.loopexit" [/home/nothon/fpga2C/ZTurnV2/ZTurnV2.runs/main_design_v_mix_0_0_synth_1/prj/sol/.autopilot/db/v_csc.cpp:506]   --->   Operation 17 'br' 'br_ln506' <Predicate = true> <Delay = 0.00>
ST_2 : Operation 18 [1/1] (0.00ns)   --->   "%empty = wait i32 @_ssdm_op_Wait"   --->   Operation 18 'wait' 'empty' <Predicate = (!icmp_ln506)> <Delay = 0.00>
ST_2 : Operation 19 [2/2] (2.84ns)   --->   "%call_ln0 = call void @v_mix_422_to_420<false>_Pipeline_VITIS_LOOP_508_2, i12 %width_val_read, i24 %out422, i24 %out420"   --->   Operation 19 'call' 'call_ln0' <Predicate = (!icmp_ln506)> <Delay = 2.84> <CoreType = "Generic">   --->   Core 0 '' <Latency = 0> <II = 1> <Delay = 1.00> <Generic> <Opcode : >
ST_2 : Operation 20 [1/1] (1.29ns)   --->   "%store_ln500 = store i12 %y_22, i12 %y_07" [/home/nothon/fpga2C/ZTurnV2/ZTurnV2.runs/main_design_v_mix_0_0_synth_1/prj/sol/.autopilot/db/v_csc.cpp:500]   --->   Operation 20 'store' 'store_ln500' <Predicate = (!icmp_ln506)> <Delay = 1.29>
ST_2 : Operation 21 [1/1] (0.00ns)   --->   "%ret_ln516 = ret" [/home/nothon/fpga2C/ZTurnV2/ZTurnV2.runs/main_design_v_mix_0_0_synth_1/prj/sol/.autopilot/db/v_csc.cpp:516]   --->   Operation 21 'ret' 'ret_ln516' <Predicate = (icmp_ln506)> <Delay = 0.00>

State 3 <SV = 2> <Delay = 4.14>
ST_3 : Operation 22 [1/1] (0.00ns)   --->   "%specloopname_ln506 = specloopname void @_ssdm_op_SpecLoopName, void @empty_26" [/home/nothon/fpga2C/ZTurnV2/ZTurnV2.runs/main_design_v_mix_0_0_synth_1/prj/sol/.autopilot/db/v_csc.cpp:506]   --->   Operation 22 'specloopname' 'specloopname_ln506' <Predicate = true> <Delay = 0.00>
ST_3 : Operation 23 [1/2] (4.14ns)   --->   "%call_ln0 = call void @v_mix_422_to_420<false>_Pipeline_VITIS_LOOP_508_2, i12 %width_val_read, i24 %out422, i24 %out420"   --->   Operation 23 'call' 'call_ln0' <Predicate = true> <Delay = 4.14> <CoreType = "Generic">   --->   Core 0 '' <Latency = 0> <II = 1> <Delay = 1.00> <Generic> <Opcode : >
ST_3 : Operation 24 [1/1] (0.00ns)   --->   "%br_ln506 = br void %VITIS_LOOP_508_2" [/home/nothon/fpga2C/ZTurnV2/ZTurnV2.runs/main_design_v_mix_0_0_synth_1/prj/sol/.autopilot/db/v_csc.cpp:506]   --->   Operation 24 'br' 'br_ln506' <Predicate = true> <Delay = 0.00>


============================================================
+ Verbose Summary: Timing violations
============================================================
Target clock period: 10.000ns, clock uncertainty: 2.700ns.

 <State 1>: 1.298ns
The critical path consists of the following:
	'alloca' operation 12 bit ('y', /home/nothon/fpga2C/ZTurnV2/ZTurnV2.runs/main_design_v_mix_0_0_synth_1/prj/sol/.autopilot/db/v_csc.cpp:500) [5]  (0.000 ns)
	'store' operation 0 bit ('store_ln500', /home/nothon/fpga2C/ZTurnV2/ZTurnV2.runs/main_design_v_mix_0_0_synth_1/prj/sol/.autopilot/db/v_csc.cpp:500) of constant 0 on local variable 'y', /home/nothon/fpga2C/ZTurnV2/ZTurnV2.runs/main_design_v_mix_0_0_synth_1/prj/sol/.autopilot/db/v_csc.cpp:500 [12]  (1.298 ns)

 <State 2>: 4.390ns
The critical path consists of the following:
	'load' operation 12 bit ('y', /home/nothon/fpga2C/ZTurnV2/ZTurnV2.runs/main_design_v_mix_0_0_synth_1/prj/sol/.autopilot/db/v_csc.cpp:506) on local variable 'y', /home/nothon/fpga2C/ZTurnV2/ZTurnV2.runs/main_design_v_mix_0_0_synth_1/prj/sol/.autopilot/db/v_csc.cpp:500 [15]  (0.000 ns)
	'icmp' operation 1 bit ('icmp_ln506', /home/nothon/fpga2C/ZTurnV2/ZTurnV2.runs/main_design_v_mix_0_0_synth_1/prj/sol/.autopilot/db/v_csc.cpp:506) [16]  (1.546 ns)
	'call' operation 0 bit ('call_ln0') to 'v_mix_422_to_420<false>_Pipeline_VITIS_LOOP_508_2' [23]  (2.844 ns)

 <State 3>: 4.142ns
The critical path consists of the following:
	'call' operation 0 bit ('call_ln0') to 'v_mix_422_to_420<false>_Pipeline_VITIS_LOOP_508_2' [23]  (4.142 ns)


============================================================
+ Verbose Summary: Binding
============================================================
N/A
* FSMD analyzer results:
  - Output states:
 - Input state : 
  - Chain level:
	State 1
	State 2
	State 3


============================================================
+ Verbose Summary: Datapath Resource usage 
============================================================
N/A
