

================================================================
== Vitis HLS Report for 'v_mix_420_to_422_false_6'
================================================================
* Date:           Thu Jul 18 12:04:16 2024

* Version:        2024.1 (Build 5069499 on May 21 2024)
* Project:        prj
* Solution:       sol (Vivado IP Flow Target)
* Product family: zynq
* Target device:  xc7z020-clg400-2


================================================================
== Performance Estimates
================================================================
+ Timing: 
    * Summary: 
    +--------+----------+----------+------------+
    |  Clock |  Target  | Estimated| Uncertainty|
    +--------+----------+----------+------------+
    |ap_clk  |  10.00 ns|  6.802 ns|     2.70 ns|
    +--------+----------+----------+------------+

+ Latency: 
    * Summary: 
    +---------+---------+-----------+-----------+-----+---------+---------+
    |  Latency (cycles) |   Latency (absolute)  |    Interval   | Pipeline|
    |   min   |   max   |    min    |    max    | min |   max   |   Type  |
    +---------+---------+-----------+-----------+-----+---------+---------+
    |        1|  8303041|  10.000 ns|  83.030 ms|    1|  8303041|       no|
    +---------+---------+-----------+-----------+-----+---------+---------+

    + Detail: 
        * Instance: 
        +--------------------------------------------------------------+---------------------------------------------------+---------+---------+-----------+-----------+-----+------+-----------------------------------------------+
        |                                                              |                                                   |  Latency (cycles) |   Latency (absolute)  |  Interval  |                    Pipeline                   |
        |                           Instance                           |                       Module                      |   min   |   max   |    min    |    max    | min |  max |                      Type                     |
        +--------------------------------------------------------------+---------------------------------------------------+---------+---------+-----------+-----------+-----+------+-----------------------------------------------+
        |grp_v_mix_420_to_422_false_6_Pipeline_VITIS_LOOP_76_2_fu_110  |v_mix_420_to_422_false_6_Pipeline_VITIS_LOOP_76_2  |        2|     3842|  20.000 ns|  38.420 us|    1|  3841|  loop auto-rewind stp(delay=0 clock cycles(s))|
        +--------------------------------------------------------------+---------------------------------------------------+---------+---------+-----------+-----------+-----+------+-----------------------------------------------+

        * Loop: 
        +-------------------+---------+---------+----------+-----------+-----------+----------+----------+
        |                   |  Latency (cycles) | Iteration|  Initiation Interval  |   Trip   |          |
        |     Loop Name     |   min   |   max   |  Latency |  achieved |   target  |   Count  | Pipelined|
        +-------------------+---------+---------+----------+-----------+-----------+----------+----------+
        |- VITIS_LOOP_74_1  |        0|  8303040|  4 ~ 3844|          -|          -|  0 ~ 2160|        no|
        +-------------------+---------+---------+----------+-----------+-----------+----------+----------+

============================================================
+ Verbose Summary: Synthesis Manager
============================================================
InlineROM: 1
ExposeGlobal: 0
============================================================
+ Verbose Summary: CDFG Model
============================================================
IsTopModel: 0
ResetActiveHigh: 1
IsCombinational: 2
IsDatapathOnly: 0
HasWiredReturn: 1
HasMFsm: 0
HasVarLatency: 1
IsPipeline: 0
IsRtlPipelined: 0
IsInstanceOverlapped: 0
IsDontTouch: 0
HasImplIP: 0
IsGatedGlobalClock: 0


============================================================
+ Verbose Summary: Schedule
============================================================
* Number of FSM states : 3
* Pipeline : 0
* Dataflow Pipeline: 0

* FSM state transitions: 
1 --> 2 
2 --> 3 
3 --> 2 

* FSM state operations: 

State 1 <SV = 0> <Delay = 6.80>
ST_1 : Operation 4 [1/1] (0.00ns)   --->   "%specinterface_ln0 = specinterface void @_ssdm_op_SpecInterface, i16 %HwReg_layerHeight_1_val, void @ap_fifo_str, i32 0, i32 0, void @p_str, i32 0, i32 0, void @p_str, void @p_str, void @p_str, i32 2, i32 2, i32 16, i32 16, void @p_str, void @ScalarProp_str, i32 4294967295, i32 0, i32 0"   --->   Operation 4 'specinterface' 'specinterface_ln0' <Predicate = true> <Delay = 0.00>
ST_1 : Operation 5 [1/1] (3.40ns)   --->   "%HwReg_layerHeight_1_val_read = read i16 @_ssdm_op_Read.ap_fifo.i16P0A, i16 %HwReg_layerHeight_1_val"   --->   Operation 5 'read' 'HwReg_layerHeight_1_val_read' <Predicate = true> <Delay = 3.40> <CoreInst = "FIFO_SRL">   --->   Core 80 'FIFO_SRL' <Latency = 0> <II = 1> <Delay = 3.40> <Storage> <Opcode : 'read' 'write' 'nbread' 'nbwrite'> <Ports = 0> <Width = 16> <Depth = 2> <FIFO>
ST_1 : Operation 6 [1/1] (0.00ns)   --->   "%specinterface_ln0 = specinterface void @_ssdm_op_SpecInterface, i16 %HwReg_layerHeight_1_val_c31, void @ap_fifo_str, i32 0, i32 0, void @p_str, i32 0, i32 0, void @p_str, void @p_str, void @p_str, i32 2, i32 2, i32 16, i32 16, void @p_str, void @ScalarProp_str, i32 4294967295, i32 0, i32 0"   --->   Operation 6 'specinterface' 'specinterface_ln0' <Predicate = true> <Delay = 0.00>
ST_1 : Operation 7 [1/1] (3.40ns)   --->   "%write_ln0 = write void @_ssdm_op_Write.ap_fifo.i16P0A, i16 %HwReg_layerHeight_1_val_c31, i16 %HwReg_layerHeight_1_val_read"   --->   Operation 7 'write' 'write_ln0' <Predicate = true> <Delay = 3.40> <CoreInst = "FIFO_SRL">   --->   Core 80 'FIFO_SRL' <Latency = 0> <II = 1> <Delay = 3.40> <Storage> <Opcode : 'read' 'write' 'nbread' 'nbwrite'> <Ports = 0> <Width = 16> <Depth = 2> <FIFO>
ST_1 : Operation 8 [1/1] (0.00ns)   --->   "%specinterface_ln0 = specinterface void @_ssdm_op_SpecInterface, i16 %HwReg_layerWidth_1_val, void @ap_fifo_str, i32 0, i32 0, void @p_str, i32 0, i32 0, void @p_str, void @p_str, void @p_str, i32 2, i32 2, i32 16, i32 16, void @p_str, void @ScalarProp_str, i32 4294967295, i32 0, i32 0"   --->   Operation 8 'specinterface' 'specinterface_ln0' <Predicate = true> <Delay = 0.00>
ST_1 : Operation 9 [1/1] (3.40ns)   --->   "%HwReg_layerWidth_1_val_read = read i16 @_ssdm_op_Read.ap_fifo.i16P0A, i16 %HwReg_layerWidth_1_val"   --->   Operation 9 'read' 'HwReg_layerWidth_1_val_read' <Predicate = true> <Delay = 3.40> <CoreInst = "FIFO_SRL">   --->   Core 80 'FIFO_SRL' <Latency = 0> <II = 1> <Delay = 3.40> <Storage> <Opcode : 'read' 'write' 'nbread' 'nbwrite'> <Ports = 0> <Width = 16> <Depth = 2> <FIFO>
ST_1 : Operation 10 [1/1] (0.00ns)   --->   "%specinterface_ln0 = specinterface void @_ssdm_op_SpecInterface, i16 %HwReg_layerWidth_1_val_c23, void @ap_fifo_str, i32 0, i32 0, void @p_str, i32 0, i32 0, void @p_str, void @p_str, void @p_str, i32 2, i32 2, i32 16, i32 16, void @p_str, void @ScalarProp_str, i32 4294967295, i32 0, i32 0"   --->   Operation 10 'specinterface' 'specinterface_ln0' <Predicate = true> <Delay = 0.00>
ST_1 : Operation 11 [1/1] (3.40ns)   --->   "%write_ln0 = write void @_ssdm_op_Write.ap_fifo.i16P0A, i16 %HwReg_layerWidth_1_val_c23, i16 %HwReg_layerWidth_1_val_read"   --->   Operation 11 'write' 'write_ln0' <Predicate = true> <Delay = 3.40> <CoreInst = "FIFO_SRL">   --->   Core 80 'FIFO_SRL' <Latency = 0> <II = 1> <Delay = 3.40> <Storage> <Opcode : 'read' 'write' 'nbread' 'nbwrite'> <Ports = 0> <Width = 16> <Depth = 2> <FIFO>
ST_1 : Operation 12 [1/1] (0.00ns)   --->   "%specinterface_ln0 = specinterface void @_ssdm_op_SpecInterface, i1 %HwReg_layerEnableFlag_1_val, void @ap_fifo_str, i32 0, i32 0, void @p_str, i32 0, i32 0, void @p_str, void @p_str, void @p_str, i32 2, i32 2, i32 16, i32 16, void @p_str, void @ScalarProp_str, i32 4294967295, i32 0, i32 0"   --->   Operation 12 'specinterface' 'specinterface_ln0' <Predicate = true> <Delay = 0.00>
ST_1 : Operation 13 [1/1] (3.40ns)   --->   "%layerEnableFlag = read i1 @_ssdm_op_Read.ap_fifo.i1P0A, i1 %HwReg_layerEnableFlag_1_val"   --->   Operation 13 'read' 'layerEnableFlag' <Predicate = true> <Delay = 3.40> <CoreInst = "FIFO_SRL">   --->   Core 80 'FIFO_SRL' <Latency = 0> <II = 1> <Delay = 3.40> <Storage> <Opcode : 'read' 'write' 'nbread' 'nbwrite'> <Ports = 0> <Width = 1> <Depth = 2> <FIFO>
ST_1 : Operation 14 [1/1] (0.00ns)   --->   "%specinterface_ln0 = specinterface void @_ssdm_op_SpecInterface, i1 %HwReg_layerEnableFlag_1_val_c16, void @ap_fifo_str, i32 0, i32 0, void @p_str, i32 0, i32 0, void @p_str, void @p_str, void @p_str, i32 2, i32 2, i32 16, i32 16, void @p_str, void @ScalarProp_str, i32 4294967295, i32 0, i32 0"   --->   Operation 14 'specinterface' 'specinterface_ln0' <Predicate = true> <Delay = 0.00>
ST_1 : Operation 15 [1/1] (3.40ns)   --->   "%write_ln60 = write void @_ssdm_op_Write.ap_fifo.i1P0A, i1 %HwReg_layerEnableFlag_1_val_c16, i1 %layerEnableFlag" [/home/nothon/fpga2C/ZTurnV2/ZTurnV2.runs/main_design_v_mix_0_0_synth_1/prj/sol/.autopilot/db/v_csc.cpp:60->/home/nothon/fpga2C/ZTurnV2/ZTurnV2.runs/main_design_v_mix_0_0_synth_1/prj/sol/.autopilot/db/v_mix.cpp:696]   --->   Operation 15 'write' 'write_ln60' <Predicate = true> <Delay = 3.40> <CoreInst = "FIFO_SRL">   --->   Core 80 'FIFO_SRL' <Latency = 0> <II = 1> <Delay = 3.40> <Storage> <Opcode : 'read' 'write' 'nbread' 'nbwrite'> <Ports = 0> <Width = 1> <Depth = 2> <FIFO>
ST_1 : Operation 16 [1/1] (0.00ns)   --->   "%height = trunc i16 %HwReg_layerHeight_1_val_read"   --->   Operation 16 'trunc' 'height' <Predicate = true> <Delay = 0.00>
ST_1 : Operation 17 [1/1] (0.00ns)   --->   "%width = trunc i16 %HwReg_layerWidth_1_val_read"   --->   Operation 17 'trunc' 'width' <Predicate = true> <Delay = 0.00>
ST_1 : Operation 18 [1/1] (0.00ns)   --->   "%specinterface_ln0 = specinterface void @_ssdm_op_SpecInterface, i24 %srcLayer1Yuv422, void @empty_17, i32 0, i32 0, void @empty_48, i32 0, i32 0, void @empty_48, void @empty_48, void @empty_48, i32 0, i32 0, i32 0, i32 0, void @empty_48, void @empty_48, i32 4294967295, i32 0, i32 0"   --->   Operation 18 'specinterface' 'specinterface_ln0' <Predicate = true> <Delay = 0.00>
ST_1 : Operation 19 [1/1] (0.00ns)   --->   "%specinterface_ln0 = specinterface void @_ssdm_op_SpecInterface, i24 %srcLayer1, void @empty_17, i32 0, i32 0, void @empty_48, i32 0, i32 0, void @empty_48, void @empty_48, void @empty_48, i32 0, i32 0, i32 0, i32 0, void @empty_48, void @empty_48, i32 4294967295, i32 0, i32 0"   --->   Operation 19 'specinterface' 'specinterface_ln0' <Predicate = true> <Delay = 0.00>
ST_1 : Operation 20 [1/1] (0.00ns)   --->   "%br_ln72 = br i1 %layerEnableFlag, void %v_mix_420_to_422<false>.6.exit, void %VITIS_LOOP_76_2.i.preheader" [/home/nothon/fpga2C/ZTurnV2/ZTurnV2.runs/main_design_v_mix_0_0_synth_1/prj/sol/.autopilot/db/v_csc.cpp:72->/home/nothon/fpga2C/ZTurnV2/ZTurnV2.runs/main_design_v_mix_0_0_synth_1/prj/sol/.autopilot/db/v_mix.cpp:696]   --->   Operation 20 'br' 'br_ln72' <Predicate = true> <Delay = 0.00>
ST_1 : Operation 21 [1/1] (0.00ns)   --->   "%y = alloca i32 1" [/home/nothon/fpga2C/ZTurnV2/ZTurnV2.runs/main_design_v_mix_0_0_synth_1/prj/sol/.autopilot/db/v_csc.cpp:66->/home/nothon/fpga2C/ZTurnV2/ZTurnV2.runs/main_design_v_mix_0_0_synth_1/prj/sol/.autopilot/db/v_mix.cpp:696]   --->   Operation 21 'alloca' 'y' <Predicate = (layerEnableFlag)> <Delay = 0.00>
ST_1 : Operation 22 [1/1] (1.29ns)   --->   "%store_ln66 = store i12 0, i12 %y" [/home/nothon/fpga2C/ZTurnV2/ZTurnV2.runs/main_design_v_mix_0_0_synth_1/prj/sol/.autopilot/db/v_csc.cpp:66->/home/nothon/fpga2C/ZTurnV2/ZTurnV2.runs/main_design_v_mix_0_0_synth_1/prj/sol/.autopilot/db/v_mix.cpp:696]   --->   Operation 22 'store' 'store_ln66' <Predicate = (layerEnableFlag)> <Delay = 1.29>
ST_1 : Operation 23 [1/1] (0.00ns)   --->   "%br_ln74 = br void %VITIS_LOOP_76_2.i" [/home/nothon/fpga2C/ZTurnV2/ZTurnV2.runs/main_design_v_mix_0_0_synth_1/prj/sol/.autopilot/db/v_csc.cpp:74->/home/nothon/fpga2C/ZTurnV2/ZTurnV2.runs/main_design_v_mix_0_0_synth_1/prj/sol/.autopilot/db/v_mix.cpp:696]   --->   Operation 23 'br' 'br_ln74' <Predicate = (layerEnableFlag)> <Delay = 0.00>

State 2 <SV = 1> <Delay = 4.39>
ST_2 : Operation 24 [1/1] (0.00ns)   --->   "%y_23 = load i12 %y" [/home/nothon/fpga2C/ZTurnV2/ZTurnV2.runs/main_design_v_mix_0_0_synth_1/prj/sol/.autopilot/db/v_csc.cpp:74->/home/nothon/fpga2C/ZTurnV2/ZTurnV2.runs/main_design_v_mix_0_0_synth_1/prj/sol/.autopilot/db/v_mix.cpp:696]   --->   Operation 24 'load' 'y_23' <Predicate = (layerEnableFlag)> <Delay = 0.00>
ST_2 : Operation 25 [1/1] (1.54ns)   --->   "%icmp_ln74 = icmp_eq  i12 %y_23, i12 %height" [/home/nothon/fpga2C/ZTurnV2/ZTurnV2.runs/main_design_v_mix_0_0_synth_1/prj/sol/.autopilot/db/v_csc.cpp:74->/home/nothon/fpga2C/ZTurnV2/ZTurnV2.runs/main_design_v_mix_0_0_synth_1/prj/sol/.autopilot/db/v_mix.cpp:696]   --->   Operation 25 'icmp' 'icmp_ln74' <Predicate = (layerEnableFlag)> <Delay = 1.54> <CoreInst = "Cmp">   --->   Core 9 'Cmp' <Latency = 0> <II = 1> <Delay = 1.54> <FuncUnit> <Opcode : 'seteq' 'setne' 'setle' 'setge' 'setlt' 'setgt'> <InPorts = 2> <OutPorts = 1>
ST_2 : Operation 26 [1/1] (0.00ns)   --->   "%speclooptripcount_ln0 = speclooptripcount void @_ssdm_op_SpecLoopTripCount, i64 0, i64 2160, i64 0"   --->   Operation 26 'speclooptripcount' 'speclooptripcount_ln0' <Predicate = (layerEnableFlag)> <Delay = 0.00>
ST_2 : Operation 27 [1/1] (1.54ns)   --->   "%y_24 = add i12 %y_23, i12 1" [/home/nothon/fpga2C/ZTurnV2/ZTurnV2.runs/main_design_v_mix_0_0_synth_1/prj/sol/.autopilot/db/v_csc.cpp:74->/home/nothon/fpga2C/ZTurnV2/ZTurnV2.runs/main_design_v_mix_0_0_synth_1/prj/sol/.autopilot/db/v_mix.cpp:696]   --->   Operation 27 'add' 'y_24' <Predicate = (layerEnableFlag)> <Delay = 1.54> <CoreInst = "Adder">   --->   Core 1 'Adder' <Latency = 0> <II = 1> <Delay = 1.54> <FuncUnit> <Opcode : 'add' 'sub'> <InPorts = 2> <OutPorts = 1>
ST_2 : Operation 28 [1/1] (0.00ns)   --->   "%br_ln74 = br i1 %icmp_ln74, void %VITIS_LOOP_76_2.split.i, void %v_mix_420_to_422<false>.6.exit.loopexit" [/home/nothon/fpga2C/ZTurnV2/ZTurnV2.runs/main_design_v_mix_0_0_synth_1/prj/sol/.autopilot/db/v_csc.cpp:74->/home/nothon/fpga2C/ZTurnV2/ZTurnV2.runs/main_design_v_mix_0_0_synth_1/prj/sol/.autopilot/db/v_mix.cpp:696]   --->   Operation 28 'br' 'br_ln74' <Predicate = (layerEnableFlag)> <Delay = 0.00>
ST_2 : Operation 29 [1/1] (0.00ns)   --->   "%empty = wait i32 @_ssdm_op_Wait"   --->   Operation 29 'wait' 'empty' <Predicate = (layerEnableFlag & !icmp_ln74)> <Delay = 0.00>
ST_2 : Operation 30 [2/2] (2.84ns)   --->   "%call_ln0 = call void @v_mix_420_to_422<false>.6_Pipeline_VITIS_LOOP_76_2, i12 %width, i24 %srcLayer1, i24 %srcLayer1Yuv422"   --->   Operation 30 'call' 'call_ln0' <Predicate = (layerEnableFlag & !icmp_ln74)> <Delay = 2.84> <CoreType = "Generic">   --->   Core 0 '' <Latency = 0> <II = 1> <Delay = 1.00> <Generic> <Opcode : >
ST_2 : Operation 31 [1/1] (1.29ns)   --->   "%store_ln66 = store i12 %y_24, i12 %y" [/home/nothon/fpga2C/ZTurnV2/ZTurnV2.runs/main_design_v_mix_0_0_synth_1/prj/sol/.autopilot/db/v_csc.cpp:66->/home/nothon/fpga2C/ZTurnV2/ZTurnV2.runs/main_design_v_mix_0_0_synth_1/prj/sol/.autopilot/db/v_mix.cpp:696]   --->   Operation 31 'store' 'store_ln66' <Predicate = (layerEnableFlag & !icmp_ln74)> <Delay = 1.29>
ST_2 : Operation 32 [1/1] (0.00ns)   --->   "%br_ln0 = br void %v_mix_420_to_422<false>.6.exit"   --->   Operation 32 'br' 'br_ln0' <Predicate = (layerEnableFlag & icmp_ln74)> <Delay = 0.00>
ST_2 : Operation 33 [1/1] (0.00ns)   --->   "%ret_ln696 = ret" [/home/nothon/fpga2C/ZTurnV2/ZTurnV2.runs/main_design_v_mix_0_0_synth_1/prj/sol/.autopilot/db/v_mix.cpp:696]   --->   Operation 33 'ret' 'ret_ln696' <Predicate = (icmp_ln74) | (!layerEnableFlag)> <Delay = 0.00>

State 3 <SV = 2> <Delay = 4.14>
ST_3 : Operation 34 [1/1] (0.00ns)   --->   "%specloopname_ln74 = specloopname void @_ssdm_op_SpecLoopName, void @empty_15" [/home/nothon/fpga2C/ZTurnV2/ZTurnV2.runs/main_design_v_mix_0_0_synth_1/prj/sol/.autopilot/db/v_csc.cpp:74->/home/nothon/fpga2C/ZTurnV2/ZTurnV2.runs/main_design_v_mix_0_0_synth_1/prj/sol/.autopilot/db/v_mix.cpp:696]   --->   Operation 34 'specloopname' 'specloopname_ln74' <Predicate = true> <Delay = 0.00>
ST_3 : Operation 35 [1/2] (4.14ns)   --->   "%call_ln0 = call void @v_mix_420_to_422<false>.6_Pipeline_VITIS_LOOP_76_2, i12 %width, i24 %srcLayer1, i24 %srcLayer1Yuv422"   --->   Operation 35 'call' 'call_ln0' <Predicate = true> <Delay = 4.14> <CoreType = "Generic">   --->   Core 0 '' <Latency = 0> <II = 1> <Delay = 1.00> <Generic> <Opcode : >
ST_3 : Operation 36 [1/1] (0.00ns)   --->   "%br_ln74 = br void %VITIS_LOOP_76_2.i" [/home/nothon/fpga2C/ZTurnV2/ZTurnV2.runs/main_design_v_mix_0_0_synth_1/prj/sol/.autopilot/db/v_csc.cpp:74->/home/nothon/fpga2C/ZTurnV2/ZTurnV2.runs/main_design_v_mix_0_0_synth_1/prj/sol/.autopilot/db/v_mix.cpp:696]   --->   Operation 36 'br' 'br_ln74' <Predicate = true> <Delay = 0.00>


============================================================
+ Verbose Summary: Binding
============================================================
STG Binding: 
---------------- STG Properties BEGIN ----------------
- Is combinational: 0
- Is one-state seq: 0
- Is datapath-only: 0
- Is pipelined: 0
- Is top level: 0
Port [ Return ] is wired: 1; IO mode=ap_ctrl_hs:ce=0
Port [ srcLayer1]:  wired=1; compound=1; hidden=0; nouse=0; global=0; static=0; extern=0; dir=0; type=3; pingpong=0; private_global=0; IO mode=ap_fifo:ce=0
Port [ HwReg_layerHeight_1_val]:  wired=1; compound=1; hidden=0; nouse=0; global=0; static=0; extern=0; dir=0; type=3; pingpong=0; private_global=0; IO mode=ap_fifo:ce=0
Port [ HwReg_layerWidth_1_val]:  wired=1; compound=1; hidden=0; nouse=0; global=0; static=0; extern=0; dir=0; type=3; pingpong=0; private_global=0; IO mode=ap_fifo:ce=0
Port [ HwReg_layerEnableFlag_1_val]:  wired=1; compound=1; hidden=0; nouse=0; global=0; static=0; extern=0; dir=0; type=3; pingpong=0; private_global=0; IO mode=ap_fifo:ce=0
Port [ srcLayer1Yuv422]:  wired=1; compound=1; hidden=0; nouse=0; global=0; static=0; extern=0; dir=1; type=3; pingpong=0; private_global=0; IO mode=ap_fifo:ce=0
Port [ HwReg_layerEnableFlag_1_val_c16]:  wired=1; compound=1; hidden=0; nouse=0; global=0; static=0; extern=0; dir=1; type=3; pingpong=0; private_global=0; IO mode=ap_fifo:ce=0
Port [ HwReg_layerWidth_1_val_c23]:  wired=1; compound=1; hidden=0; nouse=0; global=0; static=0; extern=0; dir=1; type=3; pingpong=0; private_global=0; IO mode=ap_fifo:ce=0
Port [ HwReg_layerHeight_1_val_c31]:  wired=1; compound=1; hidden=0; nouse=0; global=0; static=0; extern=0; dir=1; type=3; pingpong=0; private_global=0; IO mode=ap_fifo:ce=0
---------------- STG Properties END ------------------

---------------- Datapath Model BEGIN ----------------

<LifeTime>
<method=bitvector/>
specinterface_ln0            (specinterface    ) [ 0000]
HwReg_layerHeight_1_val_read (read             ) [ 0000]
specinterface_ln0            (specinterface    ) [ 0000]
write_ln0                    (write            ) [ 0000]
specinterface_ln0            (specinterface    ) [ 0000]
HwReg_layerWidth_1_val_read  (read             ) [ 0000]
specinterface_ln0            (specinterface    ) [ 0000]
write_ln0                    (write            ) [ 0000]
specinterface_ln0            (specinterface    ) [ 0000]
layerEnableFlag              (read             ) [ 0111]
specinterface_ln0            (specinterface    ) [ 0000]
write_ln60                   (write            ) [ 0000]
height                       (trunc            ) [ 0011]
width                        (trunc            ) [ 0011]
specinterface_ln0            (specinterface    ) [ 0000]
specinterface_ln0            (specinterface    ) [ 0000]
br_ln72                      (br               ) [ 0000]
y                            (alloca           ) [ 0111]
store_ln66                   (store            ) [ 0000]
br_ln74                      (br               ) [ 0000]
y_23                         (load             ) [ 0000]
icmp_ln74                    (icmp             ) [ 0011]
speclooptripcount_ln0        (speclooptripcount) [ 0000]
y_24                         (add              ) [ 0000]
br_ln74                      (br               ) [ 0000]
empty                        (wait             ) [ 0000]
store_ln66                   (store            ) [ 0000]
br_ln0                       (br               ) [ 0000]
ret_ln696                    (ret              ) [ 0000]
specloopname_ln74            (specloopname     ) [ 0000]
call_ln0                     (call             ) [ 0000]
br_ln74                      (br               ) [ 0000]
</LifeTime>

<model>

<comp_list>
<comp id="0" class="1000" name="srcLayer1">
<pin_list>
<pin id="1" dir="1" index="0" bw="1" slack="0"/>
</pin_list>
<bind>
<StgValue><ssdm name="srcLayer1"/></StgValue>
</bind>
</comp>

<comp id="2" class="1000" name="HwReg_layerHeight_1_val">
<pin_list>
<pin id="3" dir="1" index="0" bw="1" slack="0"/>
</pin_list>
<bind>
<StgValue><ssdm name="HwReg_layerHeight_1_val"/></StgValue>
</bind>
</comp>

<comp id="4" class="1000" name="HwReg_layerWidth_1_val">
<pin_list>
<pin id="5" dir="1" index="0" bw="1" slack="0"/>
</pin_list>
<bind>
<StgValue><ssdm name="HwReg_layerWidth_1_val"/></StgValue>
</bind>
</comp>

<comp id="6" class="1000" name="HwReg_layerEnableFlag_1_val">
<pin_list>
<pin id="7" dir="1" index="0" bw="1" slack="0"/>
</pin_list>
<bind>
<StgValue><ssdm name="HwReg_layerEnableFlag_1_val"/></StgValue>
</bind>
</comp>

<comp id="8" class="1000" name="srcLayer1Yuv422">
<pin_list>
<pin id="9" dir="1" index="0" bw="1" slack="0"/>
</pin_list>
<bind>
<StgValue><ssdm name="srcLayer1Yuv422"/></StgValue>
</bind>
</comp>

<comp id="10" class="1000" name="HwReg_layerEnableFlag_1_val_c16">
<pin_list>
<pin id="11" dir="1" index="0" bw="1" slack="0"/>
</pin_list>
<bind>
<StgValue><ssdm name="HwReg_layerEnableFlag_1_val_c16"/></StgValue>
</bind>
</comp>

<comp id="12" class="1000" name="HwReg_layerWidth_1_val_c23">
<pin_list>
<pin id="13" dir="1" index="0" bw="1" slack="0"/>
</pin_list>
<bind>
<StgValue><ssdm name="HwReg_layerWidth_1_val_c23"/></StgValue>
</bind>
</comp>

<comp id="14" class="1000" name="HwReg_layerHeight_1_val_c31">
<pin_list>
<pin id="15" dir="1" index="0" bw="1" slack="0"/>
</pin_list>
<bind>
<StgValue><ssdm name="HwReg_layerHeight_1_val_c31"/></StgValue>
</bind>
</comp>

<comp id="16" class="1001" name="const_16">
<pin_list>
<pin id="17" dir="1" index="0" bw="1" slack="2147483647"/>
</pin_list>
<bind>
<StgValue><ssdm name="_ssdm_op_SpecInterface"/></StgValue>
</bind>
</comp>

<comp id="18" class="1001" name="const_18">
<pin_list>
<pin id="19" dir="1" index="0" bw="1" slack="2147483647"/>
</pin_list>
<bind>
<StgValue><ssdm name="ap_fifo_str"/></StgValue>
</bind>
</comp>

<comp id="20" class="1001" name="const_20">
<pin_list>
<pin id="21" dir="1" index="0" bw="1" slack="2147483647"/>
</pin_list>
<bind>
<StgValue><ssdm name=""/></StgValue>
</bind>
</comp>

<comp id="22" class="1001" name="const_22">
<pin_list>
<pin id="23" dir="1" index="0" bw="1" slack="2147483647"/>
</pin_list>
<bind>
<StgValue><ssdm name="p_str"/></StgValue>
</bind>
</comp>

<comp id="24" class="1001" name="const_24">
<pin_list>
<pin id="25" dir="1" index="0" bw="1" slack="2147483647"/>
</pin_list>
<bind>
<StgValue><ssdm name=""/></StgValue>
</bind>
</comp>

<comp id="26" class="1001" name="const_26">
<pin_list>
<pin id="27" dir="1" index="0" bw="1" slack="2147483647"/>
</pin_list>
<bind>
<StgValue><ssdm name=""/></StgValue>
</bind>
</comp>

<comp id="28" class="1001" name="const_28">
<pin_list>
<pin id="29" dir="1" index="0" bw="1" slack="2147483647"/>
</pin_list>
<bind>
<StgValue><ssdm name="ScalarProp_str"/></StgValue>
</bind>
</comp>

<comp id="30" class="1001" name="const_30">
<pin_list>
<pin id="31" dir="1" index="0" bw="1" slack="2147483647"/>
</pin_list>
<bind>
<StgValue><ssdm name=""/></StgValue>
</bind>
</comp>

<comp id="32" class="1001" name="const_32">
<pin_list>
<pin id="33" dir="1" index="0" bw="1" slack="0"/>
</pin_list>
<bind>
<StgValue><ssdm name="_ssdm_op_Read.ap_fifo.i16P0A"/></StgValue>
</bind>
</comp>

<comp id="34" class="1001" name="const_34">
<pin_list>
<pin id="35" dir="1" index="0" bw="1" slack="0"/>
</pin_list>
<bind>
<StgValue><ssdm name="_ssdm_op_Write.ap_fifo.i16P0A"/></StgValue>
</bind>
</comp>

<comp id="36" class="1001" name="const_36">
<pin_list>
<pin id="37" dir="1" index="0" bw="1" slack="0"/>
</pin_list>
<bind>
<StgValue><ssdm name="_ssdm_op_Read.ap_fifo.i1P0A"/></StgValue>
</bind>
</comp>

<comp id="38" class="1001" name="const_38">
<pin_list>
<pin id="39" dir="1" index="0" bw="1" slack="0"/>
</pin_list>
<bind>
<StgValue><ssdm name="_ssdm_op_Write.ap_fifo.i1P0A"/></StgValue>
</bind>
</comp>

<comp id="40" class="1001" name="const_40">
<pin_list>
<pin id="41" dir="1" index="0" bw="1" slack="2147483647"/>
</pin_list>
<bind>
<StgValue><ssdm name="empty_17"/></StgValue>
</bind>
</comp>

<comp id="42" class="1001" name="const_42">
<pin_list>
<pin id="43" dir="1" index="0" bw="1" slack="2147483647"/>
</pin_list>
<bind>
<StgValue><ssdm name="empty_48"/></StgValue>
</bind>
</comp>

<comp id="44" class="1001" name="const_44">
<pin_list>
<pin id="45" dir="1" index="0" bw="1" slack="0"/>
</pin_list>
<bind>
<StgValue><ssdm name=""/></StgValue>
</bind>
</comp>

<comp id="46" class="1001" name="const_46">
<pin_list>
<pin id="47" dir="1" index="0" bw="1" slack="0"/>
</pin_list>
<bind>
<StgValue><ssdm name=""/></StgValue>
</bind>
</comp>

<comp id="48" class="1001" name="const_48">
<pin_list>
<pin id="49" dir="1" index="0" bw="1" slack="2147483647"/>
</pin_list>
<bind>
<StgValue><ssdm name="_ssdm_op_SpecLoopTripCount"/></StgValue>
</bind>
</comp>

<comp id="50" class="1001" name="const_50">
<pin_list>
<pin id="51" dir="1" index="0" bw="1" slack="2147483647"/>
</pin_list>
<bind>
<StgValue><ssdm name=""/></StgValue>
</bind>
</comp>

<comp id="52" class="1001" name="const_52">
<pin_list>
<pin id="53" dir="1" index="0" bw="1" slack="2147483647"/>
</pin_list>
<bind>
<StgValue><ssdm name=""/></StgValue>
</bind>
</comp>

<comp id="54" class="1001" name="const_54">
<pin_list>
<pin id="55" dir="1" index="0" bw="1" slack="0"/>
</pin_list>
<bind>
<StgValue><ssdm name=""/></StgValue>
</bind>
</comp>

<comp id="56" class="1001" name="const_56">
<pin_list>
<pin id="57" dir="1" index="0" bw="1" slack="2147483647"/>
</pin_list>
<bind>
<StgValue><ssdm name="_ssdm_op_Wait"/></StgValue>
</bind>
</comp>

<comp id="58" class="1001" name="const_58">
<pin_list>
<pin id="59" dir="1" index="0" bw="1" slack="0"/>
</pin_list>
<bind>
<StgValue><ssdm name="v_mix_420_to_422<false>.6_Pipeline_VITIS_LOOP_76_2"/></StgValue>
</bind>
</comp>

<comp id="60" class="1001" name="const_60">
<pin_list>
<pin id="61" dir="1" index="0" bw="1" slack="2147483647"/>
</pin_list>
<bind>
<StgValue><ssdm name="_ssdm_op_SpecLoopName"/></StgValue>
</bind>
</comp>

<comp id="62" class="1001" name="const_62">
<pin_list>
<pin id="63" dir="1" index="0" bw="1" slack="2147483647"/>
</pin_list>
<bind>
<StgValue><ssdm name="empty_15"/></StgValue>
</bind>
</comp>

<comp id="64" class="1004" name="y_fu_64">
<pin_list>
<pin id="65" dir="0" index="0" bw="1" slack="0"/>
<pin id="66" dir="1" index="1" bw="12" slack="0"/>
</pin_list>
<bind>
<opcode="alloca(26) " fcode="alloca"/>
<opset="y/1 "/>
</bind>
</comp>

<comp id="68" class="1004" name="HwReg_layerHeight_1_val_read_read_fu_68">
<pin_list>
<pin id="69" dir="0" index="0" bw="16" slack="0"/>
<pin id="70" dir="0" index="1" bw="16" slack="0"/>
<pin id="71" dir="1" index="2" bw="16" slack="0"/>
</pin_list>
<bind>
<opcode="read(1150) " fcode="read"/>
<opset="HwReg_layerHeight_1_val_read/1 "/>
</bind>
</comp>

<comp id="74" class="1004" name="write_ln0_write_fu_74">
<pin_list>
<pin id="75" dir="0" index="0" bw="0" slack="0"/>
<pin id="76" dir="0" index="1" bw="16" slack="0"/>
<pin id="77" dir="0" index="2" bw="16" slack="0"/>
<pin id="78" dir="1" index="3" bw="0" slack="2147483647"/>
</pin_list>
<bind>
<opcode="write(1151) " fcode="write"/>
<opset="write_ln0/1 "/>
</bind>
</comp>

<comp id="82" class="1004" name="HwReg_layerWidth_1_val_read_read_fu_82">
<pin_list>
<pin id="83" dir="0" index="0" bw="16" slack="0"/>
<pin id="84" dir="0" index="1" bw="16" slack="0"/>
<pin id="85" dir="1" index="2" bw="16" slack="0"/>
</pin_list>
<bind>
<opcode="read(1150) " fcode="read"/>
<opset="HwReg_layerWidth_1_val_read/1 "/>
</bind>
</comp>

<comp id="88" class="1004" name="write_ln0_write_fu_88">
<pin_list>
<pin id="89" dir="0" index="0" bw="0" slack="0"/>
<pin id="90" dir="0" index="1" bw="16" slack="0"/>
<pin id="91" dir="0" index="2" bw="16" slack="0"/>
<pin id="92" dir="1" index="3" bw="0" slack="2147483647"/>
</pin_list>
<bind>
<opcode="write(1151) " fcode="write"/>
<opset="write_ln0/1 "/>
</bind>
</comp>

<comp id="96" class="1004" name="layerEnableFlag_read_fu_96">
<pin_list>
<pin id="97" dir="0" index="0" bw="1" slack="0"/>
<pin id="98" dir="0" index="1" bw="1" slack="0"/>
<pin id="99" dir="1" index="2" bw="1" slack="0"/>
</pin_list>
<bind>
<opcode="read(1150) " fcode="read"/>
<opset="layerEnableFlag/1 "/>
</bind>
</comp>

<comp id="102" class="1004" name="write_ln60_write_fu_102">
<pin_list>
<pin id="103" dir="0" index="0" bw="0" slack="0"/>
<pin id="104" dir="0" index="1" bw="1" slack="0"/>
<pin id="105" dir="0" index="2" bw="1" slack="0"/>
<pin id="106" dir="1" index="3" bw="0" slack="2147483647"/>
</pin_list>
<bind>
<opcode="write(1151) " fcode="write"/>
<opset="write_ln60/1 "/>
</bind>
</comp>

<comp id="110" class="1004" name="grp_v_mix_420_to_422_false_6_Pipeline_VITIS_LOOP_76_2_fu_110">
<pin_list>
<pin id="111" dir="0" index="0" bw="0" slack="0"/>
<pin id="112" dir="0" index="1" bw="12" slack="1"/>
<pin id="113" dir="0" index="2" bw="24" slack="0"/>
<pin id="114" dir="0" index="3" bw="24" slack="0"/>
<pin id="115" dir="1" index="4" bw="0" slack="2147483647"/>
</pin_list>
<bind>
<opcode="call(48) " fcode="call"/>
<opset="call_ln0/2 "/>
</bind>
</comp>

<comp id="119" class="1004" name="height_fu_119">
<pin_list>
<pin id="120" dir="0" index="0" bw="16" slack="0"/>
<pin id="121" dir="1" index="1" bw="12" slack="1"/>
</pin_list>
<bind>
<opcode="trunc(33) " fcode="trunc"/>
<opset="height/1 "/>
</bind>
</comp>

<comp id="123" class="1004" name="width_fu_123">
<pin_list>
<pin id="124" dir="0" index="0" bw="16" slack="0"/>
<pin id="125" dir="1" index="1" bw="12" slack="1"/>
</pin_list>
<bind>
<opcode="trunc(33) " fcode="trunc"/>
<opset="width/1 "/>
</bind>
</comp>

<comp id="127" class="1004" name="store_ln66_store_fu_127">
<pin_list>
<pin id="128" dir="0" index="0" bw="1" slack="0"/>
<pin id="129" dir="0" index="1" bw="12" slack="0"/>
<pin id="130" dir="1" index="2" bw="0" slack="2147483647"/>
</pin_list>
<bind>
<opcode="store(28) " fcode="store"/>
<opset="store_ln66/1 "/>
</bind>
</comp>

<comp id="132" class="1004" name="y_23_load_fu_132">
<pin_list>
<pin id="133" dir="0" index="0" bw="12" slack="1"/>
<pin id="134" dir="1" index="1" bw="12" slack="0"/>
</pin_list>
<bind>
<opcode="load(27) " fcode="load"/>
<opset="y_23/2 "/>
</bind>
</comp>

<comp id="135" class="1004" name="icmp_ln74_fu_135">
<pin_list>
<pin id="136" dir="0" index="0" bw="12" slack="0"/>
<pin id="137" dir="0" index="1" bw="12" slack="1"/>
<pin id="138" dir="1" index="2" bw="1" slack="2147483647"/>
</pin_list>
<bind>
<opcode="icmp(45) " fcode="icmp"/>
<opset="icmp_ln74/2 "/>
</bind>
</comp>

<comp id="140" class="1004" name="y_24_fu_140">
<pin_list>
<pin id="141" dir="0" index="0" bw="12" slack="0"/>
<pin id="142" dir="0" index="1" bw="1" slack="0"/>
<pin id="143" dir="1" index="2" bw="12" slack="0"/>
</pin_list>
<bind>
<opcode="add(8) " fcode="add"/>
<opset="y_24/2 "/>
</bind>
</comp>

<comp id="146" class="1004" name="store_ln66_store_fu_146">
<pin_list>
<pin id="147" dir="0" index="0" bw="12" slack="0"/>
<pin id="148" dir="0" index="1" bw="12" slack="1"/>
<pin id="149" dir="1" index="2" bw="0" slack="2147483647"/>
</pin_list>
<bind>
<opcode="store(28) " fcode="store"/>
<opset="store_ln66/2 "/>
</bind>
</comp>

<comp id="151" class="1005" name="layerEnableFlag_reg_151">
<pin_list>
<pin id="152" dir="0" index="0" bw="1" slack="1"/>
<pin id="153" dir="1" index="1" bw="1" slack="2147483647"/>
</pin_list>
<bind>
<opset="layerEnableFlag "/>
</bind>
</comp>

<comp id="155" class="1005" name="height_reg_155">
<pin_list>
<pin id="156" dir="0" index="0" bw="12" slack="1"/>
<pin id="157" dir="1" index="1" bw="12" slack="1"/>
</pin_list>
<bind>
<opset="height "/>
</bind>
</comp>

<comp id="160" class="1005" name="width_reg_160">
<pin_list>
<pin id="161" dir="0" index="0" bw="12" slack="1"/>
<pin id="162" dir="1" index="1" bw="12" slack="1"/>
</pin_list>
<bind>
<opset="width "/>
</bind>
</comp>

<comp id="165" class="1005" name="y_reg_165">
<pin_list>
<pin id="166" dir="0" index="0" bw="12" slack="0"/>
<pin id="167" dir="1" index="1" bw="12" slack="0"/>
</pin_list>
<bind>
<opset="y "/>
</bind>
</comp>

</comp_list>

<net_list>
<net id="67"><net_src comp="44" pin="0"/><net_sink comp="64" pin=0"/></net>

<net id="72"><net_src comp="32" pin="0"/><net_sink comp="68" pin=0"/></net>

<net id="73"><net_src comp="2" pin="0"/><net_sink comp="68" pin=1"/></net>

<net id="79"><net_src comp="34" pin="0"/><net_sink comp="74" pin=0"/></net>

<net id="80"><net_src comp="14" pin="0"/><net_sink comp="74" pin=1"/></net>

<net id="81"><net_src comp="68" pin="2"/><net_sink comp="74" pin=2"/></net>

<net id="86"><net_src comp="32" pin="0"/><net_sink comp="82" pin=0"/></net>

<net id="87"><net_src comp="4" pin="0"/><net_sink comp="82" pin=1"/></net>

<net id="93"><net_src comp="34" pin="0"/><net_sink comp="88" pin=0"/></net>

<net id="94"><net_src comp="12" pin="0"/><net_sink comp="88" pin=1"/></net>

<net id="95"><net_src comp="82" pin="2"/><net_sink comp="88" pin=2"/></net>

<net id="100"><net_src comp="36" pin="0"/><net_sink comp="96" pin=0"/></net>

<net id="101"><net_src comp="6" pin="0"/><net_sink comp="96" pin=1"/></net>

<net id="107"><net_src comp="38" pin="0"/><net_sink comp="102" pin=0"/></net>

<net id="108"><net_src comp="10" pin="0"/><net_sink comp="102" pin=1"/></net>

<net id="109"><net_src comp="96" pin="2"/><net_sink comp="102" pin=2"/></net>

<net id="116"><net_src comp="58" pin="0"/><net_sink comp="110" pin=0"/></net>

<net id="117"><net_src comp="0" pin="0"/><net_sink comp="110" pin=2"/></net>

<net id="118"><net_src comp="8" pin="0"/><net_sink comp="110" pin=3"/></net>

<net id="122"><net_src comp="68" pin="2"/><net_sink comp="119" pin=0"/></net>

<net id="126"><net_src comp="82" pin="2"/><net_sink comp="123" pin=0"/></net>

<net id="131"><net_src comp="46" pin="0"/><net_sink comp="127" pin=0"/></net>

<net id="139"><net_src comp="132" pin="1"/><net_sink comp="135" pin=0"/></net>

<net id="144"><net_src comp="132" pin="1"/><net_sink comp="140" pin=0"/></net>

<net id="145"><net_src comp="54" pin="0"/><net_sink comp="140" pin=1"/></net>

<net id="150"><net_src comp="140" pin="2"/><net_sink comp="146" pin=0"/></net>

<net id="154"><net_src comp="96" pin="2"/><net_sink comp="151" pin=0"/></net>

<net id="158"><net_src comp="119" pin="1"/><net_sink comp="155" pin=0"/></net>

<net id="159"><net_src comp="155" pin="1"/><net_sink comp="135" pin=1"/></net>

<net id="163"><net_src comp="123" pin="1"/><net_sink comp="160" pin=0"/></net>

<net id="164"><net_src comp="160" pin="1"/><net_sink comp="110" pin=1"/></net>

<net id="168"><net_src comp="64" pin="1"/><net_sink comp="165" pin=0"/></net>

<net id="169"><net_src comp="165" pin="1"/><net_sink comp="127" pin=1"/></net>

<net id="170"><net_src comp="165" pin="1"/><net_sink comp="132" pin=0"/></net>

<net id="171"><net_src comp="165" pin="1"/><net_sink comp="146" pin=1"/></net>

</net_list>

</model> 
---------------- Datapath Model END ------------------

* FSMD analyzer results:
  - Output states:
	Port: srcLayer1Yuv422 | {2 3 }
	Port: HwReg_layerEnableFlag_1_val_c16 | {1 }
	Port: HwReg_layerWidth_1_val_c23 | {1 }
	Port: HwReg_layerHeight_1_val_c31 | {1 }
 - Input state : 
	Port: v_mix_420_to_422<false>.6 : srcLayer1 | {2 3 }
	Port: v_mix_420_to_422<false>.6 : HwReg_layerHeight_1_val | {1 }
	Port: v_mix_420_to_422<false>.6 : HwReg_layerWidth_1_val | {1 }
	Port: v_mix_420_to_422<false>.6 : HwReg_layerEnableFlag_1_val | {1 }
  - Chain level:
	State 1
		store_ln66 : 1
	State 2
		icmp_ln74 : 1
		y_24 : 1
		br_ln74 : 2
		store_ln66 : 2
	State 3


============================================================
+ Verbose Summary: Datapath Resource usage 
============================================================

* Functional unit list:
|----------|--------------------------------------------------------------|---------|---------|
| Operation|                        Functional Unit                       |    FF   |   LUT   |
|----------|--------------------------------------------------------------|---------|---------|
|   call   | grp_v_mix_420_to_422_false_6_Pipeline_VITIS_LOOP_76_2_fu_110 |    12   |    24   |
|----------|--------------------------------------------------------------|---------|---------|
|   icmp   |                       icmp_ln74_fu_135                       |    0    |    12   |
|----------|--------------------------------------------------------------|---------|---------|
|    add   |                          y_24_fu_140                         |    0    |    12   |
|----------|--------------------------------------------------------------|---------|---------|
|          |            HwReg_layerHeight_1_val_read_read_fu_68           |    0    |    0    |
|   read   |            HwReg_layerWidth_1_val_read_read_fu_82            |    0    |    0    |
|          |                  layerEnableFlag_read_fu_96                  |    0    |    0    |
|----------|--------------------------------------------------------------|---------|---------|
|          |                     write_ln0_write_fu_74                    |    0    |    0    |
|   write  |                     write_ln0_write_fu_88                    |    0    |    0    |
|          |                    write_ln60_write_fu_102                   |    0    |    0    |
|----------|--------------------------------------------------------------|---------|---------|
|   trunc  |                         height_fu_119                        |    0    |    0    |
|          |                         width_fu_123                         |    0    |    0    |
|----------|--------------------------------------------------------------|---------|---------|
|   Total  |                                                              |    12   |    48   |
|----------|--------------------------------------------------------------|---------|---------|

Memories:
N/A

* Register list:
+-----------------------+--------+
|                       |   FF   |
+-----------------------+--------+
|     height_reg_155    |   12   |
|layerEnableFlag_reg_151|    1   |
|     width_reg_160     |   12   |
|       y_reg_165       |   12   |
+-----------------------+--------+
|         Total         |   37   |
+-----------------------+--------+

* Multiplexer (MUX) list: 
|--------|------|------|------|--------|
|  Comp  |  Pin | Size |  BW  | S x BW |
|--------|------|------|------|--------|
|  Total |      |      |      |    0   |
|--------|------|------|------|--------|



* Summary:
+-----------+--------+--------+
|           |   FF   |   LUT  |
+-----------+--------+--------+
|  Function |   12   |   48   |
|   Memory  |    -   |    -   |
|Multiplexer|    -   |    -   |
|  Register |   37   |    -   |
+-----------+--------+--------+
|   Total   |   49   |   48   |
+-----------+--------+--------+
