
*** Running vivado
    with args -log main_design_noip_lvds_stream_0_1.vds -m64 -product Vivado -mode batch -messageDb vivado.pb -notrace -source main_design_noip_lvds_stream_0_1.tcl


****** Vivado v2024.1 (64-bit)
  **** SW Build 5076996 on Wed May 22 18:36:09 MDT 2024
  **** IP Build 5075265 on Wed May 22 21:45:21 MDT 2024
  **** SharedData Build 5076995 on Wed May 22 18:29:18 MDT 2024
  **** Start of session at: Mon Jul 29 14:00:00 2024
    ** Copyright 1986-2022 Xilinx, Inc. All Rights Reserved.
    ** Copyright 2022-2024 Advanced Micro Devices, Inc. All Rights Reserved.

source main_design_noip_lvds_stream_0_1.tcl -notrace
create_project: Time (s): cpu = 00:00:06 ; elapsed = 00:00:06 . Memory (MB): peak = 1356.531 ; gain = 8.934 ; free physical = 1108 ; free virtual = 15036
INFO: [IP_Flow 19-234] Refreshing IP repositories
INFO: [IP_Flow 19-1700] Loaded user IP repository '/home/nothon/fpga2C/interface_repo'.
INFO: [IP_Flow 19-1700] Loaded user IP repository '/home/nothon/fpga2C/ip_repo'.
INFO: [IP_Flow 19-2313] Loaded Vivado IP repository '/tools/Xilinx/Vivado/2024.1/data/ip'.
INFO: [IP_Flow 19-6924] IPCACHE: Running cache check for IP inst: main_design_noip_lvds_stream_0_1
INFO: [IP_Flow 19-6922] IPCACHE: Exporting cached entry 8d39695bd9219722 to dir: /home/nothon/fpga2C/ZTurnV2/ZTurnV2.runs/main_design_noip_lvds_stream_0_1_synth_1
INFO: [IP_Flow 19-6928] IPCACHE: copied cached file /home/nothon/fpga2C/ZTurnV2/ZTurnV2.cache/ip/2024.1/8/d/8d39695bd9219722/main_design_noip_lvds_stream_0_0_sim_netlist.vhdl to /home/nothon/fpga2C/ZTurnV2/ZTurnV2.runs/main_design_noip_lvds_stream_0_1_synth_1/main_design_noip_lvds_stream_0_1_sim_netlist.vhdl.
INFO: [IP_Flow 19-6928] IPCACHE: copied cached file /home/nothon/fpga2C/ZTurnV2/ZTurnV2.cache/ip/2024.1/8/d/8d39695bd9219722/main_design_noip_lvds_stream_0_0_stub.v to /home/nothon/fpga2C/ZTurnV2/ZTurnV2.runs/main_design_noip_lvds_stream_0_1_synth_1/main_design_noip_lvds_stream_0_1_stub.v.
INFO: [IP_Flow 19-6928] IPCACHE: copied cached file /home/nothon/fpga2C/ZTurnV2/ZTurnV2.cache/ip/2024.1/8/d/8d39695bd9219722/main_design_noip_lvds_stream_0_0_sim_netlist.v to /home/nothon/fpga2C/ZTurnV2/ZTurnV2.runs/main_design_noip_lvds_stream_0_1_synth_1/main_design_noip_lvds_stream_0_1_sim_netlist.v.
INFO: [IP_Flow 19-6928] IPCACHE: copied cached file /home/nothon/fpga2C/ZTurnV2/ZTurnV2.cache/ip/2024.1/8/d/8d39695bd9219722/main_design_noip_lvds_stream_0_0.dcp to /home/nothon/fpga2C/ZTurnV2/ZTurnV2.runs/main_design_noip_lvds_stream_0_1_synth_1/main_design_noip_lvds_stream_0_1.dcp.
INFO: [IP_Flow 19-6928] IPCACHE: copied cached file /home/nothon/fpga2C/ZTurnV2/ZTurnV2.cache/ip/2024.1/8/d/8d39695bd9219722/main_design_noip_lvds_stream_0_0_stub.vhdl to /home/nothon/fpga2C/ZTurnV2/ZTurnV2.runs/main_design_noip_lvds_stream_0_1_synth_1/main_design_noip_lvds_stream_0_1_stub.vhdl.
INFO: [IP_Flow 19-4838] Using cached IP synthesis design for IP main_design_noip_lvds_stream_0_1, cache-ID = 8d39695bd9219722.
INFO: [Common 17-206] Exiting Vivado at Mon Jul 29 14:00:10 2024...
