08:55:06 INFO  : updated workspace path: 
08:55:06 INFO  : bash, -c, source /tools/Xilinx/Vitis/2024.1/tps/lnx64/lopper-1.1.0/env/bin/activate && python /tools/Xilinx/Vitis/2024.1/data/embeddedsw/scripts/pyesw//repo.py -st  /tools/Xilinx/Vitis/2024.1/data/embeddedsw && deactivate
08:55:09 INFO  : Successfully created repository data at /tmp/rigel_lopper_nothon17142984767326930369
08:55:09 INFO  : bash, -c, source /tools/Xilinx/Vitis/2024.1/tps/lnx64/lopper-1.1.0/env/bin/activate && python /tools/Xilinx/Vitis/2024.1/data/embeddedsw/scripts/pyesw//get_template_data.py -d /tmp/rigel_lopper_nothon3389720786213797522 -r /tmp/rigel_lopper_nothon17142984767326930369/.repo.yaml && deactivate
08:55:09 INFO  : Embedded Template List generated successfully
08:55:09 INFO  : bash, -c, source /tools/Xilinx/Vitis/2024.1/tps/lnx64/lopper-1.1.0/env/bin/activate && python /tools/Xilinx/Vitis/2024.1/data/embeddedsw/scripts/pyesw//repo.py -st  /tools/Xilinx/Vitis/2024.1/data/embeddedsw && deactivate
08:55:11 INFO  : Successfully created repository data at /tmp/rigel_lopper_nothon13465560721988682163
08:55:11 INFO  : bash, -c, source /tools/Xilinx/Vitis/2024.1/tps/lnx64/lopper-1.1.0/env/bin/activate && python /tools/Xilinx/Vitis/2024.1/data/embeddedsw/scripts/pyesw//get_template_data.py -d /tmp/rigel_lopper_nothon11947046848541037043 -r /tmp/rigel_lopper_nothon13465560721988682163/.repo.yaml && deactivate
08:55:11 INFO  : Embedded Template List generated successfully
08:55:33 INFO  : bash, -c, source /tools/Xilinx/Vitis/2024.1/tps/lnx64/lopper-1.1.0/env/bin/activate && python /tools/Xilinx/Vitis/2024.1/data/embeddedsw/scripts/pyesw//repo.py -st  /tools/Xilinx/Vitis/2024.1/data/embeddedsw && deactivate
08:55:33 INFO  : created .gitignore file for the project /home/nothon/fpga2C/zturnv2_platform
08:55:35 INFO  : Successfully created repository data at /tmp/rigel_lopper_nothon3486940375665555529
08:55:35 INFO  : bash, -c, source /tools/Xilinx/Vitis/2024.1/tps/lnx64/lopper-1.1.0/env/bin/activate && python /tools/Xilinx/Vitis/2024.1/data/embeddedsw/scripts/pyesw//get_template_data.py -d /tmp/rigel_lopper_nothon15620979573245696918 -r /tmp/rigel_lopper_nothon3486940375665555529/.repo.yaml && deactivate
08:55:35 INFO  : Embedded Template List generated successfully
09:18:12 INFO  : updated workspace path: 
09:18:12 INFO  : bash, -c, source /tools/Xilinx/Vitis/2024.1/tps/lnx64/lopper-1.1.0/env/bin/activate && python /tools/Xilinx/Vitis/2024.1/data/embeddedsw/scripts/pyesw//repo.py -st  /tools/Xilinx/Vitis/2024.1/data/embeddedsw && deactivate
09:18:14 INFO  : Successfully created repository data at /tmp/rigel_lopper_nothon892834391899781693
09:18:14 INFO  : bash, -c, source /tools/Xilinx/Vitis/2024.1/tps/lnx64/lopper-1.1.0/env/bin/activate && python /tools/Xilinx/Vitis/2024.1/data/embeddedsw/scripts/pyesw//get_template_data.py -d /tmp/rigel_lopper_nothon6778079890836644460 -r /tmp/rigel_lopper_nothon892834391899781693/.repo.yaml && deactivate
09:18:15 INFO  : Embedded Template List generated successfully
09:18:27 INFO  : bash, -c, source /tools/Xilinx/Vitis/2024.1/tps/lnx64/lopper-1.1.0/env/bin/activate && python /tools/Xilinx/Vitis/2024.1/data/embeddedsw/scripts/pyesw//repo.py -st  /tools/Xilinx/Vitis/2024.1/data/embeddedsw && deactivate
09:27:47 INFO  : updated workspace path: 
09:27:47 INFO  : bash, -c, source /tools/Xilinx/Vitis/2024.1/tps/lnx64/lopper-1.1.0/env/bin/activate && python /tools/Xilinx/Vitis/2024.1/data/embeddedsw/scripts/pyesw//repo.py -st  /tools/Xilinx/Vitis/2024.1/data/embeddedsw && deactivate
09:27:49 INFO  : Successfully created repository data at /tmp/rigel_lopper_nothon8919554490015273776
09:27:49 INFO  : bash, -c, source /tools/Xilinx/Vitis/2024.1/tps/lnx64/lopper-1.1.0/env/bin/activate && python /tools/Xilinx/Vitis/2024.1/data/embeddedsw/scripts/pyesw//get_template_data.py -d /tmp/rigel_lopper_nothon6185174899709690083 -r /tmp/rigel_lopper_nothon8919554490015273776/.repo.yaml && deactivate
09:27:49 INFO  : Embedded Template List generated successfully
09:27:50 INFO  : bash, -c, source /tools/Xilinx/Vitis/2024.1/tps/lnx64/lopper-1.1.0/env/bin/activate && python /tools/Xilinx/Vitis/2024.1/data/embeddedsw/scripts/pyesw//repo.py -st  /tools/Xilinx/Vitis/2024.1/data/embeddedsw && deactivate
09:27:51 INFO  : Successfully created repository data at /tmp/rigel_lopper_nothon10030966990839981691
09:27:51 INFO  : bash, -c, source /tools/Xilinx/Vitis/2024.1/tps/lnx64/lopper-1.1.0/env/bin/activate && python /tools/Xilinx/Vitis/2024.1/data/embeddedsw/scripts/pyesw//get_template_data.py -d /tmp/rigel_lopper_nothon17777545309022308174 -r /tmp/rigel_lopper_nothon10030966990839981691/.repo.yaml && deactivate
09:27:52 INFO  : Embedded Template List generated successfully
09:27:53 INFO  : bash, -c, source /tools/Xilinx/Vitis/2024.1/tps/lnx64/lopper-1.1.0/env/bin/activate && python /tools/Xilinx/Vitis/2024.1/data/embeddedsw/scripts/pyesw//repo.py -st  /tools/Xilinx/Vitis/2024.1/data/embeddedsw && deactivate
10:56:04 INFO  : updated workspace path: 
10:56:04 INFO  : bash, -c, source /tools/Xilinx/Vitis/2024.1/tps/lnx64/lopper-1.1.0/env/bin/activate && python /tools/Xilinx/Vitis/2024.1/data/embeddedsw/scripts/pyesw//repo.py -st  /tools/Xilinx/Vitis/2024.1/data/embeddedsw && deactivate
10:56:08 INFO  : Successfully created repository data at /tmp/rigel_lopper_nothon9643861059289848914
10:56:08 INFO  : bash, -c, source /tools/Xilinx/Vitis/2024.1/tps/lnx64/lopper-1.1.0/env/bin/activate && python /tools/Xilinx/Vitis/2024.1/data/embeddedsw/scripts/pyesw//get_template_data.py -d /tmp/rigel_lopper_nothon10343749992228832853 -r /tmp/rigel_lopper_nothon9643861059289848914/.repo.yaml && deactivate
10:56:08 INFO  : Embedded Template List generated successfully
10:56:08 INFO  : bash, -c, source /tools/Xilinx/Vitis/2024.1/tps/lnx64/lopper-1.1.0/env/bin/activate && python /tools/Xilinx/Vitis/2024.1/data/embeddedsw/scripts/pyesw//repo.py -st  /tools/Xilinx/Vitis/2024.1/data/embeddedsw && deactivate
10:56:10 INFO  : Successfully created repository data at /tmp/rigel_lopper_nothon6903570270008092279
10:56:10 INFO  : bash, -c, source /tools/Xilinx/Vitis/2024.1/tps/lnx64/lopper-1.1.0/env/bin/activate && python /tools/Xilinx/Vitis/2024.1/data/embeddedsw/scripts/pyesw//get_template_data.py -d /tmp/rigel_lopper_nothon13712360981767994106 -r /tmp/rigel_lopper_nothon6903570270008092279/.repo.yaml && deactivate
10:56:10 INFO  : Embedded Template List generated successfully
10:56:11 INFO  : bash, -c, source /tools/Xilinx/Vitis/2024.1/tps/lnx64/lopper-1.1.0/env/bin/activate && python /tools/Xilinx/Vitis/2024.1/data/embeddedsw/scripts/pyesw//repo.py -st  /tools/Xilinx/Vitis/2024.1/data/embeddedsw && deactivate
11:10:28 INFO  : updated workspace path: 
11:10:30 INFO  : Successfully created repository data at /tmp/rigel_lopper_nothon1778039896956581707
11:10:30 INFO  : bash, -c, source /tools/Xilinx/Vitis/2024.1/tps/lnx64/lopper-1.1.0/env/bin/activate && python /tools/Xilinx/Vitis/2024.1/data/embeddedsw/scripts/pyesw//get_template_data.py -d /tmp/rigel_lopper_nothon12200966881173375807 -r /tmp/rigel_lopper_nothon1778039896956581707/.repo.yaml && deactivate
11:10:30 INFO  : Embedded Template List generated successfully
11:10:30 INFO  : Terminating Vitis C++ Server
11:10:30 INFO  : Vitis C++ Server terminated
13:51:47 INFO  : updated workspace path: 
13:51:47 INFO  : bash, -c, source /tools/Xilinx/Vitis/2024.1/tps/lnx64/lopper-1.1.0/env/bin/activate && python /tools/Xilinx/Vitis/2024.1/data/embeddedsw/scripts/pyesw//repo.py -st  /tools/Xilinx/Vitis/2024.1/data/embeddedsw && deactivate
13:51:49 INFO  : Successfully created repository data at /tmp/rigel_lopper_nothon4741450737163671764
13:51:49 INFO  : bash, -c, source /tools/Xilinx/Vitis/2024.1/tps/lnx64/lopper-1.1.0/env/bin/activate && python /tools/Xilinx/Vitis/2024.1/data/embeddedsw/scripts/pyesw//get_template_data.py -d /tmp/rigel_lopper_nothon9120100099876564456 -r /tmp/rigel_lopper_nothon4741450737163671764/.repo.yaml && deactivate
13:51:49 INFO  : Embedded Template List generated successfully
13:54:28 INFO  : bash, -c, source /tools/Xilinx/Vitis/2024.1/tps/lnx64/lopper-1.1.0/env/bin/activate && python /tools/Xilinx/Vitis/2024.1/data/embeddedsw/scripts/pyesw//repo.py -st  /tools/Xilinx/Vitis/2024.1/data/embeddedsw && deactivate
09:33:44 INFO  : updated workspace path: 
09:33:44 INFO  : bash, -c, source /tools/Xilinx/Vitis/2024.1/tps/lnx64/lopper-1.1.0/env/bin/activate && python /tools/Xilinx/Vitis/2024.1/data/embeddedsw/scripts/pyesw//repo.py -st  /tools/Xilinx/Vitis/2024.1/data/embeddedsw && deactivate
09:33:47 INFO  : Successfully created repository data at /tmp/rigel_lopper_nothon303456764743724656
09:33:47 INFO  : bash, -c, source /tools/Xilinx/Vitis/2024.1/tps/lnx64/lopper-1.1.0/env/bin/activate && python /tools/Xilinx/Vitis/2024.1/data/embeddedsw/scripts/pyesw//get_template_data.py -d /tmp/rigel_lopper_nothon17978580485639097266 -r /tmp/rigel_lopper_nothon303456764743724656/.repo.yaml && deactivate
09:33:47 INFO  : Embedded Template List generated successfully
09:33:48 INFO  : bash, -c, source /tools/Xilinx/Vitis/2024.1/tps/lnx64/lopper-1.1.0/env/bin/activate && python /tools/Xilinx/Vitis/2024.1/data/embeddedsw/scripts/pyesw//repo.py -st  /tools/Xilinx/Vitis/2024.1/data/embeddedsw && deactivate
09:33:49 INFO  : Successfully created repository data at /tmp/rigel_lopper_nothon16519089064296002073
09:33:49 INFO  : bash, -c, source /tools/Xilinx/Vitis/2024.1/tps/lnx64/lopper-1.1.0/env/bin/activate && python /tools/Xilinx/Vitis/2024.1/data/embeddedsw/scripts/pyesw//get_template_data.py -d /tmp/rigel_lopper_nothon4780391316715082804 -r /tmp/rigel_lopper_nothon16519089064296002073/.repo.yaml && deactivate
09:33:50 INFO  : Embedded Template List generated successfully
09:33:53 INFO  : bash, -c, source /tools/Xilinx/Vitis/2024.1/tps/lnx64/lopper-1.1.0/env/bin/activate && python /tools/Xilinx/Vitis/2024.1/data/embeddedsw/scripts/pyesw//repo.py -st  /tools/Xilinx/Vitis/2024.1/data/embeddedsw && deactivate
09:33:53 INFO  : created .gitignore file for the project /home/nothon/fpga2C/zturnv2_platform
09:33:53 INFO  : Marking the target connection as default Local
09:33:53 INFO  : Marking the target connection as default Linux Agent
09:33:53 INFO  : Marking the target connection as default XRTServer
09:33:53 INFO  : Marking the target connection as default LinuxEmulation
09:33:53 INFO  : Marking the target connection as default QEMU
11:04:51 INFO  : updated workspace path: 
11:04:52 INFO  : bash, -c, source /tools/Xilinx/Vitis/2024.1/tps/lnx64/lopper-1.1.0/env/bin/activate && python /tools/Xilinx/Vitis/2024.1/data/embeddedsw/scripts/pyesw//repo.py -st  /tools/Xilinx/Vitis/2024.1/data/embeddedsw && deactivate
11:04:55 INFO  : Successfully created repository data at /tmp/rigel_lopper_nothon16358531218554511455
11:04:55 INFO  : bash, -c, source /tools/Xilinx/Vitis/2024.1/tps/lnx64/lopper-1.1.0/env/bin/activate && python /tools/Xilinx/Vitis/2024.1/data/embeddedsw/scripts/pyesw//get_template_data.py -d /tmp/rigel_lopper_nothon3852324838613481046 -r /tmp/rigel_lopper_nothon16358531218554511455/.repo.yaml && deactivate
11:04:55 INFO  : Embedded Template List generated successfully
11:04:55 INFO  : bash, -c, source /tools/Xilinx/Vitis/2024.1/tps/lnx64/lopper-1.1.0/env/bin/activate && python /tools/Xilinx/Vitis/2024.1/data/embeddedsw/scripts/pyesw//repo.py -st  /tools/Xilinx/Vitis/2024.1/data/embeddedsw && deactivate
11:04:57 INFO  : Successfully created repository data at /tmp/rigel_lopper_nothon583098050233358522
11:04:57 INFO  : bash, -c, source /tools/Xilinx/Vitis/2024.1/tps/lnx64/lopper-1.1.0/env/bin/activate && python /tools/Xilinx/Vitis/2024.1/data/embeddedsw/scripts/pyesw//get_template_data.py -d /tmp/rigel_lopper_nothon6685118512906629094 -r /tmp/rigel_lopper_nothon583098050233358522/.repo.yaml && deactivate
11:04:57 INFO  : created .gitignore file for the project /home/nothon/fpga2C/zturnv2_platform
11:04:58 INFO  : Embedded Template List generated successfully
11:04:58 INFO  : bash, -c, source /tools/Xilinx/Vitis/2024.1/tps/lnx64/lopper-1.1.0/env/bin/activate && python /tools/Xilinx/Vitis/2024.1/data/embeddedsw/scripts/pyesw//repo.py -st  /tools/Xilinx/Vitis/2024.1/data/embeddedsw && deactivate
11:05:00 INFO  : Successfully created repository data at /tmp/rigel_lopper_nothon12806320029774279222
11:05:00 INFO  : bash, -c, source /tools/Xilinx/Vitis/2024.1/tps/lnx64/lopper-1.1.0/env/bin/activate && python /tools/Xilinx/Vitis/2024.1/data/embeddedsw/scripts/pyesw//get_template_data.py -d /tmp/rigel_lopper_nothon13389177492645320916 -r /tmp/rigel_lopper_nothon12806320029774279222/.repo.yaml && deactivate
11:05:00 INFO  : Embedded Template List generated successfully
11:05:03 INFO  : XSDB server has started successfully from frontend.
11:05:03 INFO  : It has taken  4secs.
11:05:04 INFO  : Connection to XSDB Server established.
11:05:04 INFO  : It has taken  1secs.
11:12:08 INFO  : updated workspace path: 
11:12:08 INFO  : bash, -c, source /tools/Xilinx/Vitis/2024.1/tps/lnx64/lopper-1.1.0/env/bin/activate && python /tools/Xilinx/Vitis/2024.1/data/embeddedsw/scripts/pyesw//repo.py -st  /tools/Xilinx/Vitis/2024.1/data/embeddedsw && deactivate
11:12:10 INFO  : Successfully created repository data at /tmp/rigel_lopper_nothon3230886768104641900
11:12:10 INFO  : bash, -c, source /tools/Xilinx/Vitis/2024.1/tps/lnx64/lopper-1.1.0/env/bin/activate && python /tools/Xilinx/Vitis/2024.1/data/embeddedsw/scripts/pyesw//get_template_data.py -d /tmp/rigel_lopper_nothon16422339016524641130 -r /tmp/rigel_lopper_nothon3230886768104641900/.repo.yaml && deactivate
11:12:10 INFO  : Embedded Template List generated successfully
11:12:11 INFO  : bash, -c, source /tools/Xilinx/Vitis/2024.1/tps/lnx64/lopper-1.1.0/env/bin/activate && python /tools/Xilinx/Vitis/2024.1/data/embeddedsw/scripts/pyesw//repo.py -st  /tools/Xilinx/Vitis/2024.1/data/embeddedsw && deactivate
11:12:12 INFO  : Successfully created repository data at /tmp/rigel_lopper_nothon15997543273912633969
11:12:12 INFO  : bash, -c, source /tools/Xilinx/Vitis/2024.1/tps/lnx64/lopper-1.1.0/env/bin/activate && python /tools/Xilinx/Vitis/2024.1/data/embeddedsw/scripts/pyesw//get_template_data.py -d /tmp/rigel_lopper_nothon1060050261543922817 -r /tmp/rigel_lopper_nothon15997543273912633969/.repo.yaml && deactivate
11:12:12 INFO  : Embedded Template List generated successfully
11:13:16 INFO  : bash, -c, source /tools/Xilinx/Vitis/2024.1/tps/lnx64/lopper-1.1.0/env/bin/activate && python /tools/Xilinx/Vitis/2024.1/data/embeddedsw/scripts/pyesw//repo.py -st  /tools/Xilinx/Vitis/2024.1/data/embeddedsw && deactivate
11:13:16 INFO  : created .gitignore file for the project /home/nothon/fpga2C/zturnV2_platform
11:13:16 INFO  : Marking the target connection as default Local
11:13:16 INFO  : Marking the target connection as default Linux Agent
11:13:16 INFO  : Marking the target connection as default XRTServer
11:13:16 INFO  : Marking the target connection as default LinuxEmulation
11:13:16 INFO  : Marking the target connection as default QEMU
11:13:50 INFO  : updated workspace path: 
11:13:51 INFO  : Embedded Template List generated successfully
11:13:51 INFO  : bash, -c, source /tools/Xilinx/Vitis/2024.1/tps/lnx64/lopper-1.1.0/env/bin/activate && python /tools/Xilinx/Vitis/2024.1/data/embeddedsw/scripts/pyesw//repo.py -st  /tools/Xilinx/Vitis/2024.1/data/embeddedsw && deactivate
11:13:53 INFO  : Successfully created repository data at /tmp/rigel_lopper_nothon1575852246489507742
11:13:53 INFO  : bash, -c, source /tools/Xilinx/Vitis/2024.1/tps/lnx64/lopper-1.1.0/env/bin/activate && python /tools/Xilinx/Vitis/2024.1/data/embeddedsw/scripts/pyesw//get_template_data.py -d /tmp/rigel_lopper_nothon5038605795429138827 -r /tmp/rigel_lopper_nothon1575852246489507742/.repo.yaml && deactivate
11:13:53 INFO  : Embedded Template List generated successfully
11:14:12 INFO  : bash, -c, source /tools/Xilinx/Vitis/2024.1/tps/lnx64/lopper-1.1.0/env/bin/activate && python /tools/Xilinx/Vitis/2024.1/data/embeddedsw/scripts/pyesw//repo.py -st  /tools/Xilinx/Vitis/2024.1/data/embeddedsw && deactivate
11:14:12 INFO  : created .gitignore file for the project /home/nothon/fpga2C/vitis_workspace
11:14:12 INFO  : Marking the target connection as default Local
11:14:12 INFO  : Marking the target connection as default Linux Agent
11:14:12 INFO  : Marking the target connection as default XRTServer
11:14:12 INFO  : Marking the target connection as default LinuxEmulation
11:14:12 INFO  : Marking the target connection as default QEMU
16:25:36 INFO  : updated workspace path: 
16:25:37 INFO  : bash, -c, source /tools/Xilinx/Vitis/2024.1/tps/lnx64/lopper-1.1.0/env/bin/activate && python /tools/Xilinx/Vitis/2024.1/data/embeddedsw/scripts/pyesw//repo.py -st  /tools/Xilinx/Vitis/2024.1/data/embeddedsw && deactivate
16:25:44 INFO  : Successfully created repository data at /tmp/rigel_lopper_nothon9139589100076252125
16:25:44 INFO  : bash, -c, source /tools/Xilinx/Vitis/2024.1/tps/lnx64/lopper-1.1.0/env/bin/activate && python /tools/Xilinx/Vitis/2024.1/data/embeddedsw/scripts/pyesw//get_template_data.py -d /tmp/rigel_lopper_nothon14524523266342072546 -r /tmp/rigel_lopper_nothon9139589100076252125/.repo.yaml && deactivate
16:25:45 INFO  : Embedded Template List generated successfully
16:25:45 INFO  : bash, -c, source /tools/Xilinx/Vitis/2024.1/tps/lnx64/lopper-1.1.0/env/bin/activate && python /tools/Xilinx/Vitis/2024.1/data/embeddedsw/scripts/pyesw//repo.py -st  /tools/Xilinx/Vitis/2024.1/data/embeddedsw && deactivate
16:25:49 INFO  : Successfully created repository data at /tmp/rigel_lopper_nothon3775652590186267697
16:25:49 INFO  : bash, -c, source /tools/Xilinx/Vitis/2024.1/tps/lnx64/lopper-1.1.0/env/bin/activate && python /tools/Xilinx/Vitis/2024.1/data/embeddedsw/scripts/pyesw//get_template_data.py -d /tmp/rigel_lopper_nothon14085549575961384050 -r /tmp/rigel_lopper_nothon3775652590186267697/.repo.yaml && deactivate
16:25:50 INFO  : Embedded Template List generated successfully
16:25:50 INFO  : bash, -c, source /tools/Xilinx/Vitis/2024.1/tps/lnx64/lopper-1.1.0/env/bin/activate && python /tools/Xilinx/Vitis/2024.1/data/embeddedsw/scripts/pyesw//repo.py -st  /tools/Xilinx/Vitis/2024.1/data/embeddedsw && deactivate
16:25:55 INFO  : Successfully created repository data at /tmp/rigel_lopper_nothon16015048217662586118
16:25:55 INFO  : bash, -c, source /tools/Xilinx/Vitis/2024.1/tps/lnx64/lopper-1.1.0/env/bin/activate && python /tools/Xilinx/Vitis/2024.1/data/embeddedsw/scripts/pyesw//get_template_data.py -d /tmp/rigel_lopper_nothon2455185619198083160 -r /tmp/rigel_lopper_nothon16015048217662586118/.repo.yaml && deactivate
16:25:55 INFO  : Embedded Template List generated successfully
16:26:02 INFO  : created .gitignore file for the project /home/nothon/fpga2C/vitis_workspace
16:44:29 INFO  : updated workspace path: 
16:44:29 INFO  : bash, -c, source /tools/Xilinx/Vitis/2024.1/tps/lnx64/lopper-1.1.0/env/bin/activate && python /tools/Xilinx/Vitis/2024.1/data/embeddedsw/scripts/pyesw//repo.py -st  /tools/Xilinx/Vitis/2024.1/data/embeddedsw && deactivate
16:44:33 INFO  : Successfully created repository data at /tmp/rigel_lopper_nothon4356847789298201354
16:44:33 INFO  : bash, -c, source /tools/Xilinx/Vitis/2024.1/tps/lnx64/lopper-1.1.0/env/bin/activate && python /tools/Xilinx/Vitis/2024.1/data/embeddedsw/scripts/pyesw//get_template_data.py -d /tmp/rigel_lopper_nothon5715484062402068850 -r /tmp/rigel_lopper_nothon4356847789298201354/.repo.yaml && deactivate
16:44:34 INFO  : Embedded Template List generated successfully
16:44:34 INFO  : bash, -c, source /tools/Xilinx/Vitis/2024.1/tps/lnx64/lopper-1.1.0/env/bin/activate && python /tools/Xilinx/Vitis/2024.1/data/embeddedsw/scripts/pyesw//repo.py -st  /tools/Xilinx/Vitis/2024.1/data/embeddedsw && deactivate
16:44:38 INFO  : Successfully created repository data at /tmp/rigel_lopper_nothon932851715843763943
16:44:38 INFO  : bash, -c, source /tools/Xilinx/Vitis/2024.1/tps/lnx64/lopper-1.1.0/env/bin/activate && python /tools/Xilinx/Vitis/2024.1/data/embeddedsw/scripts/pyesw//get_template_data.py -d /tmp/rigel_lopper_nothon15841399822259392135 -r /tmp/rigel_lopper_nothon932851715843763943/.repo.yaml && deactivate
16:44:39 INFO  : Embedded Template List generated successfully
16:44:39 INFO  : bash, -c, source /tools/Xilinx/Vitis/2024.1/tps/lnx64/lopper-1.1.0/env/bin/activate && python /tools/Xilinx/Vitis/2024.1/data/embeddedsw/scripts/pyesw//repo.py -st  /tools/Xilinx/Vitis/2024.1/data/embeddedsw && deactivate
