srcscan starts
=============== Using vdb files for VHDL std libs ===========
INFO: VHDL library search path for library "std" is now "/tools/Xilinx/Vivado/2024.1/data/precomp_hsv/vhdl/std" (VHDL-1505)
INFO: VHDL library search path for library "synopsys" is now "/tools/Xilinx/Vivado/2024.1/data/precomp_hsv/vhdl/synopsys" (VHDL-1505)
INFO: VHDL library search path for library "ieee" is now "/tools/Xilinx/Vivado/2024.1/data/precomp_hsv/vhdl/ieee" (VHDL-1505)
INFO: VHDL library search path for library "unimacro" is now "/tools/Xilinx/Vivado/2024.1/data/precomp_hsv/vhdl/unimacro" (VHDL-1505)
INFO: VHDL library search path for library "unisim" is now "/tools/Xilinx/Vivado/2024.1/data/precomp_hsv/vhdl/unisim" (VHDL-1505)
INFO: VHDL library search path for library "vl" is now "/tools/Xilinx/Vivado/2024.1/data/precomp_hsv/vhdl/vl" (VHDL-1505)
INFO: VHDL library search path for library "xpm" is now "/tools/Xilinx/Vivado/2024.1/data/precomp_hsv/vhdl/xpm" (VHDL-1505)
-- Analyzing VHDL file "/home/nothon/fpga2C/ip_repo/noip_lvds_stream/noip_lvds_stream_1_0/hdl/noip_lvds_stream.vhd" into library xil_defaultlib (VHDL-9003)
INFO: analyzing entity 'noip_lvds_stream' (VHDL-1012)
INFO: analyzing architecture 'arch_imp' of entity 'noip_lvds_stream' (VHDL-9006)
/home/nothon/fpga2C/ip_repo/noip_lvds_stream/noip_lvds_stream_1_0/hdl/noip_lvds_stream.vhd(105): ERROR: 'pixel' is not declared (VHDL-1241)
/home/nothon/fpga2C/ip_repo/noip_lvds_stream/noip_lvds_stream_1_0/hdl/noip_lvds_stream.vhd(106): ERROR: 'pixel' is not declared (VHDL-1241)
/home/nothon/fpga2C/ip_repo/noip_lvds_stream/noip_lvds_stream_1_0/hdl/noip_lvds_stream.vhd(108): ERROR: 'sd_pat' is not declared (VHDL-1241)
/home/nothon/fpga2C/ip_repo/noip_lvds_stream/noip_lvds_stream_1_0/hdl/noip_lvds_stream.vhd(109): ERROR: 'sd_pat' is not declared (VHDL-1241)
/home/nothon/fpga2C/ip_repo/noip_lvds_stream/noip_lvds_stream_1_0/hdl/noip_lvds_stream.vhd(109): ERROR: 'tr' is not declared (VHDL-1241)
/home/nothon/fpga2C/ip_repo/noip_lvds_stream/noip_lvds_stream_1_0/hdl/noip_lvds_stream.vhd(109): ERROR: found '0' definitions of operator "=", cannot determine exact overloaded matching definition for "=" (VHDL-1052)
/home/nothon/fpga2C/ip_repo/noip_lvds_stream/noip_lvds_stream_1_0/hdl/noip_lvds_stream.vhd(113): ERROR: 'sd_pat' is not declared (VHDL-1241)
/home/nothon/fpga2C/ip_repo/noip_lvds_stream/noip_lvds_stream_1_0/hdl/noip_lvds_stream.vhd(114): ERROR: 'sd_pat' is not declared (VHDL-1241)
/home/nothon/fpga2C/ip_repo/noip_lvds_stream/noip_lvds_stream_1_0/hdl/noip_lvds_stream.vhd(114): ERROR: 'tr' is not declared (VHDL-1241)
/home/nothon/fpga2C/ip_repo/noip_lvds_stream/noip_lvds_stream_1_0/hdl/noip_lvds_stream.vhd(114): ERROR: found '0' definitions of operator "=", cannot determine exact overloaded matching definition for "=" (VHDL-1052)
/home/nothon/fpga2C/ip_repo/noip_lvds_stream/noip_lvds_stream_1_0/hdl/noip_lvds_stream.vhd(182): WARNING: syntax error near 'end' (VHDL-1261)
/home/nothon/fpga2C/ip_repo/noip_lvds_stream/noip_lvds_stream_1_0/hdl/noip_lvds_stream.vhd(210): WARNING: syntax error near 'end' (VHDL-1261)
/home/nothon/fpga2C/ip_repo/noip_lvds_stream/noip_lvds_stream_1_0/hdl/noip_lvds_stream.vhd(346): WARNING: syntax error near 'generate' (VHDL-1261)
/home/nothon/fpga2C/ip_repo/noip_lvds_stream/noip_lvds_stream_1_0/hdl/noip_lvds_stream.vhd(349): ERROR: type error near kernel ; current type t_kernel; expected type std_logic_vector (VHDL-9022)
/home/nothon/fpga2C/ip_repo/noip_lvds_stream/noip_lvds_stream_1_0/hdl/noip_lvds_stream.vhd(351): WARNING: syntax error near 'else' (VHDL-1261)
/home/nothon/fpga2C/ip_repo/noip_lvds_stream/noip_lvds_stream_1_0/hdl/noip_lvds_stream.vhd(355): WARNING: syntax error near 'if' (VHDL-1261)
-- Analyzing VHDL file "/home/nothon/fpga2C/ip_repo/noip_lvds_stream/noip_lvds_stream_1_0/hdl/noip_lvds_stream_master_stream_v1_0_M00_AXIS.vhd" into library xil_defaultlib (VHDL-9003)
INFO: analyzing entity 'noip_lvds_stream_master_stream_v1_0_M00_AXIS' (VHDL-1012)
INFO: analyzing architecture 'implementation' of entity 'noip_lvds_stream_master_stream_v1_0_m00_axis' (VHDL-9006)
-- Analyzing VHDL file "/home/nothon/fpga2C/ip_repo/noip_lvds_stream/noip_lvds_stream_1_0/hdl/noip_lvds_stream_slave_stream_v1_0_S00_AXIS.vhd" into library xil_defaultlib (VHDL-9003)
INFO: analyzing entity 'noip_lvds_stream_slave_stream_v1_0_S00_AXIS' (VHDL-1012)
INFO: analyzing architecture 'arch_imp' of entity 'noip_lvds_stream_slave_stream_v1_0_s00_axis' (VHDL-9006)
/home/nothon/fpga2C/ip_repo/noip_lvds_stream/noip_lvds_stream_1_0/hdl/noip_lvds_stream.vhd(9): ERROR: formal generic 'im_width' has no actual or default value (VHDL-1769)
/home/nothon/fpga2C/ip_repo/noip_lvds_stream/noip_lvds_stream_1_0/hdl/noip_lvds_stream.vhd(10): ERROR: formal generic 'im_height' has no actual or default value (VHDL-1769)
Listing tops:
VHDLTop: library:xil_defaultlib entity:noip_lvds_stream arch:
VHDLTop: library:xil_defaultlib entity:noip_lvds_stream arch:
END of tops
/home/nothon/fpga2C/ip_repo/noip_lvds_stream/noip_lvds_stream_1_0/hdl/noip_lvds_stream.vhd(5): INFO: processing 'noip_lvds_stream_default(arch_imp)' (VHDL-1067)
