********************************************************************************
* Unified simulation Tcl App stack trace dump
*
* File: .usf.tcl_error.log (Fri Aug  9 15:26:07 2024)
*
* This file is generated by the unified simulation automation and contains the
* tcl stack trace of error returned by the simulator App for the current run.
*
********************************************************************************
1
    while executing
"catch {rdi::execute_script $scr_file} error_log"
    (procedure "xcs_exec_script" line 12)
    invoked from within
"xcs_exec_script $scr_file error_log"
    (procedure "usf_launch_script" line 42)
    invoked from within
"usf_launch_script "xsim" $step"
    (procedure "tclapp::xilinx::xsim::elaborate" line 13)
    invoked from within
"tclapp::xilinx::xsim::elaborate { -simset sim_1 -mode behavioral -run_dir /home/nothon/fpga2C/ZTurnV2/ZTurnV2.sim/sim_1/behav/xsim -int_os_type 64 -in..."
