INFO: [VRFC 10-163] Analyzing VHDL file "/home/nothon/fpga2C/ZTurnV2/ZTurnV2.ip_user_files/bd/main_design/ip/main_design_proc_sys_reset_0_0/sim/main_design_proc_sys_reset_0_0.vhd" into library xil_defaultlib
INFO: [VRFC 10-3107] analyzing entity 'main_design_proc_sys_reset_0_0'
INFO: [VRFC 10-163] Analyzing VHDL file "/home/nothon/fpga2C/ZTurnV2/ZTurnV2.ip_user_files/bd/main_design/ip/main_design_util_ds_buf_0_2/util_ds_buf.vhd" into library xil_defaultlib
INFO: [VRFC 10-3107] analyzing entity 'util_ds_buf'
INFO: [VRFC 10-163] Analyzing VHDL file "/home/nothon/fpga2C/ZTurnV2/ZTurnV2.ip_user_files/bd/main_design/ip/main_design_util_ds_buf_0_2/sim/main_design_util_ds_buf_0_2.vhd" into library xil_defaultlib
INFO: [VRFC 10-3107] analyzing entity 'main_design_util_ds_buf_0_2'
INFO: [VRFC 10-163] Analyzing VHDL file "/home/nothon/fpga2C/ZTurnV2/ZTurnV2.ip_user_files/bd/main_design/ipshared/7fc5/hdl/noip_lvds_stream_slave_stream_v1_0_S00_AXIS.vhd" into library xil_defaultlib
INFO: [VRFC 10-3107] analyzing entity 'noip_lvds_stream_slave_stream_v1_0_S00_AXIS'
INFO: [VRFC 10-163] Analyzing VHDL file "/home/nothon/fpga2C/ZTurnV2/ZTurnV2.ip_user_files/bd/main_design/ipshared/7fc5/hdl/noip_lvds_stream_master_stream_v1_0_M00_AXIS.vhd" into library xil_defaultlib
INFO: [VRFC 10-3107] analyzing entity 'noip_lvds_stream_master_stream_v1_0_M00_AXIS'
INFO: [VRFC 10-163] Analyzing VHDL file "/home/nothon/fpga2C/ZTurnV2/ZTurnV2.ip_user_files/bd/main_design/ipshared/7fc5/hdl/noip_lvds_stream.vhd" into library xil_defaultlib
INFO: [VRFC 10-3107] analyzing entity 'noip_lvds_stream'
INFO: [VRFC 10-163] Analyzing VHDL file "/home/nothon/fpga2C/ZTurnV2/ZTurnV2.ip_user_files/bd/main_design/ip/main_design_noip_lvds_stream_0_0/sim/main_design_noip_lvds_stream_0_0.vhd" into library xil_defaultlib
INFO: [VRFC 10-3107] analyzing entity 'main_design_noip_lvds_stream_0_0'
INFO: [VRFC 10-163] Analyzing VHDL file "/home/nothon/fpga2C/ZTurnV2/ZTurnV2.ip_user_files/bd/main_design/ipshared/9f3a/hdl/noip_ctrl_slave_lite_v1_0_S00_AXI.vhd" into library xil_defaultlib
INFO: [VRFC 10-3107] analyzing entity 'noip_ctrl_slave_lite_v1_0_S00_AXI'
INFO: [VRFC 10-163] Analyzing VHDL file "/home/nothon/fpga2C/ZTurnV2/ZTurnV2.ip_user_files/bd/main_design/ipshared/9f3a/hdl/noip_ctrl.vhd" into library xil_defaultlib
INFO: [VRFC 10-3107] analyzing entity 'noip_ctrl'
ERROR: [VRFC 10-1449] this construct is only supported in VHDL 1076-2008 [/home/nothon/fpga2C/ZTurnV2/ZTurnV2.ip_user_files/bd/main_design/ipshared/9f3a/hdl/noip_ctrl.vhd:178]
ERROR: [VRFC 10-8820] cannot read from 'out' object 's00_axi_bvalid'; use 'buffer' or 'inout' instead [/home/nothon/fpga2C/ZTurnV2/ZTurnV2.ip_user_files/bd/main_design/ipshared/9f3a/hdl/noip_ctrl.vhd:177]
ERROR: [VRFC 10-8820] cannot read from 'out' object 's00_axi_bvalid'; use 'buffer' or 'inout' instead [/home/nothon/fpga2C/ZTurnV2/ZTurnV2.ip_user_files/bd/main_design/ipshared/9f3a/hdl/noip_ctrl.vhd:210]
ERROR: [VRFC 10-1449] this construct is only supported in VHDL 1076-2008 [/home/nothon/fpga2C/ZTurnV2/ZTurnV2.ip_user_files/bd/main_design/ipshared/9f3a/hdl/noip_ctrl.vhd:271]
ERROR: [VRFC 10-1449] this construct is only supported in VHDL 1076-2008 [/home/nothon/fpga2C/ZTurnV2/ZTurnV2.ip_user_files/bd/main_design/ipshared/9f3a/hdl/noip_ctrl.vhd:273]
ERROR: [VRFC 10-8820] cannot read from 'out' object 's00_axi_bvalid'; use 'buffer' or 'inout' instead [/home/nothon/fpga2C/ZTurnV2/ZTurnV2.ip_user_files/bd/main_design/ipshared/9f3a/hdl/noip_ctrl.vhd:270]
ERROR: [VRFC 10-9458] unit 'arch_imp' is ignored due to previous errors [/home/nothon/fpga2C/ZTurnV2/ZTurnV2.ip_user_files/bd/main_design/ipshared/9f3a/hdl/noip_ctrl.vhd:63]
INFO: [VRFC 10-8704] VHDL file '/home/nothon/fpga2C/ZTurnV2/ZTurnV2.ip_user_files/bd/main_design/ipshared/9f3a/hdl/noip_ctrl.vhd' is ignored due to errors
