INFO: [VRFC 10-2263] Analyzing Verilog file "/home/nothon/fpga2C/ZTurnV2/ZTurnV2.ip_user_files/bd/main_design/ip/main_design_processing_system7_0_0/sim/main_design_processing_system7_0_0.v" into library xil_defaultlib
INFO: [VRFC 10-311] analyzing module main_design_processing_system7_0_0
INFO: [VRFC 10-2263] Analyzing Verilog file "/home/nothon/fpga2C/ZTurnV2/ZTurnV2.ip_user_files/bd/main_design/ip/main_design_xbar_1/sim/main_design_xbar_1.v" into library xil_defaultlib
INFO: [VRFC 10-311] analyzing module main_design_xbar_1
INFO: [VRFC 10-2263] Analyzing Verilog file "/home/nothon/fpga2C/ZTurnV2/ZTurnV2.ip_user_files/bd/main_design/ip/main_design_auto_pc_0/sim/main_design_auto_pc_0.v" into library xil_defaultlib
INFO: [VRFC 10-311] analyzing module main_design_auto_pc_0
INFO: [VRFC 10-2263] Analyzing Verilog file "/home/nothon/fpga2C/ZTurnV2/ZTurnV2.ip_user_files/bd/main_design/ip/main_design_xbar_2/sim/main_design_xbar_2.v" into library xil_defaultlib
INFO: [VRFC 10-311] analyzing module main_design_xbar_2
INFO: [VRFC 10-2263] Analyzing Verilog file "/home/nothon/fpga2C/ZTurnV2/ZTurnV2.ip_user_files/bd/main_design/ip/main_design_auto_us_0/sim/main_design_auto_us_0.v" into library xil_defaultlib
INFO: [VRFC 10-311] analyzing module main_design_auto_us_0
INFO: [VRFC 10-2263] Analyzing Verilog file "/home/nothon/fpga2C/ZTurnV2/ZTurnV2.ip_user_files/bd/main_design/ip/main_design_auto_us_1/sim/main_design_auto_us_1.v" into library xil_defaultlib
INFO: [VRFC 10-311] analyzing module main_design_auto_us_1
INFO: [VRFC 10-2263] Analyzing Verilog file "/home/nothon/fpga2C/ZTurnV2/ZTurnV2.ip_user_files/bd/main_design/ip/main_design_auto_us_2/sim/main_design_auto_us_2.v" into library xil_defaultlib
INFO: [VRFC 10-311] analyzing module main_design_auto_us_2
INFO: [VRFC 10-2263] Analyzing Verilog file "/home/nothon/fpga2C/ZTurnV2/ZTurnV2.ip_user_files/bd/main_design/ip/main_design_auto_pc_1/sim/main_design_auto_pc_1.v" into library xil_defaultlib
INFO: [VRFC 10-311] analyzing module main_design_auto_pc_1
INFO: [VRFC 10-2263] Analyzing Verilog file "/home/nothon/fpga2C/ZTurnV2/ZTurnV2.ip_user_files/bd/main_design/ip/main_design_xbar_3/sim/main_design_xbar_3.v" into library xil_defaultlib
INFO: [VRFC 10-311] analyzing module main_design_xbar_3
INFO: [VRFC 10-2263] Analyzing Verilog file "/home/nothon/fpga2C/ZTurnV2/ZTurnV2.ip_user_files/bd/main_design/ip/main_design_auto_ss_slid_0/hdl/tdata_main_design_auto_ss_slid_0.v" into library xil_defaultlib
INFO: [VRFC 10-311] analyzing module tdata_main_design_auto_ss_slid_0
INFO: [VRFC 10-2263] Analyzing Verilog file "/home/nothon/fpga2C/ZTurnV2/ZTurnV2.ip_user_files/bd/main_design/ip/main_design_auto_ss_slid_0/hdl/tuser_main_design_auto_ss_slid_0.v" into library xil_defaultlib
INFO: [VRFC 10-311] analyzing module tuser_main_design_auto_ss_slid_0
INFO: [VRFC 10-2263] Analyzing Verilog file "/home/nothon/fpga2C/ZTurnV2/ZTurnV2.ip_user_files/bd/main_design/ip/main_design_auto_ss_slid_0/hdl/tstrb_main_design_auto_ss_slid_0.v" into library xil_defaultlib
INFO: [VRFC 10-311] analyzing module tstrb_main_design_auto_ss_slid_0
INFO: [VRFC 10-2263] Analyzing Verilog file "/home/nothon/fpga2C/ZTurnV2/ZTurnV2.ip_user_files/bd/main_design/ip/main_design_auto_ss_slid_0/hdl/tkeep_main_design_auto_ss_slid_0.v" into library xil_defaultlib
INFO: [VRFC 10-311] analyzing module tkeep_main_design_auto_ss_slid_0
INFO: [VRFC 10-2263] Analyzing Verilog file "/home/nothon/fpga2C/ZTurnV2/ZTurnV2.ip_user_files/bd/main_design/ip/main_design_auto_ss_slid_0/hdl/tid_main_design_auto_ss_slid_0.v" into library xil_defaultlib
INFO: [VRFC 10-311] analyzing module tid_main_design_auto_ss_slid_0
INFO: [VRFC 10-2263] Analyzing Verilog file "/home/nothon/fpga2C/ZTurnV2/ZTurnV2.ip_user_files/bd/main_design/ip/main_design_auto_ss_slid_0/hdl/tdest_main_design_auto_ss_slid_0.v" into library xil_defaultlib
INFO: [VRFC 10-311] analyzing module tdest_main_design_auto_ss_slid_0
INFO: [VRFC 10-2263] Analyzing Verilog file "/home/nothon/fpga2C/ZTurnV2/ZTurnV2.ip_user_files/bd/main_design/ip/main_design_auto_ss_slid_0/hdl/tlast_main_design_auto_ss_slid_0.v" into library xil_defaultlib
INFO: [VRFC 10-311] analyzing module tlast_main_design_auto_ss_slid_0
INFO: [VRFC 10-2263] Analyzing Verilog file "/home/nothon/fpga2C/ZTurnV2/ZTurnV2.ip_user_files/bd/main_design/ip/main_design_auto_ss_slid_0/hdl/top_main_design_auto_ss_slid_0.v" into library xil_defaultlib
INFO: [VRFC 10-311] analyzing module top_main_design_auto_ss_slid_0
INFO: [VRFC 10-2263] Analyzing Verilog file "/home/nothon/fpga2C/ZTurnV2/ZTurnV2.ip_user_files/bd/main_design/ip/main_design_auto_ss_slid_0/sim/main_design_auto_ss_slid_0.v" into library xil_defaultlib
INFO: [VRFC 10-311] analyzing module main_design_auto_ss_slid_0
INFO: [VRFC 10-2263] Analyzing Verilog file "/home/nothon/fpga2C/ZTurnV2/ZTurnV2.ip_user_files/bd/main_design/ip/main_design_auto_ss_k_0/hdl/tdata_main_design_auto_ss_k_0.v" into library xil_defaultlib
INFO: [VRFC 10-311] analyzing module tdata_main_design_auto_ss_k_0
INFO: [VRFC 10-2263] Analyzing Verilog file "/home/nothon/fpga2C/ZTurnV2/ZTurnV2.ip_user_files/bd/main_design/ip/main_design_auto_ss_k_0/hdl/tuser_main_design_auto_ss_k_0.v" into library xil_defaultlib
INFO: [VRFC 10-311] analyzing module tuser_main_design_auto_ss_k_0
INFO: [VRFC 10-2263] Analyzing Verilog file "/home/nothon/fpga2C/ZTurnV2/ZTurnV2.ip_user_files/bd/main_design/ip/main_design_auto_ss_k_0/hdl/tstrb_main_design_auto_ss_k_0.v" into library xil_defaultlib
INFO: [VRFC 10-311] analyzing module tstrb_main_design_auto_ss_k_0
INFO: [VRFC 10-2263] Analyzing Verilog file "/home/nothon/fpga2C/ZTurnV2/ZTurnV2.ip_user_files/bd/main_design/ip/main_design_auto_ss_k_0/hdl/tkeep_main_design_auto_ss_k_0.v" into library xil_defaultlib
INFO: [VRFC 10-311] analyzing module tkeep_main_design_auto_ss_k_0
INFO: [VRFC 10-2263] Analyzing Verilog file "/home/nothon/fpga2C/ZTurnV2/ZTurnV2.ip_user_files/bd/main_design/ip/main_design_auto_ss_k_0/hdl/tid_main_design_auto_ss_k_0.v" into library xil_defaultlib
INFO: [VRFC 10-311] analyzing module tid_main_design_auto_ss_k_0
INFO: [VRFC 10-2263] Analyzing Verilog file "/home/nothon/fpga2C/ZTurnV2/ZTurnV2.ip_user_files/bd/main_design/ip/main_design_auto_ss_k_0/hdl/tdest_main_design_auto_ss_k_0.v" into library xil_defaultlib
INFO: [VRFC 10-311] analyzing module tdest_main_design_auto_ss_k_0
INFO: [VRFC 10-2263] Analyzing Verilog file "/home/nothon/fpga2C/ZTurnV2/ZTurnV2.ip_user_files/bd/main_design/ip/main_design_auto_ss_k_0/hdl/tlast_main_design_auto_ss_k_0.v" into library xil_defaultlib
INFO: [VRFC 10-311] analyzing module tlast_main_design_auto_ss_k_0
INFO: [VRFC 10-2263] Analyzing Verilog file "/home/nothon/fpga2C/ZTurnV2/ZTurnV2.ip_user_files/bd/main_design/ip/main_design_auto_ss_k_0/hdl/top_main_design_auto_ss_k_0.v" into library xil_defaultlib
INFO: [VRFC 10-311] analyzing module top_main_design_auto_ss_k_0
INFO: [VRFC 10-2263] Analyzing Verilog file "/home/nothon/fpga2C/ZTurnV2/ZTurnV2.ip_user_files/bd/main_design/ip/main_design_auto_ss_k_0/sim/main_design_auto_ss_k_0.v" into library xil_defaultlib
INFO: [VRFC 10-311] analyzing module main_design_auto_ss_k_0
INFO: [VRFC 10-2263] Analyzing Verilog file "/home/nothon/fpga2C/ZTurnV2/ZTurnV2.ip_user_files/bd/main_design/ip/main_design_auto_ss_slidr_0/hdl/tdata_main_design_auto_ss_slidr_0.v" into library xil_defaultlib
INFO: [VRFC 10-311] analyzing module tdata_main_design_auto_ss_slidr_0
INFO: [VRFC 10-2263] Analyzing Verilog file "/home/nothon/fpga2C/ZTurnV2/ZTurnV2.ip_user_files/bd/main_design/ip/main_design_auto_ss_slidr_0/hdl/tuser_main_design_auto_ss_slidr_0.v" into library xil_defaultlib
INFO: [VRFC 10-311] analyzing module tuser_main_design_auto_ss_slidr_0
INFO: [VRFC 10-2263] Analyzing Verilog file "/home/nothon/fpga2C/ZTurnV2/ZTurnV2.ip_user_files/bd/main_design/ip/main_design_auto_ss_slidr_0/hdl/tstrb_main_design_auto_ss_slidr_0.v" into library xil_defaultlib
INFO: [VRFC 10-311] analyzing module tstrb_main_design_auto_ss_slidr_0
INFO: [VRFC 10-2263] Analyzing Verilog file "/home/nothon/fpga2C/ZTurnV2/ZTurnV2.ip_user_files/bd/main_design/ip/main_design_auto_ss_slidr_0/hdl/tkeep_main_design_auto_ss_slidr_0.v" into library xil_defaultlib
INFO: [VRFC 10-311] analyzing module tkeep_main_design_auto_ss_slidr_0
INFO: [VRFC 10-2263] Analyzing Verilog file "/home/nothon/fpga2C/ZTurnV2/ZTurnV2.ip_user_files/bd/main_design/ip/main_design_auto_ss_slidr_0/hdl/tid_main_design_auto_ss_slidr_0.v" into library xil_defaultlib
INFO: [VRFC 10-311] analyzing module tid_main_design_auto_ss_slidr_0
INFO: [VRFC 10-2263] Analyzing Verilog file "/home/nothon/fpga2C/ZTurnV2/ZTurnV2.ip_user_files/bd/main_design/ip/main_design_auto_ss_slidr_0/hdl/tdest_main_design_auto_ss_slidr_0.v" into library xil_defaultlib
INFO: [VRFC 10-311] analyzing module tdest_main_design_auto_ss_slidr_0
INFO: [VRFC 10-2263] Analyzing Verilog file "/home/nothon/fpga2C/ZTurnV2/ZTurnV2.ip_user_files/bd/main_design/ip/main_design_auto_ss_slidr_0/hdl/tlast_main_design_auto_ss_slidr_0.v" into library xil_defaultlib
INFO: [VRFC 10-311] analyzing module tlast_main_design_auto_ss_slidr_0
INFO: [VRFC 10-2263] Analyzing Verilog file "/home/nothon/fpga2C/ZTurnV2/ZTurnV2.ip_user_files/bd/main_design/ip/main_design_auto_ss_slidr_0/hdl/top_main_design_auto_ss_slidr_0.v" into library xil_defaultlib
INFO: [VRFC 10-311] analyzing module top_main_design_auto_ss_slidr_0
INFO: [VRFC 10-2263] Analyzing Verilog file "/home/nothon/fpga2C/ZTurnV2/ZTurnV2.ip_user_files/bd/main_design/ip/main_design_auto_ss_slidr_0/sim/main_design_auto_ss_slidr_0.v" into library xil_defaultlib
INFO: [VRFC 10-311] analyzing module main_design_auto_ss_slidr_0
INFO: [VRFC 10-2263] Analyzing Verilog file "/home/nothon/fpga2C/ZTurnV2/ZTurnV2.ip_user_files/bd/main_design/ip/main_design_auto_ss_k_1/hdl/tdata_main_design_auto_ss_k_1.v" into library xil_defaultlib
INFO: [VRFC 10-311] analyzing module tdata_main_design_auto_ss_k_1
INFO: [VRFC 10-2263] Analyzing Verilog file "/home/nothon/fpga2C/ZTurnV2/ZTurnV2.ip_user_files/bd/main_design/ip/main_design_auto_ss_k_1/hdl/tuser_main_design_auto_ss_k_1.v" into library xil_defaultlib
INFO: [VRFC 10-311] analyzing module tuser_main_design_auto_ss_k_1
INFO: [VRFC 10-2263] Analyzing Verilog file "/home/nothon/fpga2C/ZTurnV2/ZTurnV2.ip_user_files/bd/main_design/ip/main_design_auto_ss_k_1/hdl/tstrb_main_design_auto_ss_k_1.v" into library xil_defaultlib
INFO: [VRFC 10-311] analyzing module tstrb_main_design_auto_ss_k_1
INFO: [VRFC 10-2263] Analyzing Verilog file "/home/nothon/fpga2C/ZTurnV2/ZTurnV2.ip_user_files/bd/main_design/ip/main_design_auto_ss_k_1/hdl/tkeep_main_design_auto_ss_k_1.v" into library xil_defaultlib
INFO: [VRFC 10-311] analyzing module tkeep_main_design_auto_ss_k_1
INFO: [VRFC 10-2263] Analyzing Verilog file "/home/nothon/fpga2C/ZTurnV2/ZTurnV2.ip_user_files/bd/main_design/ip/main_design_auto_ss_k_1/hdl/tid_main_design_auto_ss_k_1.v" into library xil_defaultlib
INFO: [VRFC 10-311] analyzing module tid_main_design_auto_ss_k_1
INFO: [VRFC 10-2263] Analyzing Verilog file "/home/nothon/fpga2C/ZTurnV2/ZTurnV2.ip_user_files/bd/main_design/ip/main_design_auto_ss_k_1/hdl/tdest_main_design_auto_ss_k_1.v" into library xil_defaultlib
INFO: [VRFC 10-311] analyzing module tdest_main_design_auto_ss_k_1
INFO: [VRFC 10-2263] Analyzing Verilog file "/home/nothon/fpga2C/ZTurnV2/ZTurnV2.ip_user_files/bd/main_design/ip/main_design_auto_ss_k_1/hdl/tlast_main_design_auto_ss_k_1.v" into library xil_defaultlib
INFO: [VRFC 10-311] analyzing module tlast_main_design_auto_ss_k_1
INFO: [VRFC 10-2263] Analyzing Verilog file "/home/nothon/fpga2C/ZTurnV2/ZTurnV2.ip_user_files/bd/main_design/ip/main_design_auto_ss_k_1/hdl/top_main_design_auto_ss_k_1.v" into library xil_defaultlib
INFO: [VRFC 10-311] analyzing module top_main_design_auto_ss_k_1
INFO: [VRFC 10-2263] Analyzing Verilog file "/home/nothon/fpga2C/ZTurnV2/ZTurnV2.ip_user_files/bd/main_design/ip/main_design_auto_ss_k_1/sim/main_design_auto_ss_k_1.v" into library xil_defaultlib
INFO: [VRFC 10-311] analyzing module main_design_auto_ss_k_1
INFO: [VRFC 10-2263] Analyzing Verilog file "/home/nothon/fpga2C/ZTurnV2/ZTurnV2.ip_user_files/bd/main_design/ip/main_design_auto_ss_slidr_1/hdl/tdata_main_design_auto_ss_slidr_1.v" into library xil_defaultlib
INFO: [VRFC 10-311] analyzing module tdata_main_design_auto_ss_slidr_1
INFO: [VRFC 10-2263] Analyzing Verilog file "/home/nothon/fpga2C/ZTurnV2/ZTurnV2.ip_user_files/bd/main_design/ip/main_design_auto_ss_slidr_1/hdl/tuser_main_design_auto_ss_slidr_1.v" into library xil_defaultlib
INFO: [VRFC 10-311] analyzing module tuser_main_design_auto_ss_slidr_1
INFO: [VRFC 10-2263] Analyzing Verilog file "/home/nothon/fpga2C/ZTurnV2/ZTurnV2.ip_user_files/bd/main_design/ip/main_design_auto_ss_slidr_1/hdl/tstrb_main_design_auto_ss_slidr_1.v" into library xil_defaultlib
INFO: [VRFC 10-311] analyzing module tstrb_main_design_auto_ss_slidr_1
INFO: [VRFC 10-2263] Analyzing Verilog file "/home/nothon/fpga2C/ZTurnV2/ZTurnV2.ip_user_files/bd/main_design/ip/main_design_auto_ss_slidr_1/hdl/tkeep_main_design_auto_ss_slidr_1.v" into library xil_defaultlib
INFO: [VRFC 10-311] analyzing module tkeep_main_design_auto_ss_slidr_1
INFO: [VRFC 10-2263] Analyzing Verilog file "/home/nothon/fpga2C/ZTurnV2/ZTurnV2.ip_user_files/bd/main_design/ip/main_design_auto_ss_slidr_1/hdl/tid_main_design_auto_ss_slidr_1.v" into library xil_defaultlib
INFO: [VRFC 10-311] analyzing module tid_main_design_auto_ss_slidr_1
INFO: [VRFC 10-2263] Analyzing Verilog file "/home/nothon/fpga2C/ZTurnV2/ZTurnV2.ip_user_files/bd/main_design/ip/main_design_auto_ss_slidr_1/hdl/tdest_main_design_auto_ss_slidr_1.v" into library xil_defaultlib
INFO: [VRFC 10-311] analyzing module tdest_main_design_auto_ss_slidr_1
INFO: [VRFC 10-2263] Analyzing Verilog file "/home/nothon/fpga2C/ZTurnV2/ZTurnV2.ip_user_files/bd/main_design/ip/main_design_auto_ss_slidr_1/hdl/tlast_main_design_auto_ss_slidr_1.v" into library xil_defaultlib
INFO: [VRFC 10-311] analyzing module tlast_main_design_auto_ss_slidr_1
INFO: [VRFC 10-2263] Analyzing Verilog file "/home/nothon/fpga2C/ZTurnV2/ZTurnV2.ip_user_files/bd/main_design/ip/main_design_auto_ss_slidr_1/hdl/top_main_design_auto_ss_slidr_1.v" into library xil_defaultlib
INFO: [VRFC 10-311] analyzing module top_main_design_auto_ss_slidr_1
INFO: [VRFC 10-2263] Analyzing Verilog file "/home/nothon/fpga2C/ZTurnV2/ZTurnV2.ip_user_files/bd/main_design/ip/main_design_auto_ss_slidr_1/sim/main_design_auto_ss_slidr_1.v" into library xil_defaultlib
INFO: [VRFC 10-311] analyzing module main_design_auto_ss_slidr_1
INFO: [VRFC 10-2263] Analyzing Verilog file "/home/nothon/fpga2C/ZTurnV2/ZTurnV2.ip_user_files/bd/main_design/ip/main_design_xbar_4/sim/main_design_xbar_4.v" into library xil_defaultlib
INFO: [VRFC 10-311] analyzing module main_design_xbar_4
INFO: [VRFC 10-2263] Analyzing Verilog file "/home/nothon/fpga2C/ZTurnV2/ZTurnV2.ip_user_files/bd/main_design/ip/main_design_s_arb_req_suppress_concat_0/sim/main_design_s_arb_req_suppress_concat_0.v" into library xil_defaultlib
INFO: [VRFC 10-311] analyzing module main_design_s_arb_req_suppress_concat_0
INFO: [VRFC 10-2263] Analyzing Verilog file "/home/nothon/fpga2C/ZTurnV2/ZTurnV2.ip_user_files/bd/main_design/ip/main_design_auto_ss_k_2/hdl/tdata_main_design_auto_ss_k_2.v" into library xil_defaultlib
INFO: [VRFC 10-311] analyzing module tdata_main_design_auto_ss_k_2
INFO: [VRFC 10-2263] Analyzing Verilog file "/home/nothon/fpga2C/ZTurnV2/ZTurnV2.ip_user_files/bd/main_design/ip/main_design_auto_ss_k_2/hdl/tuser_main_design_auto_ss_k_2.v" into library xil_defaultlib
INFO: [VRFC 10-311] analyzing module tuser_main_design_auto_ss_k_2
INFO: [VRFC 10-2263] Analyzing Verilog file "/home/nothon/fpga2C/ZTurnV2/ZTurnV2.ip_user_files/bd/main_design/ip/main_design_auto_ss_k_2/hdl/tstrb_main_design_auto_ss_k_2.v" into library xil_defaultlib
INFO: [VRFC 10-311] analyzing module tstrb_main_design_auto_ss_k_2
INFO: [VRFC 10-2263] Analyzing Verilog file "/home/nothon/fpga2C/ZTurnV2/ZTurnV2.ip_user_files/bd/main_design/ip/main_design_auto_ss_k_2/hdl/tkeep_main_design_auto_ss_k_2.v" into library xil_defaultlib
INFO: [VRFC 10-311] analyzing module tkeep_main_design_auto_ss_k_2
INFO: [VRFC 10-2263] Analyzing Verilog file "/home/nothon/fpga2C/ZTurnV2/ZTurnV2.ip_user_files/bd/main_design/ip/main_design_auto_ss_k_2/hdl/tid_main_design_auto_ss_k_2.v" into library xil_defaultlib
INFO: [VRFC 10-311] analyzing module tid_main_design_auto_ss_k_2
INFO: [VRFC 10-2263] Analyzing Verilog file "/home/nothon/fpga2C/ZTurnV2/ZTurnV2.ip_user_files/bd/main_design/ip/main_design_auto_ss_k_2/hdl/tdest_main_design_auto_ss_k_2.v" into library xil_defaultlib
INFO: [VRFC 10-311] analyzing module tdest_main_design_auto_ss_k_2
INFO: [VRFC 10-2263] Analyzing Verilog file "/home/nothon/fpga2C/ZTurnV2/ZTurnV2.ip_user_files/bd/main_design/ip/main_design_auto_ss_k_2/hdl/tlast_main_design_auto_ss_k_2.v" into library xil_defaultlib
INFO: [VRFC 10-311] analyzing module tlast_main_design_auto_ss_k_2
INFO: [VRFC 10-2263] Analyzing Verilog file "/home/nothon/fpga2C/ZTurnV2/ZTurnV2.ip_user_files/bd/main_design/ip/main_design_auto_ss_k_2/hdl/top_main_design_auto_ss_k_2.v" into library xil_defaultlib
INFO: [VRFC 10-311] analyzing module top_main_design_auto_ss_k_2
INFO: [VRFC 10-2263] Analyzing Verilog file "/home/nothon/fpga2C/ZTurnV2/ZTurnV2.ip_user_files/bd/main_design/ip/main_design_auto_ss_k_2/sim/main_design_auto_ss_k_2.v" into library xil_defaultlib
INFO: [VRFC 10-311] analyzing module main_design_auto_ss_k_2
INFO: [VRFC 10-2263] Analyzing Verilog file "/home/nothon/fpga2C/ZTurnV2/ZTurnV2.ip_user_files/bd/main_design/ip/main_design_auto_ss_slidr_2/hdl/tdata_main_design_auto_ss_slidr_2.v" into library xil_defaultlib
INFO: [VRFC 10-311] analyzing module tdata_main_design_auto_ss_slidr_2
INFO: [VRFC 10-2263] Analyzing Verilog file "/home/nothon/fpga2C/ZTurnV2/ZTurnV2.ip_user_files/bd/main_design/ip/main_design_auto_ss_slidr_2/hdl/tuser_main_design_auto_ss_slidr_2.v" into library xil_defaultlib
INFO: [VRFC 10-311] analyzing module tuser_main_design_auto_ss_slidr_2
INFO: [VRFC 10-2263] Analyzing Verilog file "/home/nothon/fpga2C/ZTurnV2/ZTurnV2.ip_user_files/bd/main_design/ip/main_design_auto_ss_slidr_2/hdl/tstrb_main_design_auto_ss_slidr_2.v" into library xil_defaultlib
INFO: [VRFC 10-311] analyzing module tstrb_main_design_auto_ss_slidr_2
INFO: [VRFC 10-2263] Analyzing Verilog file "/home/nothon/fpga2C/ZTurnV2/ZTurnV2.ip_user_files/bd/main_design/ip/main_design_auto_ss_slidr_2/hdl/tkeep_main_design_auto_ss_slidr_2.v" into library xil_defaultlib
INFO: [VRFC 10-311] analyzing module tkeep_main_design_auto_ss_slidr_2
INFO: [VRFC 10-2263] Analyzing Verilog file "/home/nothon/fpga2C/ZTurnV2/ZTurnV2.ip_user_files/bd/main_design/ip/main_design_auto_ss_slidr_2/hdl/tid_main_design_auto_ss_slidr_2.v" into library xil_defaultlib
INFO: [VRFC 10-311] analyzing module tid_main_design_auto_ss_slidr_2
INFO: [VRFC 10-2263] Analyzing Verilog file "/home/nothon/fpga2C/ZTurnV2/ZTurnV2.ip_user_files/bd/main_design/ip/main_design_auto_ss_slidr_2/hdl/tdest_main_design_auto_ss_slidr_2.v" into library xil_defaultlib
INFO: [VRFC 10-311] analyzing module tdest_main_design_auto_ss_slidr_2
INFO: [VRFC 10-2263] Analyzing Verilog file "/home/nothon/fpga2C/ZTurnV2/ZTurnV2.ip_user_files/bd/main_design/ip/main_design_auto_ss_slidr_2/hdl/tlast_main_design_auto_ss_slidr_2.v" into library xil_defaultlib
INFO: [VRFC 10-311] analyzing module tlast_main_design_auto_ss_slidr_2
INFO: [VRFC 10-2263] Analyzing Verilog file "/home/nothon/fpga2C/ZTurnV2/ZTurnV2.ip_user_files/bd/main_design/ip/main_design_auto_ss_slidr_2/hdl/top_main_design_auto_ss_slidr_2.v" into library xil_defaultlib
INFO: [VRFC 10-311] analyzing module top_main_design_auto_ss_slidr_2
INFO: [VRFC 10-2263] Analyzing Verilog file "/home/nothon/fpga2C/ZTurnV2/ZTurnV2.ip_user_files/bd/main_design/ip/main_design_auto_ss_slidr_2/sim/main_design_auto_ss_slidr_2.v" into library xil_defaultlib
INFO: [VRFC 10-311] analyzing module main_design_auto_ss_slidr_2
INFO: [VRFC 10-2263] Analyzing Verilog file "/home/nothon/fpga2C/ZTurnV2/ZTurnV2.ip_user_files/bd/main_design/ip/main_design_xlconcat_0_0/sim/main_design_xlconcat_0_0.v" into library xil_defaultlib
INFO: [VRFC 10-311] analyzing module main_design_xlconcat_0_0
INFO: [VRFC 10-2263] Analyzing Verilog file "/home/nothon/fpga2C/ZTurnV2/ZTurnV2.ip_user_files/bd/main_design/ip/main_design_xlslice_0_1/sim/main_design_xlslice_0_1.v" into library xil_defaultlib
INFO: [VRFC 10-311] analyzing module main_design_xlslice_0_1
INFO: [VRFC 10-2263] Analyzing Verilog file "/home/nothon/fpga2C/ZTurnV2/ZTurnV2.ip_user_files/bd/main_design/ip/main_design_xlslice_0_2/sim/main_design_xlslice_0_2.v" into library xil_defaultlib
INFO: [VRFC 10-311] analyzing module main_design_xlslice_0_2
INFO: [VRFC 10-2263] Analyzing Verilog file "/home/nothon/fpga2C/ZTurnV2/ZTurnV2.ip_user_files/bd/main_design/ip/main_design_monitor0_slice0_1/sim/main_design_monitor0_slice0_1.v" into library xil_defaultlib
INFO: [VRFC 10-311] analyzing module main_design_monitor0_slice0_1
INFO: [VRFC 10-2263] Analyzing Verilog file "/home/nothon/fpga2C/ZTurnV2/ZTurnV2.ip_user_files/bd/main_design/ip/main_design_monitor0_slice1_1/sim/main_design_monitor0_slice1_1.v" into library xil_defaultlib
INFO: [VRFC 10-311] analyzing module main_design_monitor0_slice1_1
INFO: [VRFC 10-2263] Analyzing Verilog file "/home/nothon/fpga2C/ZTurnV2/ZTurnV2.ip_user_files/bd/main_design/ip/main_design_xlconcat_0_1/sim/main_design_xlconcat_0_1.v" into library xil_defaultlib
INFO: [VRFC 10-311] analyzing module main_design_xlconcat_0_1
INFO: [VRFC 10-2263] Analyzing Verilog file "/home/nothon/fpga2C/ZTurnV2/ZTurnV2.ip_user_files/bd/main_design/ip/main_design_lvds_data_0_concat_1/sim/main_design_lvds_data_0_concat_1.v" into library xil_defaultlib
INFO: [VRFC 10-311] analyzing module main_design_lvds_data_0_concat_1
INFO: [VRFC 10-2263] Analyzing Verilog file "/home/nothon/fpga2C/ZTurnV2/ZTurnV2.sim/sim_1/behav/xsim/glbl.v" into library xil_defaultlib
INFO: [VRFC 10-311] analyzing module glbl
