INFO: [VRFC 10-163] Analyzing VHDL file "/home/nothon/fpga2C/ip_repo/noip_ctrl/noip_ctrl_1_0/hdl/noip_ctrl_slave_lite_v1_0_S00_AXI.vhd" into library xil_defaultlib
INFO: [VRFC 10-3107] analyzing entity 'noip_ctrl_slave_lite_v1_0_S00_AXI'
INFO: [VRFC 10-163] Analyzing VHDL file "/home/nothon/fpga2C/ip_repo/noip_ctrl/noip_ctrl_1_0/hdl/noip_ctrl.vhd" into library xil_defaultlib
INFO: [VRFC 10-3107] analyzing entity 'noip_ctrl'
ERROR: [VRFC 10-2989] 'rec_data' is not declared [/home/nothon/fpga2C/ip_repo/noip_ctrl/noip_ctrl_1_0/hdl/noip_ctrl.vhd:127]
ERROR: [VRFC 10-3095] actual of formal out port 'rec_data' cannot be an expression [/home/nothon/fpga2C/ip_repo/noip_ctrl/noip_ctrl_1_0/hdl/noip_ctrl.vhd:127]
ERROR: [VRFC 10-2989] 'send_data' is not declared [/home/nothon/fpga2C/ip_repo/noip_ctrl/noip_ctrl_1_0/hdl/noip_ctrl.vhd:128]
ERROR: [VRFC 10-2989] 'rec_data' is not declared [/home/nothon/fpga2C/ip_repo/noip_ctrl/noip_ctrl_1_0/hdl/noip_ctrl.vhd:154]
ERROR: [VRFC 10-2989] 'rec_data' is not declared [/home/nothon/fpga2C/ip_repo/noip_ctrl/noip_ctrl_1_0/hdl/noip_ctrl.vhd:155]
ERROR: [VRFC 10-2989] 'rec_data' is not declared [/home/nothon/fpga2C/ip_repo/noip_ctrl/noip_ctrl_1_0/hdl/noip_ctrl.vhd:156]
ERROR: [VRFC 10-1449] this construct is only supported in VHDL 1076-2008 [/home/nothon/fpga2C/ip_repo/noip_ctrl/noip_ctrl_1_0/hdl/noip_ctrl.vhd:176]
ERROR: [VRFC 10-2989] 'bvalid' is not declared [/home/nothon/fpga2C/ip_repo/noip_ctrl/noip_ctrl_1_0/hdl/noip_ctrl.vhd:175]
ERROR: [VRFC 10-2123] 0 definitions of operator "and" match here [/home/nothon/fpga2C/ip_repo/noip_ctrl/noip_ctrl_1_0/hdl/noip_ctrl.vhd:175]
ERROR: [VRFC 10-2989] 'clken' is not declared [/home/nothon/fpga2C/ip_repo/noip_ctrl/noip_ctrl_1_0/hdl/noip_ctrl.vhd:195]
ERROR: [VRFC 10-2989] 'state' is not declared [/home/nothon/fpga2C/ip_repo/noip_ctrl/noip_ctrl_1_0/hdl/noip_ctrl.vhd:205]
ERROR: [VRFC 10-2989] 'bvalid' is not declared [/home/nothon/fpga2C/ip_repo/noip_ctrl/noip_ctrl_1_0/hdl/noip_ctrl.vhd:208]
ERROR: [VRFC 10-2123] 0 definitions of operator "and" match here [/home/nothon/fpga2C/ip_repo/noip_ctrl/noip_ctrl_1_0/hdl/noip_ctrl.vhd:208]
ERROR: [VRFC 10-3800] use := to assign to variable 'mode' [/home/nothon/fpga2C/ip_repo/noip_ctrl/noip_ctrl_1_0/hdl/noip_ctrl.vhd:259]
ERROR: [VRFC 10-3800] use := to assign to variable 'mode' [/home/nothon/fpga2C/ip_repo/noip_ctrl/noip_ctrl_1_0/hdl/noip_ctrl.vhd:269]
ERROR: [VRFC 10-1449] this construct is only supported in VHDL 1076-2008 [/home/nothon/fpga2C/ip_repo/noip_ctrl/noip_ctrl_1_0/hdl/noip_ctrl.vhd:269]
ERROR: [VRFC 10-1449] this construct is only supported in VHDL 1076-2008 [/home/nothon/fpga2C/ip_repo/noip_ctrl/noip_ctrl_1_0/hdl/noip_ctrl.vhd:271]
ERROR: [VRFC 10-2989] 'bvalid' is not declared [/home/nothon/fpga2C/ip_repo/noip_ctrl/noip_ctrl_1_0/hdl/noip_ctrl.vhd:268]
ERROR: [VRFC 10-2123] 0 definitions of operator "and" match here [/home/nothon/fpga2C/ip_repo/noip_ctrl/noip_ctrl_1_0/hdl/noip_ctrl.vhd:268]
INFO: [#UNDEF] Sorry, too many errors..
